INFO:wandb.agents.pyagent:Starting sweep agent: entity=aredwine3, project=VAME, count=20
INFO:root:Train Variational Autoencoder - model name: VAME_15prcnt_sweep 

INFO:root:Using CUDA
INFO:root:GPU active: True
INFO:root:GPU used: Tesla V100-PCIE-32GB
INFO:root:Latent Dimensions: 15, Time window: 30, Batch Size: 512, Beta: 1, lr: 0.0001

INFO:root:Scheduler step size: 100, Scheduler gamma: 0.20, Scheduler Threshold: 0.05000

INFO:root:Start training... 
INFO:root:Epoch: 1, Epochs on convergence counter: 0
INFO:root:Train: 
INFO:root:In the training loop. Epoch: 1
INFO:root:14:15:36
INFO:root:Train loss: 61466.528, MSE-Loss: 19770.531, MSE-Future-Loss 41696.023, KL-Loss: 0.000, Kmeans-Loss: 0.000, weight: 0.00
INFO:root:Test loss: 2980.213, MSE-Loss: 2980.213, KL-Loss: 0.000, Kmeans-Loss: 0.000
INFO:root:

INFO:root:Epoch: 2, Epochs on convergence counter: 1
INFO:root:Train: 
INFO:root:In the training loop. Epoch: 2
INFO:root:14:23:05
INFO:root:Train loss: 43278.095, MSE-Loss: 9278.313, MSE-Future-Loss 33999.746, KL-Loss: 0.000, Kmeans-Loss: 0.000, weight: 0.00
INFO:root:Test loss: 2392.462, MSE-Loss: 2392.462, KL-Loss: 0.000, Kmeans-Loss: 0.000
INFO:root:

INFO:root:Epoch: 3, Epochs on convergence counter: 2
INFO:root:Train: 
INFO:root:In the training loop. Epoch: 3
INFO:root:14:30:37
INFO:root:Train loss: 40519.596, MSE-Loss: 7726.779, MSE-Future-Loss 32770.059, KL-Loss: 19.646, Kmeans-Loss: 3.103, weight: 0.29
INFO:root:Test loss: 2053.381, MSE-Loss: 2029.654, KL-Loss: 20.556, Kmeans-Loss: 3.171
INFO:root:

INFO:root:Epoch: 4, Epochs on convergence counter: 3
INFO:root:Train: 
INFO:root:In the training loop. Epoch: 4
INFO:root:Train Variational Autoencoder - model name: VAME_15prcnt_sweep 

INFO:root:Latent Dimensions: 35, Time window: 60, Batch Size: 256, Beta: 1, lr: 0.0005

INFO:root:Scheduler step size: 100, Scheduler gamma: 0.20, Scheduler Threshold: 0.01000

INFO:root:Start training... 
INFO:root:Epoch: 1, Epochs on convergence counter: 0
INFO:root:Train: 
INFO:root:In the training loop. Epoch: 1
INFO:root:14:45:58
INFO:root:Train loss: 35779.730, MSE-Loss: 12629.154, MSE-Future-Loss 23150.541, KL-Loss: 0.000, Kmeans-Loss: 0.000, weight: 0.00
INFO:root:Test loss: 2150.662, MSE-Loss: 2150.662, KL-Loss: 0.000, Kmeans-Loss: 0.000
INFO:root:

INFO:root:Epoch: 2, Epochs on convergence counter: 1
INFO:root:Train: 
INFO:root:In the training loop. Epoch: 2
INFO:root:15:01:41
INFO:root:Train loss: 26900.384, MSE-Loss: 6347.803, MSE-Future-Loss 20552.588, KL-Loss: 0.000, Kmeans-Loss: 0.000, weight: 0.00
INFO:root:Test loss: 1794.092, MSE-Loss: 1794.092, KL-Loss: 0.000, Kmeans-Loss: 0.000
INFO:root:

INFO:root:Epoch: 3, Epochs on convergence counter: 2
INFO:root:Train: 
INFO:root:In the training loop. Epoch: 3
INFO:root:15:17:25
INFO:root:Train loss: 25329.270, MSE-Loss: 5565.104, MSE-Future-Loss 19744.498, KL-Loss: 13.297, Kmeans-Loss: 6.347, weight: 0.29
INFO:root:Test loss: 1748.057, MSE-Loss: 1727.827, KL-Loss: 13.844, Kmeans-Loss: 6.386
INFO:root:

INFO:root:Epoch: 4, Epochs on convergence counter: 3
INFO:root:Train: 
INFO:root:In the training loop. Epoch: 4
INFO:root:15:33:13
INFO:root:Train loss: 24139.065, MSE-Loss: 5220.804, MSE-Future-Loss 18882.176, KL-Loss: 24.313, Kmeans-Loss: 11.757, weight: 0.50
INFO:root:Test loss: 1646.463, MSE-Loss: 1610.242, KL-Loss: 24.556, Kmeans-Loss: 11.665
INFO:root:

INFO:root:Epoch: 5, Epochs on convergence counter: 4
INFO:root:Train: 
INFO:root:In the training loop. Epoch: 5
