INFO:wandb.agents.pyagent:Starting sweep agent: entity=aredwine3, project=VAME, count=20
INFO:root:Train Variational Autoencoder - model name: VAME_15prcnt_sweep 

INFO:root:Using CUDA
INFO:root:GPU active: True
INFO:root:GPU used: Tesla V100-PCIE-32GB
INFO:root:Latent Dimensions: 15, Time window: 120, Batch Size: 512, Beta: 1, lr: 0.0050

INFO:root:Scheduler step size: 100, Scheduler gamma: 0.20, Scheduler Threshold: 0.00100

INFO:root:Start training... 
INFO:root:Epoch: 1, Epochs on convergence counter: 0
INFO:root:Train: 
INFO:root:In the training loop. Epoch: 1
INFO:root:15:07:36
INFO:root:Train loss: 130661.182, MSE-Loss: 79661.276, MSE-Future-Loss 50999.852, KL-Loss: 0.000, Kmeans-Loss: 0.000, weight: 0.00
INFO:root:Test loss: 15141.629, MSE-Loss: 15141.629, KL-Loss: 0.000, Kmeans-Loss: 0.000
INFO:root:

INFO:root:Epoch: 2, Epochs on convergence counter: 1
INFO:root:Train: 
INFO:root:In the training loop. Epoch: 2
INFO:root:15:28:49
INFO:root:Train loss: 92143.079, MSE-Loss: 47294.306, MSE-Future-Loss 44848.781, KL-Loss: 0.000, Kmeans-Loss: 0.000, weight: 0.00
INFO:root:Test loss: 14600.584, MSE-Loss: 14600.584, KL-Loss: 0.000, Kmeans-Loss: 0.000
INFO:root:

INFO:root:Epoch: 3, Epochs on convergence counter: 2
INFO:root:Train: 
INFO:root:In the training loop. Epoch: 3
INFO:root:15:50:04
INFO:root:Train loss: 89362.845, MSE-Loss: 45315.021, MSE-Future-Loss 44029.938, KL-Loss: 14.059, Kmeans-Loss: 3.894, weight: 0.29
INFO:root:Test loss: 14122.134, MSE-Loss: 14102.213, KL-Loss: 15.796, Kmeans-Loss: 4.125
INFO:root:

INFO:root:Epoch: 4, Epochs on convergence counter: 3
INFO:root:Train: 
INFO:root:In the training loop. Epoch: 4
INFO:root:Train Variational Autoencoder - model name: VAME_15prcnt_sweep 

INFO:root:Latent Dimensions: 20, Time window: 105, Batch Size: 1024, Beta: 1, lr: 0.0001

INFO:root:Scheduler step size: 100, Scheduler gamma: 0.20, Scheduler Threshold: 0.00100

INFO:root:Start training... 
INFO:root:Epoch: 1, Epochs on convergence counter: 0
INFO:root:Train: 
INFO:root:In the training loop. Epoch: 1
INFO:root:16:02:13
INFO:root:Train loss: 388517.765, MSE-Loss: 265442.221, MSE-Future-Loss 123075.547, KL-Loss: 0.000, Kmeans-Loss: 0.000, weight: 0.00
INFO:root:Test loss: 41410.527, MSE-Loss: 41410.527, KL-Loss: 0.000, Kmeans-Loss: 0.000
INFO:root:

INFO:root:Epoch: 2, Epochs on convergence counter: 1
INFO:root:Train: 
INFO:root:In the training loop. Epoch: 2
INFO:root:16:11:54
INFO:root:Train loss: 205068.987, MSE-Loss: 112670.670, MSE-Future-Loss 92398.352, KL-Loss: 0.000, Kmeans-Loss: 0.000, weight: 0.00
INFO:root:Test loss: 31299.487, MSE-Loss: 31299.487, KL-Loss: 0.000, Kmeans-Loss: 0.000
INFO:root:

INFO:root:Epoch: 3, Epochs on convergence counter: 2
INFO:root:Train: 
INFO:root:In the training loop. Epoch: 3
INFO:root:16:21:39
INFO:root:Train loss: 180645.238, MSE-Loss: 90324.089, MSE-Future-Loss 90317.188, KL-Loss: 3.300, Kmeans-Loss: 0.620, weight: 0.29
INFO:root:Test loss: 26575.192, MSE-Loss: 26571.191, KL-Loss: 3.368, Kmeans-Loss: 0.634
INFO:root:

INFO:root:Epoch: 4, Epochs on convergence counter: 3
INFO:root:Train: 
INFO:root:In the training loop. Epoch: 4
INFO:root:Train Variational Autoencoder - model name: VAME_15prcnt_sweep 

INFO:root:Latent Dimensions: 45, Time window: 75, Batch Size: 512, Beta: 1, lr: 0.0001

INFO:root:Scheduler step size: 100, Scheduler gamma: 0.20, Scheduler Threshold: 0.00010

INFO:root:Start training... 
INFO:root:Epoch: 1, Epochs on convergence counter: 0
INFO:root:Train: 
INFO:root:In the training loop. Epoch: 1
INFO:root:16:30:34
INFO:root:Train loss: 65723.381, MSE-Loss: 50822.488, MSE-Future-Loss 14900.894, KL-Loss: 0.000, Kmeans-Loss: 0.000, weight: 0.00
INFO:root:Test loss: 7877.656, MSE-Loss: 7877.656, KL-Loss: 0.000, Kmeans-Loss: 0.000
INFO:root:

INFO:root:Epoch: 2, Epochs on convergence counter: 1
INFO:root:Train: 
INFO:root:In the training loop. Epoch: 2
INFO:root:16:38:46
INFO:root:Train loss: 31681.103, MSE-Loss: 20973.414, MSE-Future-Loss 10707.700, KL-Loss: 0.000, Kmeans-Loss: 0.000, weight: 0.00
INFO:root:Test loss: 5793.786, MSE-Loss: 5793.786, KL-Loss: 0.000, Kmeans-Loss: 0.000
INFO:root:

INFO:root:Epoch: 3, Epochs on convergence counter: 2
INFO:root:Train: 
INFO:root:In the training loop. Epoch: 3
INFO:root:16:47:00
INFO:root:Train loss: 26909.012, MSE-Loss: 16587.667, MSE-Future-Loss 10318.706, KL-Loss: 2.041, Kmeans-Loss: 0.600, weight: 0.25
INFO:root:Test loss: 4830.394, MSE-Loss: 4827.733, KL-Loss: 2.052, Kmeans-Loss: 0.609
INFO:root:

INFO:root:Epoch: 4, Epochs on convergence counter: 3
INFO:root:Train: 
INFO:root:In the training loop. Epoch: 4
INFO:root:16:55:16
INFO:root:Train loss: 24475.733, MSE-Loss: 14398.402, MSE-Future-Loss 10071.963, KL-Loss: 4.156, Kmeans-Loss: 1.214, weight: 0.50
INFO:root:Test loss: 4280.358, MSE-Loss: 4274.931, KL-Loss: 4.191, Kmeans-Loss: 1.237
INFO:root:

INFO:root:Epoch: 5, Epochs on convergence counter: 4
INFO:root:Train: 
INFO:root:In the training loop. Epoch: 5
INFO:root:17:03:36
INFO:root:Train loss: 23014.793, MSE-Loss: 13094.842, MSE-Future-Loss 9911.806, KL-Loss: 6.307, Kmeans-Loss: 1.834, weight: 0.75
INFO:root:Test loss: 3919.556, MSE-Loss: 3911.405, KL-Loss: 6.297, Kmeans-Loss: 1.853
INFO:root:

INFO:root:Epoch: 6, Epochs on convergence counter: 5
INFO:root:Train: 
INFO:root:In the training loop. Epoch: 6
INFO:root:17:11:58
INFO:root:Train loss: 21877.807, MSE-Loss: 12085.317, MSE-Future-Loss 9781.657, KL-Loss: 8.413, Kmeans-Loss: 2.436, weight: 1.00
INFO:root:Test loss: 3595.666, MSE-Loss: 3584.778, KL-Loss: 8.421, Kmeans-Loss: 2.467
INFO:root:Saving model!
INFO:root:

INFO:root:Epoch: 7, Epochs on convergence counter: 0
INFO:root:Train: 
INFO:root:In the training loop. Epoch: 7
INFO:root:17:20:21
INFO:root:Train loss: 20926.261, MSE-Loss: 11190.329, MSE-Future-Loss 9725.090, KL-Loss: 8.415, Kmeans-Loss: 2.423, weight: 1.00
INFO:root:Test loss: 3328.955, MSE-Loss: 3318.113, KL-Loss: 8.397, Kmeans-Loss: 2.444
INFO:root:Saving model!
INFO:root:

INFO:root:Epoch: 8, Epochs on convergence counter: 0
INFO:root:Train: 
INFO:root:In the training loop. Epoch: 8
INFO:root:17:28:45
INFO:root:Train loss: 20280.874, MSE-Loss: 10651.685, MSE-Future-Loss 9618.425, KL-Loss: 8.386, Kmeans-Loss: 2.395, weight: 1.00
INFO:root:Test loss: 3190.289, MSE-Loss: 3179.493, KL-Loss: 8.374, Kmeans-Loss: 2.422
INFO:root:Saving model!
INFO:root:

INFO:root:Epoch: 9, Epochs on convergence counter: 0
INFO:root:Train: 
INFO:root:In the training loop. Epoch: 9
INFO:root:17:37:13
INFO:root:Train loss: 19744.054, MSE-Loss: 10206.781, MSE-Future-Loss 9526.522, KL-Loss: 8.368, Kmeans-Loss: 2.373, weight: 1.00
INFO:root:Test loss: 3064.232, MSE-Loss: 3053.483, KL-Loss: 8.346, Kmeans-Loss: 2.403
INFO:root:Saving model!
INFO:root:

INFO:root:Epoch: 10, Epochs on convergence counter: 0
INFO:root:Train: 
INFO:root:In the training loop. Epoch: 10
INFO:root:Train Variational Autoencoder - model name: VAME_15prcnt_sweep 

INFO:root:Latent Dimensions: 20, Time window: 45, Batch Size: 1024, Beta: 1, lr: 0.0005

INFO:root:Scheduler step size: 100, Scheduler gamma: 0.20, Scheduler Threshold: 0.01000

INFO:root:Start training... 
INFO:root:Epoch: 1, Epochs on convergence counter: 0
INFO:root:Train: 
INFO:root:In the training loop. Epoch: 1
INFO:root:17:46:42
INFO:root:Train loss: 100796.036, MSE-Loss: 66634.072, MSE-Future-Loss 34161.961, KL-Loss: 0.000, Kmeans-Loss: 0.000, weight: 0.00
INFO:root:Test loss: 10679.300, MSE-Loss: 10679.300, KL-Loss: 0.000, Kmeans-Loss: 0.000
INFO:root:

INFO:root:Epoch: 2, Epochs on convergence counter: 1
INFO:root:Train: 
INFO:root:In the training loop. Epoch: 2
INFO:root:17:54:43
INFO:root:Train loss: 53465.016, MSE-Loss: 31349.997, MSE-Future-Loss 22115.020, KL-Loss: 0.000, Kmeans-Loss: 0.000, weight: 0.00
INFO:root:Test loss: 8680.364, MSE-Loss: 8680.364, KL-Loss: 0.000, Kmeans-Loss: 0.000
INFO:root:

INFO:root:Epoch: 3, Epochs on convergence counter: 2
INFO:root:Train: 
INFO:root:In the training loop. Epoch: 3
INFO:root:18:02:49
INFO:root:Train loss: 45704.784, MSE-Loss: 25702.447, MSE-Future-Loss 19987.768, KL-Loss: 11.672, Kmeans-Loss: 2.912, weight: 0.25
INFO:root:Test loss: 7262.064, MSE-Loss: 7247.000, KL-Loss: 12.135, Kmeans-Loss: 2.929
INFO:root:

INFO:root:Epoch: 4, Epochs on convergence counter: 3
INFO:root:Train: 
INFO:root:In the training loop. Epoch: 4
INFO:root:Train Variational Autoencoder - model name: VAME_15prcnt_sweep 

INFO:root:Latent Dimensions: 15, Time window: 120, Batch Size: 1024, Beta: 1, lr: 0.0005

INFO:root:Scheduler step size: 100, Scheduler gamma: 0.20, Scheduler Threshold: 0.01000

INFO:root:Start training... 
INFO:root:Epoch: 1, Epochs on convergence counter: 0
INFO:root:Train: 
INFO:root:In the training loop. Epoch: 1
INFO:root:18:14:32
INFO:root:Train loss: 242056.768, MSE-Loss: 180652.829, MSE-Future-Loss 61403.926, KL-Loss: 0.000, Kmeans-Loss: 0.000, weight: 0.00
INFO:root:Test loss: 30979.190, MSE-Loss: 30979.190, KL-Loss: 0.000, Kmeans-Loss: 0.000
INFO:root:

INFO:root:Epoch: 2, Epochs on convergence counter: 1
INFO:root:Train: 
INFO:root:In the training loop. Epoch: 2
INFO:root:18:25:50
INFO:root:Train loss: 137469.515, MSE-Loss: 89155.146, MSE-Future-Loss 48314.367, KL-Loss: 0.000, Kmeans-Loss: 0.000, weight: 0.00
INFO:root:Test loss: 28138.696, MSE-Loss: 28138.696, KL-Loss: 0.000, Kmeans-Loss: 0.000
INFO:root:

INFO:root:Epoch: 3, Epochs on convergence counter: 2
INFO:root:Train: 
INFO:root:In the training loop. Epoch: 3
INFO:root:18:37:12
INFO:root:Train loss: 129971.123, MSE-Loss: 83469.653, MSE-Future-Loss 46498.758, KL-Loss: 2.232, Kmeans-Loss: 0.475, weight: 0.25
INFO:root:Test loss: 27228.874, MSE-Loss: 27226.133, KL-Loss: 2.249, Kmeans-Loss: 0.492
INFO:root:

INFO:root:Epoch: 4, Epochs on convergence counter: 3
INFO:root:Train: 
INFO:root:In the training loop. Epoch: 4
INFO:root:Train Variational Autoencoder - model name: VAME_15prcnt_sweep 

INFO:root:Latent Dimensions: 30, Time window: 90, Batch Size: 1024, Beta: 1, lr: 0.0010

INFO:root:Scheduler step size: 100, Scheduler gamma: 0.20, Scheduler Threshold: 0.05000

INFO:root:Start training... 
INFO:root:Epoch: 1, Epochs on convergence counter: 0
INFO:root:Train: 
INFO:root:In the training loop. Epoch: 1
INFO:root:18:47:19
INFO:root:Train loss: 181136.540, MSE-Loss: 121112.041, MSE-Future-Loss 60024.473, KL-Loss: 0.000, Kmeans-Loss: 0.000, weight: 0.00
INFO:root:Test loss: 19593.846, MSE-Loss: 19593.846, KL-Loss: 0.000, Kmeans-Loss: 0.000
INFO:root:

INFO:root:Epoch: 2, Epochs on convergence counter: 1
INFO:root:Train: 
INFO:root:In the training loop. Epoch: 2
INFO:root:18:56:26
INFO:root:Train loss: 100684.749, MSE-Loss: 55190.450, MSE-Future-Loss 45494.305, KL-Loss: 0.000, Kmeans-Loss: 0.000, weight: 0.00
INFO:root:Test loss: 14551.886, MSE-Loss: 14551.886, KL-Loss: 0.000, Kmeans-Loss: 0.000
INFO:root:

INFO:root:Epoch: 3, Epochs on convergence counter: 2
INFO:root:Train: 
INFO:root:In the training loop. Epoch: 3
INFO:root:19:05:42
INFO:root:Train loss: 87429.934, MSE-Loss: 44643.127, MSE-Future-Loss 42771.012, KL-Loss: 10.947, Kmeans-Loss: 4.907, weight: 0.25
INFO:root:Test loss: 12702.055, MSE-Loss: 12684.675, KL-Loss: 12.173, Kmeans-Loss: 5.207
INFO:root:

INFO:root:Epoch: 4, Epochs on convergence counter: 3
INFO:root:Train: 
INFO:root:In the training loop. Epoch: 4
INFO:root:Train Variational Autoencoder - model name: VAME_15prcnt_sweep 

INFO:root:Latent Dimensions: 25, Time window: 90, Batch Size: 256, Beta: 1, lr: 0.0001

INFO:root:Scheduler step size: 100, Scheduler gamma: 0.20, Scheduler Threshold: 0.10000

INFO:root:Start training... 
INFO:root:Epoch: 1, Epochs on convergence counter: 0
INFO:root:Train: 
INFO:root:In the training loop. Epoch: 1
INFO:root:19:26:00
INFO:root:Train loss: 40743.824, MSE-Loss: 29013.891, MSE-Future-Loss 11729.943, KL-Loss: 0.000, Kmeans-Loss: 0.000, weight: 0.00
INFO:root:Test loss: 4857.786, MSE-Loss: 4857.786, KL-Loss: 0.000, Kmeans-Loss: 0.000
INFO:root:

INFO:root:Epoch: 2, Epochs on convergence counter: 1
INFO:root:Train: 
INFO:root:In the training loop. Epoch: 2
INFO:root:19:47:13
INFO:root:Train loss: 24013.699, MSE-Loss: 14840.848, MSE-Future-Loss 9172.856, KL-Loss: 0.000, Kmeans-Loss: 0.000, weight: 0.00
INFO:root:Test loss: 3968.427, MSE-Loss: 3968.427, KL-Loss: 0.000, Kmeans-Loss: 0.000
INFO:root:

INFO:root:Epoch: 3, Epochs on convergence counter: 2
INFO:root:Train: 
INFO:root:In the training loop. Epoch: 3
INFO:root:20:08:28
INFO:root:Train loss: 21197.509, MSE-Loss: 12443.814, MSE-Future-Loss 8728.070, KL-Loss: 20.843, Kmeans-Loss: 4.784, weight: 0.25
INFO:root:Test loss: 3537.430, MSE-Loss: 3510.582, KL-Loss: 21.935, Kmeans-Loss: 4.914
INFO:root:

INFO:root:Epoch: 4, Epochs on convergence counter: 3
INFO:root:Train: 
INFO:root:In the training loop. Epoch: 4
INFO:root:20:29:44
INFO:root:Train loss: 19692.747, MSE-Loss: 11191.769, MSE-Future-Loss 8443.162, KL-Loss: 47.198, Kmeans-Loss: 10.601, weight: 0.50
INFO:root:Test loss: 3325.231, MSE-Loss: 3266.830, KL-Loss: 47.722, Kmeans-Loss: 10.679
INFO:root:

INFO:root:Epoch: 5, Epochs on convergence counter: 4
INFO:root:Train: 
INFO:root:In the training loop. Epoch: 5
INFO:root:20:51:02
INFO:root:Train loss: 18756.075, MSE-Loss: 10418.849, MSE-Future-Loss 8244.811, KL-Loss: 75.417, Kmeans-Loss: 16.990, weight: 0.75
INFO:root:Test loss: 3161.327, MSE-Loss: 3069.394, KL-Loss: 74.912, Kmeans-Loss: 17.021
INFO:root:

INFO:root:Epoch: 6, Epochs on convergence counter: 5
INFO:root:Train: 
INFO:root:In the training loop. Epoch: 6
INFO:root:21:12:24
INFO:root:Train loss: 18079.514, MSE-Loss: 9855.783, MSE-Future-Loss 8095.842, KL-Loss: 104.057, Kmeans-Loss: 23.827, weight: 1.00
INFO:root:Test loss: 3139.855, MSE-Loss: 3012.264, KL-Loss: 103.776, Kmeans-Loss: 23.816
INFO:root:Saving model!
INFO:root:

INFO:root:Epoch: 7, Epochs on convergence counter: 0
INFO:root:Train: 
INFO:root:In the training loop. Epoch: 7
INFO:root:21:33:45
INFO:root:Train loss: 17579.144, MSE-Loss: 9509.327, MSE-Future-Loss 7937.534, KL-Loss: 107.419, Kmeans-Loss: 24.871, weight: 1.00
INFO:root:Test loss: 3035.766, MSE-Loss: 2903.449, KL-Loss: 107.467, Kmeans-Loss: 24.850
INFO:root:Saving model!
INFO:root:

INFO:root:Epoch: 8, Epochs on convergence counter: 0
INFO:root:Train: 
INFO:root:In the training loop. Epoch: 8
INFO:root:21:55:10
INFO:root:Train loss: 17154.255, MSE-Loss: 9238.874, MSE-Future-Loss 7778.897, KL-Loss: 110.670, Kmeans-Loss: 25.805, weight: 1.00
INFO:root:Test loss: 3000.346, MSE-Loss: 2864.875, KL-Loss: 109.777, Kmeans-Loss: 25.694
INFO:root:Saving model!
INFO:root:

INFO:root:Epoch: 9, Epochs on convergence counter: 0
INFO:root:Train: 
INFO:root:In the training loop. Epoch: 9
INFO:root:22:16:34
INFO:root:Train loss: 16773.078, MSE-Loss: 9043.789, MSE-Future-Loss 7588.674, KL-Loss: 113.944, Kmeans-Loss: 26.678, weight: 1.00
INFO:root:Test loss: 3044.695, MSE-Loss: 2904.605, KL-Loss: 113.578, Kmeans-Loss: 26.511
INFO:root:

INFO:root:Epoch: 10, Epochs on convergence counter: 1
INFO:root:Train: 
INFO:root:In the training loop. Epoch: 10
INFO:root:Train Variational Autoencoder - model name: VAME_15prcnt_sweep 

INFO:root:Latent Dimensions: 30, Time window: 30, Batch Size: 256, Beta: 1, lr: 0.0001

INFO:root:Scheduler step size: 100, Scheduler gamma: 0.20, Scheduler Threshold: 0.05000

INFO:root:Start training... 
INFO:root:Epoch: 1, Epochs on convergence counter: 0
INFO:root:Train: 
INFO:root:In the training loop. Epoch: 1
INFO:root:22:27:56
INFO:root:Train loss: 21588.707, MSE-Loss: 4792.874, MSE-Future-Loss 16795.793, KL-Loss: 0.000, Kmeans-Loss: 0.000, weight: 0.00
INFO:root:Test loss: 739.019, MSE-Loss: 739.019, KL-Loss: 0.000, Kmeans-Loss: 0.000
INFO:root:

INFO:root:Epoch: 2, Epochs on convergence counter: 1
INFO:root:Train: 
INFO:root:In the training loop. Epoch: 2
INFO:root:22:36:36
INFO:root:Train loss: 16382.734, MSE-Loss: 1875.184, MSE-Future-Loss 14507.564, KL-Loss: 0.000, Kmeans-Loss: 0.000, weight: 0.00
INFO:root:Test loss: 536.011, MSE-Loss: 536.011, KL-Loss: 0.000, Kmeans-Loss: 0.000
INFO:root:

INFO:root:Epoch: 3, Epochs on convergence counter: 2
INFO:root:Train: 
INFO:root:In the training loop. Epoch: 3
INFO:root:22:45:20
INFO:root:Train loss: 15543.677, MSE-Loss: 1481.547, MSE-Future-Loss 14059.728, KL-Loss: 1.813, Kmeans-Loss: 0.580, weight: 0.25
INFO:root:Test loss: 457.335, MSE-Loss: 454.955, KL-Loss: 1.796, Kmeans-Loss: 0.584
INFO:root:

INFO:root:Epoch: 4, Epochs on convergence counter: 3
INFO:root:Train: 
INFO:root:In the training loop. Epoch: 4
INFO:root:22:54:06
INFO:root:Train loss: 15136.213, MSE-Loss: 1359.662, MSE-Future-Loss 13771.844, KL-Loss: 3.538, Kmeans-Loss: 1.165, weight: 0.50
INFO:root:Test loss: 452.588, MSE-Loss: 447.859, KL-Loss: 3.546, Kmeans-Loss: 1.183
INFO:root:

INFO:root:Epoch: 5, Epochs on convergence counter: 4
INFO:root:Train: 
INFO:root:In the training loop. Epoch: 5
INFO:root:23:02:50
INFO:root:Train loss: 14950.571, MSE-Loss: 1336.097, MSE-Future-Loss 13607.521, KL-Loss: 5.178, Kmeans-Loss: 1.765, weight: 0.75
INFO:root:Test loss: 452.908, MSE-Loss: 445.975, KL-Loss: 5.148, Kmeans-Loss: 1.785
INFO:root:

INFO:root:Epoch: 6, Epochs on convergence counter: 5
INFO:root:Train: 
INFO:root:In the training loop. Epoch: 6
INFO:root:23:11:37
INFO:root:Train loss: 14761.856, MSE-Loss: 1326.364, MSE-Future-Loss 13426.353, KL-Loss: 6.733, Kmeans-Loss: 2.388, weight: 1.00
INFO:root:Test loss: 452.826, MSE-Loss: 443.676, KL-Loss: 6.727, Kmeans-Loss: 2.423
INFO:root:Saving model!
INFO:root:

INFO:root:Epoch: 7, Epochs on convergence counter: 0
INFO:root:Train: 
INFO:root:In the training loop. Epoch: 7
INFO:root:23:20:23
INFO:root:Train loss: 14590.442, MSE-Loss: 1319.932, MSE-Future-Loss 13261.489, KL-Loss: 6.575, Kmeans-Loss: 2.432, weight: 1.00
INFO:root:Test loss: 453.534, MSE-Loss: 444.510, KL-Loss: 6.550, Kmeans-Loss: 2.474
INFO:root:

INFO:root:Epoch: 8, Epochs on convergence counter: 1
INFO:root:Train: 
INFO:root:In the training loop. Epoch: 8
INFO:root:23:29:11
INFO:root:Train loss: 14406.424, MSE-Loss: 1322.410, MSE-Future-Loss 13075.085, KL-Loss: 6.440, Kmeans-Loss: 2.477, weight: 1.00
INFO:root:Test loss: 451.255, MSE-Loss: 442.356, KL-Loss: 6.375, Kmeans-Loss: 2.524
INFO:root:Saving model!
INFO:root:

INFO:root:Epoch: 9, Epochs on convergence counter: 0
INFO:root:Train: 
INFO:root:In the training loop. Epoch: 9
INFO:root:23:38:01
INFO:root:Train loss: 14157.055, MSE-Loss: 1321.547, MSE-Future-Loss 12826.663, KL-Loss: 6.336, Kmeans-Loss: 2.528, weight: 1.00
INFO:root:Test loss: 457.108, MSE-Loss: 448.193, KL-Loss: 6.343, Kmeans-Loss: 2.571
INFO:root:

INFO:root:Epoch: 10, Epochs on convergence counter: 1
INFO:root:Train: 
INFO:root:In the training loop. Epoch: 10
INFO:root:23:46:51
INFO:root:Train loss: 13863.272, MSE-Loss: 1329.461, MSE-Future-Loss 12524.988, KL-Loss: 6.244, Kmeans-Loss: 2.577, weight: 1.00
INFO:root:Test loss: 458.920, MSE-Loss: 450.068, KL-Loss: 6.248, Kmeans-Loss: 2.604
INFO:root:

INFO:root:Epoch: 11, Epochs on convergence counter: 2
INFO:root:Train: 
INFO:root:In the training loop. Epoch: 11
INFO:root:23:55:41
INFO:root:Train loss: 13480.293, MSE-Loss: 1332.790, MSE-Future-Loss 12138.696, KL-Loss: 6.175, Kmeans-Loss: 2.620, weight: 1.00
INFO:root:Test loss: 466.454, MSE-Loss: 457.618, KL-Loss: 6.163, Kmeans-Loss: 2.673
INFO:root:

INFO:root:Epoch: 12, Epochs on convergence counter: 3
INFO:root:Train: 
INFO:root:In the training loop. Epoch: 12
INFO:root:00:04:35
INFO:root:Train loss: 12993.282, MSE-Loss: 1332.196, MSE-Future-Loss 11652.317, KL-Loss: 6.113, Kmeans-Loss: 2.674, weight: 1.00
INFO:root:Test loss: 465.717, MSE-Loss: 456.896, KL-Loss: 6.100, Kmeans-Loss: 2.721
INFO:root:

INFO:root:Epoch: 13, Epochs on convergence counter: 4
INFO:root:Train: 
INFO:root:In the training loop. Epoch: 13
INFO:root:00:13:27
INFO:root:Train loss: 12478.194, MSE-Loss: 1338.414, MSE-Future-Loss 11131.015, KL-Loss: 6.058, Kmeans-Loss: 2.722, weight: 1.00
INFO:root:Test loss: 471.588, MSE-Loss: 462.720, KL-Loss: 6.104, Kmeans-Loss: 2.764
INFO:root:

INFO:root:Epoch: 14, Epochs on convergence counter: 5
INFO:root:Train: 
INFO:root:In the training loop. Epoch: 14
INFO:root:00:22:20
INFO:root:Train loss: 11874.647, MSE-Loss: 1336.786, MSE-Future-Loss 10529.062, KL-Loss: 6.042, Kmeans-Loss: 2.769, weight: 1.00
INFO:root:Test loss: 469.585, MSE-Loss: 460.704, KL-Loss: 6.074, Kmeans-Loss: 2.807
INFO:root:

INFO:root:Epoch: 15, Epochs on convergence counter: 6
INFO:root:Train: 
INFO:root:In the training loop. Epoch: 15
INFO:root:00:31:14
INFO:root:Train loss: 11277.523, MSE-Loss: 1334.430, MSE-Future-Loss 9934.236, KL-Loss: 6.032, Kmeans-Loss: 2.813, weight: 1.00
INFO:root:Test loss: 471.601, MSE-Loss: 462.646, KL-Loss: 6.099, Kmeans-Loss: 2.856
INFO:root:Saving model snapshot!

INFO:root:

INFO:root:Epoch: 16, Epochs on convergence counter: 7
INFO:root:Train: 
INFO:root:In the training loop. Epoch: 16
INFO:root:00:40:10
INFO:root:Train loss: 10646.397, MSE-Loss: 1326.769, MSE-Future-Loss 9310.731, KL-Loss: 6.052, Kmeans-Loss: 2.850, weight: 1.00
INFO:root:Test loss: 472.848, MSE-Loss: 463.904, KL-Loss: 6.060, Kmeans-Loss: 2.884
INFO:root:

INFO:root:Epoch: 17, Epochs on convergence counter: 8
INFO:root:Train: 
INFO:root:In the training loop. Epoch: 17
INFO:root:00:49:05
INFO:root:Train loss: 10091.959, MSE-Loss: 1324.649, MSE-Future-Loss 8758.366, KL-Loss: 6.062, Kmeans-Loss: 2.877, weight: 1.00
INFO:root:Test loss: 474.536, MSE-Loss: 465.551, KL-Loss: 6.078, Kmeans-Loss: 2.907
INFO:root:

INFO:root:Epoch: 18, Epochs on convergence counter: 9
INFO:root:Train: 
INFO:root:In the training loop. Epoch: 18
INFO:root:00:58:02
INFO:root:Train loss: 9557.096, MSE-Loss: 1320.670, MSE-Future-Loss 8227.436, KL-Loss: 6.070, Kmeans-Loss: 2.906, weight: 1.00
INFO:root:Test loss: 477.330, MSE-Loss: 468.291, KL-Loss: 6.108, Kmeans-Loss: 2.932
INFO:root:

INFO:root:Epoch: 19, Epochs on convergence counter: 10
INFO:root:Train: 
INFO:root:In the training loop. Epoch: 19
INFO:root:01:06:57
INFO:root:Train loss: 9078.893, MSE-Loss: 1316.478, MSE-Future-Loss 7753.381, KL-Loss: 6.087, Kmeans-Loss: 2.930, weight: 1.00
INFO:root:Test loss: 480.373, MSE-Loss: 471.324, KL-Loss: 6.101, Kmeans-Loss: 2.948
INFO:root:

INFO:root:Epoch: 20, Epochs on convergence counter: 11
INFO:root:Train: 
INFO:root:In the training loop. Epoch: 20
INFO:root:01:15:54
INFO:root:Train loss: 8639.091, MSE-Loss: 1313.049, MSE-Future-Loss 7316.977, KL-Loss: 6.110, Kmeans-Loss: 2.953, weight: 1.00
INFO:root:Test loss: 477.831, MSE-Loss: 468.715, KL-Loss: 6.155, Kmeans-Loss: 2.960
INFO:root:

INFO:root:Epoch: 21, Epochs on convergence counter: 12
INFO:root:Train: 
INFO:root:In the training loop. Epoch: 21
INFO:root:01:24:50
INFO:root:Train loss: 8247.627, MSE-Loss: 1306.605, MSE-Future-Loss 6931.916, KL-Loss: 6.143, Kmeans-Loss: 2.970, weight: 1.00
INFO:root:Test loss: 477.751, MSE-Loss: 468.632, KL-Loss: 6.145, Kmeans-Loss: 2.974
INFO:root:

INFO:root:Epoch: 22, Epochs on convergence counter: 13
INFO:root:Train: 
INFO:root:In the training loop. Epoch: 22
INFO:root:01:33:49
INFO:root:Train loss: 7909.169, MSE-Loss: 1305.849, MSE-Future-Loss 6594.174, KL-Loss: 6.154, Kmeans-Loss: 2.985, weight: 1.00
INFO:root:Test loss: 475.103, MSE-Loss: 465.932, KL-Loss: 6.194, Kmeans-Loss: 2.976
INFO:root:

INFO:root:Epoch: 23, Epochs on convergence counter: 14
INFO:root:Train: 
INFO:root:In the training loop. Epoch: 23
INFO:root:01:42:46
INFO:root:Train loss: 7607.094, MSE-Loss: 1298.002, MSE-Future-Loss 6299.900, KL-Loss: 6.181, Kmeans-Loss: 2.996, weight: 1.00
INFO:root:Test loss: 473.079, MSE-Loss: 463.856, KL-Loss: 6.221, Kmeans-Loss: 3.002
INFO:root:

INFO:root:Epoch: 24, Epochs on convergence counter: 15
INFO:root:Train: 
INFO:root:In the training loop. Epoch: 24
INFO:root:01:51:44
INFO:root:Train loss: 7326.711, MSE-Loss: 1292.311, MSE-Future-Loss 6025.201, KL-Loss: 6.192, Kmeans-Loss: 3.006, weight: 1.00
INFO:root:Test loss: 475.796, MSE-Loss: 466.559, KL-Loss: 6.238, Kmeans-Loss: 2.999
INFO:root:

INFO:root:Epoch: 25, Epochs on convergence counter: 16
INFO:root:Train: 
INFO:root:In the training loop. Epoch: 25
INFO:root:02:00:40
INFO:root:Train loss: 7080.499, MSE-Loss: 1287.461, MSE-Future-Loss 5783.823, KL-Loss: 6.206, Kmeans-Loss: 3.015, weight: 1.00
INFO:root:Test loss: 476.146, MSE-Loss: 466.870, KL-Loss: 6.265, Kmeans-Loss: 3.012
INFO:root:

INFO:root:Epoch: 26, Epochs on convergence counter: 17
INFO:root:Train: 
INFO:root:In the training loop. Epoch: 26
INFO:root:02:09:38
INFO:root:Train loss: 6865.130, MSE-Loss: 1282.380, MSE-Future-Loss 5573.528, KL-Loss: 6.211, Kmeans-Loss: 3.019, weight: 1.00
INFO:root:Test loss: 476.132, MSE-Loss: 466.886, KL-Loss: 6.236, Kmeans-Loss: 3.010
INFO:root:

INFO:root:Epoch: 27, Epochs on convergence counter: 18
INFO:root:Train: 
INFO:root:In the training loop. Epoch: 27
INFO:root:02:18:36
INFO:root:Train loss: 6690.979, MSE-Loss: 1281.870, MSE-Future-Loss 5399.870, KL-Loss: 6.220, Kmeans-Loss: 3.025, weight: 1.00
INFO:root:Test loss: 474.910, MSE-Loss: 465.650, KL-Loss: 6.244, Kmeans-Loss: 3.016
INFO:root:

INFO:root:Epoch: 28, Epochs on convergence counter: 19
INFO:root:Train: 
INFO:root:In the training loop. Epoch: 28
INFO:root:02:27:33
INFO:root:Train loss: 6508.813, MSE-Loss: 1278.430, MSE-Future-Loss 5221.130, KL-Loss: 6.229, Kmeans-Loss: 3.029, weight: 1.00
INFO:root:Test loss: 474.406, MSE-Loss: 465.107, KL-Loss: 6.278, Kmeans-Loss: 3.021
INFO:root:

INFO:root:Epoch: 29, Epochs on convergence counter: 20
INFO:root:Train: 
INFO:root:In the training loop. Epoch: 29
INFO:root:02:36:29
INFO:root:Train loss: 6345.905, MSE-Loss: 1277.185, MSE-Future-Loss 5059.450, KL-Loss: 6.238, Kmeans-Loss: 3.030, weight: 1.00
INFO:root:Test loss: 472.998, MSE-Loss: 463.718, KL-Loss: 6.266, Kmeans-Loss: 3.014
INFO:root:

INFO:root:Epoch: 30, Epochs on convergence counter: 21
INFO:root:Train: 
INFO:root:In the training loop. Epoch: 30
INFO:root:02:45:28
INFO:root:Train loss: 6174.945, MSE-Loss: 1273.824, MSE-Future-Loss 4891.849, KL-Loss: 6.245, Kmeans-Loss: 3.031, weight: 1.00
INFO:root:Test loss: 473.180, MSE-Loss: 463.883, KL-Loss: 6.282, Kmeans-Loss: 3.015
INFO:root:Saving model snapshot!

INFO:root:

INFO:root:Epoch: 31, Epochs on convergence counter: 22
INFO:root:Train: 
INFO:root:In the training loop. Epoch: 31
INFO:root:02:54:25
INFO:root:Train loss: 6028.173, MSE-Loss: 1271.152, MSE-Future-Loss 4747.736, KL-Loss: 6.255, Kmeans-Loss: 3.031, weight: 1.00
INFO:root:Test loss: 478.836, MSE-Loss: 469.539, KL-Loss: 6.291, Kmeans-Loss: 3.006
INFO:root:

INFO:root:Epoch: 32, Epochs on convergence counter: 23
INFO:root:Train: 
INFO:root:In the training loop. Epoch: 32
INFO:root:03:03:21
INFO:root:Train loss: 5885.985, MSE-Loss: 1269.105, MSE-Future-Loss 4607.588, KL-Loss: 6.259, Kmeans-Loss: 3.032, weight: 1.00
INFO:root:Test loss: 477.095, MSE-Loss: 467.793, KL-Loss: 6.287, Kmeans-Loss: 3.016
INFO:root:

INFO:root:Epoch: 33, Epochs on convergence counter: 24
INFO:root:Train: 
INFO:root:In the training loop. Epoch: 33
INFO:root:03:12:19
INFO:root:Train loss: 5760.560, MSE-Loss: 1266.624, MSE-Future-Loss 4484.638, KL-Loss: 6.265, Kmeans-Loss: 3.033, weight: 1.00
INFO:root:Test loss: 475.489, MSE-Loss: 466.162, KL-Loss: 6.307, Kmeans-Loss: 3.019
INFO:root:

INFO:root:Epoch: 34, Epochs on convergence counter: 25
INFO:root:Train: 
INFO:root:In the training loop. Epoch: 34
INFO:root:03:21:16
INFO:root:Train loss: 5631.360, MSE-Loss: 1264.769, MSE-Future-Loss 4357.286, KL-Loss: 6.270, Kmeans-Loss: 3.031, weight: 1.00
INFO:root:Test loss: 477.044, MSE-Loss: 467.727, KL-Loss: 6.307, Kmeans-Loss: 3.009
INFO:root:

INFO:root:Finished training...
INFO:root:Model converged. Please check your model with vame.evaluate_model(). 
You can also re-run vame.trainmodel() to further improve your model. 
Make sure to set _pretrained_weights_ in your config.yaml to "true" 
and plug your current model name into _pretrained_model_. 
Hint: Set "model_convergence" in your config.yaml to a higher value. 

Next: 
Use vame.pose_segmentation() to identify behavioral motifs in your dataset!
INFO:root:Train Variational Autoencoder - model name: VAME_15prcnt_sweep 

INFO:root:Latent Dimensions: 40, Time window: 60, Batch Size: 512, Beta: 1, lr: 0.0050

INFO:root:Scheduler step size: 100, Scheduler gamma: 0.20, Scheduler Threshold: 0.10000

INFO:root:Start training... 
INFO:root:Epoch: 1, Epochs on convergence counter: 0
INFO:root:Train: 
INFO:root:In the training loop. Epoch: 1
INFO:root:03:28:24
INFO:root:Train loss: 56209433877740.508, MSE-Loss: 25113336396405.926, MSE-Future-Loss 31095917641728.000, KL-Loss: 0.000, Kmeans-Loss: 0.000, weight: 0.00
INFO:root:Test loss: 114947630.299, MSE-Loss: 114947630.299, KL-Loss: 0.000, Kmeans-Loss: 0.000
INFO:root:

INFO:root:Epoch: 2, Epochs on convergence counter: 1
INFO:root:Train: 
INFO:root:In the training loop. Epoch: 2
INFO:root:03:34:02
INFO:root:Train loss: 34594810515.016, MSE-Loss: 32128538521.405, MSE-Future-Loss 2466271744.000, KL-Loss: 0.000, Kmeans-Loss: 0.000, weight: 0.00
INFO:root:Test loss: 191579037.641, MSE-Loss: 191579037.641, KL-Loss: 0.000, Kmeans-Loss: 0.000
INFO:root:

INFO:root:Epoch: 3, Epochs on convergence counter: 2
INFO:root:Train: 
INFO:root:In the training loop. Epoch: 3
INFO:root:03:39:39
INFO:root:Train loss: 712971969.924, MSE-Loss: 568900426.865, MSE-Future-Loss 144070688.000, KL-Loss: 664.174, Kmeans-Loss: 14.199, weight: 0.29
INFO:root:Test loss: 126517411.324, MSE-Loss: 126516732.851, KL-Loss: 662.579, Kmeans-Loss: 14.174
INFO:root:

INFO:root:Epoch: 4, Epochs on convergence counter: 3
INFO:root:Train: 
INFO:root:In the training loop. Epoch: 4
INFO:root:Train Variational Autoencoder - model name: VAME_15prcnt_sweep 

INFO:root:Latent Dimensions: 10, Time window: 75, Batch Size: 512, Beta: 1, lr: 0.0001

INFO:root:Scheduler step size: 100, Scheduler gamma: 0.20, Scheduler Threshold: 0.10000

INFO:root:Start training... 
INFO:root:Epoch: 1, Epochs on convergence counter: 0
INFO:root:Train: 
INFO:root:In the training loop. Epoch: 1
INFO:root:03:48:12
INFO:root:Train loss: 104699.652, MSE-Loss: 61257.798, MSE-Future-Loss 43441.875, KL-Loss: 0.000, Kmeans-Loss: 0.000, weight: 0.00
INFO:root:Test loss: 11325.286, MSE-Loss: 11325.286, KL-Loss: 0.000, Kmeans-Loss: 0.000
INFO:root:

INFO:root:Epoch: 2, Epochs on convergence counter: 1
INFO:root:Train: 
INFO:root:In the training loop. Epoch: 2
INFO:root:03:56:08
INFO:root:Train loss: 64824.357, MSE-Loss: 31214.775, MSE-Future-Loss 33609.559, KL-Loss: 0.000, Kmeans-Loss: 0.000, weight: 0.00
INFO:root:Test loss: 9633.562, MSE-Loss: 9633.562, KL-Loss: 0.000, Kmeans-Loss: 0.000
INFO:root:

INFO:root:Epoch: 3, Epochs on convergence counter: 2
INFO:root:Train: 
INFO:root:In the training loop. Epoch: 3
INFO:root:04:04:04
INFO:root:Train loss: 62307.800, MSE-Loss: 29356.730, MSE-Future-Loss 32947.172, KL-Loss: 3.442, Kmeans-Loss: 0.447, weight: 0.29
INFO:root:Test loss: 9397.532, MSE-Loss: 9393.651, KL-Loss: 3.431, Kmeans-Loss: 0.450
INFO:root:

INFO:root:Epoch: 4, Epochs on convergence counter: 3
INFO:root:Train: 
INFO:root:In the training loop. Epoch: 4
INFO:root:Train Variational Autoencoder - model name: VAME_15prcnt_sweep 

INFO:root:Latent Dimensions: 50, Time window: 75, Batch Size: 1024, Beta: 1, lr: 0.0001

INFO:root:Scheduler step size: 100, Scheduler gamma: 0.20, Scheduler Threshold: 0.00100

INFO:root:Start training... 
INFO:root:Epoch: 1, Epochs on convergence counter: 0
INFO:root:Train: 
INFO:root:In the training loop. Epoch: 1
INFO:root:04:20:00
INFO:root:Train loss: 195940.149, MSE-Loss: 155828.981, MSE-Future-Loss 40111.164, KL-Loss: 0.000, Kmeans-Loss: 0.000, weight: 0.00
INFO:root:Test loss: 22923.297, MSE-Loss: 22923.297, KL-Loss: 0.000, Kmeans-Loss: 0.000
INFO:root:

INFO:root:Epoch: 2, Epochs on convergence counter: 1
INFO:root:Train: 
INFO:root:In the training loop. Epoch: 2
INFO:root:04:34:42
INFO:root:Train loss: 90833.630, MSE-Loss: 66846.561, MSE-Future-Loss 23987.061, KL-Loss: 0.000, Kmeans-Loss: 0.000, weight: 0.00
INFO:root:Test loss: 16707.866, MSE-Loss: 16707.866, KL-Loss: 0.000, Kmeans-Loss: 0.000
INFO:root:

INFO:root:Epoch: 3, Epochs on convergence counter: 2
INFO:root:Train: 
INFO:root:In the training loop. Epoch: 3
INFO:root:04:49:25
INFO:root:Train loss: 75485.550, MSE-Loss: 54107.144, MSE-Future-Loss 21367.041, KL-Loss: 7.636, Kmeans-Loss: 3.731, weight: 0.25
INFO:root:Test loss: 14604.930, MSE-Loss: 14592.964, KL-Loss: 8.291, Kmeans-Loss: 3.675
INFO:root:

INFO:root:Epoch: 4, Epochs on convergence counter: 3
INFO:root:Train: 
INFO:root:In the training loop. Epoch: 4
INFO:root:Train Variational Autoencoder - model name: VAME_15prcnt_sweep 

INFO:root:Latent Dimensions: 50, Time window: 45, Batch Size: 256, Beta: 1, lr: 0.0050

INFO:root:Scheduler step size: 100, Scheduler gamma: 0.20, Scheduler Threshold: 0.01000

INFO:root:Start training... 
INFO:root:Epoch: 1, Epochs on convergence counter: 0
INFO:root:Train: 
INFO:root:In the training loop. Epoch: 1
INFO:root:04:56:39
INFO:root:Train loss: 16063.695, MSE-Loss: 4070.069, MSE-Future-Loss 11993.605, KL-Loss: 0.000, Kmeans-Loss: 0.000, weight: 0.00
INFO:root:Test loss: 635.108, MSE-Loss: 635.108, KL-Loss: 0.000, Kmeans-Loss: 0.000
INFO:root:

INFO:root:Epoch: 2, Epochs on convergence counter: 1
INFO:root:Train: 
INFO:root:In the training loop. Epoch: 2
INFO:root:05:03:01
INFO:root:Train loss: 13102.289, MSE-Loss: 2118.540, MSE-Future-Loss 10983.768, KL-Loss: 0.000, Kmeans-Loss: 0.000, weight: 0.00
INFO:root:Test loss: 588.325, MSE-Loss: 588.325, KL-Loss: 0.000, Kmeans-Loss: 0.000
INFO:root:

INFO:root:Epoch: 3, Epochs on convergence counter: 2
INFO:root:Train: 
INFO:root:In the training loop. Epoch: 3
INFO:root:05:09:25
INFO:root:Train loss: 12729.723, MSE-Loss: 2060.198, MSE-Future-Loss 10667.653, KL-Loss: 1.413, Kmeans-Loss: 0.453, weight: 0.29
INFO:root:Test loss: 587.269, MSE-Loss: 585.396, KL-Loss: 1.404, Kmeans-Loss: 0.468
INFO:root:

INFO:root:Epoch: 4, Epochs on convergence counter: 3
INFO:root:Train: 
INFO:root:In the training loop. Epoch: 4
INFO:root:05:15:49
INFO:root:Train loss: 12569.446, MSE-Loss: 2067.947, MSE-Future-Loss 10498.292, KL-Loss: 2.445, Kmeans-Loss: 0.768, weight: 0.50
INFO:root:Test loss: 611.240, MSE-Loss: 608.034, KL-Loss: 2.405, Kmeans-Loss: 0.800
INFO:root:

INFO:root:Epoch: 5, Epochs on convergence counter: 4
INFO:root:Train: 
INFO:root:In the training loop. Epoch: 5
INFO:root:05:21:38
INFO:root:Train loss: 5407109927123228672.000, MSE-Loss: 3899973550669030912.000, MSE-Future-Loss 1507133985858256896.000, KL-Loss: 2230947679530.979, Kmeans-Loss: 4813.535, weight: 0.71
INFO:root:Test loss: 921221469.233, MSE-Loss: 921220024.916, KL-Loss: 1408.388, Kmeans-Loss: 36.593
INFO:root:

INFO:root:Epoch: 6, Epochs on convergence counter: 5
INFO:root:Train: 
INFO:root:In the training loop. Epoch: 6
INFO:root:05:27:08
INFO:root:Train loss: 3128767448.965, MSE-Loss: 2355592065.059, MSE-Future-Loss 773171456.000, KL-Loss: 1700.985, Kmeans-Loss: 45.002, weight: 0.86
INFO:root:Test loss: 469394286.257, MSE-Loss: 469392565.220, KL-Loss: 1682.304, Kmeans-Loss: 43.777
INFO:root:

INFO:root:Epoch: 7, Epochs on convergence counter: 6
INFO:root:Train: 
INFO:root:In the training loop. Epoch: 7
INFO:root:05:32:36
INFO:root:Train loss: 2240918837.884, MSE-Loss: 1520721901.833, MSE-Future-Loss 720196416.000, KL-Loss: 1843.323, Kmeans-Loss: 48.808, weight: 0.94
INFO:root:Test loss: 328489684.217, MSE-Loss: 328487810.491, KL-Loss: 1826.903, Kmeans-Loss: 47.592
INFO:root:

INFO:root:Epoch: 8, Epochs on convergence counter: 7
INFO:root:Train: 
INFO:root:In the training loop. Epoch: 8
INFO:root:05:38:05
INFO:root:Train loss: 1697369050.510, MSE-Loss: 1125822271.049, MSE-Future-Loss 571544960.000, KL-Loss: 1904.579, Kmeans-Loss: 50.468, weight: 0.97
INFO:root:Test loss: 276074607.803, MSE-Loss: 276072663.087, KL-Loss: 1891.831, Kmeans-Loss: 49.296
INFO:root:

INFO:root:Epoch: 9, Epochs on convergence counter: 8
INFO:root:Train: 
INFO:root:In the training loop. Epoch: 9
INFO:root:05:43:36
INFO:root:Train loss: 1427118388.879, MSE-Loss: 941026525.568, MSE-Future-Loss 486089728.000, KL-Loss: 1927.817, Kmeans-Loss: 51.120, weight: 0.99
INFO:root:Test loss: 208211846.506, MSE-Loss: 208209881.416, KL-Loss: 1914.535, Kmeans-Loss: 50.001
INFO:root:

INFO:root:Epoch: 10, Epochs on convergence counter: 9
INFO:root:Train: 
INFO:root:In the training loop. Epoch: 10
INFO:root:05:49:05
INFO:root:Train loss: 1187438730.170, MSE-Loss: 773666140.109, MSE-Future-Loss 413770752.000, KL-Loss: 1935.038, Kmeans-Loss: 51.328, weight: 1.00
INFO:root:Test loss: 179176032.347, MSE-Loss: 179174059.175, KL-Loss: 1923.855, Kmeans-Loss: 50.252
INFO:root:

INFO:root:Epoch: 11, Epochs on convergence counter: 10
INFO:root:Train: 
INFO:root:In the training loop. Epoch: 11
INFO:root:05:54:33
INFO:root:Train loss: 1026879286.133, MSE-Loss: 663573811.318, MSE-Future-Loss 363303616.000, KL-Loss: 1937.420, Kmeans-Loss: 51.347, weight: 1.00
INFO:root:Test loss: 165343472.416, MSE-Loss: 165341496.727, KL-Loss: 1926.589, Kmeans-Loss: 50.311
INFO:root:

INFO:root:Epoch: 12, Epochs on convergence counter: 11
INFO:root:Train: 
INFO:root:In the training loop. Epoch: 12
INFO:root:06:00:02
INFO:root:Train loss: 901526828.299, MSE-Loss: 582213013.506, MSE-Future-Loss 319311552.000, KL-Loss: 1936.540, Kmeans-Loss: 51.313, weight: 1.00
INFO:root:Test loss: 138173390.271, MSE-Loss: 138171415.543, KL-Loss: 1926.061, Kmeans-Loss: 50.332
INFO:root:

INFO:root:Epoch: 13, Epochs on convergence counter: 12
INFO:root:Train: 
INFO:root:In the training loop. Epoch: 13
INFO:root:06:05:30
INFO:root:Train loss: 775698415.665, MSE-Loss: 458271387.677, MSE-Future-Loss 317425120.000, KL-Loss: 1934.756, Kmeans-Loss: 51.265, weight: 1.00
INFO:root:Test loss: 107752978.729, MSE-Loss: 107751005.276, KL-Loss: 1924.912, Kmeans-Loss: 50.302
INFO:root:

INFO:root:Epoch: 14, Epochs on convergence counter: 13
INFO:root:Train: 
INFO:root:In the training loop. Epoch: 14
INFO:root:06:11:00
INFO:root:Train loss: 681062404.199, MSE-Loss: 398481737.164, MSE-Future-Loss 282578240.000, KL-Loss: 1934.076, Kmeans-Loss: 51.218, weight: 1.00
INFO:root:Test loss: 93905680.381, MSE-Loss: 93903707.087, KL-Loss: 1924.900, Kmeans-Loss: 50.269
INFO:root:

INFO:root:Epoch: 15, Epochs on convergence counter: 14
INFO:root:Train: 
INFO:root:In the training loop. Epoch: 15
INFO:root:06:16:30
INFO:root:Train loss: 619003482.931, MSE-Loss: 378959529.262, MSE-Future-Loss 240042112.000, KL-Loss: 1933.974, Kmeans-Loss: 51.177, weight: 1.00
INFO:root:Test loss: 92324001.628, MSE-Loss: 92322028.798, KL-Loss: 1924.650, Kmeans-Loss: 50.238
INFO:root:Saving model snapshot!

INFO:root:

INFO:root:Epoch: 16, Epochs on convergence counter: 15
INFO:root:Train: 
INFO:root:In the training loop. Epoch: 16
INFO:root:06:21:57
INFO:root:Train loss: 605979403.742, MSE-Loss: 398802806.779, MSE-Future-Loss 207174496.000, KL-Loss: 1933.696, Kmeans-Loss: 51.127, weight: 1.00
INFO:root:Test loss: 91829765.880, MSE-Loss: 91827795.206, KL-Loss: 1922.437, Kmeans-Loss: 50.171
INFO:root:

INFO:root:Epoch: 17, Epochs on convergence counter: 16
INFO:root:Train: 
INFO:root:In the training loop. Epoch: 17
INFO:root:06:27:25
INFO:root:Train loss: 531798878.222, MSE-Loss: 337590503.579, MSE-Future-Loss 194206400.000, KL-Loss: 1931.324, Kmeans-Loss: 51.057, weight: 1.00
INFO:root:Test loss: 83811573.667, MSE-Loss: 83809603.845, KL-Loss: 1921.405, Kmeans-Loss: 50.174
INFO:root:

INFO:root:Epoch: 18, Epochs on convergence counter: 17
INFO:root:Train: 
INFO:root:In the training loop. Epoch: 18
INFO:root:06:32:54
INFO:root:Train loss: 500083086.682, MSE-Loss: 315896357.060, MSE-Future-Loss 184184368.000, KL-Loss: 1930.818, Kmeans-Loss: 51.051, weight: 1.00
INFO:root:Test loss: 73723538.257, MSE-Loss: 73721568.725, KL-Loss: 1920.658, Kmeans-Loss: 50.159
INFO:root:

INFO:root:Epoch: 19, Epochs on convergence counter: 18
INFO:root:Train: 
INFO:root:In the training loop. Epoch: 19
INFO:root:06:38:21
INFO:root:Train loss: 457742691.388, MSE-Loss: 284138014.265, MSE-Future-Loss 173602672.000, KL-Loss: 1929.682, Kmeans-Loss: 51.017, weight: 1.00
INFO:root:Test loss: 67674270.971, MSE-Loss: 67672301.613, KL-Loss: 1920.200, Kmeans-Loss: 50.127
INFO:root:

INFO:root:Epoch: 20, Epochs on convergence counter: 19
INFO:root:Train: 
INFO:root:In the training loop. Epoch: 20
INFO:root:06:43:49
INFO:root:Train loss: 426052546.097, MSE-Loss: 259193639.192, MSE-Future-Loss 166857056.000, KL-Loss: 1928.621, Kmeans-Loss: 50.976, weight: 1.00
INFO:root:Test loss: 63367850.900, MSE-Loss: 63365881.874, KL-Loss: 1919.756, Kmeans-Loss: 50.111
INFO:root:

INFO:root:Epoch: 21, Epochs on convergence counter: 20
INFO:root:Train: 
INFO:root:In the training loop. Epoch: 21
INFO:root:06:49:17
INFO:root:Train loss: 393725786.188, MSE-Loss: 237856399.122, MSE-Future-Loss 155867648.000, KL-Loss: 1928.325, Kmeans-Loss: 50.932, weight: 1.00
INFO:root:Test loss: 56064058.730, MSE-Loss: 56062090.135, KL-Loss: 1919.115, Kmeans-Loss: 50.079
INFO:root:

INFO:root:Epoch: 22, Epochs on convergence counter: 21
INFO:root:Train: 
INFO:root:In the training loop. Epoch: 22
INFO:root:06:54:47
INFO:root:Train loss: 365141942.306, MSE-Loss: 218526488.746, MSE-Future-Loss 146613440.000, KL-Loss: 1927.739, Kmeans-Loss: 50.890, weight: 1.00
INFO:root:Test loss: 52526142.475, MSE-Loss: 52524173.850, KL-Loss: 1919.012, Kmeans-Loss: 50.062
INFO:root:

INFO:root:Epoch: 23, Epochs on convergence counter: 22
INFO:root:Train: 
INFO:root:In the training loop. Epoch: 23
INFO:root:07:00:13
INFO:root:Train loss: 346691955.315, MSE-Loss: 204011480.813, MSE-Future-Loss 142678048.000, KL-Loss: 1927.286, Kmeans-Loss: 50.859, weight: 1.00
INFO:root:Test loss: 49123733.374, MSE-Loss: 49121764.864, KL-Loss: 1918.702, Kmeans-Loss: 50.049
INFO:root:

INFO:root:Epoch: 24, Epochs on convergence counter: 23
INFO:root:Train: 
INFO:root:In the training loop. Epoch: 24
INFO:root:07:05:43
INFO:root:Train loss: 333661028.245, MSE-Loss: 199621256.374, MSE-Future-Loss 134037872.000, KL-Loss: 1926.558, Kmeans-Loss: 50.826, weight: 1.00
INFO:root:Test loss: 49315400.874, MSE-Loss: 49313434.333, KL-Loss: 1916.838, Kmeans-Loss: 50.014
INFO:root:

INFO:root:Epoch: 25, Epochs on convergence counter: 24
INFO:root:Train: 
INFO:root:In the training loop. Epoch: 25
INFO:root:07:11:11
INFO:root:Train loss: 314225515.426, MSE-Loss: 186542448.813, MSE-Future-Loss 127680952.000, KL-Loss: 1926.170, Kmeans-Loss: 50.778, weight: 1.00
INFO:root:Test loss: 44331894.208, MSE-Loss: 44329926.440, KL-Loss: 1917.741, Kmeans-Loss: 50.014
INFO:root:

INFO:root:Epoch: 26, Epochs on convergence counter: 25
INFO:root:Train: 
INFO:root:In the training loop. Epoch: 26
INFO:root:07:16:38
INFO:root:Train loss: 305720640.465, MSE-Loss: 174377177.751, MSE-Future-Loss 131341656.000, KL-Loss: 1925.569, Kmeans-Loss: 50.769, weight: 1.00
INFO:root:Test loss: 42137285.483, MSE-Loss: 42135319.015, KL-Loss: 1916.393, Kmeans-Loss: 50.007
INFO:root:

INFO:root:Finished training...
INFO:root:Model converged. Please check your model with vame.evaluate_model(). 
You can also re-run vame.trainmodel() to further improve your model. 
Make sure to set _pretrained_weights_ in your config.yaml to "true" 
and plug your current model name into _pretrained_model_. 
Hint: Set "model_convergence" in your config.yaml to a higher value. 

Next: 
Use vame.pose_segmentation() to identify behavioral motifs in your dataset!
INFO:root:Train Variational Autoencoder - model name: VAME_15prcnt_sweep 

INFO:root:Latent Dimensions: 15, Time window: 30, Batch Size: 1024, Beta: 1, lr: 0.0001

INFO:root:Scheduler step size: 100, Scheduler gamma: 0.20, Scheduler Threshold: 0.10000

INFO:root:Start training... 
INFO:root:Epoch: 1, Epochs on convergence counter: 0
INFO:root:Train: 
INFO:root:In the training loop. Epoch: 1
INFO:root:07:25:27
INFO:root:Train loss: 129161.268, MSE-Loss: 42671.742, MSE-Future-Loss 86489.547, KL-Loss: 0.000, Kmeans-Loss: 0.000, weight: 0.00
INFO:root:Test loss: 5721.875, MSE-Loss: 5721.875, KL-Loss: 0.000, Kmeans-Loss: 0.000
INFO:root:

INFO:root:Epoch: 2, Epochs on convergence counter: 1
INFO:root:Train: 
INFO:root:In the training loop. Epoch: 2
INFO:root:07:33:47
INFO:root:Train loss: 82310.740, MSE-Loss: 15642.899, MSE-Future-Loss 66667.836, KL-Loss: 0.000, Kmeans-Loss: 0.000, weight: 0.00
INFO:root:Test loss: 4345.342, MSE-Loss: 4345.342, KL-Loss: 0.000, Kmeans-Loss: 0.000
INFO:root:

INFO:root:Epoch: 3, Epochs on convergence counter: 2
INFO:root:Train: 
INFO:root:In the training loop. Epoch: 3
INFO:root:07:42:10
INFO:root:Train loss: 77200.850, MSE-Loss: 12259.491, MSE-Future-Loss 64938.152, KL-Loss: 2.742, Kmeans-Loss: 0.501, weight: 0.25
INFO:root:Test loss: 3469.186, MSE-Loss: 3465.875, KL-Loss: 2.793, Kmeans-Loss: 0.518
INFO:root:

INFO:root:Epoch: 4, Epochs on convergence counter: 3
INFO:root:Train: 
INFO:root:In the training loop. Epoch: 4
INFO:root:Train Variational Autoencoder - model name: VAME_15prcnt_sweep 

INFO:root:Latent Dimensions: 50, Time window: 30, Batch Size: 256, Beta: 1, lr: 0.0010

INFO:root:Scheduler step size: 100, Scheduler gamma: 0.20, Scheduler Threshold: 0.05000

INFO:root:Start training... 
INFO:root:Epoch: 1, Epochs on convergence counter: 0
INFO:root:Train: 
INFO:root:In the training loop. Epoch: 1
INFO:root:07:52:28
INFO:root:Train loss: 15939.994, MSE-Loss: 3978.248, MSE-Future-Loss 11961.754, KL-Loss: 0.000, Kmeans-Loss: 0.000, weight: 0.00
INFO:root:Test loss: 689.793, MSE-Loss: 689.793, KL-Loss: 0.000, Kmeans-Loss: 0.000
INFO:root:

INFO:root:Epoch: 2, Epochs on convergence counter: 1
INFO:root:Train: 
INFO:root:In the training loop. Epoch: 2
INFO:root:08:01:47
INFO:root:Train loss: 12498.383, MSE-Loss: 2082.866, MSE-Future-Loss 10415.536, KL-Loss: 0.000, Kmeans-Loss: 0.000, weight: 0.00
INFO:root:Test loss: 610.941, MSE-Loss: 610.941, KL-Loss: 0.000, Kmeans-Loss: 0.000
INFO:root:

INFO:root:Epoch: 3, Epochs on convergence counter: 2
INFO:root:Train: 
INFO:root:In the training loop. Epoch: 3
INFO:root:08:11:06
INFO:root:Train loss: 11892.393, MSE-Loss: 1806.649, MSE-Future-Loss 10073.455, KL-Loss: 6.974, Kmeans-Loss: 5.332, weight: 0.25
INFO:root:Test loss: 547.292, MSE-Loss: 534.213, KL-Loss: 7.600, Kmeans-Loss: 5.478
INFO:root:

INFO:root:Epoch: 4, Epochs on convergence counter: 3
INFO:root:Train: 
INFO:root:In the training loop. Epoch: 4
INFO:root:08:20:26
INFO:root:Train loss: 11484.023, MSE-Loss: 1649.001, MSE-Future-Loss 9809.007, KL-Loss: 14.639, Kmeans-Loss: 11.372, weight: 0.50
INFO:root:Test loss: 534.007, MSE-Loss: 506.348, KL-Loss: 16.022, Kmeans-Loss: 11.638
INFO:root:

INFO:root:Epoch: 5, Epochs on convergence counter: 4
INFO:root:Train: 
INFO:root:In the training loop. Epoch: 5
INFO:root:08:29:49
INFO:root:Train loss: 11218.737, MSE-Loss: 1550.031, MSE-Future-Loss 9628.340, KL-Loss: 22.566, Kmeans-Loss: 17.795, weight: 0.75
INFO:root:Test loss: 512.678, MSE-Loss: 470.567, KL-Loss: 24.081, Kmeans-Loss: 18.029
INFO:root:

INFO:root:Epoch: 6, Epochs on convergence counter: 5
INFO:root:Train: 
INFO:root:In the training loop. Epoch: 6
INFO:root:08:39:12
INFO:root:Train loss: 10980.867, MSE-Loss: 1480.327, MSE-Future-Loss 9445.893, KL-Loss: 30.380, Kmeans-Loss: 24.256, weight: 1.00
INFO:root:Test loss: 521.958, MSE-Loss: 465.029, KL-Loss: 32.403, Kmeans-Loss: 24.526
INFO:root:Saving model!
INFO:root:

INFO:root:Epoch: 7, Epochs on convergence counter: 0
INFO:root:Train: 
INFO:root:In the training loop. Epoch: 7
INFO:root:08:48:36
INFO:root:Train loss: 10731.645, MSE-Loss: 1443.187, MSE-Future-Loss 9232.702, KL-Loss: 30.983, Kmeans-Loss: 24.764, weight: 1.00
INFO:root:Test loss: 524.017, MSE-Loss: 466.178, KL-Loss: 32.914, Kmeans-Loss: 24.925
INFO:root:

INFO:root:Epoch: 8, Epochs on convergence counter: 1
INFO:root:Train: 
INFO:root:In the training loop. Epoch: 8
INFO:root:08:58:01
INFO:root:Train loss: 10487.733, MSE-Loss: 1436.253, MSE-Future-Loss 8994.543, KL-Loss: 31.695, Kmeans-Loss: 25.238, weight: 1.00
INFO:root:Test loss: 525.796, MSE-Loss: 465.997, KL-Loss: 34.212, Kmeans-Loss: 25.587
INFO:root:

INFO:root:Epoch: 9, Epochs on convergence counter: 2
INFO:root:Train: 
INFO:root:In the training loop. Epoch: 9
INFO:root:09:07:24
INFO:root:Train loss: 10149.392, MSE-Loss: 1423.396, MSE-Future-Loss 8667.996, KL-Loss: 32.349, Kmeans-Loss: 25.651, weight: 1.00
INFO:root:Test loss: 539.436, MSE-Loss: 479.482, KL-Loss: 34.137, Kmeans-Loss: 25.816
INFO:root:

INFO:root:Epoch: 10, Epochs on convergence counter: 3
INFO:root:Train: 
INFO:root:In the training loop. Epoch: 10
INFO:root:09:16:50
INFO:root:Train loss: 9767.156, MSE-Loss: 1419.368, MSE-Future-Loss 8288.609, KL-Loss: 33.113, Kmeans-Loss: 26.057, weight: 1.00
INFO:root:Test loss: 535.274, MSE-Loss: 473.217, KL-Loss: 35.714, Kmeans-Loss: 26.343
INFO:root:

INFO:root:Epoch: 11, Epochs on convergence counter: 4
INFO:root:Train: 
INFO:root:In the training loop. Epoch: 11
INFO:root:09:26:16
INFO:root:Train loss: 9356.900, MSE-Loss: 1402.892, MSE-Future-Loss 7893.527, KL-Loss: 33.987, Kmeans-Loss: 26.490, weight: 1.00
INFO:root:Test loss: 538.197, MSE-Loss: 475.358, KL-Loss: 36.176, Kmeans-Loss: 26.663
INFO:root:

INFO:root:Epoch: 12, Epochs on convergence counter: 5
INFO:root:Train: 
INFO:root:In the training loop. Epoch: 12
INFO:root:09:35:41
INFO:root:Train loss: 8907.780, MSE-Loss: 1384.837, MSE-Future-Loss 7461.289, KL-Loss: 34.807, Kmeans-Loss: 26.858, weight: 1.00
INFO:root:Test loss: 545.856, MSE-Loss: 480.997, KL-Loss: 37.553, Kmeans-Loss: 27.306
INFO:root:

INFO:root:Epoch: 13, Epochs on convergence counter: 6
INFO:root:Train: 
INFO:root:In the training loop. Epoch: 13
INFO:root:09:45:09
INFO:root:Train loss: 8505.483, MSE-Loss: 1366.843, MSE-Future-Loss 7075.641, KL-Loss: 35.755, Kmeans-Loss: 27.245, weight: 1.00
INFO:root:Test loss: 535.915, MSE-Loss: 469.991, KL-Loss: 38.328, Kmeans-Loss: 27.596
INFO:root:

INFO:root:Epoch: 14, Epochs on convergence counter: 7
INFO:root:Train: 
INFO:root:In the training loop. Epoch: 14
INFO:root:09:54:34
INFO:root:Train loss: 8103.092, MSE-Loss: 1342.967, MSE-Future-Loss 6695.833, KL-Loss: 36.694, Kmeans-Loss: 27.606, weight: 1.00
INFO:root:Test loss: 530.287, MSE-Loss: 463.072, KL-Loss: 39.329, Kmeans-Loss: 27.887
INFO:root:Saving model!
INFO:root:

INFO:root:Epoch: 15, Epochs on convergence counter: 0
INFO:root:Train: 
INFO:root:In the training loop. Epoch: 15
INFO:root:10:03:59
INFO:root:Train loss: 7792.381, MSE-Loss: 1320.881, MSE-Future-Loss 6406.131, KL-Loss: 37.463, Kmeans-Loss: 27.906, weight: 1.00
INFO:root:Test loss: 526.381, MSE-Loss: 458.198, KL-Loss: 39.992, Kmeans-Loss: 28.191
INFO:root:Saving model!
INFO:root:Saving model snapshot!

INFO:root:

INFO:root:Epoch: 16, Epochs on convergence counter: 0
INFO:root:Train: 
INFO:root:In the training loop. Epoch: 16
INFO:root:10:13:25
INFO:root:Train loss: 7427.503, MSE-Loss: 1298.208, MSE-Future-Loss 6062.657, KL-Loss: 38.386, Kmeans-Loss: 28.244, weight: 1.00
INFO:root:Test loss: 521.081, MSE-Loss: 451.454, KL-Loss: 41.083, Kmeans-Loss: 28.543
INFO:root:Saving model!
INFO:root:

INFO:root:Epoch: 17, Epochs on convergence counter: 0
INFO:root:Train: 
INFO:root:In the training loop. Epoch: 17
INFO:root:10:22:52
INFO:root:Train loss: 7277.483, MSE-Loss: 1290.301, MSE-Future-Loss 5919.572, KL-Loss: 39.127, Kmeans-Loss: 28.485, weight: 1.00
INFO:root:Test loss: 542.445, MSE-Loss: 474.371, KL-Loss: 40.085, Kmeans-Loss: 27.988
INFO:root:

INFO:root:Epoch: 18, Epochs on convergence counter: 1
INFO:root:Train: 
INFO:root:In the training loop. Epoch: 18
INFO:root:10:32:18
INFO:root:Train loss: 7039.860, MSE-Loss: 1268.344, MSE-Future-Loss 5703.386, KL-Loss: 39.518, Kmeans-Loss: 28.611, weight: 1.00
INFO:root:Test loss: 518.379, MSE-Loss: 446.947, KL-Loss: 42.415, Kmeans-Loss: 29.017
INFO:root:Saving model!
INFO:root:

INFO:root:Epoch: 19, Epochs on convergence counter: 0
INFO:root:Train: 
INFO:root:In the training loop. Epoch: 19
INFO:root:10:41:46
INFO:root:Train loss: 6621.402, MSE-Loss: 1231.301, MSE-Future-Loss 5320.434, KL-Loss: 40.646, Kmeans-Loss: 29.022, weight: 1.00
INFO:root:Test loss: 513.413, MSE-Loss: 440.790, KL-Loss: 43.268, Kmeans-Loss: 29.356
INFO:root:Saving model!
INFO:root:

INFO:root:Epoch: 20, Epochs on convergence counter: 0
INFO:root:Train: 
INFO:root:In the training loop. Epoch: 20
INFO:root:10:51:12
INFO:root:Train loss: 6441.891, MSE-Loss: 1220.328, MSE-Future-Loss 5150.761, KL-Loss: 41.503, Kmeans-Loss: 29.302, weight: 1.00
INFO:root:Test loss: 511.346, MSE-Loss: 437.744, KL-Loss: 44.001, Kmeans-Loss: 29.601
INFO:root:Saving model!
INFO:root:

INFO:root:Epoch: 21, Epochs on convergence counter: 0
INFO:root:Train: 
INFO:root:In the training loop. Epoch: 21
INFO:root:11:00:38
INFO:root:Train loss: 6254.597, MSE-Loss: 1200.572, MSE-Future-Loss 4982.361, KL-Loss: 42.128, Kmeans-Loss: 29.532, weight: 1.00
INFO:root:Test loss: 505.970, MSE-Loss: 431.210, KL-Loss: 44.843, Kmeans-Loss: 29.917
INFO:root:Saving model!
INFO:root:

INFO:root:Epoch: 22, Epochs on convergence counter: 0
INFO:root:Train: 
INFO:root:In the training loop. Epoch: 22
INFO:root:11:10:05
INFO:root:Train loss: 6090.390, MSE-Loss: 1190.759, MSE-Future-Loss 4826.972, KL-Loss: 42.881, Kmeans-Loss: 29.781, weight: 1.00
INFO:root:Test loss: 504.836, MSE-Loss: 429.496, KL-Loss: 45.297, Kmeans-Loss: 30.043
INFO:root:Saving model!
INFO:root:

INFO:root:Epoch: 23, Epochs on convergence counter: 0
INFO:root:Train: 
INFO:root:In the training loop. Epoch: 23
INFO:root:11:19:34
INFO:root:Train loss: 5967.847, MSE-Loss: 1170.721, MSE-Future-Loss 4723.735, KL-Loss: 43.427, Kmeans-Loss: 29.964, weight: 1.00
INFO:root:Test loss: 504.359, MSE-Loss: 427.866, KL-Loss: 46.162, Kmeans-Loss: 30.331
INFO:root:Saving model!
INFO:root:

INFO:root:Epoch: 24, Epochs on convergence counter: 0
INFO:root:Train: 
INFO:root:In the training loop. Epoch: 24
INFO:root:11:29:02
INFO:root:Train loss: 5834.411, MSE-Loss: 1160.400, MSE-Future-Loss 4600.050, KL-Loss: 43.836, Kmeans-Loss: 30.124, weight: 1.00
INFO:root:Test loss: 500.088, MSE-Loss: 422.885, KL-Loss: 46.685, Kmeans-Loss: 30.518
INFO:root:Saving model!
INFO:root:

INFO:root:Epoch: 25, Epochs on convergence counter: 0
INFO:root:Train: 
INFO:root:In the training loop. Epoch: 25
INFO:root:11:38:31
INFO:root:Train loss: 5717.125, MSE-Loss: 1143.209, MSE-Future-Loss 4499.144, KL-Loss: 44.447, Kmeans-Loss: 30.325, weight: 1.00
INFO:root:Test loss: 498.631, MSE-Loss: 420.999, KL-Loss: 46.933, Kmeans-Loss: 30.699
INFO:root:Saving model!
INFO:root:

INFO:root:Epoch: 26, Epochs on convergence counter: 0
INFO:root:Train: 
INFO:root:In the training loop. Epoch: 26
INFO:root:11:47:59
INFO:root:Train loss: 5611.283, MSE-Loss: 1130.801, MSE-Future-Loss 4404.984, KL-Loss: 44.980, Kmeans-Loss: 30.515, weight: 1.00
INFO:root:Test loss: 493.938, MSE-Loss: 415.588, KL-Loss: 47.480, Kmeans-Loss: 30.870
INFO:root:Saving model!
INFO:root:

INFO:root:Epoch: 27, Epochs on convergence counter: 0
INFO:root:Train: 
INFO:root:In the training loop. Epoch: 27
INFO:root:11:57:26
INFO:root:Train loss: 5534.418, MSE-Loss: 1127.032, MSE-Future-Loss 4331.245, KL-Loss: 45.465, Kmeans-Loss: 30.676, weight: 1.00
INFO:root:Test loss: 495.341, MSE-Loss: 416.199, KL-Loss: 48.108, Kmeans-Loss: 31.034
INFO:root:

INFO:root:Epoch: 28, Epochs on convergence counter: 1
INFO:root:Train: 
INFO:root:In the training loop. Epoch: 28
INFO:root:12:06:54
INFO:root:Train loss: 5447.394, MSE-Loss: 1116.210, MSE-Future-Loss 4254.448, KL-Loss: 45.918, Kmeans-Loss: 30.820, weight: 1.00
INFO:root:Test loss: 492.973, MSE-Loss: 413.617, KL-Loss: 48.213, Kmeans-Loss: 31.142
INFO:root:Saving model!
INFO:root:

INFO:root:Epoch: 29, Epochs on convergence counter: 0
INFO:root:Train: 
INFO:root:In the training loop. Epoch: 29
INFO:root:12:16:23
INFO:root:Train loss: 5409.918, MSE-Loss: 1108.745, MSE-Future-Loss 4224.055, KL-Loss: 46.195, Kmeans-Loss: 30.926, weight: 1.00
INFO:root:Test loss: 489.220, MSE-Loss: 409.171, KL-Loss: 48.756, Kmeans-Loss: 31.293
INFO:root:Saving model!
INFO:root:

INFO:root:Epoch: 30, Epochs on convergence counter: 0
INFO:root:Train: 
INFO:root:In the training loop. Epoch: 30
INFO:root:12:25:51
INFO:root:Train loss: 5357.090, MSE-Loss: 1104.620, MSE-Future-Loss 4174.911, KL-Loss: 46.528, Kmeans-Loss: 31.034, weight: 1.00
INFO:root:Test loss: 490.760, MSE-Loss: 410.511, KL-Loss: 48.880, Kmeans-Loss: 31.369
INFO:root:Saving model snapshot!

INFO:root:

INFO:root:Epoch: 31, Epochs on convergence counter: 1
INFO:root:Train: 
INFO:root:In the training loop. Epoch: 31
INFO:root:12:35:20
INFO:root:Train loss: 5253.085, MSE-Loss: 1091.347, MSE-Future-Loss 4083.727, KL-Loss: 46.860, Kmeans-Loss: 31.148, weight: 1.00
INFO:root:Test loss: 498.415, MSE-Loss: 417.326, KL-Loss: 49.505, Kmeans-Loss: 31.584
INFO:root:

INFO:root:Epoch: 32, Epochs on convergence counter: 2
INFO:root:Train: 
INFO:root:In the training loop. Epoch: 32
INFO:root:12:44:48
INFO:root:Train loss: 5188.429, MSE-Loss: 1083.418, MSE-Future-Loss 4026.464, KL-Loss: 47.260, Kmeans-Loss: 31.289, weight: 1.00
INFO:root:Test loss: 488.440, MSE-Loss: 406.798, KL-Loss: 49.907, Kmeans-Loss: 31.735
INFO:root:Saving model!
INFO:root:

INFO:root:Epoch: 33, Epochs on convergence counter: 0
INFO:root:Train: 
INFO:root:In the training loop. Epoch: 33
INFO:root:12:54:15
INFO:root:Train loss: 5142.561, MSE-Loss: 1079.550, MSE-Future-Loss 3983.993, KL-Loss: 47.611, Kmeans-Loss: 31.401, weight: 1.00
INFO:root:Test loss: 486.677, MSE-Loss: 404.612, KL-Loss: 50.249, Kmeans-Loss: 31.816
INFO:root:Saving model!
INFO:root:

INFO:root:Epoch: 34, Epochs on convergence counter: 0
INFO:root:Train: 
INFO:root:In the training loop. Epoch: 34
INFO:root:13:03:43
INFO:root:Train loss: 5083.546, MSE-Loss: 1077.091, MSE-Future-Loss 3927.088, KL-Loss: 47.873, Kmeans-Loss: 31.491, weight: 1.00
INFO:root:Test loss: 491.876, MSE-Loss: 409.306, KL-Loss: 50.617, Kmeans-Loss: 31.953
INFO:root:

INFO:root:Epoch: 35, Epochs on convergence counter: 1
INFO:root:Train: 
INFO:root:In the training loop. Epoch: 35
INFO:root:13:13:12
INFO:root:Train loss: 5026.190, MSE-Loss: 1068.553, MSE-Future-Loss 3877.904, KL-Loss: 48.151, Kmeans-Loss: 31.576, weight: 1.00
INFO:root:Test loss: 490.036, MSE-Loss: 407.173, KL-Loss: 50.820, Kmeans-Loss: 32.043
INFO:root:

INFO:root:Epoch: 36, Epochs on convergence counter: 2
INFO:root:Train: 
INFO:root:In the training loop. Epoch: 36
INFO:root:13:22:40
INFO:root:Train loss: 4980.235, MSE-Loss: 1060.922, MSE-Future-Loss 3839.170, KL-Loss: 48.447, Kmeans-Loss: 31.697, weight: 1.00
INFO:root:Test loss: 486.856, MSE-Loss: 403.799, KL-Loss: 50.944, Kmeans-Loss: 32.112
INFO:root:Saving model!
INFO:root:

INFO:root:Epoch: 37, Epochs on convergence counter: 0
INFO:root:Train: 
INFO:root:In the training loop. Epoch: 37
INFO:root:13:32:10
INFO:root:Train loss: 4919.338, MSE-Loss: 1055.994, MSE-Future-Loss 3782.835, KL-Loss: 48.721, Kmeans-Loss: 31.787, weight: 1.00
INFO:root:Test loss: 491.071, MSE-Loss: 407.311, KL-Loss: 51.491, Kmeans-Loss: 32.269
INFO:root:

INFO:root:Epoch: 38, Epochs on convergence counter: 1
INFO:root:Train: 
INFO:root:In the training loop. Epoch: 38
INFO:root:13:41:39
INFO:root:Train loss: 4865.530, MSE-Loss: 1048.169, MSE-Future-Loss 3736.441, KL-Loss: 49.033, Kmeans-Loss: 31.884, weight: 1.00
INFO:root:Test loss: 485.476, MSE-Loss: 401.561, KL-Loss: 51.594, Kmeans-Loss: 32.321
INFO:root:Saving model!
INFO:root:

INFO:root:Epoch: 39, Epochs on convergence counter: 0
INFO:root:Train: 
INFO:root:In the training loop. Epoch: 39
INFO:root:13:51:05
INFO:root:Train loss: 4901.031, MSE-Loss: 1057.960, MSE-Future-Loss 3762.048, KL-Loss: 49.106, Kmeans-Loss: 31.917, weight: 1.00
INFO:root:Test loss: 490.119, MSE-Loss: 406.193, KL-Loss: 51.568, Kmeans-Loss: 32.357
INFO:root:

INFO:root:Epoch: 40, Epochs on convergence counter: 1
INFO:root:Train: 
INFO:root:In the training loop. Epoch: 40
INFO:root:14:00:32
INFO:root:Train loss: 4826.132, MSE-Loss: 1047.629, MSE-Future-Loss 3697.285, KL-Loss: 49.245, Kmeans-Loss: 31.972, weight: 1.00
INFO:root:Test loss: 484.095, MSE-Loss: 399.619, KL-Loss: 52.003, Kmeans-Loss: 32.473
INFO:root:Saving model!
INFO:root:

INFO:root:Epoch: 41, Epochs on convergence counter: 0
INFO:root:Train: 
INFO:root:In the training loop. Epoch: 41
INFO:root:14:10:01
INFO:root:Train loss: 5118.436, MSE-Loss: 1070.308, MSE-Future-Loss 3966.998, KL-Loss: 49.217, Kmeans-Loss: 31.917, weight: 1.00
INFO:root:Test loss: 484.608, MSE-Loss: 400.252, KL-Loss: 51.871, Kmeans-Loss: 32.485
INFO:root:

INFO:root:Epoch: 42, Epochs on convergence counter: 1
INFO:root:Train: 
INFO:root:In the training loop. Epoch: 42
INFO:root:14:19:30
INFO:root:Train loss: 4735.018, MSE-Loss: 1044.517, MSE-Future-Loss 3608.856, KL-Loss: 49.569, Kmeans-Loss: 32.075, weight: 1.00
INFO:root:Test loss: 488.283, MSE-Loss: 403.372, KL-Loss: 52.326, Kmeans-Loss: 32.585
INFO:root:

INFO:root:Epoch: 43, Epochs on convergence counter: 2
INFO:root:Train: 
INFO:root:In the training loop. Epoch: 43
INFO:root:14:29:01
INFO:root:Train loss: 4651.162, MSE-Loss: 1032.971, MSE-Future-Loss 3536.126, KL-Loss: 49.887, Kmeans-Loss: 32.170, weight: 1.00
INFO:root:Test loss: 484.862, MSE-Loss: 399.214, KL-Loss: 52.892, Kmeans-Loss: 32.756
INFO:root:Saving model!
INFO:root:

INFO:root:Epoch: 44, Epochs on convergence counter: 0
INFO:root:Train: 
INFO:root:In the training loop. Epoch: 44
INFO:root:14:38:30
INFO:root:Train loss: 4611.867, MSE-Loss: 1025.269, MSE-Future-Loss 3504.065, KL-Loss: 50.254, Kmeans-Loss: 32.283, weight: 1.00
INFO:root:Test loss: 481.799, MSE-Loss: 396.174, KL-Loss: 52.830, Kmeans-Loss: 32.795
INFO:root:Saving model!
INFO:root:

INFO:root:Epoch: 45, Epochs on convergence counter: 0
INFO:root:Train: 
INFO:root:In the training loop. Epoch: 45
INFO:root:14:47:58
INFO:root:Train loss: 4562.880, MSE-Loss: 1021.973, MSE-Future-Loss 3457.889, KL-Loss: 50.619, Kmeans-Loss: 32.400, weight: 1.00
INFO:root:Test loss: 479.461, MSE-Loss: 393.292, KL-Loss: 53.271, Kmeans-Loss: 32.898
INFO:root:Saving model!
INFO:root:Saving model snapshot!

INFO:root:

INFO:root:Epoch: 46, Epochs on convergence counter: 0
INFO:root:Train: 
INFO:root:In the training loop. Epoch: 46
INFO:root:14:57:27
INFO:root:Train loss: 4522.309, MSE-Loss: 1013.199, MSE-Future-Loss 3425.724, KL-Loss: 50.903, Kmeans-Loss: 32.481, weight: 1.00
INFO:root:Test loss: 483.680, MSE-Loss: 396.817, KL-Loss: 53.790, Kmeans-Loss: 33.074
INFO:root:

INFO:root:Epoch: 47, Epochs on convergence counter: 1
INFO:root:Train: 
INFO:root:In the training loop. Epoch: 47
INFO:root:15:06:57
INFO:root:Train loss: 4500.870, MSE-Loss: 1011.824, MSE-Future-Loss 3405.313, KL-Loss: 51.157, Kmeans-Loss: 32.579, weight: 1.00
INFO:root:Test loss: 479.012, MSE-Loss: 391.923, KL-Loss: 53.950, Kmeans-Loss: 33.139
INFO:root:Saving model!
INFO:root:

INFO:root:Epoch: 48, Epochs on convergence counter: 0
INFO:root:Train: 
INFO:root:In the training loop. Epoch: 48
INFO:root:15:16:26
INFO:root:Train loss: 4507.144, MSE-Loss: 1016.380, MSE-Future-Loss 3406.925, KL-Loss: 51.231, Kmeans-Loss: 32.611, weight: 1.00
INFO:root:Test loss: 481.724, MSE-Loss: 394.477, KL-Loss: 54.077, Kmeans-Loss: 33.170
INFO:root:

INFO:root:Epoch: 49, Epochs on convergence counter: 1
INFO:root:Train: 
INFO:root:In the training loop. Epoch: 49
INFO:root:15:25:56
INFO:root:Train loss: 4456.067, MSE-Loss: 1010.419, MSE-Future-Loss 3361.527, KL-Loss: 51.446, Kmeans-Loss: 32.677, weight: 1.00
INFO:root:Test loss: 484.614, MSE-Loss: 396.905, KL-Loss: 54.438, Kmeans-Loss: 33.271
INFO:root:

INFO:root:Epoch: 50, Epochs on convergence counter: 2
INFO:root:Train: 
INFO:root:In the training loop. Epoch: 50
INFO:root:15:35:24
INFO:root:Train loss: 4414.583, MSE-Loss: 1007.371, MSE-Future-Loss 3322.875, KL-Loss: 51.607, Kmeans-Loss: 32.727, weight: 1.00
INFO:root:Test loss: 483.468, MSE-Loss: 395.926, KL-Loss: 54.279, Kmeans-Loss: 33.262
INFO:root:

INFO:root:Epoch: 51, Epochs on convergence counter: 3
INFO:root:Train: 
INFO:root:In the training loop. Epoch: 51
