DEBUG:git.util:Failed checking if running in CYGWIN due to: FileNotFoundError(2, 'No such file or directory')
DEBUG:git.cmd:Popen(['git', 'rev-parse', '--show-toplevel'], cwd=/home/wachslab/aredwine3/VAME, universal_newlines=False, shell=None, istream=None)
DEBUG:git.cmd:Popen(['git', 'rev-parse', '--show-toplevel'], cwd=/home/wachslab/aredwine3/VAME, universal_newlines=False, shell=None, istream=None)
DEBUG:urllib3.connectionpool:Starting new HTTPS connection (1): api.wandb.ai:443
DEBUG:urllib3.connectionpool:https://api.wandb.ai:443 "POST /graphql HTTP/1.1" 200 1673
DEBUG:urllib3.connectionpool:https://api.wandb.ai:443 "POST /graphql HTTP/1.1" 200 360
DEBUG:urllib3.connectionpool:Starting new HTTPS connection (1): api.wandb.ai:443
DEBUG:urllib3.connectionpool:https://api.wandb.ai:443 "POST /graphql HTTP/1.1" 200 1673
DEBUG:urllib3.connectionpool:https://api.wandb.ai:443 "POST /graphql HTTP/1.1" 200 360
DEBUG:urllib3.connectionpool:Starting new HTTPS connection (1): api.wandb.ai:443
DEBUG:urllib3.connectionpool:https://api.wandb.ai:443 "POST /graphql HTTP/1.1" 200 164
INFO:wandb.agents.pyagent:Starting sweep agent: entity=None, project=None, count=10
DEBUG:wandb.agents.pyagent:Agent._setup()
DEBUG:wandb.agents.pyagent:Agent._register()
DEBUG:urllib3.connectionpool:Starting new HTTPS connection (1): api.wandb.ai:443
DEBUG:urllib3.connectionpool:https://api.wandb.ai:443 "POST /graphql HTTP/1.1" 200 68
DEBUG:wandb.agents.pyagent:agent_id = QWdlbnQ6cGMxOGl2ZWY=
DEBUG:urllib3.connectionpool:https://api.wandb.ai:443 "POST /graphql HTTP/1.1" 200 644
DEBUG:wandb.agents.pyagent:Job received: Job(u9v48r9c,{'Project': {'value': 'ALR_VAME_1'}, 'anneal_function': {'value': 'linear'}, 'annealtime': {'value': 4}, 'batch_size': {'value': 1024}, 'beta': {'value': 1}, 'beta_norm': {'value': False}, 'dropout_encoder': {'value': 0}, 'dropout_pred': {'value': 0}, 'dropout_rec': {'value': 1}, 'egocentric_data': {'value': False}, 'hidden_layer_size_1': {'value': 256}, 'hidden_layer_size_2': {'value': 512}, 'hidden_size_pred': {'value': 256}, 'hidden_size_rec': {'value': 256}, 'kl_start': {'value': 2}, 'kmeans_lambda': {'value': 0.1}, 'kmeans_loss': {'value': 30}, 'learning_rate': {'value': 0.0005}, 'legacy': {'value': False}, 'max_epochs': {'value': 150}, 'model_convergence': {'value': 25}, 'model_name': {'value': 'VAME_15prcnt_sweep'}, 'model_snapshot': {'value': 15}, 'mse_prediction_reduction': {'value': 'sum'}, 'mse_reconstruction_reduction': {'value': 'sum'}, 'n_layers': {'value': 4}, 'noise': {'value': False}, 'num_features': {'value': 28}, 'prediction_decoder': {'value': 1}, 'prediction_steps': {'value': 20}, 'pretrained_model': {'value': False}, 'pretrained_weights': {'value': False}, 'project_path': {'value': '/work/wachslab/aredwine3/VAME_working/'}, 'scheduler': {'value': 1}, 'scheduler_gamma': {'value': 0.2}, 'scheduler_step_size': {'value': 100}, 'scheduler_threshold': {'value': 0.0001}, 'softplus': {'value': True}, 'time_window': {'value': 45}, 'transition_function': {'value': 'GRU'}, 'zdims': {'value': 30}})
DEBUG:wandb.agents.pyagent:Spawning new thread for run u9v48r9c.
DEBUG:git.cmd:Popen(['git', 'rev-parse', '--show-toplevel'], cwd=/home/wachslab/aredwine3/VAME, universal_newlines=False, shell=None, istream=None)
DEBUG:git.cmd:Popen(['git', 'rev-parse', '--show-toplevel'], cwd=/home/wachslab/aredwine3/VAME, universal_newlines=False, shell=None, istream=None)
DEBUG:urllib3.connectionpool:Starting new HTTPS connection (1): api.wandb.ai:443
DEBUG:urllib3.connectionpool:https://api.wandb.ai:443 "POST /graphql HTTP/1.1" 200 1673
DEBUG:urllib3.connectionpool:https://api.wandb.ai:443 "POST /graphql HTTP/1.1" 200 360
DEBUG:git.cmd:Popen(['git', 'cat-file', '--batch-check'], cwd=/home/wachslab/aredwine3/VAME, universal_newlines=False, shell=None, istream=<valid stream>)
INFO:root:Train Variational Autoencoder - model name: VAME_15prcnt_sweep 

INFO:root:Using CUDA
INFO:root:GPU active: True
INFO:root:GPU used: Tesla V100-PCIE-32GB
INFO:root:Latent Dimensions: 30, Time window: 45, Batch Size: 1024, Beta: 1, lr: 0.0005

INFO:root:Scheduler step size: 100, Scheduler gamma: 0.20, Scheduler Threshold: 0.00010

INFO:root:Start training... 
INFO:root:Epoch: 1, Epochs on convergence counter: 0
INFO:root:Train: 
INFO:root:In the training loop. Epoch: 1
DEBUG:urllib3.connectionpool:https://api.wandb.ai:443 "POST /graphql HTTP/1.1" 200 57
DEBUG:urllib3.connectionpool:https://api.wandb.ai:443 "POST /graphql HTTP/1.1" 200 57
DEBUG:urllib3.connectionpool:https://api.wandb.ai:443 "POST /graphql HTTP/1.1" 200 57
DEBUG:urllib3.connectionpool:https://api.wandb.ai:443 "POST /graphql HTTP/1.1" 200 57
DEBUG:urllib3.connectionpool:https://api.wandb.ai:443 "POST /graphql HTTP/1.1" 200 57
DEBUG:urllib3.connectionpool:https://api.wandb.ai:443 "POST /graphql HTTP/1.1" 200 57
DEBUG:urllib3.connectionpool:https://api.wandb.ai:443 "POST /graphql HTTP/1.1" 200 57
