INFO:wandb.agents.pyagent:Starting sweep agent: entity=aredwine3, project=VAME, count=10
INFO:root:Train Variational Autoencoder - model name: VAME_15prcnt_sweep 

INFO:root:Using CUDA
INFO:root:GPU active: True
INFO:root:GPU used: Tesla V100-PCIE-32GB
INFO:root:Latent Dimensions: 45, Time window: 120, Batch Size: 512, Beta: 1, lr: 0.0010

INFO:root:Scheduler step size: 100, Scheduler gamma: 0.20, Scheduler Threshold: 0.05000

INFO:root:Start training... 
INFO:root:Epoch: 1, Epochs on convergence counter: 0
INFO:root:Train: 
INFO:root:In the training loop. Epoch: 1
INFO:root:19:03:01
INFO:root:Train loss: 104427.938, MSE-Loss: 57952.741, MSE-Future-Loss 46475.176, KL-Loss: 0.000, Kmeans-Loss: 0.000, weight: 0.00
INFO:root:Test loss: 9713.394, MSE-Loss: 9713.394, KL-Loss: 0.000, Kmeans-Loss: 0.000
INFO:root:

INFO:root:Epoch: 2, Epochs on convergence counter: 1
INFO:root:Train: 
INFO:root:In the training loop. Epoch: 2
INFO:root:19:24:39
INFO:root:Train loss: 64191.628, MSE-Loss: 23213.910, MSE-Future-Loss 40977.762, KL-Loss: 0.000, Kmeans-Loss: 0.000, weight: 0.00
INFO:root:Test loss: 7679.869, MSE-Loss: 7679.869, KL-Loss: 0.000, Kmeans-Loss: 0.000
INFO:root:

INFO:root:Epoch: 3, Epochs on convergence counter: 2
INFO:root:Train: 
INFO:root:In the training loop. Epoch: 3
INFO:root:19:46:28
INFO:root:Train loss: 59212.585, MSE-Loss: 19823.162, MSE-Future-Loss 39387.547, KL-Loss: 1.430, Kmeans-Loss: 0.456, weight: 0.25
INFO:root:Test loss: 7149.504, MSE-Loss: 7147.592, KL-Loss: 1.434, Kmeans-Loss: 0.477
INFO:root:

INFO:root:Epoch: 4, Epochs on convergence counter: 3
INFO:root:Train: 
INFO:root:In the training loop. Epoch: 4
INFO:root:Train Variational Autoencoder - model name: VAME_15prcnt_sweep 

INFO:root:Latent Dimensions: 30, Time window: 120, Batch Size: 1024, Beta: 1, lr: 0.0005

INFO:root:Scheduler step size: 100, Scheduler gamma: 0.20, Scheduler Threshold: 0.00010

INFO:root:Start training... 
INFO:root:Epoch: 1, Epochs on convergence counter: 0
INFO:root:Train: 
INFO:root:In the training loop. Epoch: 1
INFO:root:20:09:07
INFO:root:Train loss: 175316.737, MSE-Loss: 149402.388, MSE-Future-Loss 25914.326, KL-Loss: 0.000, Kmeans-Loss: 0.000, weight: 0.00
INFO:root:Test loss: 21321.018, MSE-Loss: 21321.018, KL-Loss: 0.000, Kmeans-Loss: 0.000
INFO:root:

INFO:root:Epoch: 2, Epochs on convergence counter: 1
INFO:root:Train: 
INFO:root:In the training loop. Epoch: 2
INFO:root:20:29:50
INFO:root:Train loss: 73775.230, MSE-Loss: 56480.457, MSE-Future-Loss 17294.771, KL-Loss: 0.000, Kmeans-Loss: 0.000, weight: 0.00
INFO:root:Test loss: 16427.548, MSE-Loss: 16427.548, KL-Loss: 0.000, Kmeans-Loss: 0.000
INFO:root:

INFO:root:Epoch: 3, Epochs on convergence counter: 2
INFO:root:Train: 
INFO:root:In the training loop. Epoch: 3
INFO:root:20:50:34
INFO:root:Train loss: 64784.210, MSE-Loss: 48404.824, MSE-Future-Loss 16376.078, KL-Loss: 2.442, Kmeans-Loss: 0.866, weight: 0.29
INFO:root:Test loss: 15743.303, MSE-Loss: 15739.935, KL-Loss: 2.471, Kmeans-Loss: 0.896
INFO:root:

INFO:root:Epoch: 4, Epochs on convergence counter: 3
INFO:root:Train: 
INFO:root:In the training loop. Epoch: 4
INFO:root:Train Variational Autoencoder - model name: VAME_15prcnt_sweep 

INFO:root:Latent Dimensions: 45, Time window: 30, Batch Size: 512, Beta: 1, lr: 0.0005

INFO:root:Scheduler step size: 100, Scheduler gamma: 0.20, Scheduler Threshold: 0.05000

INFO:root:Start training... 
INFO:root:Epoch: 1, Epochs on convergence counter: 0
INFO:root:Train: 
INFO:root:In the training loop. Epoch: 1
INFO:root:20:58:30
INFO:root:Train loss: 42400.093, MSE-Loss: 9149.640, MSE-Future-Loss 33250.418, KL-Loss: 0.000, Kmeans-Loss: 0.000, weight: 0.00
INFO:root:Test loss: 2180.874, MSE-Loss: 2180.874, KL-Loss: 0.000, Kmeans-Loss: 0.000
INFO:root:

INFO:root:Epoch: 2, Epochs on convergence counter: 1
INFO:root:Train: 
INFO:root:In the training loop. Epoch: 2
INFO:root:21:04:42
INFO:root:Train loss: 31716.865, MSE-Loss: 3239.668, MSE-Future-Loss 28477.189, KL-Loss: 0.000, Kmeans-Loss: 0.000, weight: 0.00
INFO:root:Test loss: 1702.057, MSE-Loss: 1702.057, KL-Loss: 0.000, Kmeans-Loss: 0.000
INFO:root:

INFO:root:Epoch: 3, Epochs on convergence counter: 2
INFO:root:Train: 
INFO:root:In the training loop. Epoch: 3
INFO:root:21:11:00
INFO:root:Train loss: 30014.845, MSE-Loss: 2481.768, MSE-Future-Loss 27531.398, KL-Loss: 1.428, Kmeans-Loss: 0.266, weight: 0.25
INFO:root:Test loss: 1591.519, MSE-Loss: 1589.910, KL-Loss: 1.333, Kmeans-Loss: 0.277
INFO:root:

INFO:root:Epoch: 4, Epochs on convergence counter: 3
INFO:root:Train: 
INFO:root:In the training loop. Epoch: 4
INFO:root:21:17:21
INFO:root:Train loss: 29011.549, MSE-Loss: 2124.336, MSE-Future-Loss 26883.760, KL-Loss: 2.925, Kmeans-Loss: 0.534, weight: 0.50
INFO:root:Test loss: 1442.180, MSE-Loss: 1438.846, KL-Loss: 2.775, Kmeans-Loss: 0.559
INFO:root:

INFO:root:Epoch: 5, Epochs on convergence counter: 4
INFO:root:Train: 
INFO:root:In the training loop. Epoch: 5
INFO:root:21:23:45
INFO:root:Train loss: 28454.308, MSE-Loss: 1958.893, MSE-Future-Loss 26490.195, KL-Loss: 4.389, Kmeans-Loss: 0.807, weight: 0.75
INFO:root:Test loss: 1159.283, MSE-Loss: 1154.300, KL-Loss: 4.133, Kmeans-Loss: 0.850
INFO:root:

INFO:root:Epoch: 6, Epochs on convergence counter: 5
INFO:root:Train: 
INFO:root:In the training loop. Epoch: 6
INFO:root:21:30:11
INFO:root:Train loss: 27980.298, MSE-Loss: 1867.769, MSE-Future-Loss 26105.602, KL-Loss: 5.863, Kmeans-Loss: 1.092, weight: 1.00
INFO:root:Test loss: 1049.666, MSE-Loss: 1042.945, KL-Loss: 5.569, Kmeans-Loss: 1.152
INFO:root:Saving model!
INFO:root:

INFO:root:Epoch: 7, Epochs on convergence counter: 0
INFO:root:Train: 
INFO:root:In the training loop. Epoch: 7
INFO:root:21:36:40
INFO:root:Train loss: 27507.415, MSE-Loss: 1816.487, MSE-Future-Loss 25683.963, KL-Loss: 5.837, Kmeans-Loss: 1.115, weight: 1.00
INFO:root:Test loss: 1006.728, MSE-Loss: 999.983, KL-Loss: 5.560, Kmeans-Loss: 1.185
INFO:root:Saving model!
INFO:root:

INFO:root:Epoch: 8, Epochs on convergence counter: 0
INFO:root:Train: 
INFO:root:In the training loop. Epoch: 8
INFO:root:21:43:12
INFO:root:Train loss: 27096.804, MSE-Loss: 1803.814, MSE-Future-Loss 25286.039, KL-Loss: 5.818, Kmeans-Loss: 1.139, weight: 1.00
INFO:root:Test loss: 881.408, MSE-Loss: 874.651, KL-Loss: 5.546, Kmeans-Loss: 1.210
INFO:root:Saving model!
INFO:root:

INFO:root:Epoch: 9, Epochs on convergence counter: 0
INFO:root:Train: 
INFO:root:In the training loop. Epoch: 9
INFO:root:21:49:46
INFO:root:Train loss: 26511.402, MSE-Loss: 1786.605, MSE-Future-Loss 24717.885, KL-Loss: 5.775, Kmeans-Loss: 1.169, weight: 1.00
INFO:root:Test loss: 861.518, MSE-Loss: 854.925, KL-Loss: 5.339, Kmeans-Loss: 1.253
INFO:root:Saving model!
INFO:root:

INFO:root:Epoch: 10, Epochs on convergence counter: 0
INFO:root:Train: 
INFO:root:In the training loop. Epoch: 10
INFO:root:Train Variational Autoencoder - model name: VAME_15prcnt_sweep 

INFO:root:Latent Dimensions: 40, Time window: 75, Batch Size: 1024, Beta: 1, lr: 0.0050

INFO:root:Scheduler step size: 100, Scheduler gamma: 0.20, Scheduler Threshold: 0.00010

INFO:root:Start training... 
INFO:root:Epoch: 1, Epochs on convergence counter: 0
INFO:root:Train: 
INFO:root:In the training loop. Epoch: 1
INFO:root:22:01:12
INFO:root:Train loss: 211761.005, MSE-Loss: 114752.000, MSE-Future-Loss 97008.883, KL-Loss: 0.000, Kmeans-Loss: 0.000, weight: 0.00
INFO:root:Test loss: 13638.047, MSE-Loss: 13638.047, KL-Loss: 0.000, Kmeans-Loss: 0.000
INFO:root:

INFO:root:Epoch: 2, Epochs on convergence counter: 1
INFO:root:Train: 
INFO:root:In the training loop. Epoch: 2
INFO:root:22:12:21
INFO:root:Train loss: 118620.254, MSE-Loss: 40447.408, MSE-Future-Loss 78172.836, KL-Loss: 0.000, Kmeans-Loss: 0.000, weight: 0.00
INFO:root:Test loss: 10607.584, MSE-Loss: 10607.584, KL-Loss: 0.000, Kmeans-Loss: 0.000
INFO:root:

INFO:root:Epoch: 3, Epochs on convergence counter: 2
INFO:root:Train: 
INFO:root:In the training loop. Epoch: 3
INFO:root:22:23:39
INFO:root:Train loss: 108419.943, MSE-Loss: 33310.976, MSE-Future-Loss 75098.008, KL-Loss: 5.907, Kmeans-Loss: 5.041, weight: 0.29
INFO:root:Test loss: 9462.449, MSE-Loss: 9450.379, KL-Loss: 6.743, Kmeans-Loss: 5.327
INFO:root:

INFO:root:Epoch: 4, Epochs on convergence counter: 3
INFO:root:Train: 
INFO:root:In the training loop. Epoch: 4
INFO:root:Train Variational Autoencoder - model name: VAME_15prcnt_sweep 

INFO:root:Latent Dimensions: 10, Time window: 60, Batch Size: 512, Beta: 1, lr: 0.0005

INFO:root:Scheduler step size: 100, Scheduler gamma: 0.20, Scheduler Threshold: 0.01000

INFO:root:Start training... 
INFO:root:Epoch: 1, Epochs on convergence counter: 0
INFO:root:Train: 
INFO:root:In the training loop. Epoch: 1
INFO:root:22:32:37
INFO:root:Train loss: 48244.772, MSE-Loss: 33619.512, MSE-Future-Loss 14625.252, KL-Loss: 0.000, Kmeans-Loss: 0.000, weight: 0.00
INFO:root:Test loss: 6189.826, MSE-Loss: 6189.826, KL-Loss: 0.000, Kmeans-Loss: 0.000
INFO:root:

INFO:root:Epoch: 2, Epochs on convergence counter: 1
INFO:root:Train: 
INFO:root:In the training loop. Epoch: 2
INFO:root:22:39:55
INFO:root:Train loss: 30671.699, MSE-Loss: 19380.713, MSE-Future-Loss 11290.989, KL-Loss: 0.000, Kmeans-Loss: 0.000, weight: 0.00
INFO:root:Test loss: 5762.071, MSE-Loss: 5762.071, KL-Loss: 0.000, Kmeans-Loss: 0.000
INFO:root:

INFO:root:Epoch: 3, Epochs on convergence counter: 2
INFO:root:Train: 
INFO:root:In the training loop. Epoch: 3
INFO:root:22:47:15
INFO:root:Train loss: 28722.499, MSE-Loss: 17881.487, MSE-Future-Loss 10806.480, KL-Loss: 31.229, Kmeans-Loss: 3.300, weight: 0.25
INFO:root:Test loss: 5618.407, MSE-Loss: 5581.270, KL-Loss: 33.657, Kmeans-Loss: 3.480
INFO:root:

INFO:root:Epoch: 4, Epochs on convergence counter: 3
INFO:root:Train: 
INFO:root:In the training loop. Epoch: 4
INFO:root:22:54:37
INFO:root:Train loss: 27801.866, MSE-Loss: 17143.309, MSE-Future-Loss 10581.210, KL-Loss: 70.220, Kmeans-Loss: 7.125, weight: 0.50
INFO:root:Test loss: 5629.241, MSE-Loss: 5547.569, KL-Loss: 74.240, Kmeans-Loss: 7.432
INFO:root:

INFO:root:Epoch: 5, Epochs on convergence counter: 4
INFO:root:Train: 
INFO:root:In the training loop. Epoch: 5
INFO:root:23:02:01
INFO:root:Train loss: 27174.015, MSE-Loss: 16650.106, MSE-Future-Loss 10400.390, KL-Loss: 112.304, Kmeans-Loss: 11.211, weight: 0.75
INFO:root:Test loss: 5595.916, MSE-Loss: 5468.001, KL-Loss: 116.370, Kmeans-Loss: 11.546
INFO:root:

INFO:root:Epoch: 6, Epochs on convergence counter: 5
INFO:root:Train: 
INFO:root:In the training loop. Epoch: 6
INFO:root:23:09:27
INFO:root:Train loss: 26687.835, MSE-Loss: 16271.278, MSE-Future-Loss 10246.773, KL-Loss: 154.405, Kmeans-Loss: 15.384, weight: 1.00
INFO:root:Test loss: 5634.625, MSE-Loss: 5460.720, KL-Loss: 158.161, Kmeans-Loss: 15.745
INFO:root:Saving model!
INFO:root:

INFO:root:Epoch: 7, Epochs on convergence counter: 0
INFO:root:Train: 
INFO:root:In the training loop. Epoch: 7
INFO:root:23:16:53
INFO:root:Train loss: 26274.931, MSE-Loss: 15986.485, MSE-Future-Loss 10113.521, KL-Loss: 159.161, Kmeans-Loss: 15.761, weight: 1.00
INFO:root:Test loss: 5595.153, MSE-Loss: 5415.904, KL-Loss: 163.178, Kmeans-Loss: 16.071
INFO:root:Saving model!
INFO:root:

INFO:root:Epoch: 8, Epochs on convergence counter: 0
INFO:root:Train: 
INFO:root:In the training loop. Epoch: 8
INFO:root:23:24:23
INFO:root:Train loss: 25967.124, MSE-Loss: 15774.348, MSE-Future-Loss 10013.236, KL-Loss: 163.461, Kmeans-Loss: 16.089, weight: 1.00
INFO:root:Test loss: 5550.512, MSE-Loss: 5366.133, KL-Loss: 167.972, Kmeans-Loss: 16.407
INFO:root:Saving model!
INFO:root:

INFO:root:Epoch: 9, Epochs on convergence counter: 0
INFO:root:Train: 
INFO:root:In the training loop. Epoch: 9
INFO:root:23:31:52
INFO:root:Train loss: 25727.619, MSE-Loss: 15614.327, MSE-Future-Loss 9930.562, KL-Loss: 166.404, Kmeans-Loss: 16.328, weight: 1.00
INFO:root:Test loss: 5628.714, MSE-Loss: 5448.985, KL-Loss: 163.476, Kmeans-Loss: 16.253
INFO:root:

INFO:root:Epoch: 10, Epochs on convergence counter: 1
INFO:root:Train: 
INFO:root:In the training loop. Epoch: 10
INFO:root:Train Variational Autoencoder - model name: VAME_15prcnt_sweep 

INFO:root:Latent Dimensions: 15, Time window: 90, Batch Size: 1024, Beta: 1, lr: 0.0050

INFO:root:Scheduler step size: 100, Scheduler gamma: 0.20, Scheduler Threshold: 0.00010

INFO:root:Start training... 
INFO:root:Epoch: 1, Epochs on convergence counter: 0
INFO:root:Train: 
INFO:root:In the training loop. Epoch: 1
INFO:root:23:48:32
INFO:root:Train loss: 125720311631121.719, MSE-Loss: 114114039819481.797, MSE-Future-Loss 11606260973568.000, KL-Loss: 0.000, Kmeans-Loss: 0.000, weight: 0.00
INFO:root:Test loss: 136342565.463, MSE-Loss: 136342565.463, KL-Loss: 0.000, Kmeans-Loss: 0.000
INFO:root:

INFO:root:Epoch: 2, Epochs on convergence counter: 1
INFO:root:Train: 
INFO:root:In the training loop. Epoch: 2
INFO:root:00:04:02
INFO:root:Train loss: 187832283.597, MSE-Loss: 184980918.556, MSE-Future-Loss 2851364.750, KL-Loss: 0.000, Kmeans-Loss: 0.000, weight: 0.00
INFO:root:Test loss: 28209451.352, MSE-Loss: 28209451.352, KL-Loss: 0.000, Kmeans-Loss: 0.000
INFO:root:

INFO:root:Epoch: 3, Epochs on convergence counter: 2
INFO:root:Train: 
INFO:root:In the training loop. Epoch: 3
INFO:root:00:19:30
INFO:root:Train loss: 55796634.664, MSE-Loss: 54331411.208, MSE-Future-Loss 1464958.000, KL-Loss: 259.421, Kmeans-Loss: 4.910, weight: 0.25
INFO:root:Test loss: 18907271.003, MSE-Loss: 18906997.989, KL-Loss: 269.018, Kmeans-Loss: 4.780
INFO:root:

INFO:root:Epoch: 4, Epochs on convergence counter: 3
INFO:root:Train: 
INFO:root:In the training loop. Epoch: 4
INFO:root:Train Variational Autoencoder - model name: VAME_15prcnt_sweep 

INFO:root:Latent Dimensions: 15, Time window: 105, Batch Size: 1024, Beta: 1, lr: 0.0050

INFO:root:Scheduler step size: 100, Scheduler gamma: 0.20, Scheduler Threshold: 0.00010

INFO:root:Start training... 
INFO:root:Epoch: 1, Epochs on convergence counter: 0
INFO:root:Train: 
INFO:root:In the training loop. Epoch: 1
INFO:root:00:36:45
INFO:root:Train loss: 84020001.131, MSE-Loss: 63183057.009, MSE-Future-Loss 20836928.000, KL-Loss: 0.000, Kmeans-Loss: 0.000, weight: 0.00
INFO:root:Test loss: 3250105.639, MSE-Loss: 3250105.639, KL-Loss: 0.000, Kmeans-Loss: 0.000
INFO:root:

INFO:root:Epoch: 2, Epochs on convergence counter: 1
INFO:root:Train: 
INFO:root:In the training loop. Epoch: 2
INFO:root:00:52:23
INFO:root:Train loss: 523630.997, MSE-Loss: 418437.075, MSE-Future-Loss 105193.953, KL-Loss: 0.000, Kmeans-Loss: 0.000, weight: 0.00
INFO:root:Test loss: 2748407.032, MSE-Loss: 2748407.032, KL-Loss: 0.000, Kmeans-Loss: 0.000
INFO:root:

INFO:root:Epoch: 3, Epochs on convergence counter: 2
INFO:root:Train: 
INFO:root:In the training loop. Epoch: 3
INFO:root:01:08:04
INFO:root:Train loss: 422176.939, MSE-Loss: 345673.681, MSE-Future-Loss 76473.547, KL-Loss: 28.174, Kmeans-Loss: 1.574, weight: 0.29
INFO:root:Test loss: 2482172.294, MSE-Loss: 2482135.693, KL-Loss: 34.326, Kmeans-Loss: 2.329
INFO:root:

INFO:root:Epoch: 4, Epochs on convergence counter: 3
INFO:root:Train: 
INFO:root:In the training loop. Epoch: 4
INFO:root:Train Variational Autoencoder - model name: VAME_15prcnt_sweep 

INFO:root:Latent Dimensions: 30, Time window: 75, Batch Size: 1024, Beta: 1, lr: 0.0001

INFO:root:Scheduler step size: 100, Scheduler gamma: 0.20, Scheduler Threshold: 0.01000

INFO:root:Start training... 
INFO:root:Epoch: 1, Epochs on convergence counter: 0
INFO:root:Train: 
INFO:root:In the training loop. Epoch: 1
INFO:root:01:19:02
INFO:root:Train loss: 316023.948, MSE-Loss: 183380.939, MSE-Future-Loss 132643.000, KL-Loss: 0.000, Kmeans-Loss: 0.000, weight: 0.00
INFO:root:Test loss: 29109.550, MSE-Loss: 29109.550, KL-Loss: 0.000, Kmeans-Loss: 0.000
INFO:root:

INFO:root:Epoch: 2, Epochs on convergence counter: 1
INFO:root:Train: 
INFO:root:In the training loop. Epoch: 2
INFO:root:01:28:36
INFO:root:Train loss: 184355.810, MSE-Loss: 88016.630, MSE-Future-Loss 96339.156, KL-Loss: 0.000, Kmeans-Loss: 0.000, weight: 0.00
INFO:root:Test loss: 20756.410, MSE-Loss: 20756.410, KL-Loss: 0.000, Kmeans-Loss: 0.000
INFO:root:

INFO:root:Epoch: 3, Epochs on convergence counter: 2
INFO:root:Train: 
INFO:root:In the training loop. Epoch: 3
INFO:root:01:38:16
INFO:root:Train loss: 154408.644, MSE-Loss: 65813.971, MSE-Future-Loss 88585.125, KL-Loss: 6.500, Kmeans-Loss: 3.024, weight: 0.29
INFO:root:Test loss: 17535.975, MSE-Loss: 17525.951, KL-Loss: 7.247, Kmeans-Loss: 2.777
INFO:root:

INFO:root:Epoch: 4, Epochs on convergence counter: 3
INFO:root:Train: 
INFO:root:In the training loop. Epoch: 4
INFO:root:Train Variational Autoencoder - model name: VAME_15prcnt_sweep 

INFO:root:Latent Dimensions: 40, Time window: 105, Batch Size: 256, Beta: 1, lr: 0.0005

INFO:root:Scheduler step size: 100, Scheduler gamma: 0.20, Scheduler Threshold: 0.00010

INFO:root:Start training... 
INFO:root:Epoch: 1, Epochs on convergence counter: 0
INFO:root:Train: 
INFO:root:In the training loop. Epoch: 1
INFO:root:01:50:13
INFO:root:Train loss: 34886.632, MSE-Loss: 17465.495, MSE-Future-Loss 17421.127, KL-Loss: 0.000, Kmeans-Loss: 0.000, weight: 0.00
INFO:root:Test loss: 2927.803, MSE-Loss: 2927.803, KL-Loss: 0.000, Kmeans-Loss: 0.000
INFO:root:

INFO:root:Epoch: 2, Epochs on convergence counter: 1
INFO:root:Train: 
INFO:root:In the training loop. Epoch: 2
INFO:root:02:01:58
INFO:root:Train loss: 24604.107, MSE-Loss: 8699.617, MSE-Future-Loss 15904.479, KL-Loss: 0.000, Kmeans-Loss: 0.000, weight: 0.00
INFO:root:Test loss: 2673.402, MSE-Loss: 2673.402, KL-Loss: 0.000, Kmeans-Loss: 0.000
INFO:root:

INFO:root:Epoch: 3, Epochs on convergence counter: 2
INFO:root:Train: 
INFO:root:In the training loop. Epoch: 3
INFO:root:02:13:48
INFO:root:Train loss: 23622.200, MSE-Loss: 8244.196, MSE-Future-Loss 15375.516, KL-Loss: 1.845, Kmeans-Loss: 0.639, weight: 0.29
INFO:root:Test loss: 2568.390, MSE-Loss: 2565.896, KL-Loss: 1.835, Kmeans-Loss: 0.659
INFO:root:

INFO:root:Epoch: 4, Epochs on convergence counter: 3
INFO:root:Train: 
INFO:root:In the training loop. Epoch: 4
INFO:root:02:25:41
INFO:root:Train loss: 22940.916, MSE-Loss: 8037.964, MSE-Future-Loss 14898.690, KL-Loss: 3.126, Kmeans-Loss: 1.116, weight: 0.50
INFO:root:Test loss: 2515.623, MSE-Loss: 2511.370, KL-Loss: 3.096, Kmeans-Loss: 1.156
INFO:root:

INFO:root:Epoch: 5, Epochs on convergence counter: 4
INFO:root:Train: 
INFO:root:In the training loop. Epoch: 5
INFO:root:02:37:39
INFO:root:Train loss: 22221.346, MSE-Loss: 7961.615, MSE-Future-Loss 14253.767, KL-Loss: 4.341, Kmeans-Loss: 1.608, weight: 0.71
INFO:root:Test loss: 2523.228, MSE-Loss: 2517.241, KL-Loss: 4.309, Kmeans-Loss: 1.678
INFO:root:

INFO:root:Epoch: 6, Epochs on convergence counter: 5
INFO:root:Train: 
INFO:root:In the training loop. Epoch: 6
INFO:root:02:49:42
INFO:root:Train loss: 21255.239, MSE-Loss: 7887.706, MSE-Future-Loss 13360.466, KL-Loss: 5.125, Kmeans-Loss: 1.971, weight: 0.86
INFO:root:Test loss: 2500.227, MSE-Loss: 2493.079, KL-Loss: 5.097, Kmeans-Loss: 2.051
INFO:root:

INFO:root:Epoch: 7, Epochs on convergence counter: 6
INFO:root:Train: 
INFO:root:In the training loop. Epoch: 7
INFO:root:03:01:48
INFO:root:Train loss: 20082.828, MSE-Loss: 7802.701, MSE-Future-Loss 12272.484, KL-Loss: 5.500, Kmeans-Loss: 2.174, weight: 0.94
INFO:root:Test loss: 2467.816, MSE-Loss: 2460.104, KL-Loss: 5.464, Kmeans-Loss: 2.248
INFO:root:

INFO:root:Epoch: 8, Epochs on convergence counter: 7
INFO:root:Train: 
INFO:root:In the training loop. Epoch: 8
INFO:root:03:14:00
INFO:root:Train loss: 18825.187, MSE-Loss: 7722.214, MSE-Future-Loss 11095.040, KL-Loss: 5.673, Kmeans-Loss: 2.258, weight: 0.97
INFO:root:Test loss: 2477.877, MSE-Loss: 2469.888, KL-Loss: 5.656, Kmeans-Loss: 2.332
INFO:root:

INFO:root:Epoch: 9, Epochs on convergence counter: 8
INFO:root:Train: 
INFO:root:In the training loop. Epoch: 9
INFO:root:03:26:13
INFO:root:Train loss: 17617.304, MSE-Loss: 7588.506, MSE-Future-Loss 10020.771, KL-Loss: 5.760, Kmeans-Loss: 2.276, weight: 0.99
INFO:root:Test loss: 2489.587, MSE-Loss: 2481.457, KL-Loss: 5.810, Kmeans-Loss: 2.321
INFO:root:

INFO:root:Epoch: 10, Epochs on convergence counter: 9
INFO:root:Train: 
INFO:root:In the training loop. Epoch: 10
INFO:root:03:38:29
INFO:root:Train loss: 16686.535, MSE-Loss: 7514.391, MSE-Future-Loss 9164.046, KL-Loss: 5.838, Kmeans-Loss: 2.259, weight: 1.00
INFO:root:Test loss: 2447.886, MSE-Loss: 2439.679, KL-Loss: 5.908, Kmeans-Loss: 2.299
INFO:root:Saving model!
INFO:root:

INFO:root:Epoch: 11, Epochs on convergence counter: 0
INFO:root:Train: 
INFO:root:In the training loop. Epoch: 11
INFO:root:03:50:47
INFO:root:Train loss: 15833.027, MSE-Loss: 7387.152, MSE-Future-Loss 8437.753, KL-Loss: 5.911, Kmeans-Loss: 2.228, weight: 1.00
INFO:root:Test loss: 2436.170, MSE-Loss: 2427.933, KL-Loss: 5.965, Kmeans-Loss: 2.272
INFO:root:Saving model!
INFO:root:

INFO:root:Epoch: 12, Epochs on convergence counter: 0
INFO:root:Train: 
INFO:root:In the training loop. Epoch: 12
INFO:root:04:03:06
INFO:root:Train loss: 15193.569, MSE-Loss: 7305.839, MSE-Future-Loss 7879.557, KL-Loss: 5.972, Kmeans-Loss: 2.198, weight: 1.00
INFO:root:Test loss: 2407.828, MSE-Loss: 2399.562, KL-Loss: 6.013, Kmeans-Loss: 2.253
INFO:root:Saving model!
INFO:root:

INFO:root:Epoch: 13, Epochs on convergence counter: 0
INFO:root:Train: 
INFO:root:In the training loop. Epoch: 13
INFO:root:04:15:26
INFO:root:Train loss: 14669.821, MSE-Loss: 7229.726, MSE-Future-Loss 7431.910, KL-Loss: 6.024, Kmeans-Loss: 2.166, weight: 1.00
INFO:root:Test loss: 2372.791, MSE-Loss: 2364.513, KL-Loss: 6.053, Kmeans-Loss: 2.224
INFO:root:Saving model!
INFO:root:

INFO:root:Epoch: 14, Epochs on convergence counter: 0
INFO:root:Train: 
INFO:root:In the training loop. Epoch: 14
INFO:root:04:27:47
INFO:root:Train loss: 14303.077, MSE-Loss: 7180.688, MSE-Future-Loss 7114.205, KL-Loss: 6.048, Kmeans-Loss: 2.136, weight: 1.00
INFO:root:Test loss: 2393.606, MSE-Loss: 2385.343, KL-Loss: 6.075, Kmeans-Loss: 2.188
INFO:root:

INFO:root:Epoch: 15, Epochs on convergence counter: 1
INFO:root:Train: 
INFO:root:In the training loop. Epoch: 15
INFO:root:04:40:08
INFO:root:Train loss: 13944.209, MSE-Loss: 7120.519, MSE-Future-Loss 6815.505, KL-Loss: 6.087, Kmeans-Loss: 2.106, weight: 1.00
INFO:root:Test loss: 2359.935, MSE-Loss: 2351.646, KL-Loss: 6.139, Kmeans-Loss: 2.150
INFO:root:Saving model!
INFO:root:Saving model snapshot!

INFO:root:

INFO:root:Epoch: 16, Epochs on convergence counter: 0
INFO:root:Train: 
INFO:root:In the training loop. Epoch: 16
INFO:root:04:52:29
INFO:root:Train loss: 13639.438, MSE-Loss: 7058.278, MSE-Future-Loss 6572.966, KL-Loss: 6.112, Kmeans-Loss: 2.080, weight: 1.00
INFO:root:Test loss: 2351.954, MSE-Loss: 2343.680, KL-Loss: 6.141, Kmeans-Loss: 2.133
INFO:root:Saving model!
INFO:root:

INFO:root:Epoch: 17, Epochs on convergence counter: 0
INFO:root:Train: 
INFO:root:In the training loop. Epoch: 17
INFO:root:05:04:51
INFO:root:Train loss: 13396.169, MSE-Loss: 7017.794, MSE-Future-Loss 6370.180, KL-Loss: 6.126, Kmeans-Loss: 2.057, weight: 1.00
INFO:root:Test loss: 2355.564, MSE-Loss: 2347.296, KL-Loss: 6.163, Kmeans-Loss: 2.105
INFO:root:

INFO:root:Epoch: 18, Epochs on convergence counter: 1
INFO:root:Train: 
INFO:root:In the training loop. Epoch: 18
INFO:root:05:17:14
INFO:root:Train loss: 13135.815, MSE-Loss: 6970.566, MSE-Future-Loss 6157.070, KL-Loss: 6.156, Kmeans-Loss: 2.034, weight: 1.00
INFO:root:Test loss: 2342.976, MSE-Loss: 2334.704, KL-Loss: 6.188, Kmeans-Loss: 2.084
INFO:root:Saving model!
INFO:root:

INFO:root:Epoch: 19, Epochs on convergence counter: 0
INFO:root:Train: 
INFO:root:In the training loop. Epoch: 19
INFO:root:05:29:39
INFO:root:Train loss: 12947.961, MSE-Loss: 6939.235, MSE-Future-Loss 6000.536, KL-Loss: 6.178, Kmeans-Loss: 2.014, weight: 1.00
INFO:root:Test loss: 2366.736, MSE-Loss: 2358.482, KL-Loss: 6.191, Kmeans-Loss: 2.064
INFO:root:

INFO:root:Epoch: 20, Epochs on convergence counter: 1
INFO:root:Train: 
INFO:root:In the training loop. Epoch: 20
INFO:root:05:42:04
INFO:root:Train loss: 12778.035, MSE-Loss: 6905.999, MSE-Future-Loss 5863.842, KL-Loss: 6.195, Kmeans-Loss: 1.997, weight: 1.00
INFO:root:Test loss: 2335.067, MSE-Loss: 2326.787, KL-Loss: 6.239, Kmeans-Loss: 2.042
INFO:root:Saving model!
INFO:root:

INFO:root:Epoch: 21, Epochs on convergence counter: 0
INFO:root:Train: 
INFO:root:In the training loop. Epoch: 21
INFO:root:05:54:29
INFO:root:Train loss: 12577.062, MSE-Loss: 6863.767, MSE-Future-Loss 5705.099, KL-Loss: 6.216, Kmeans-Loss: 1.978, weight: 1.00
INFO:root:Test loss: 2330.060, MSE-Loss: 2321.778, KL-Loss: 6.259, Kmeans-Loss: 2.023
INFO:root:Saving model!
INFO:root:

INFO:root:Epoch: 22, Epochs on convergence counter: 0
INFO:root:Train: 
INFO:root:In the training loop. Epoch: 22
INFO:root:06:06:53
INFO:root:Train loss: 12462.932, MSE-Loss: 6846.065, MSE-Future-Loss 5608.675, KL-Loss: 6.231, Kmeans-Loss: 1.960, weight: 1.00
INFO:root:Test loss: 2322.510, MSE-Loss: 2314.256, KL-Loss: 6.256, Kmeans-Loss: 1.999
INFO:root:Saving model!
INFO:root:

INFO:root:Epoch: 23, Epochs on convergence counter: 0
INFO:root:Train: 
INFO:root:In the training loop. Epoch: 23
INFO:root:06:19:16
INFO:root:Train loss: 12351.961, MSE-Loss: 6814.557, MSE-Future-Loss 5529.232, KL-Loss: 6.231, Kmeans-Loss: 1.945, weight: 1.00
INFO:root:Test loss: 2336.441, MSE-Loss: 2328.172, KL-Loss: 6.281, Kmeans-Loss: 1.988
INFO:root:

INFO:root:Epoch: 24, Epochs on convergence counter: 1
INFO:root:Train: 
INFO:root:In the training loop. Epoch: 24
INFO:root:06:31:41
INFO:root:Train loss: 12187.174, MSE-Loss: 6773.959, MSE-Future-Loss 5405.031, KL-Loss: 6.261, Kmeans-Loss: 1.929, weight: 1.00
INFO:root:Test loss: 2325.858, MSE-Loss: 2317.615, KL-Loss: 6.272, Kmeans-Loss: 1.972
INFO:root:

INFO:root:Epoch: 25, Epochs on convergence counter: 2
INFO:root:Train: 
INFO:root:In the training loop. Epoch: 25
INFO:root:06:44:04
INFO:root:Train loss: 12063.453, MSE-Loss: 6741.106, MSE-Future-Loss 5314.173, KL-Loss: 6.260, Kmeans-Loss: 1.915, weight: 1.00
INFO:root:Test loss: 2321.966, MSE-Loss: 2313.717, KL-Loss: 6.291, Kmeans-Loss: 1.958
INFO:root:Saving model!
INFO:root:

INFO:root:Epoch: 26, Epochs on convergence counter: 0
INFO:root:Train: 
INFO:root:In the training loop. Epoch: 26
INFO:root:06:56:30
INFO:root:Train loss: 11943.185, MSE-Loss: 6715.339, MSE-Future-Loss 5219.656, KL-Loss: 6.279, Kmeans-Loss: 1.903, weight: 1.00
INFO:root:Test loss: 2304.140, MSE-Loss: 2295.863, KL-Loss: 6.331, Kmeans-Loss: 1.946
INFO:root:Saving model!
INFO:root:

INFO:root:Epoch: 27, Epochs on convergence counter: 0
INFO:root:Train: 
INFO:root:In the training loop. Epoch: 27
INFO:root:07:08:55
INFO:root:Train loss: 11852.361, MSE-Loss: 6704.198, MSE-Future-Loss 5139.982, KL-Loss: 6.291, Kmeans-Loss: 1.892, weight: 1.00
INFO:root:Test loss: 2306.290, MSE-Loss: 2298.052, KL-Loss: 6.301, Kmeans-Loss: 1.937
INFO:root:

INFO:root:Epoch: 28, Epochs on convergence counter: 1
INFO:root:Train: 
INFO:root:In the training loop. Epoch: 28
INFO:root:07:21:20
INFO:root:Train loss: 11756.023, MSE-Loss: 6673.410, MSE-Future-Loss 5074.427, KL-Loss: 6.295, Kmeans-Loss: 1.880, weight: 1.00
INFO:root:Test loss: 2288.180, MSE-Loss: 2279.923, KL-Loss: 6.341, Kmeans-Loss: 1.915
INFO:root:Saving model!
INFO:root:

INFO:root:Epoch: 29, Epochs on convergence counter: 0
INFO:root:Train: 
INFO:root:In the training loop. Epoch: 29
INFO:root:07:33:46
INFO:root:Train loss: 11659.508, MSE-Loss: 6656.199, MSE-Future-Loss 4995.135, KL-Loss: 6.312, Kmeans-Loss: 1.868, weight: 1.00
INFO:root:Test loss: 2291.931, MSE-Loss: 2283.687, KL-Loss: 6.334, Kmeans-Loss: 1.910
INFO:root:

INFO:root:Epoch: 30, Epochs on convergence counter: 1
INFO:root:Train: 
INFO:root:In the training loop. Epoch: 30
INFO:root:07:46:10
INFO:root:Train loss: 11556.866, MSE-Loss: 6621.338, MSE-Future-Loss 4927.355, KL-Loss: 6.321, Kmeans-Loss: 1.857, weight: 1.00
INFO:root:Test loss: 2298.368, MSE-Loss: 2290.113, KL-Loss: 6.355, Kmeans-Loss: 1.899
INFO:root:Saving model snapshot!

INFO:root:

INFO:root:Epoch: 31, Epochs on convergence counter: 2
INFO:root:Train: 
INFO:root:In the training loop. Epoch: 31
INFO:root:07:58:35
INFO:root:Train loss: 11461.579, MSE-Loss: 6601.607, MSE-Future-Loss 4851.790, KL-Loss: 6.337, Kmeans-Loss: 1.847, weight: 1.00
INFO:root:Test loss: 2303.819, MSE-Loss: 2295.562, KL-Loss: 6.371, Kmeans-Loss: 1.886
INFO:root:

INFO:root:Epoch: 32, Epochs on convergence counter: 3
INFO:root:Train: 
INFO:root:In the training loop. Epoch: 32
INFO:root:08:11:02
INFO:root:Train loss: 11407.968, MSE-Loss: 6589.542, MSE-Future-Loss 4810.254, KL-Loss: 6.340, Kmeans-Loss: 1.837, weight: 1.00
INFO:root:Test loss: 2324.854, MSE-Loss: 2316.578, KL-Loss: 6.396, Kmeans-Loss: 1.880
INFO:root:

INFO:root:Epoch: 33, Epochs on convergence counter: 4
INFO:root:Train: 
INFO:root:In the training loop. Epoch: 33
INFO:root:08:23:28
INFO:root:Train loss: 11323.974, MSE-Loss: 6570.761, MSE-Future-Loss 4745.028, KL-Loss: 6.356, Kmeans-Loss: 1.829, weight: 1.00
INFO:root:Test loss: 2288.994, MSE-Loss: 2280.740, KL-Loss: 6.392, Kmeans-Loss: 1.862
INFO:root:

INFO:root:Epoch: 34, Epochs on convergence counter: 5
INFO:root:Train: 
INFO:root:In the training loop. Epoch: 34
INFO:root:08:35:52
INFO:root:Train loss: 11272.332, MSE-Loss: 6564.820, MSE-Future-Loss 4699.335, KL-Loss: 6.362, Kmeans-Loss: 1.819, weight: 1.00
INFO:root:Test loss: 2299.891, MSE-Loss: 2291.623, KL-Loss: 6.405, Kmeans-Loss: 1.862
INFO:root:

INFO:root:Epoch: 35, Epochs on convergence counter: 6
INFO:root:Train: 
INFO:root:In the training loop. Epoch: 35
INFO:root:08:48:18
INFO:root:Train loss: 11199.376, MSE-Loss: 6536.491, MSE-Future-Loss 4654.709, KL-Loss: 6.362, Kmeans-Loss: 1.811, weight: 1.00
INFO:root:Test loss: 2299.889, MSE-Loss: 2291.682, KL-Loss: 6.358, Kmeans-Loss: 1.849
INFO:root:

INFO:root:Epoch: 36, Epochs on convergence counter: 7
INFO:root:Train: 
INFO:root:In the training loop. Epoch: 36
INFO:root:09:00:44
INFO:root:Train loss: 11124.321, MSE-Loss: 6520.923, MSE-Future-Loss 4595.241, KL-Loss: 6.363, Kmeans-Loss: 1.802, weight: 1.00
INFO:root:Test loss: 2289.802, MSE-Loss: 2281.575, KL-Loss: 6.393, Kmeans-Loss: 1.834
INFO:root:

INFO:root:Epoch: 37, Epochs on convergence counter: 8
INFO:root:Train: 
INFO:root:In the training loop. Epoch: 37
INFO:root:09:13:09
INFO:root:Train loss: 11042.629, MSE-Loss: 6496.618, MSE-Future-Loss 4537.841, KL-Loss: 6.380, Kmeans-Loss: 1.792, weight: 1.00
INFO:root:Test loss: 2297.811, MSE-Loss: 2289.563, KL-Loss: 6.416, Kmeans-Loss: 1.832
INFO:root:

INFO:root:Epoch: 38, Epochs on convergence counter: 9
INFO:root:Train: 
INFO:root:In the training loop. Epoch: 38
INFO:root:09:25:36
INFO:root:Train loss: 10989.071, MSE-Loss: 6480.790, MSE-Future-Loss 4500.116, KL-Loss: 6.386, Kmeans-Loss: 1.786, weight: 1.00
INFO:root:Test loss: 2299.927, MSE-Loss: 2291.711, KL-Loss: 6.394, Kmeans-Loss: 1.823
INFO:root:

INFO:root:Epoch: 39, Epochs on convergence counter: 10
INFO:root:Train: 
INFO:root:In the training loop. Epoch: 39
INFO:root:09:38:03
INFO:root:Train loss: 10941.067, MSE-Loss: 6469.525, MSE-Future-Loss 4463.384, KL-Loss: 6.385, Kmeans-Loss: 1.776, weight: 1.00
INFO:root:Test loss: 2285.926, MSE-Loss: 2277.675, KL-Loss: 6.435, Kmeans-Loss: 1.815
INFO:root:Saving model!
INFO:root:

INFO:root:Epoch: 40, Epochs on convergence counter: 0
INFO:root:Train: 
INFO:root:In the training loop. Epoch: 40
INFO:root:09:50:27
INFO:root:Train loss: 10869.214, MSE-Loss: 6451.875, MSE-Future-Loss 4409.166, KL-Loss: 6.401, Kmeans-Loss: 1.770, weight: 1.00
INFO:root:Test loss: 2280.990, MSE-Loss: 2272.761, KL-Loss: 6.430, Kmeans-Loss: 1.799
INFO:root:Saving model!
INFO:root:

INFO:root:Epoch: 41, Epochs on convergence counter: 0
INFO:root:Train: 
INFO:root:In the training loop. Epoch: 41
INFO:root:10:02:56
INFO:root:Train loss: 10815.118, MSE-Loss: 6436.448, MSE-Future-Loss 4370.500, KL-Loss: 6.402, Kmeans-Loss: 1.762, weight: 1.00
INFO:root:Test loss: 2296.045, MSE-Loss: 2287.807, KL-Loss: 6.441, Kmeans-Loss: 1.797
INFO:root:

INFO:root:Epoch: 42, Epochs on convergence counter: 1
INFO:root:Train: 
INFO:root:In the training loop. Epoch: 42
INFO:root:10:15:22
INFO:root:Train loss: 10747.447, MSE-Loss: 6416.259, MSE-Future-Loss 4323.009, KL-Loss: 6.418, Kmeans-Loss: 1.755, weight: 1.00
INFO:root:Test loss: 2278.727, MSE-Loss: 2270.470, KL-Loss: 6.470, Kmeans-Loss: 1.787
INFO:root:Saving model!
INFO:root:

INFO:root:Epoch: 43, Epochs on convergence counter: 0
INFO:root:Train: 
INFO:root:In the training loop. Epoch: 43
INFO:root:10:27:50
INFO:root:Train loss: 10718.699, MSE-Loss: 6413.035, MSE-Future-Loss 4297.493, KL-Loss: 6.430, Kmeans-Loss: 1.749, weight: 1.00
INFO:root:Test loss: 2268.766, MSE-Loss: 2260.525, KL-Loss: 6.460, Kmeans-Loss: 1.780
INFO:root:Saving model!
INFO:root:

INFO:root:Epoch: 44, Epochs on convergence counter: 0
INFO:root:Train: 
INFO:root:In the training loop. Epoch: 44
INFO:root:10:40:19
INFO:root:Train loss: 10662.335, MSE-Loss: 6396.662, MSE-Future-Loss 4257.500, KL-Loss: 6.436, Kmeans-Loss: 1.741, weight: 1.00
INFO:root:Test loss: 2286.056, MSE-Loss: 2277.810, KL-Loss: 6.474, Kmeans-Loss: 1.772
INFO:root:

INFO:root:Epoch: 45, Epochs on convergence counter: 1
INFO:root:Train: 
INFO:root:In the training loop. Epoch: 45
INFO:root:10:54:50
INFO:root:Train loss: 10643.388, MSE-Loss: 6392.231, MSE-Future-Loss 4242.981, KL-Loss: 6.437, Kmeans-Loss: 1.734, weight: 1.00
INFO:root:Test loss: 2278.104, MSE-Loss: 2269.883, KL-Loss: 6.452, Kmeans-Loss: 1.768
INFO:root:Saving model snapshot!

INFO:root:

INFO:root:Epoch: 46, Epochs on convergence counter: 2
INFO:root:Train: 
INFO:root:In the training loop. Epoch: 46
INFO:root:11:07:39
INFO:root:Train loss: 10576.450, MSE-Loss: 6368.449, MSE-Future-Loss 4199.836, KL-Loss: 6.438, Kmeans-Loss: 1.728, weight: 1.00
INFO:root:Test loss: 2273.567, MSE-Loss: 2265.338, KL-Loss: 6.471, Kmeans-Loss: 1.758
INFO:root:

INFO:root:Epoch: 47, Epochs on convergence counter: 3
INFO:root:Train: 
INFO:root:In the training loop. Epoch: 47
INFO:root:11:27:17
INFO:root:Train loss: 10526.474, MSE-Loss: 6354.506, MSE-Future-Loss 4163.812, KL-Loss: 6.439, Kmeans-Loss: 1.720, weight: 1.00
INFO:root:Test loss: 2272.929, MSE-Loss: 2264.688, KL-Loss: 6.489, Kmeans-Loss: 1.752
INFO:root:

INFO:root:Epoch: 48, Epochs on convergence counter: 4
INFO:root:Train: 
INFO:root:In the training loop. Epoch: 48
INFO:root:11:40:46
INFO:root:Train loss: 10520.245, MSE-Loss: 6356.610, MSE-Future-Loss 4155.479, KL-Loss: 6.440, Kmeans-Loss: 1.717, weight: 1.00
INFO:root:Test loss: 2262.203, MSE-Loss: 2253.981, KL-Loss: 6.478, Kmeans-Loss: 1.745
INFO:root:Saving model!
INFO:root:

INFO:root:Epoch: 49, Epochs on convergence counter: 0
INFO:root:Train: 
INFO:root:In the training loop. Epoch: 49
INFO:root:11:57:29
INFO:root:Train loss: 10487.025, MSE-Loss: 6340.923, MSE-Future-Loss 4137.956, KL-Loss: 6.434, Kmeans-Loss: 1.711, weight: 1.00
INFO:root:Test loss: 2270.497, MSE-Loss: 2262.265, KL-Loss: 6.496, Kmeans-Loss: 1.737
INFO:root:

INFO:root:Epoch: 50, Epochs on convergence counter: 1
INFO:root:Train: 
INFO:root:In the training loop. Epoch: 50
INFO:root:12:10:00
INFO:root:Train loss: 10409.701, MSE-Loss: 6330.331, MSE-Future-Loss 4071.200, KL-Loss: 6.461, Kmeans-Loss: 1.704, weight: 1.00
INFO:root:Test loss: 2273.508, MSE-Loss: 2265.281, KL-Loss: 6.494, Kmeans-Loss: 1.734
INFO:root:

INFO:root:Epoch: 51, Epochs on convergence counter: 2
INFO:root:Train: 
INFO:root:In the training loop. Epoch: 51
INFO:root:12:22:29
INFO:root:Train loss: 10366.360, MSE-Loss: 6313.943, MSE-Future-Loss 4044.242, KL-Loss: 6.466, Kmeans-Loss: 1.697, weight: 1.00
INFO:root:Test loss: 2289.139, MSE-Loss: 2280.897, KL-Loss: 6.519, Kmeans-Loss: 1.723
INFO:root:

INFO:root:Epoch: 52, Epochs on convergence counter: 3
INFO:root:Train: 
INFO:root:In the training loop. Epoch: 52
INFO:root:12:34:59
INFO:root:Train loss: 10329.716, MSE-Loss: 6307.794, MSE-Future-Loss 4013.760, KL-Loss: 6.474, Kmeans-Loss: 1.692, weight: 1.00
INFO:root:Test loss: 2269.334, MSE-Loss: 2261.103, KL-Loss: 6.516, Kmeans-Loss: 1.716
INFO:root:

INFO:root:Epoch: 53, Epochs on convergence counter: 4
INFO:root:Train: 
INFO:root:In the training loop. Epoch: 53
INFO:root:12:47:28
INFO:root:Train loss: 10291.613, MSE-Loss: 6293.570, MSE-Future-Loss 3989.887, KL-Loss: 6.472, Kmeans-Loss: 1.686, weight: 1.00
INFO:root:Test loss: 2268.929, MSE-Loss: 2260.700, KL-Loss: 6.515, Kmeans-Loss: 1.714
INFO:root:

INFO:root:Epoch: 54, Epochs on convergence counter: 5
INFO:root:Train: 
INFO:root:In the training loop. Epoch: 54
INFO:root:12:59:56
INFO:root:Train loss: 10269.462, MSE-Loss: 6286.984, MSE-Future-Loss 3974.327, KL-Loss: 6.474, Kmeans-Loss: 1.681, weight: 1.00
INFO:root:Test loss: 2280.352, MSE-Loss: 2272.117, KL-Loss: 6.527, Kmeans-Loss: 1.707
INFO:root:

INFO:root:Epoch: 55, Epochs on convergence counter: 6
INFO:root:Train: 
INFO:root:In the training loop. Epoch: 55
INFO:root:13:12:24
INFO:root:Train loss: 10228.763, MSE-Loss: 6274.499, MSE-Future-Loss 3946.098, KL-Loss: 6.487, Kmeans-Loss: 1.675, weight: 1.00
INFO:root:Test loss: 2270.247, MSE-Loss: 2262.017, KL-Loss: 6.527, Kmeans-Loss: 1.704
INFO:root:

INFO:root:Epoch: 56, Epochs on convergence counter: 7
INFO:root:Train: 
INFO:root:In the training loop. Epoch: 56
INFO:root:13:24:54
INFO:root:Train loss: 10189.094, MSE-Loss: 6257.988, MSE-Future-Loss 3922.953, KL-Loss: 6.484, Kmeans-Loss: 1.669, weight: 1.00
INFO:root:Test loss: 2272.512, MSE-Loss: 2264.294, KL-Loss: 6.523, Kmeans-Loss: 1.696
INFO:root:

INFO:root:Epoch: 57, Epochs on convergence counter: 8
INFO:root:Train: 
INFO:root:In the training loop. Epoch: 57
INFO:root:13:37:24
INFO:root:Train loss: 10259.617, MSE-Loss: 6273.721, MSE-Future-Loss 3977.771, KL-Loss: 6.456, Kmeans-Loss: 1.666, weight: 1.00
INFO:root:Test loss: 2266.582, MSE-Loss: 2258.392, KL-Loss: 6.502, Kmeans-Loss: 1.688
INFO:root:

INFO:root:Epoch: 58, Epochs on convergence counter: 9
INFO:root:Train: 
INFO:root:In the training loop. Epoch: 58
INFO:root:13:49:53
INFO:root:Train loss: 10130.758, MSE-Loss: 6247.922, MSE-Future-Loss 3874.685, KL-Loss: 6.482, Kmeans-Loss: 1.661, weight: 1.00
INFO:root:Test loss: 2265.124, MSE-Loss: 2256.898, KL-Loss: 6.540, Kmeans-Loss: 1.686
INFO:root:

INFO:root:Epoch: 59, Epochs on convergence counter: 10
INFO:root:Train: 
INFO:root:In the training loop. Epoch: 59
INFO:root:14:02:23
INFO:root:Train loss: 10087.922, MSE-Loss: 6227.626, MSE-Future-Loss 3852.156, KL-Loss: 6.488, Kmeans-Loss: 1.655, weight: 1.00
INFO:root:Test loss: 2267.306, MSE-Loss: 2259.100, KL-Loss: 6.525, Kmeans-Loss: 1.680
INFO:root:

INFO:root:Epoch: 60, Epochs on convergence counter: 11
INFO:root:Train: 
INFO:root:In the training loop. Epoch: 60
INFO:root:14:14:52
INFO:root:Train loss: 10082.161, MSE-Loss: 6229.315, MSE-Future-Loss 3844.702, KL-Loss: 6.491, Kmeans-Loss: 1.651, weight: 1.00
INFO:root:Test loss: 2279.105, MSE-Loss: 2270.913, KL-Loss: 6.516, Kmeans-Loss: 1.676
INFO:root:Saving model snapshot!

INFO:root:

INFO:root:Epoch: 61, Epochs on convergence counter: 12
INFO:root:Train: 
INFO:root:In the training loop. Epoch: 61
INFO:root:14:27:21
INFO:root:Train loss: 10041.135, MSE-Loss: 6217.178, MSE-Future-Loss 3815.822, KL-Loss: 6.493, Kmeans-Loss: 1.645, weight: 1.00
INFO:root:Test loss: 2271.204, MSE-Loss: 2262.996, KL-Loss: 6.540, Kmeans-Loss: 1.668
INFO:root:

INFO:root:Epoch: 62, Epochs on convergence counter: 13
INFO:root:Train: 
INFO:root:In the training loop. Epoch: 62
INFO:root:14:39:51
INFO:root:Train loss: 10019.769, MSE-Loss: 6203.165, MSE-Future-Loss 3808.460, KL-Loss: 6.497, Kmeans-Loss: 1.640, weight: 1.00
INFO:root:Test loss: 2267.793, MSE-Loss: 2259.604, KL-Loss: 6.521, Kmeans-Loss: 1.668
INFO:root:

INFO:root:Epoch: 63, Epochs on convergence counter: 14
INFO:root:Train: 
INFO:root:In the training loop. Epoch: 63
INFO:root:14:52:21
INFO:root:Train loss: 9982.309, MSE-Loss: 6202.084, MSE-Future-Loss 3772.080, KL-Loss: 6.504, Kmeans-Loss: 1.636, weight: 1.00
INFO:root:Test loss: 2270.953, MSE-Loss: 2262.740, KL-Loss: 6.552, Kmeans-Loss: 1.661
INFO:root:

INFO:root:Epoch: 64, Epochs on convergence counter: 15
INFO:root:Train: 
INFO:root:In the training loop. Epoch: 64
INFO:root:15:04:52
INFO:root:Train loss: 9947.590, MSE-Loss: 6186.473, MSE-Future-Loss 3752.985, KL-Loss: 6.507, Kmeans-Loss: 1.632, weight: 1.00
INFO:root:Test loss: 2275.974, MSE-Loss: 2267.779, KL-Loss: 6.541, Kmeans-Loss: 1.654
INFO:root:

INFO:root:Epoch: 65, Epochs on convergence counter: 16
INFO:root:Train: 
INFO:root:In the training loop. Epoch: 65
INFO:root:15:17:23
INFO:root:Train loss: 9920.554, MSE-Loss: 6183.786, MSE-Future-Loss 3728.621, KL-Loss: 6.517, Kmeans-Loss: 1.627, weight: 1.00
INFO:root:Test loss: 2279.172, MSE-Loss: 2270.982, KL-Loss: 6.539, Kmeans-Loss: 1.650
INFO:root:

INFO:root:Epoch: 66, Epochs on convergence counter: 17
INFO:root:Train: 
INFO:root:In the training loop. Epoch: 66
INFO:root:15:29:54
INFO:root:Train loss: 9885.307, MSE-Loss: 6167.752, MSE-Future-Loss 3709.421, KL-Loss: 6.517, Kmeans-Loss: 1.622, weight: 1.00
INFO:root:Test loss: 2284.934, MSE-Loss: 2276.727, KL-Loss: 6.566, Kmeans-Loss: 1.642
INFO:root:

INFO:root:Epoch: 67, Epochs on convergence counter: 18
INFO:root:Train: 
INFO:root:In the training loop. Epoch: 67
INFO:root:15:42:24
INFO:root:Train loss: 9871.961, MSE-Loss: 6164.162, MSE-Future-Loss 3699.663, KL-Loss: 6.525, Kmeans-Loss: 1.618, weight: 1.00
INFO:root:Test loss: 2277.399, MSE-Loss: 2269.182, KL-Loss: 6.580, Kmeans-Loss: 1.637
INFO:root:

INFO:root:Epoch: 68, Epochs on convergence counter: 19
INFO:root:Train: 
INFO:root:In the training loop. Epoch: 68
INFO:root:15:54:54
INFO:root:Train loss: 9836.617, MSE-Loss: 6154.744, MSE-Future-Loss 3673.733, KL-Loss: 6.520, Kmeans-Loss: 1.615, weight: 1.00
INFO:root:Test loss: 2297.250, MSE-Loss: 2289.031, KL-Loss: 6.585, Kmeans-Loss: 1.634
INFO:root:

INFO:root:Epoch: 69, Epochs on convergence counter: 20
INFO:root:Train: 
INFO:root:In the training loop. Epoch: 69
INFO:root:16:07:25
INFO:root:Train loss: 9824.673, MSE-Loss: 6145.747, MSE-Future-Loss 3670.790, KL-Loss: 6.526, Kmeans-Loss: 1.610, weight: 1.00
INFO:root:Test loss: 2298.882, MSE-Loss: 2290.693, KL-Loss: 6.559, Kmeans-Loss: 1.630
INFO:root:

INFO:root:Epoch: 70, Epochs on convergence counter: 21
INFO:root:Train: 
INFO:root:In the training loop. Epoch: 70
INFO:root:16:19:56
INFO:root:Train loss: 9809.147, MSE-Loss: 6141.678, MSE-Future-Loss 3659.341, KL-Loss: 6.522, Kmeans-Loss: 1.607, weight: 1.00
INFO:root:Test loss: 2274.875, MSE-Loss: 2266.691, KL-Loss: 6.563, Kmeans-Loss: 1.621
INFO:root:

INFO:root:Epoch: 71, Epochs on convergence counter: 22
INFO:root:Train: 
INFO:root:In the training loop. Epoch: 71
INFO:root:16:32:28
INFO:root:Train loss: 9787.412, MSE-Loss: 6138.010, MSE-Future-Loss 3641.273, KL-Loss: 6.526, Kmeans-Loss: 1.603, weight: 1.00
INFO:root:Test loss: 2294.707, MSE-Loss: 2286.498, KL-Loss: 6.593, Kmeans-Loss: 1.616
INFO:root:

INFO:root:Epoch: 72, Epochs on convergence counter: 23
INFO:root:Train: 
INFO:root:In the training loop. Epoch: 72
INFO:root:16:44:58
INFO:root:Train loss: 9763.046, MSE-Loss: 6130.764, MSE-Future-Loss 3624.156, KL-Loss: 6.527, Kmeans-Loss: 1.598, weight: 1.00
INFO:root:Test loss: 2285.821, MSE-Loss: 2277.605, KL-Loss: 6.601, Kmeans-Loss: 1.615
INFO:root:

INFO:root:Epoch: 73, Epochs on convergence counter: 24
INFO:root:Train: 
INFO:root:In the training loop. Epoch: 73
INFO:root:16:57:28
INFO:root:Train loss: 9744.191, MSE-Loss: 6126.076, MSE-Future-Loss 3609.985, KL-Loss: 6.535, Kmeans-Loss: 1.596, weight: 1.00
INFO:root:Test loss: 2276.635, MSE-Loss: 2268.454, KL-Loss: 6.569, Kmeans-Loss: 1.612
INFO:root:

INFO:root:Epoch: 74, Epochs on convergence counter: 25
INFO:root:Train: 
INFO:root:In the training loop. Epoch: 74
INFO:root:17:10:00
INFO:root:Train loss: 9722.407, MSE-Loss: 6117.132, MSE-Future-Loss 3597.146, KL-Loss: 6.536, Kmeans-Loss: 1.591, weight: 1.00
INFO:root:Test loss: 2277.104, MSE-Loss: 2268.909, KL-Loss: 6.586, Kmeans-Loss: 1.608
INFO:root:

INFO:root:Finished training...
INFO:root:Model converged. Please check your model with vame.evaluate_model(). 
You can also re-run vame.trainmodel() to further improve your model. 
Make sure to set _pretrained_weights_ in your config.yaml to "true" 
and plug your current model name into _pretrained_model_. 
Hint: Set "model_convergence" in your config.yaml to a higher value. 

Next: 
Use vame.pose_segmentation() to identify behavioral motifs in your dataset!
INFO:root:Train Variational Autoencoder - model name: VAME_15prcnt_sweep 

INFO:root:Latent Dimensions: 50, Time window: 30, Batch Size: 1024, Beta: 1, lr: 0.0001

INFO:root:Scheduler step size: 100, Scheduler gamma: 0.20, Scheduler Threshold: 0.01000

INFO:root:Start training... 
INFO:root:Epoch: 1, Epochs on convergence counter: 0
INFO:root:Train: 
INFO:root:In the training loop. Epoch: 1
INFO:root:17:18:15
INFO:root:Train loss: 75945.687, MSE-Loss: 43886.049, MSE-Future-Loss 32059.631, KL-Loss: 0.000, Kmeans-Loss: 0.000, weight: 0.00
INFO:root:Test loss: 5336.694, MSE-Loss: 5336.694, KL-Loss: 0.000, Kmeans-Loss: 0.000
INFO:root:

INFO:root:Epoch: 2, Epochs on convergence counter: 1
INFO:root:Train: 
INFO:root:In the training loop. Epoch: 2
INFO:root:17:24:14
INFO:root:Train loss: 31814.765, MSE-Loss: 13823.760, MSE-Future-Loss 17990.996, KL-Loss: 0.000, Kmeans-Loss: 0.000, weight: 0.00
INFO:root:Test loss: 3851.450, MSE-Loss: 3851.450, KL-Loss: 0.000, Kmeans-Loss: 0.000
INFO:root:

INFO:root:Epoch: 3, Epochs on convergence counter: 2
INFO:root:Train: 
INFO:root:In the training loop. Epoch: 3
INFO:root:17:30:14
INFO:root:Train loss: 27915.784, MSE-Loss: 10948.077, MSE-Future-Loss 16965.508, KL-Loss: 1.676, Kmeans-Loss: 0.534, weight: 0.25
INFO:root:Test loss: 3256.332, MSE-Loss: 3254.072, KL-Loss: 1.714, Kmeans-Loss: 0.547
INFO:root:

INFO:root:Epoch: 4, Epochs on convergence counter: 3
INFO:root:Train: 
INFO:root:In the training loop. Epoch: 4
INFO:root:17:36:16
INFO:root:Train loss: 25669.750, MSE-Loss: 9374.470, MSE-Future-Loss 16290.711, KL-Loss: 3.481, Kmeans-Loss: 1.089, weight: 0.50
INFO:root:Test loss: 2879.650, MSE-Loss: 2875.026, KL-Loss: 3.516, Kmeans-Loss: 1.107
INFO:root:

INFO:root:Epoch: 5, Epochs on convergence counter: 4
INFO:root:Train: 
INFO:root:In the training loop. Epoch: 5
INFO:root:17:42:18
INFO:root:Train loss: 24292.538, MSE-Loss: 8417.497, MSE-Future-Loss 15868.044, KL-Loss: 5.347, Kmeans-Loss: 1.644, weight: 0.75
INFO:root:Test loss: 2629.735, MSE-Loss: 2622.696, KL-Loss: 5.371, Kmeans-Loss: 1.668
INFO:root:

INFO:root:Epoch: 6, Epochs on convergence counter: 5
INFO:root:Train: 
INFO:root:In the training loop. Epoch: 6
INFO:root:17:48:23
INFO:root:Train loss: 23320.593, MSE-Loss: 7711.780, MSE-Future-Loss 15599.432, KL-Loss: 7.179, Kmeans-Loss: 2.190, weight: 1.00
INFO:root:Test loss: 2424.837, MSE-Loss: 2415.407, KL-Loss: 7.206, Kmeans-Loss: 2.224
INFO:root:Saving model!
INFO:root:

INFO:root:Epoch: 7, Epochs on convergence counter: 0
INFO:root:Train: 
INFO:root:In the training loop. Epoch: 7
INFO:root:17:54:27
INFO:root:Train loss: 22399.148, MSE-Loss: 7064.372, MSE-Future-Loss 15325.358, KL-Loss: 7.230, Kmeans-Loss: 2.194, weight: 1.00
INFO:root:Test loss: 2241.573, MSE-Loss: 2232.102, KL-Loss: 7.238, Kmeans-Loss: 2.232
INFO:root:Saving model!
INFO:root:

INFO:root:Epoch: 8, Epochs on convergence counter: 0
INFO:root:Train: 
INFO:root:In the training loop. Epoch: 8
INFO:root:18:00:35
INFO:root:Train loss: 21691.200, MSE-Loss: 6545.266, MSE-Future-Loss 15136.457, KL-Loss: 7.278, Kmeans-Loss: 2.198, weight: 1.00
INFO:root:Test loss: 2056.857, MSE-Loss: 2047.312, KL-Loss: 7.308, Kmeans-Loss: 2.237
INFO:root:Saving model!
INFO:root:

INFO:root:Epoch: 9, Epochs on convergence counter: 0
INFO:root:Train: 
INFO:root:In the training loop. Epoch: 9
INFO:root:18:06:45
INFO:root:Train loss: 20968.011, MSE-Loss: 6080.118, MSE-Future-Loss 14878.335, KL-Loss: 7.346, Kmeans-Loss: 2.203, weight: 1.00
INFO:root:Test loss: 1953.219, MSE-Loss: 1943.603, KL-Loss: 7.373, Kmeans-Loss: 2.244
INFO:root:Saving model!
INFO:root:

INFO:root:Epoch: 10, Epochs on convergence counter: 0
INFO:root:Train: 
INFO:root:In the training loop. Epoch: 10
