INFO:wandb.agents.pyagent:Starting sweep agent: entity=aredwine3, project=VAME, count=20
INFO:root:Train Variational Autoencoder - model name: VAME_15prcnt_sweep 

INFO:root:Using CUDA
INFO:root:GPU active: True
INFO:root:GPU used: Tesla V100-PCIE-32GB
INFO:root:Latent Dimensions: 25, Time window: 30, Batch Size: 512, Beta: 1, lr: 0.0001

INFO:root:Scheduler step size: 100, Scheduler gamma: 0.20, Scheduler Threshold: 0.00100

INFO:root:Start training... 
INFO:root:Epoch: 1, Epochs on convergence counter: 0
INFO:root:Train: 
INFO:root:In the training loop. Epoch: 1
INFO:root:14:54:22
INFO:root:Train loss: 27174.711, MSE-Loss: 13998.102, MSE-Future-Loss 13176.599, KL-Loss: 0.000, Kmeans-Loss: 0.000, weight: 0.00
INFO:root:Test loss: 1852.483, MSE-Loss: 1852.483, KL-Loss: 0.000, Kmeans-Loss: 0.000
INFO:root:

INFO:root:Epoch: 2, Epochs on convergence counter: 1
INFO:root:Train: 
INFO:root:In the training loop. Epoch: 2
INFO:root:15:00:40
INFO:root:Train loss: 14638.246, MSE-Loss: 5043.544, MSE-Future-Loss 9594.707, KL-Loss: 0.000, Kmeans-Loss: 0.000, weight: 0.00
INFO:root:Test loss: 1398.573, MSE-Loss: 1398.573, KL-Loss: 0.000, Kmeans-Loss: 0.000
INFO:root:

INFO:root:Epoch: 3, Epochs on convergence counter: 2
INFO:root:Train: 
INFO:root:In the training loop. Epoch: 3
INFO:root:15:07:02
INFO:root:Train loss: 13513.201, MSE-Loss: 4215.801, MSE-Future-Loss 9293.129, KL-Loss: 3.403, Kmeans-Loss: 0.865, weight: 0.29
INFO:root:Test loss: 1232.659, MSE-Loss: 1228.395, KL-Loss: 3.385, Kmeans-Loss: 0.879
INFO:root:

INFO:root:Epoch: 4, Epochs on convergence counter: 3
INFO:root:Train: 
INFO:root:In the training loop. Epoch: 4
INFO:root:15:13:25
INFO:root:Train loss: 12921.923, MSE-Loss: 3819.954, MSE-Future-Loss 9094.678, KL-Loss: 5.790, Kmeans-Loss: 1.506, weight: 0.50
INFO:root:Test loss: 1134.855, MSE-Loss: 1127.559, KL-Loss: 5.767, Kmeans-Loss: 1.529
INFO:root:

INFO:root:Epoch: 5, Epochs on convergence counter: 4
INFO:root:Train: 
INFO:root:In the training loop. Epoch: 5
INFO:root:15:19:48
INFO:root:Train loss: 12509.718, MSE-Loss: 3539.015, MSE-Future-Loss 8960.473, KL-Loss: 8.084, Kmeans-Loss: 2.146, weight: 0.71
INFO:root:Test loss: 1051.956, MSE-Loss: 1041.777, KL-Loss: 8.009, Kmeans-Loss: 2.170
INFO:root:

INFO:root:Epoch: 6, Epochs on convergence counter: 5
INFO:root:Train: 
INFO:root:In the training loop. Epoch: 6
INFO:root:15:26:13
INFO:root:Train loss: 12240.471, MSE-Loss: 3347.817, MSE-Future-Loss 8880.571, KL-Loss: 9.504, Kmeans-Loss: 2.567, weight: 0.86
INFO:root:Test loss: 1032.371, MSE-Loss: 1020.340, KL-Loss: 9.441, Kmeans-Loss: 2.589
INFO:root:

INFO:root:Epoch: 7, Epochs on convergence counter: 6
INFO:root:Train: 
INFO:root:In the training loop. Epoch: 7
INFO:root:15:32:38
INFO:root:Train loss: 12066.666, MSE-Loss: 3245.105, MSE-Future-Loss 8808.580, KL-Loss: 10.196, Kmeans-Loss: 2.780, weight: 0.94
INFO:root:Test loss: 1002.100, MSE-Loss: 989.177, KL-Loss: 10.116, Kmeans-Loss: 2.807
INFO:root:

INFO:root:Epoch: 8, Epochs on convergence counter: 7
INFO:root:Train: 
INFO:root:In the training loop. Epoch: 8
INFO:root:15:39:03
INFO:root:Train loss: 11994.294, MSE-Loss: 3204.233, MSE-Future-Loss 8776.793, KL-Loss: 10.392, Kmeans-Loss: 2.871, weight: 0.97
INFO:root:Test loss: 976.613, MSE-Loss: 963.331, KL-Loss: 10.376, Kmeans-Loss: 2.906
INFO:root:

INFO:root:Epoch: 9, Epochs on convergence counter: 8
INFO:root:Train: 
INFO:root:In the training loop. Epoch: 9
INFO:root:15:45:31
INFO:root:Train loss: 11882.316, MSE-Loss: 3162.415, MSE-Future-Loss 8706.643, KL-Loss: 10.361, Kmeans-Loss: 2.902, weight: 0.99
INFO:root:Test loss: 977.945, MSE-Loss: 964.676, KL-Loss: 10.328, Kmeans-Loss: 2.941
INFO:root:

INFO:root:Epoch: 10, Epochs on convergence counter: 9
INFO:root:Train: 
INFO:root:In the training loop. Epoch: 10
INFO:root:15:51:57
INFO:root:Train loss: 11795.811, MSE-Loss: 3138.762, MSE-Future-Loss 8643.881, KL-Loss: 10.251, Kmeans-Loss: 2.911, weight: 1.00
INFO:root:Test loss: 971.114, MSE-Loss: 957.937, KL-Loss: 10.224, Kmeans-Loss: 2.954
INFO:root:Saving model!
INFO:root:

INFO:root:Epoch: 11, Epochs on convergence counter: 0
INFO:root:Train: 
INFO:root:In the training loop. Epoch: 11
INFO:root:15:58:25
INFO:root:Train loss: 11726.829, MSE-Loss: 3110.135, MSE-Future-Loss 8603.686, KL-Loss: 10.107, Kmeans-Loss: 2.907, weight: 1.00
INFO:root:Test loss: 964.691, MSE-Loss: 951.606, KL-Loss: 10.126, Kmeans-Loss: 2.958
INFO:root:Saving model!
INFO:root:

INFO:root:Epoch: 12, Epochs on convergence counter: 0
INFO:root:Train: 
INFO:root:In the training loop. Epoch: 12
INFO:root:16:04:53
INFO:root:Train loss: 11648.141, MSE-Loss: 3088.053, MSE-Future-Loss 8547.245, KL-Loss: 9.954, Kmeans-Loss: 2.904, weight: 1.00
INFO:root:Test loss: 964.740, MSE-Loss: 951.840, KL-Loss: 9.952, Kmeans-Loss: 2.948
INFO:root:

INFO:root:Epoch: 13, Epochs on convergence counter: 1
INFO:root:Train: 
INFO:root:In the training loop. Epoch: 13
INFO:root:16:11:22
INFO:root:Train loss: 11607.282, MSE-Loss: 3083.140, MSE-Future-Loss 8511.404, KL-Loss: 9.833, Kmeans-Loss: 2.901, weight: 1.00
INFO:root:Test loss: 964.922, MSE-Loss: 952.109, KL-Loss: 9.855, Kmeans-Loss: 2.959
INFO:root:

INFO:root:Epoch: 14, Epochs on convergence counter: 2
INFO:root:Train: 
INFO:root:In the training loop. Epoch: 14
INFO:root:16:17:52
INFO:root:Train loss: 11540.894, MSE-Loss: 3068.343, MSE-Future-Loss 8459.921, KL-Loss: 9.718, Kmeans-Loss: 2.901, weight: 1.00
INFO:root:Test loss: 959.595, MSE-Loss: 946.832, KL-Loss: 9.804, Kmeans-Loss: 2.960
INFO:root:Saving model!
INFO:root:

INFO:root:Epoch: 15, Epochs on convergence counter: 0
INFO:root:Train: 
INFO:root:In the training loop. Epoch: 15
INFO:root:16:24:21
INFO:root:Train loss: 11498.910, MSE-Loss: 3055.595, MSE-Future-Loss 8430.796, KL-Loss: 9.623, Kmeans-Loss: 2.902, weight: 1.00
INFO:root:Test loss: 956.049, MSE-Loss: 943.443, KL-Loss: 9.653, Kmeans-Loss: 2.954
INFO:root:Saving model!
INFO:root:Saving model snapshot!

INFO:root:

INFO:root:Epoch: 16, Epochs on convergence counter: 0
INFO:root:Train: 
INFO:root:In the training loop. Epoch: 16
INFO:root:16:30:53
INFO:root:Train loss: 11425.370, MSE-Loss: 3040.051, MSE-Future-Loss 8372.905, KL-Loss: 9.518, Kmeans-Loss: 2.903, weight: 1.00
INFO:root:Test loss: 955.885, MSE-Loss: 943.334, KL-Loss: 9.595, Kmeans-Loss: 2.956
INFO:root:Saving model!
INFO:root:

INFO:root:Epoch: 17, Epochs on convergence counter: 0
INFO:root:Train: 
INFO:root:In the training loop. Epoch: 17
INFO:root:16:37:23
INFO:root:Train loss: 11371.344, MSE-Loss: 3029.582, MSE-Future-Loss 8329.425, KL-Loss: 9.432, Kmeans-Loss: 2.907, weight: 1.00
INFO:root:Test loss: 957.557, MSE-Loss: 945.126, KL-Loss: 9.472, Kmeans-Loss: 2.960
INFO:root:

INFO:root:Epoch: 18, Epochs on convergence counter: 1
INFO:root:Train: 
INFO:root:In the training loop. Epoch: 18
INFO:root:16:43:53
INFO:root:Train loss: 11303.701, MSE-Loss: 3023.087, MSE-Future-Loss 8268.353, KL-Loss: 9.355, Kmeans-Loss: 2.912, weight: 1.00
INFO:root:Test loss: 959.446, MSE-Loss: 947.043, KL-Loss: 9.434, Kmeans-Loss: 2.969
INFO:root:

INFO:root:Epoch: 19, Epochs on convergence counter: 2
INFO:root:Train: 
INFO:root:In the training loop. Epoch: 19
INFO:root:16:50:24
INFO:root:Train loss: 11264.344, MSE-Loss: 3013.559, MSE-Future-Loss 8238.592, KL-Loss: 9.275, Kmeans-Loss: 2.917, weight: 1.00
INFO:root:Test loss: 953.657, MSE-Loss: 941.334, KL-Loss: 9.348, Kmeans-Loss: 2.975
INFO:root:Saving model!
INFO:root:

INFO:root:Epoch: 20, Epochs on convergence counter: 0
INFO:root:Train: 
INFO:root:In the training loop. Epoch: 20
INFO:root:16:56:55
INFO:root:Train loss: 11201.975, MSE-Loss: 3014.535, MSE-Future-Loss 8175.295, KL-Loss: 9.229, Kmeans-Loss: 2.926, weight: 1.00
INFO:root:Test loss: 953.419, MSE-Loss: 941.127, KL-Loss: 9.310, Kmeans-Loss: 2.982
INFO:root:Saving model!
INFO:root:

INFO:root:Epoch: 21, Epochs on convergence counter: 0
INFO:root:Train: 
INFO:root:In the training loop. Epoch: 21
INFO:root:17:03:27
INFO:root:Train loss: 11142.221, MSE-Loss: 3003.038, MSE-Future-Loss 8127.123, KL-Loss: 9.138, Kmeans-Loss: 2.927, weight: 1.00
INFO:root:Test loss: 950.727, MSE-Loss: 938.538, KL-Loss: 9.202, Kmeans-Loss: 2.987
INFO:root:Saving model!
INFO:root:

INFO:root:Epoch: 22, Epochs on convergence counter: 0
INFO:root:Train: 
INFO:root:In the training loop. Epoch: 22
INFO:root:17:10:00
INFO:root:Train loss: 11093.161, MSE-Loss: 3010.183, MSE-Future-Loss 8070.986, KL-Loss: 9.065, Kmeans-Loss: 2.934, weight: 1.00
INFO:root:Test loss: 953.366, MSE-Loss: 941.263, KL-Loss: 9.116, Kmeans-Loss: 2.987
INFO:root:

INFO:root:Epoch: 23, Epochs on convergence counter: 1
INFO:root:Train: 
INFO:root:In the training loop. Epoch: 23
INFO:root:17:16:32
INFO:root:Train loss: 11010.366, MSE-Loss: 2997.267, MSE-Future-Loss 8001.147, KL-Loss: 9.004, Kmeans-Loss: 2.940, weight: 1.00
INFO:root:Test loss: 950.880, MSE-Loss: 938.789, KL-Loss: 9.086, Kmeans-Loss: 3.005
INFO:root:

INFO:root:Epoch: 24, Epochs on convergence counter: 2
INFO:root:Train: 
INFO:root:In the training loop. Epoch: 24
INFO:root:17:23:04
INFO:root:Train loss: 10959.652, MSE-Loss: 2993.544, MSE-Future-Loss 7954.231, KL-Loss: 8.930, Kmeans-Loss: 2.944, weight: 1.00
INFO:root:Test loss: 950.555, MSE-Loss: 938.575, KL-Loss: 8.982, Kmeans-Loss: 2.998
INFO:root:

INFO:root:Epoch: 25, Epochs on convergence counter: 3
INFO:root:Train: 
INFO:root:In the training loop. Epoch: 25
INFO:root:17:29:36
INFO:root:Train loss: 10870.883, MSE-Loss: 2985.174, MSE-Future-Loss 7873.903, KL-Loss: 8.870, Kmeans-Loss: 2.951, weight: 1.00
INFO:root:Test loss: 955.227, MSE-Loss: 943.255, KL-Loss: 8.958, Kmeans-Loss: 3.015
INFO:root:

INFO:root:Epoch: 26, Epochs on convergence counter: 4
INFO:root:Train: 
INFO:root:In the training loop. Epoch: 26
INFO:root:17:36:09
INFO:root:Train loss: 10805.660, MSE-Loss: 2979.473, MSE-Future-Loss 7814.431, KL-Loss: 8.810, Kmeans-Loss: 2.954, weight: 1.00
INFO:root:Test loss: 954.325, MSE-Loss: 942.392, KL-Loss: 8.918, Kmeans-Loss: 3.015
INFO:root:

INFO:root:Epoch: 27, Epochs on convergence counter: 5
INFO:root:Train: 
INFO:root:In the training loop. Epoch: 27
INFO:root:17:42:43
INFO:root:Train loss: 10738.906, MSE-Loss: 2983.975, MSE-Future-Loss 7743.187, KL-Loss: 8.773, Kmeans-Loss: 2.960, weight: 1.00
INFO:root:Test loss: 949.629, MSE-Loss: 937.746, KL-Loss: 8.866, Kmeans-Loss: 3.017
INFO:root:Saving model!
INFO:root:

INFO:root:Epoch: 28, Epochs on convergence counter: 0
INFO:root:Train: 
INFO:root:In the training loop. Epoch: 28
INFO:root:Train Variational Autoencoder - model name: VAME_15prcnt_sweep 

INFO:root:Latent Dimensions: 40, Time window: 75, Batch Size: 512, Beta: 1, lr: 0.0001

INFO:root:Scheduler step size: 100, Scheduler gamma: 0.20, Scheduler Threshold: 0.00100

INFO:root:Start training... 
INFO:root:Epoch: 1, Epochs on convergence counter: 0
INFO:root:Train: 
INFO:root:In the training loop. Epoch: 1
INFO:root:17:52:14
INFO:root:Train loss: 94574.877, MSE-Loss: 61019.703, MSE-Future-Loss 33555.203, KL-Loss: 0.000, Kmeans-Loss: 0.000, weight: 0.00
INFO:root:Test loss: 11365.048, MSE-Loss: 11365.048, KL-Loss: 0.000, Kmeans-Loss: 0.000
INFO:root:

INFO:root:Epoch: 2, Epochs on convergence counter: 1
INFO:root:Train: 
INFO:root:In the training loop. Epoch: 2
INFO:root:18:01:02
INFO:root:Train loss: 51155.505, MSE-Loss: 25363.133, MSE-Future-Loss 25792.391, KL-Loss: 0.000, Kmeans-Loss: 0.000, weight: 0.00
INFO:root:Test loss: 10253.211, MSE-Loss: 10253.211, KL-Loss: 0.000, Kmeans-Loss: 0.000
INFO:root:

INFO:root:Epoch: 3, Epochs on convergence counter: 2
INFO:root:Train: 
INFO:root:In the training loop. Epoch: 3
INFO:root:18:09:51
INFO:root:Train loss: 45645.825, MSE-Loss: 20730.470, MSE-Future-Loss 24912.303, KL-Loss: 2.487, Kmeans-Loss: 0.566, weight: 0.29
INFO:root:Test loss: 9510.240, MSE-Loss: 9507.271, KL-Loss: 2.403, Kmeans-Loss: 0.566
INFO:root:

INFO:root:Epoch: 4, Epochs on convergence counter: 3
INFO:root:Train: 
INFO:root:In the training loop. Epoch: 4
INFO:root:Train Variational Autoencoder - model name: VAME_15prcnt_sweep 

INFO:root:Latent Dimensions: 35, Time window: 105, Batch Size: 256, Beta: 1, lr: 0.0050

INFO:root:Scheduler step size: 100, Scheduler gamma: 0.20, Scheduler Threshold: 0.01000

INFO:root:Start training... 
INFO:root:Epoch: 1, Epochs on convergence counter: 0
INFO:root:Train: 
INFO:root:In the training loop. Epoch: 1
INFO:root:18:21:30
INFO:root:Train loss: 35693.485, MSE-Loss: 14192.994, MSE-Future-Loss 21500.469, KL-Loss: 0.000, Kmeans-Loss: 0.000, weight: 0.00
INFO:root:Test loss: 2932.071, MSE-Loss: 2932.071, KL-Loss: 0.000, Kmeans-Loss: 0.000
INFO:root:

INFO:root:Epoch: 2, Epochs on convergence counter: 1
INFO:root:Train: 
INFO:root:In the training loop. Epoch: 2
INFO:root:18:32:31
INFO:root:Train loss: 29077.692, MSE-Loss: 9166.301, MSE-Future-Loss 19911.432, KL-Loss: 0.000, Kmeans-Loss: 0.000, weight: 0.00
INFO:root:Test loss: 2877.431, MSE-Loss: 2877.431, KL-Loss: 0.000, Kmeans-Loss: 0.000
INFO:root:

INFO:root:Epoch: 3, Epochs on convergence counter: 2
INFO:root:Train: 
INFO:root:In the training loop. Epoch: 3
INFO:root:18:43:39
INFO:root:Train loss: 28044.433, MSE-Loss: 8955.927, MSE-Future-Loss 19086.635, KL-Loss: 1.522, Kmeans-Loss: 0.343, weight: 0.29
INFO:root:Test loss: 2921.560, MSE-Loss: 2919.707, KL-Loss: 1.512, Kmeans-Loss: 0.341
INFO:root:

INFO:root:Epoch: 4, Epochs on convergence counter: 3
INFO:root:Train: 
INFO:root:In the training loop. Epoch: 4
INFO:root:18:54:06
INFO:root:Train loss: 79195799234192624.000, MSE-Loss: 62619158946578800.000, MSE-Future-Loss 16576630289858560.000, KL-Loss: 578260767.352, Kmeans-Loss: 263.606, weight: 0.50
INFO:root:Test loss: 607277512.448, MSE-Loss: 607276457.397, KL-Loss: 1034.960, Kmeans-Loss: 21.649
INFO:root:

INFO:root:Epoch: 5, Epochs on convergence counter: 4
INFO:root:Train: 
INFO:root:In the training loop. Epoch: 5
INFO:root:19:03:45
INFO:root:Train loss: 2913567440.254, MSE-Loss: 1937589733.825, MSE-Future-Loss 975977216.000, KL-Loss: 1378.700, Kmeans-Loss: 30.158, weight: 0.71
INFO:root:Test loss: 227812765.554, MSE-Loss: 227811427.464, KL-Loss: 1309.506, Kmeans-Loss: 29.234
INFO:root:

INFO:root:Epoch: 6, Epochs on convergence counter: 5
INFO:root:Train: 
INFO:root:In the training loop. Epoch: 6
INFO:root:19:13:22
INFO:root:Train loss: 1269954707.285, MSE-Loss: 870647771.185, MSE-Future-Loss 399305632.000, KL-Loss: 1536.390, Kmeans-Loss: 35.158, weight: 0.86
INFO:root:Test loss: 132324202.486, MSE-Loss: 132322676.503, KL-Loss: 1493.567, Kmeans-Loss: 34.378
INFO:root:

INFO:root:Epoch: 7, Epochs on convergence counter: 6
INFO:root:Train: 
INFO:root:In the training loop. Epoch: 7
INFO:root:19:23:00
INFO:root:Train loss: 799104142.935, MSE-Loss: 538614652.390, MSE-Future-Loss 260488016.000, KL-Loss: 1617.721, Kmeans-Loss: 37.729, weight: 0.94
INFO:root:Test loss: 95577208.629, MSE-Loss: 95575574.665, KL-Loss: 1596.984, Kmeans-Loss: 37.121
INFO:root:

INFO:root:Epoch: 8, Epochs on convergence counter: 7
INFO:root:Train: 
INFO:root:In the training loop. Epoch: 8
INFO:root:19:32:38
INFO:root:Train loss: 704074937.591, MSE-Loss: 464027489.891, MSE-Future-Loss 240046160.000, KL-Loss: 1644.896, Kmeans-Loss: 38.791, weight: 0.97
INFO:root:Test loss: 92942072.733, MSE-Loss: 92940406.253, KL-Loss: 1628.492, Kmeans-Loss: 38.186
INFO:root:

INFO:root:Epoch: 9, Epochs on convergence counter: 8
INFO:root:Train: 
INFO:root:In the training loop. Epoch: 9
INFO:root:19:42:17
INFO:root:Train loss: 534488515.450, MSE-Loss: 337902359.541, MSE-Future-Loss 196584704.000, KL-Loss: 1651.451, Kmeans-Loss: 39.146, weight: 0.99
INFO:root:Test loss: 66873413.571, MSE-Loss: 66871738.163, KL-Loss: 1636.497, Kmeans-Loss: 38.577
INFO:root:

INFO:root:Epoch: 10, Epochs on convergence counter: 9
INFO:root:Train: 
INFO:root:In the training loop. Epoch: 10
INFO:root:Train Variational Autoencoder - model name: VAME_15prcnt_sweep 

INFO:root:Latent Dimensions: 25, Time window: 30, Batch Size: 512, Beta: 1, lr: 0.0005

INFO:root:Scheduler step size: 100, Scheduler gamma: 0.20, Scheduler Threshold: 0.01000

INFO:root:Start training... 
INFO:root:Epoch: 1, Epochs on convergence counter: 0
INFO:root:Train: 
INFO:root:In the training loop. Epoch: 1
INFO:root:19:50:37
INFO:root:Train loss: 44292.897, MSE-Loss: 15602.827, MSE-Future-Loss 28690.055, KL-Loss: 0.000, Kmeans-Loss: 0.000, weight: 0.00
INFO:root:Test loss: 3509.782, MSE-Loss: 3509.782, KL-Loss: 0.000, Kmeans-Loss: 0.000
INFO:root:

INFO:root:Epoch: 2, Epochs on convergence counter: 1
INFO:root:Train: 
INFO:root:In the training loop. Epoch: 2
INFO:root:19:56:35
INFO:root:Train loss: 31019.706, MSE-Loss: 7809.856, MSE-Future-Loss 23209.832, KL-Loss: 0.000, Kmeans-Loss: 0.000, weight: 0.00
INFO:root:Test loss: 2693.228, MSE-Loss: 2693.228, KL-Loss: 0.000, Kmeans-Loss: 0.000
INFO:root:

INFO:root:Epoch: 3, Epochs on convergence counter: 2
INFO:root:Train: 
INFO:root:In the training loop. Epoch: 3
INFO:root:20:02:38
INFO:root:Train loss: 28625.725, MSE-Loss: 6606.807, MSE-Future-Loss 22006.238, KL-Loss: 9.154, Kmeans-Loss: 3.516, weight: 0.29
INFO:root:Test loss: 2315.751, MSE-Loss: 2303.339, KL-Loss: 9.093, Kmeans-Loss: 3.320
INFO:root:

INFO:root:Epoch: 4, Epochs on convergence counter: 3
INFO:root:Train: 
INFO:root:In the training loop. Epoch: 4
INFO:root:20:08:44
INFO:root:Train loss: 27145.218, MSE-Loss: 5875.446, MSE-Future-Loss 21245.637, KL-Loss: 17.534, Kmeans-Loss: 6.630, weight: 0.50
INFO:root:Test loss: 2032.092, MSE-Loss: 2008.405, KL-Loss: 17.329, Kmeans-Loss: 6.357
INFO:root:

INFO:root:Epoch: 5, Epochs on convergence counter: 4
INFO:root:Train: 
INFO:root:In the training loop. Epoch: 5
INFO:root:20:14:52
INFO:root:Train loss: 26152.469, MSE-Loss: 5370.598, MSE-Future-Loss 20744.840, KL-Loss: 26.929, Kmeans-Loss: 10.103, weight: 0.71
INFO:root:Test loss: 1854.701, MSE-Loss: 1817.836, KL-Loss: 27.108, Kmeans-Loss: 9.758
INFO:root:

INFO:root:Epoch: 6, Epochs on convergence counter: 5
INFO:root:Train: 
INFO:root:In the training loop. Epoch: 6
INFO:root:20:21:02
INFO:root:Train loss: 25440.542, MSE-Loss: 5056.083, MSE-Future-Loss 20337.332, KL-Loss: 34.299, Kmeans-Loss: 12.824, weight: 0.86
INFO:root:Test loss: 1732.008, MSE-Loss: 1684.581, KL-Loss: 34.927, Kmeans-Loss: 12.500
INFO:root:

INFO:root:Epoch: 7, Epochs on convergence counter: 6
INFO:root:Train: 
INFO:root:In the training loop. Epoch: 7
INFO:root:20:27:13
INFO:root:Train loss: 24821.389, MSE-Loss: 4834.923, MSE-Future-Loss 19933.230, KL-Loss: 38.698, Kmeans-Loss: 14.526, weight: 0.94
INFO:root:Test loss: 1702.274, MSE-Loss: 1648.892, KL-Loss: 39.184, Kmeans-Loss: 14.197
INFO:root:

INFO:root:Epoch: 8, Epochs on convergence counter: 7
INFO:root:Train: 
INFO:root:In the training loop. Epoch: 8
INFO:root:20:33:26
INFO:root:Train loss: 24327.025, MSE-Loss: 4677.716, MSE-Future-Loss 19592.475, KL-Loss: 41.256, Kmeans-Loss: 15.554, weight: 0.97
INFO:root:Test loss: 1684.089, MSE-Loss: 1626.614, KL-Loss: 42.304, Kmeans-Loss: 15.171
INFO:root:

INFO:root:Epoch: 9, Epochs on convergence counter: 8
INFO:root:Train: 
INFO:root:In the training loop. Epoch: 9
INFO:root:20:39:40
INFO:root:Train loss: 23746.503, MSE-Loss: 4513.467, MSE-Future-Loss 19174.305, KL-Loss: 42.534, Kmeans-Loss: 16.198, weight: 0.99
INFO:root:Test loss: 1641.877, MSE-Loss: 1581.336, KL-Loss: 44.492, Kmeans-Loss: 16.049
INFO:root:

INFO:root:Epoch: 10, Epochs on convergence counter: 9
INFO:root:Train: 
INFO:root:In the training loop. Epoch: 10
INFO:root:Train Variational Autoencoder - model name: VAME_15prcnt_sweep 

INFO:root:Latent Dimensions: 30, Time window: 30, Batch Size: 256, Beta: 1, lr: 0.0050

INFO:root:Scheduler step size: 100, Scheduler gamma: 0.20, Scheduler Threshold: 0.00100

INFO:root:Start training... 
INFO:root:Epoch: 1, Epochs on convergence counter: 0
INFO:root:Train: 
INFO:root:In the training loop. Epoch: 1
INFO:root:20:49:42
INFO:root:Train loss: 1046278548734.439, MSE-Loss: 731456779486.008, MSE-Future-Loss 314819739648.000, KL-Loss: 0.000, Kmeans-Loss: 0.000, weight: 0.00
INFO:root:Test loss: 284958.640, MSE-Loss: 284958.640, KL-Loss: 0.000, Kmeans-Loss: 0.000
INFO:root:

INFO:root:Epoch: 2, Epochs on convergence counter: 1
INFO:root:Train: 
INFO:root:In the training loop. Epoch: 2
INFO:root:20:59:14
INFO:root:Train loss: 1891077.092, MSE-Loss: 1112631.201, MSE-Future-Loss 778445.938, KL-Loss: 0.000, Kmeans-Loss: 0.000, weight: 0.00
INFO:root:Test loss: 170346.810, MSE-Loss: 170346.810, KL-Loss: 0.000, Kmeans-Loss: 0.000
INFO:root:

INFO:root:Epoch: 3, Epochs on convergence counter: 2
INFO:root:Train: 
INFO:root:In the training loop. Epoch: 3
INFO:root:21:08:48
INFO:root:Train loss: 1414845.350, MSE-Loss: 850979.349, MSE-Future-Loss 563535.188, KL-Loss: 323.333, Kmeans-Loss: 8.164, weight: 0.25
INFO:root:Test loss: 131952.304, MSE-Loss: 131629.391, KL-Loss: 315.278, Kmeans-Loss: 7.635
INFO:root:

INFO:root:Epoch: 4, Epochs on convergence counter: 3
INFO:root:Train: 
INFO:root:In the training loop. Epoch: 4
INFO:root:Train Variational Autoencoder - model name: VAME_15prcnt_sweep 

INFO:root:Latent Dimensions: 25, Time window: 30, Batch Size: 256, Beta: 1, lr: 0.0010

INFO:root:Scheduler step size: 100, Scheduler gamma: 0.20, Scheduler Threshold: 0.10000

INFO:root:Start training... 
INFO:root:Epoch: 1, Epochs on convergence counter: 0
INFO:root:Train: 
INFO:root:In the training loop. Epoch: 1
INFO:root:21:19:27
INFO:root:Train loss: 7355.551, MSE-Loss: 2955.918, MSE-Future-Loss 4399.629, KL-Loss: 0.000, Kmeans-Loss: 0.000, weight: 0.00
INFO:root:Test loss: 631.333, MSE-Loss: 631.333, KL-Loss: 0.000, Kmeans-Loss: 0.000
INFO:root:

INFO:root:Epoch: 2, Epochs on convergence counter: 1
INFO:root:Train: 
INFO:root:In the training loop. Epoch: 2
INFO:root:21:28:52
INFO:root:Train loss: 5083.415, MSE-Loss: 1483.594, MSE-Future-Loss 3599.823, KL-Loss: 0.000, Kmeans-Loss: 0.000, weight: 0.00
INFO:root:Test loss: 594.490, MSE-Loss: 594.490, KL-Loss: 0.000, Kmeans-Loss: 0.000
INFO:root:

INFO:root:Epoch: 3, Epochs on convergence counter: 2
INFO:root:Train: 
INFO:root:In the training loop. Epoch: 3
INFO:root:21:38:18
INFO:root:Train loss: 4942.258, MSE-Loss: 1434.662, MSE-Future-Loss 3505.512, KL-Loss: 1.765, Kmeans-Loss: 0.323, weight: 0.29
INFO:root:Test loss: 552.258, MSE-Loss: 550.171, KL-Loss: 1.757, Kmeans-Loss: 0.330
INFO:root:

INFO:root:Epoch: 4, Epochs on convergence counter: 3
INFO:root:Train: 
INFO:root:In the training loop. Epoch: 4
INFO:root:21:47:45
INFO:root:Train loss: 4801.329, MSE-Loss: 1378.808, MSE-Future-Loss 3418.951, KL-Loss: 3.009, Kmeans-Loss: 0.563, weight: 0.50
INFO:root:Test loss: 554.404, MSE-Loss: 550.820, KL-Loss: 3.012, Kmeans-Loss: 0.572
INFO:root:

INFO:root:Epoch: 5, Epochs on convergence counter: 4
INFO:root:Train: 
INFO:root:In the training loop. Epoch: 5
INFO:root:21:57:15
INFO:root:Train loss: 4723.565, MSE-Loss: 1358.422, MSE-Future-Loss 3360.118, KL-Loss: 4.218, Kmeans-Loss: 0.802, weight: 0.71
INFO:root:Test loss: 540.632, MSE-Loss: 535.546, KL-Loss: 4.266, Kmeans-Loss: 0.820
INFO:root:

INFO:root:Epoch: 6, Epochs on convergence counter: 5
INFO:root:Train: 
INFO:root:In the training loop. Epoch: 6
INFO:root:22:06:46
INFO:root:Train loss: 4652.123, MSE-Loss: 1334.548, MSE-Future-Loss 3311.573, KL-Loss: 5.039, Kmeans-Loss: 0.970, weight: 0.86
INFO:root:Test loss: 536.902, MSE-Loss: 530.871, KL-Loss: 5.045, Kmeans-Loss: 0.986
INFO:root:

INFO:root:Epoch: 7, Epochs on convergence counter: 6
INFO:root:Train: 
INFO:root:In the training loop. Epoch: 7
INFO:root:22:16:20
INFO:root:Train loss: 4589.854, MSE-Loss: 1315.799, MSE-Future-Loss 3267.519, KL-Loss: 5.472, Kmeans-Loss: 1.060, weight: 0.94
INFO:root:Test loss: 512.510, MSE-Loss: 505.866, KL-Loss: 5.556, Kmeans-Loss: 1.088
INFO:root:

INFO:root:Epoch: 8, Epochs on convergence counter: 7
INFO:root:Train: 
INFO:root:In the training loop. Epoch: 8
INFO:root:22:25:56
INFO:root:Train loss: 4530.216, MSE-Loss: 1301.261, MSE-Future-Loss 3222.198, KL-Loss: 5.646, Kmeans-Loss: 1.106, weight: 0.97
INFO:root:Test loss: 501.647, MSE-Loss: 494.788, KL-Loss: 5.728, Kmeans-Loss: 1.131
INFO:root:

INFO:root:Epoch: 9, Epochs on convergence counter: 8
INFO:root:Train: 
INFO:root:In the training loop. Epoch: 9
INFO:root:22:35:32
INFO:root:Train loss: 4462.890, MSE-Loss: 1285.264, MSE-Future-Loss 3170.766, KL-Loss: 5.731, Kmeans-Loss: 1.128, weight: 0.99
INFO:root:Test loss: 504.983, MSE-Loss: 497.910, KL-Loss: 5.919, Kmeans-Loss: 1.155
INFO:root:

INFO:root:Epoch: 10, Epochs on convergence counter: 9
INFO:root:Train: 
INFO:root:In the training loop. Epoch: 10
INFO:root:22:45:09
INFO:root:Train loss: 4388.397, MSE-Loss: 1273.846, MSE-Future-Loss 3107.639, KL-Loss: 5.764, Kmeans-Loss: 1.145, weight: 1.00
INFO:root:Test loss: 506.124, MSE-Loss: 499.059, KL-Loss: 5.898, Kmeans-Loss: 1.167
INFO:root:Saving model!
INFO:root:

INFO:root:Epoch: 11, Epochs on convergence counter: 0
INFO:root:Train: 
INFO:root:In the training loop. Epoch: 11
INFO:root:22:54:50
INFO:root:Train loss: 4320.775, MSE-Loss: 1260.917, MSE-Future-Loss 3052.943, KL-Loss: 5.756, Kmeans-Loss: 1.155, weight: 1.00
INFO:root:Test loss: 504.670, MSE-Loss: 497.605, KL-Loss: 5.882, Kmeans-Loss: 1.183
INFO:root:Saving model!
INFO:root:

INFO:root:Epoch: 12, Epochs on convergence counter: 0
INFO:root:Train: 
INFO:root:In the training loop. Epoch: 12
INFO:root:23:04:31
INFO:root:Train loss: 4246.682, MSE-Loss: 1252.988, MSE-Future-Loss 2986.756, KL-Loss: 5.777, Kmeans-Loss: 1.162, weight: 1.00
INFO:root:Test loss: 501.009, MSE-Loss: 493.851, KL-Loss: 5.963, Kmeans-Loss: 1.195
INFO:root:Saving model!
INFO:root:

INFO:root:Epoch: 13, Epochs on convergence counter: 0
INFO:root:Train: 
INFO:root:In the training loop. Epoch: 13
INFO:root:23:14:14
INFO:root:Train loss: 4160.524, MSE-Loss: 1245.033, MSE-Future-Loss 2908.563, KL-Loss: 5.764, Kmeans-Loss: 1.169, weight: 1.00
INFO:root:Test loss: 498.346, MSE-Loss: 491.202, KL-Loss: 5.947, Kmeans-Loss: 1.196
INFO:root:Saving model!
INFO:root:

INFO:root:Epoch: 14, Epochs on convergence counter: 0
INFO:root:Train: 
INFO:root:In the training loop. Epoch: 14
INFO:root:23:23:57
INFO:root:Train loss: 4078.091, MSE-Loss: 1237.805, MSE-Future-Loss 2833.334, KL-Loss: 5.777, Kmeans-Loss: 1.175, weight: 1.00
INFO:root:Test loss: 491.577, MSE-Loss: 484.367, KL-Loss: 6.006, Kmeans-Loss: 1.204
INFO:root:Saving model!
INFO:root:

INFO:root:Epoch: 15, Epochs on convergence counter: 0
INFO:root:Train: 
INFO:root:In the training loop. Epoch: 15
INFO:root:23:33:45
INFO:root:Train loss: 3985.526, MSE-Loss: 1227.839, MSE-Future-Loss 2750.740, KL-Loss: 5.765, Kmeans-Loss: 1.182, weight: 1.00
INFO:root:Test loss: 490.400, MSE-Loss: 483.276, KL-Loss: 5.912, Kmeans-Loss: 1.211
INFO:root:Saving model!
INFO:root:Saving model snapshot!

INFO:root:

INFO:root:Epoch: 16, Epochs on convergence counter: 0
INFO:root:Train: 
INFO:root:In the training loop. Epoch: 16
INFO:root:23:43:31
INFO:root:Train loss: 3893.643, MSE-Loss: 1220.453, MSE-Future-Loss 2666.236, KL-Loss: 5.769, Kmeans-Loss: 1.188, weight: 1.00
INFO:root:Test loss: 490.383, MSE-Loss: 483.233, KL-Loss: 5.939, Kmeans-Loss: 1.211
INFO:root:Saving model!
INFO:root:

INFO:root:Epoch: 17, Epochs on convergence counter: 0
INFO:root:Train: 
INFO:root:In the training loop. Epoch: 17
INFO:root:23:53:18
INFO:root:Train loss: 3802.711, MSE-Loss: 1215.060, MSE-Future-Loss 2580.681, KL-Loss: 5.778, Kmeans-Loss: 1.195, weight: 1.00
INFO:root:Test loss: 487.912, MSE-Loss: 480.844, KL-Loss: 5.851, Kmeans-Loss: 1.217
INFO:root:Saving model!
INFO:root:

INFO:root:Epoch: 18, Epochs on convergence counter: 0
INFO:root:Train: 
INFO:root:In the training loop. Epoch: 18
INFO:root:00:03:07
INFO:root:Train loss: 3696.789, MSE-Loss: 1205.556, MSE-Future-Loss 2484.266, KL-Loss: 5.767, Kmeans-Loss: 1.200, weight: 1.00
INFO:root:Test loss: 492.829, MSE-Loss: 485.766, KL-Loss: 5.842, Kmeans-Loss: 1.221
INFO:root:

INFO:root:Epoch: 19, Epochs on convergence counter: 1
INFO:root:Train: 
INFO:root:In the training loop. Epoch: 19
INFO:root:00:12:57
INFO:root:Train loss: 3597.393, MSE-Loss: 1195.319, MSE-Future-Loss 2395.088, KL-Loss: 5.784, Kmeans-Loss: 1.204, weight: 1.00
INFO:root:Test loss: 496.574, MSE-Loss: 489.340, KL-Loss: 6.008, Kmeans-Loss: 1.226
INFO:root:

INFO:root:Epoch: 20, Epochs on convergence counter: 2
INFO:root:Train: 
INFO:root:In the training loop. Epoch: 20
INFO:root:00:22:46
INFO:root:Train loss: 3500.758, MSE-Loss: 1191.744, MSE-Future-Loss 2302.013, KL-Loss: 5.794, Kmeans-Loss: 1.206, weight: 1.00
INFO:root:Test loss: 490.903, MSE-Loss: 483.522, KL-Loss: 6.147, Kmeans-Loss: 1.234
INFO:root:

INFO:root:Epoch: 21, Epochs on convergence counter: 3
INFO:root:Train: 
INFO:root:In the training loop. Epoch: 21
INFO:root:00:32:40
INFO:root:Train loss: 3406.430, MSE-Loss: 1181.579, MSE-Future-Loss 2217.839, KL-Loss: 5.802, Kmeans-Loss: 1.208, weight: 1.00
INFO:root:Test loss: 493.986, MSE-Loss: 486.858, KL-Loss: 5.896, Kmeans-Loss: 1.232
INFO:root:

INFO:root:Epoch: 22, Epochs on convergence counter: 4
INFO:root:Train: 
INFO:root:In the training loop. Epoch: 22
INFO:root:00:42:33
INFO:root:Train loss: 3320.988, MSE-Loss: 1176.387, MSE-Future-Loss 2137.568, KL-Loss: 5.823, Kmeans-Loss: 1.211, weight: 1.00
INFO:root:Test loss: 490.222, MSE-Loss: 482.939, KL-Loss: 6.056, Kmeans-Loss: 1.227
INFO:root:

INFO:root:Epoch: 23, Epochs on convergence counter: 5
INFO:root:Train: 
INFO:root:In the training loop. Epoch: 23
INFO:root:00:52:24
INFO:root:Train loss: 3245.970, MSE-Loss: 1167.438, MSE-Future-Loss 2071.489, KL-Loss: 5.831, Kmeans-Loss: 1.209, weight: 1.00
INFO:root:Test loss: 484.329, MSE-Loss: 477.038, KL-Loss: 6.058, Kmeans-Loss: 1.233
INFO:root:Saving model!
INFO:root:

INFO:root:Epoch: 24, Epochs on convergence counter: 0
INFO:root:Train: 
INFO:root:In the training loop. Epoch: 24
INFO:root:01:02:17
INFO:root:Train loss: 3168.322, MSE-Loss: 1160.428, MSE-Future-Loss 2000.846, KL-Loss: 5.840, Kmeans-Loss: 1.208, weight: 1.00
INFO:root:Test loss: 485.372, MSE-Loss: 478.011, KL-Loss: 6.129, Kmeans-Loss: 1.231
INFO:root:

INFO:root:Epoch: 25, Epochs on convergence counter: 1
INFO:root:Train: 
INFO:root:In the training loop. Epoch: 25
INFO:root:01:12:08
INFO:root:Train loss: 3083.584, MSE-Loss: 1150.373, MSE-Future-Loss 1926.143, KL-Loss: 5.862, Kmeans-Loss: 1.207, weight: 1.00
INFO:root:Test loss: 485.588, MSE-Loss: 478.338, KL-Loss: 6.019, Kmeans-Loss: 1.231
INFO:root:

INFO:root:Epoch: 26, Epochs on convergence counter: 2
INFO:root:Train: 
INFO:root:In the training loop. Epoch: 26
INFO:root:01:22:00
INFO:root:Train loss: 3026.714, MSE-Loss: 1145.972, MSE-Future-Loss 1873.664, KL-Loss: 5.875, Kmeans-Loss: 1.205, weight: 1.00
INFO:root:Test loss: 484.570, MSE-Loss: 477.155, KL-Loss: 6.187, Kmeans-Loss: 1.227
INFO:root:

INFO:root:Epoch: 27, Epochs on convergence counter: 3
INFO:root:Train: 
INFO:root:In the training loop. Epoch: 27
INFO:root:01:31:53
INFO:root:Train loss: 2965.857, MSE-Loss: 1140.533, MSE-Future-Loss 1818.233, KL-Loss: 5.884, Kmeans-Loss: 1.204, weight: 1.00
INFO:root:Test loss: 483.417, MSE-Loss: 476.148, KL-Loss: 6.046, Kmeans-Loss: 1.224
INFO:root:Saving model!
INFO:root:

INFO:root:Epoch: 28, Epochs on convergence counter: 0
INFO:root:Train: 
INFO:root:In the training loop. Epoch: 28
INFO:root:01:41:45
INFO:root:Train loss: 2912.292, MSE-Loss: 1132.141, MSE-Future-Loss 1773.066, KL-Loss: 5.882, Kmeans-Loss: 1.202, weight: 1.00
INFO:root:Test loss: 481.781, MSE-Loss: 474.474, KL-Loss: 6.088, Kmeans-Loss: 1.219
INFO:root:Saving model!
INFO:root:

INFO:root:Epoch: 29, Epochs on convergence counter: 0
INFO:root:Train: 
INFO:root:In the training loop. Epoch: 29
INFO:root:01:51:40
INFO:root:Train loss: 2874.713, MSE-Loss: 1128.664, MSE-Future-Loss 1738.948, KL-Loss: 5.900, Kmeans-Loss: 1.200, weight: 1.00
INFO:root:Test loss: 481.399, MSE-Loss: 474.061, KL-Loss: 6.124, Kmeans-Loss: 1.214
INFO:root:Saving model!
INFO:root:

INFO:root:Epoch: 30, Epochs on convergence counter: 0
INFO:root:Train: 
INFO:root:In the training loop. Epoch: 30
INFO:root:02:01:34
INFO:root:Train loss: 2832.736, MSE-Loss: 1122.798, MSE-Future-Loss 1702.835, KL-Loss: 5.906, Kmeans-Loss: 1.196, weight: 1.00
INFO:root:Test loss: 480.787, MSE-Loss: 473.388, KL-Loss: 6.185, Kmeans-Loss: 1.213
INFO:root:Saving model!
INFO:root:Saving model snapshot!

INFO:root:

INFO:root:Epoch: 31, Epochs on convergence counter: 0
INFO:root:Train: 
INFO:root:In the training loop. Epoch: 31
INFO:root:02:11:27
INFO:root:Train loss: 2784.468, MSE-Loss: 1118.853, MSE-Future-Loss 1658.494, KL-Loss: 5.927, Kmeans-Loss: 1.193, weight: 1.00
INFO:root:Test loss: 485.627, MSE-Loss: 478.250, KL-Loss: 6.165, Kmeans-Loss: 1.212
INFO:root:

INFO:root:Epoch: 32, Epochs on convergence counter: 1
INFO:root:Train: 
INFO:root:In the training loop. Epoch: 32
INFO:root:02:21:20
INFO:root:Train loss: 2721.624, MSE-Loss: 1108.499, MSE-Future-Loss 1606.004, KL-Loss: 5.929, Kmeans-Loss: 1.191, weight: 1.00
INFO:root:Test loss: 484.998, MSE-Loss: 477.547, KL-Loss: 6.242, Kmeans-Loss: 1.209
INFO:root:

INFO:root:Epoch: 33, Epochs on convergence counter: 2
INFO:root:Train: 
INFO:root:In the training loop. Epoch: 33
INFO:root:02:31:14
INFO:root:Train loss: 2684.550, MSE-Loss: 1104.085, MSE-Future-Loss 1573.352, KL-Loss: 5.926, Kmeans-Loss: 1.191, weight: 1.00
INFO:root:Test loss: 481.179, MSE-Loss: 473.864, KL-Loss: 6.107, Kmeans-Loss: 1.208
INFO:root:

INFO:root:Epoch: 34, Epochs on convergence counter: 3
INFO:root:Train: 
INFO:root:In the training loop. Epoch: 34
INFO:root:02:41:06
INFO:root:Train loss: 2639.641, MSE-Loss: 1098.528, MSE-Future-Loss 1533.979, KL-Loss: 5.945, Kmeans-Loss: 1.190, weight: 1.00
INFO:root:Test loss: 486.120, MSE-Loss: 478.761, KL-Loss: 6.154, Kmeans-Loss: 1.205
INFO:root:

INFO:root:Epoch: 35, Epochs on convergence counter: 4
INFO:root:Train: 
INFO:root:In the training loop. Epoch: 35
INFO:root:02:50:59
INFO:root:Train loss: 2605.010, MSE-Loss: 1092.410, MSE-Future-Loss 1505.462, KL-Loss: 5.951, Kmeans-Loss: 1.188, weight: 1.00
INFO:root:Test loss: 486.872, MSE-Loss: 479.359, KL-Loss: 6.308, Kmeans-Loss: 1.205
INFO:root:

INFO:root:Epoch: 36, Epochs on convergence counter: 5
INFO:root:Train: 
INFO:root:In the training loop. Epoch: 36
INFO:root:03:00:52
INFO:root:Train loss: 2575.213, MSE-Loss: 1086.985, MSE-Future-Loss 1481.087, KL-Loss: 5.952, Kmeans-Loss: 1.188, weight: 1.00
INFO:root:Test loss: 484.285, MSE-Loss: 476.879, KL-Loss: 6.202, Kmeans-Loss: 1.204
INFO:root:

INFO:root:Epoch: 37, Epochs on convergence counter: 6
INFO:root:Train: 
INFO:root:In the training loop. Epoch: 37
INFO:root:03:10:44
INFO:root:Train loss: 2542.482, MSE-Loss: 1082.258, MSE-Future-Loss 1453.093, KL-Loss: 5.946, Kmeans-Loss: 1.185, weight: 1.00
INFO:root:Test loss: 484.946, MSE-Loss: 477.494, KL-Loss: 6.248, Kmeans-Loss: 1.204
INFO:root:

INFO:root:Epoch: 38, Epochs on convergence counter: 7
INFO:root:Train: 
INFO:root:In the training loop. Epoch: 38
INFO:root:03:20:38
INFO:root:Train loss: 2519.910, MSE-Loss: 1077.201, MSE-Future-Loss 1435.567, KL-Loss: 5.957, Kmeans-Loss: 1.183, weight: 1.00
INFO:root:Test loss: 481.940, MSE-Loss: 474.466, KL-Loss: 6.275, Kmeans-Loss: 1.199
INFO:root:

INFO:root:Epoch: 39, Epochs on convergence counter: 8
INFO:root:Train: 
INFO:root:In the training loop. Epoch: 39
INFO:root:03:30:31
INFO:root:Train loss: 2497.796, MSE-Loss: 1075.288, MSE-Future-Loss 1415.366, KL-Loss: 5.960, Kmeans-Loss: 1.181, weight: 1.00
INFO:root:Test loss: 487.427, MSE-Loss: 480.073, KL-Loss: 6.159, Kmeans-Loss: 1.196
INFO:root:

INFO:root:Epoch: 40, Epochs on convergence counter: 9
INFO:root:Train: 
INFO:root:In the training loop. Epoch: 40
INFO:root:03:40:23
INFO:root:Train loss: 2480.055, MSE-Loss: 1071.213, MSE-Future-Loss 1401.712, KL-Loss: 5.952, Kmeans-Loss: 1.180, weight: 1.00
INFO:root:Test loss: 485.939, MSE-Loss: 478.533, KL-Loss: 6.215, Kmeans-Loss: 1.191
INFO:root:

INFO:root:Epoch: 41, Epochs on convergence counter: 10
INFO:root:Train: 
INFO:root:In the training loop. Epoch: 41
INFO:root:03:50:17
INFO:root:Train loss: 2454.451, MSE-Loss: 1065.749, MSE-Future-Loss 1381.558, KL-Loss: 5.965, Kmeans-Loss: 1.176, weight: 1.00
INFO:root:Test loss: 483.125, MSE-Loss: 475.802, KL-Loss: 6.127, Kmeans-Loss: 1.196
INFO:root:

INFO:root:Epoch: 42, Epochs on convergence counter: 11
INFO:root:Train: 
INFO:root:In the training loop. Epoch: 42
INFO:root:04:00:10
INFO:root:Train loss: 2431.933, MSE-Loss: 1062.022, MSE-Future-Loss 1362.762, KL-Loss: 5.971, Kmeans-Loss: 1.176, weight: 1.00
INFO:root:Test loss: 486.202, MSE-Loss: 478.822, KL-Loss: 6.188, Kmeans-Loss: 1.192
INFO:root:

INFO:root:Epoch: 43, Epochs on convergence counter: 12
INFO:root:Train: 
INFO:root:In the training loop. Epoch: 43
INFO:root:04:10:02
INFO:root:Train loss: 2405.912, MSE-Loss: 1057.763, MSE-Future-Loss 1340.999, KL-Loss: 5.973, Kmeans-Loss: 1.175, weight: 1.00
INFO:root:Test loss: 485.867, MSE-Loss: 478.429, KL-Loss: 6.245, Kmeans-Loss: 1.193
INFO:root:

INFO:root:Epoch: 44, Epochs on convergence counter: 13
INFO:root:Train: 
INFO:root:In the training loop. Epoch: 44
INFO:root:04:19:55
INFO:root:Train loss: 2387.418, MSE-Loss: 1055.978, MSE-Future-Loss 1324.282, KL-Loss: 5.985, Kmeans-Loss: 1.173, weight: 1.00
INFO:root:Test loss: 485.073, MSE-Loss: 477.690, KL-Loss: 6.193, Kmeans-Loss: 1.189
INFO:root:

INFO:root:Epoch: 45, Epochs on convergence counter: 14
INFO:root:Train: 
INFO:root:In the training loop. Epoch: 45
INFO:root:04:29:49
INFO:root:Train loss: 2373.414, MSE-Loss: 1050.191, MSE-Future-Loss 1316.066, KL-Loss: 5.983, Kmeans-Loss: 1.172, weight: 1.00
INFO:root:Test loss: 486.152, MSE-Loss: 478.836, KL-Loss: 6.130, Kmeans-Loss: 1.186
INFO:root:Saving model snapshot!

INFO:root:

INFO:root:Epoch: 46, Epochs on convergence counter: 15
INFO:root:Train: 
INFO:root:In the training loop. Epoch: 46
INFO:root:04:39:43
INFO:root:Train loss: 2354.777, MSE-Loss: 1046.017, MSE-Future-Loss 1301.604, KL-Loss: 5.986, Kmeans-Loss: 1.170, weight: 1.00
INFO:root:Test loss: 487.557, MSE-Loss: 480.068, KL-Loss: 6.299, Kmeans-Loss: 1.190
INFO:root:

INFO:root:Epoch: 47, Epochs on convergence counter: 16
INFO:root:Train: 
INFO:root:In the training loop. Epoch: 47
INFO:root:04:49:36
INFO:root:Train loss: 2336.590, MSE-Loss: 1044.105, MSE-Future-Loss 1285.332, KL-Loss: 5.986, Kmeans-Loss: 1.168, weight: 1.00
INFO:root:Test loss: 484.567, MSE-Loss: 477.149, KL-Loss: 6.234, Kmeans-Loss: 1.185
INFO:root:

INFO:root:Epoch: 48, Epochs on convergence counter: 17
INFO:root:Train: 
INFO:root:In the training loop. Epoch: 48
INFO:root:04:59:31
INFO:root:Train loss: 2318.427, MSE-Loss: 1039.473, MSE-Future-Loss 1271.800, KL-Loss: 5.989, Kmeans-Loss: 1.168, weight: 1.00
INFO:root:Test loss: 485.535, MSE-Loss: 478.089, KL-Loss: 6.261, Kmeans-Loss: 1.185
INFO:root:

INFO:root:Epoch: 49, Epochs on convergence counter: 18
INFO:root:Train: 
INFO:root:In the training loop. Epoch: 49
INFO:root:05:09:24
INFO:root:Train loss: 2308.402, MSE-Loss: 1037.665, MSE-Future-Loss 1263.580, KL-Loss: 5.992, Kmeans-Loss: 1.166, weight: 1.00
INFO:root:Test loss: 489.811, MSE-Loss: 482.474, KL-Loss: 6.158, Kmeans-Loss: 1.179
INFO:root:

INFO:root:Epoch: 50, Epochs on convergence counter: 19
INFO:root:Train: 
INFO:root:In the training loop. Epoch: 50
INFO:root:05:19:17
INFO:root:Train loss: 2291.384, MSE-Loss: 1033.068, MSE-Future-Loss 1251.149, KL-Loss: 6.002, Kmeans-Loss: 1.165, weight: 1.00
INFO:root:Test loss: 492.816, MSE-Loss: 485.332, KL-Loss: 6.306, Kmeans-Loss: 1.178
INFO:root:

INFO:root:Epoch: 51, Epochs on convergence counter: 20
INFO:root:Train: 
INFO:root:In the training loop. Epoch: 51
INFO:root:05:29:11
INFO:root:Train loss: 2294.646, MSE-Loss: 1032.777, MSE-Future-Loss 1254.712, KL-Loss: 5.995, Kmeans-Loss: 1.163, weight: 1.00
INFO:root:Test loss: 492.059, MSE-Loss: 484.573, KL-Loss: 6.311, Kmeans-Loss: 1.175
INFO:root:

INFO:root:Epoch: 52, Epochs on convergence counter: 21
INFO:root:Train: 
INFO:root:In the training loop. Epoch: 52
INFO:root:05:39:03
INFO:root:Train loss: 2268.214, MSE-Loss: 1028.153, MSE-Future-Loss 1232.903, KL-Loss: 5.996, Kmeans-Loss: 1.162, weight: 1.00
INFO:root:Test loss: 485.071, MSE-Loss: 477.684, KL-Loss: 6.211, Kmeans-Loss: 1.176
INFO:root:

INFO:root:Epoch: 53, Epochs on convergence counter: 22
INFO:root:Train: 
INFO:root:In the training loop. Epoch: 53
INFO:root:05:48:59
INFO:root:Train loss: 2254.671, MSE-Loss: 1025.891, MSE-Future-Loss 1221.620, KL-Loss: 5.999, Kmeans-Loss: 1.161, weight: 1.00
INFO:root:Test loss: 486.998, MSE-Loss: 479.564, KL-Loss: 6.259, Kmeans-Loss: 1.176
INFO:root:

INFO:root:Epoch: 54, Epochs on convergence counter: 23
INFO:root:Train: 
INFO:root:In the training loop. Epoch: 54
INFO:root:05:58:53
INFO:root:Train loss: 2249.079, MSE-Loss: 1026.161, MSE-Future-Loss 1215.757, KL-Loss: 6.002, Kmeans-Loss: 1.160, weight: 1.00
INFO:root:Test loss: 490.221, MSE-Loss: 482.826, KL-Loss: 6.220, Kmeans-Loss: 1.175
INFO:root:

INFO:root:Epoch: 55, Epochs on convergence counter: 24
INFO:root:Train: 
INFO:root:In the training loop. Epoch: 55
INFO:root:06:08:47
INFO:root:Train loss: 2233.344, MSE-Loss: 1021.361, MSE-Future-Loss 1204.821, KL-Loss: 6.005, Kmeans-Loss: 1.158, weight: 1.00
INFO:root:Test loss: 485.804, MSE-Loss: 478.374, KL-Loss: 6.258, Kmeans-Loss: 1.171
INFO:root:

INFO:root:Epoch: 56, Epochs on convergence counter: 25
INFO:root:Train: 
INFO:root:In the training loop. Epoch: 56
INFO:root:06:18:41
INFO:root:Train loss: 2214.764, MSE-Loss: 1014.960, MSE-Future-Loss 1192.628, KL-Loss: 6.019, Kmeans-Loss: 1.156, weight: 1.00
INFO:root:Test loss: 488.931, MSE-Loss: 481.515, KL-Loss: 6.245, Kmeans-Loss: 1.171
INFO:root:

INFO:root:Finished training...
INFO:root:Model converged. Please check your model with vame.evaluate_model(). 
You can also re-run vame.trainmodel() to further improve your model. 
Make sure to set _pretrained_weights_ in your config.yaml to "true" 
and plug your current model name into _pretrained_model_. 
Hint: Set "model_convergence" in your config.yaml to a higher value. 

Next: 
Use vame.pose_segmentation() to identify behavioral motifs in your dataset!
INFO:root:Train Variational Autoencoder - model name: VAME_15prcnt_sweep 

INFO:root:Latent Dimensions: 20, Time window: 30, Batch Size: 1024, Beta: 1, lr: 0.0001

INFO:root:Scheduler step size: 100, Scheduler gamma: 0.20, Scheduler Threshold: 0.01000

INFO:root:Start training... 
INFO:root:Epoch: 1, Epochs on convergence counter: 0
INFO:root:Train: 
INFO:root:In the training loop. Epoch: 1
INFO:root:06:26:39
INFO:root:Train loss: 165365.429, MSE-Loss: 77294.772, MSE-Future-Loss 88070.664, KL-Loss: 0.000, Kmeans-Loss: 0.000, weight: 0.00
INFO:root:Test loss: 21219.885, MSE-Loss: 21219.885, KL-Loss: 0.000, Kmeans-Loss: 0.000
INFO:root:

INFO:root:Epoch: 2, Epochs on convergence counter: 1
INFO:root:Train: 
INFO:root:In the training loop. Epoch: 2
INFO:root:06:33:30
INFO:root:Train loss: 94113.963, MSE-Loss: 35029.019, MSE-Future-Loss 59084.926, KL-Loss: 0.000, Kmeans-Loss: 0.000, weight: 0.00
INFO:root:Test loss: 27783.669, MSE-Loss: 27783.669, KL-Loss: 0.000, Kmeans-Loss: 0.000
INFO:root:

INFO:root:Epoch: 3, Epochs on convergence counter: 2
INFO:root:Train: 
INFO:root:In the training loop. Epoch: 3
INFO:root:06:40:20
INFO:root:Train loss: 87101.501, MSE-Loss: 31269.270, MSE-Future-Loss 55824.270, KL-Loss: 6.265, Kmeans-Loss: 1.733, weight: 0.25
INFO:root:Test loss: 33944.272, MSE-Loss: 33939.587, KL-Loss: 3.456, Kmeans-Loss: 1.229
INFO:root:

INFO:root:Epoch: 4, Epochs on convergence counter: 3
INFO:root:Train: 
INFO:root:In the training loop. Epoch: 4
INFO:root:Train Variational Autoencoder - model name: VAME_15prcnt_sweep 

INFO:root:Latent Dimensions: 30, Time window: 60, Batch Size: 1024, Beta: 1, lr: 0.0050

INFO:root:Scheduler step size: 100, Scheduler gamma: 0.20, Scheduler Threshold: 0.00100

INFO:root:Start training... 
INFO:root:Epoch: 1, Epochs on convergence counter: 0
INFO:root:Train: 
INFO:root:In the training loop. Epoch: 1
INFO:root:06:49:57
INFO:root:Train loss: 158857.631, MSE-Loss: 74775.571, MSE-Future-Loss 84082.047, KL-Loss: 0.000, Kmeans-Loss: 0.000, weight: 0.00
INFO:root:Test loss: 11486.540, MSE-Loss: 11486.540, KL-Loss: 0.000, Kmeans-Loss: 0.000
INFO:root:

INFO:root:Epoch: 2, Epochs on convergence counter: 1
INFO:root:Train: 
INFO:root:In the training loop. Epoch: 2
INFO:root:06:58:39
INFO:root:Train loss: 95539.412, MSE-Loss: 33687.377, MSE-Future-Loss 61852.086, KL-Loss: 0.000, Kmeans-Loss: 0.000, weight: 0.00
INFO:root:Test loss: 8865.135, MSE-Loss: 8865.135, KL-Loss: 0.000, Kmeans-Loss: 0.000
INFO:root:

INFO:root:Epoch: 3, Epochs on convergence counter: 2
INFO:root:Train: 
INFO:root:In the training loop. Epoch: 3
INFO:root:07:07:27
INFO:root:Train loss: 86486.022, MSE-Loss: 27701.423, MSE-Future-Loss 58775.453, KL-Loss: 5.504, Kmeans-Loss: 3.679, weight: 0.25
INFO:root:Test loss: 8151.527, MSE-Loss: 8141.698, KL-Loss: 6.111, Kmeans-Loss: 3.719
INFO:root:

INFO:root:Epoch: 4, Epochs on convergence counter: 3
INFO:root:Train: 
INFO:root:In the training loop. Epoch: 4
INFO:root:Train Variational Autoencoder - model name: VAME_15prcnt_sweep 

INFO:root:Latent Dimensions: 15, Time window: 30, Batch Size: 256, Beta: 1, lr: 0.0010

INFO:root:Scheduler step size: 100, Scheduler gamma: 0.20, Scheduler Threshold: 0.10000

INFO:root:Start training... 
INFO:root:Epoch: 1, Epochs on convergence counter: 0
INFO:root:Train: 
INFO:root:In the training loop. Epoch: 1
INFO:root:07:13:11
INFO:root:Train loss: 19246.431, MSE-Loss: 3639.875, MSE-Future-Loss 15606.554, KL-Loss: 0.000, Kmeans-Loss: 0.000, weight: 0.00
INFO:root:Test loss: 903.113, MSE-Loss: 903.113, KL-Loss: 0.000, Kmeans-Loss: 0.000
INFO:root:

INFO:root:Epoch: 2, Epochs on convergence counter: 1
INFO:root:Train: 
INFO:root:In the training loop. Epoch: 2
INFO:root:07:17:49
INFO:root:Train loss: 16523.568, MSE-Loss: 2344.112, MSE-Future-Loss 14179.419, KL-Loss: 0.000, Kmeans-Loss: 0.000, weight: 0.00
INFO:root:Test loss: 882.160, MSE-Loss: 882.160, KL-Loss: 0.000, Kmeans-Loss: 0.000
INFO:root:

INFO:root:Epoch: 3, Epochs on convergence counter: 2
INFO:root:Train: 
INFO:root:In the training loop. Epoch: 3
INFO:root:07:22:33
INFO:root:Train loss: 16123.325, MSE-Loss: 2261.201, MSE-Future-Loss 13860.143, KL-Loss: 1.706, Kmeans-Loss: 0.278, weight: 0.29
INFO:root:Test loss: 804.336, MSE-Loss: 802.133, KL-Loss: 1.918, Kmeans-Loss: 0.285
INFO:root:

INFO:root:Epoch: 4, Epochs on convergence counter: 3
INFO:root:Train: 
INFO:root:In the training loop. Epoch: 4
INFO:root:07:27:17
INFO:root:Train loss: 15796.512, MSE-Loss: 2200.948, MSE-Future-Loss 13592.150, KL-Loss: 2.938, Kmeans-Loss: 0.480, weight: 0.50
INFO:root:Test loss: 792.522, MSE-Loss: 788.749, KL-Loss: 3.282, Kmeans-Loss: 0.492
INFO:root:

INFO:root:Epoch: 5, Epochs on convergence counter: 4
INFO:root:Train: 
INFO:root:In the training loop. Epoch: 5
INFO:root:07:32:03
INFO:root:Train loss: 15569.736, MSE-Loss: 2168.214, MSE-Future-Loss 13396.721, KL-Loss: 4.140, Kmeans-Loss: 0.684, weight: 0.71
INFO:root:Test loss: 790.433, MSE-Loss: 785.020, KL-Loss: 4.707, Kmeans-Loss: 0.706
INFO:root:

INFO:root:Epoch: 6, Epochs on convergence counter: 5
INFO:root:Train: 
INFO:root:In the training loop. Epoch: 6
INFO:root:07:36:50
INFO:root:Train loss: 15340.290, MSE-Loss: 2142.271, MSE-Future-Loss 13192.234, KL-Loss: 4.953, Kmeans-Loss: 0.831, weight: 0.86
INFO:root:Test loss: 775.108, MSE-Loss: 768.809, KL-Loss: 5.450, Kmeans-Loss: 0.849
INFO:root:

INFO:root:Epoch: 7, Epochs on convergence counter: 6
INFO:root:Train: 
INFO:root:In the training loop. Epoch: 7
INFO:root:07:41:38
INFO:root:Train loss: 15118.433, MSE-Loss: 2118.152, MSE-Future-Loss 12993.979, KL-Loss: 5.372, Kmeans-Loss: 0.912, weight: 0.94
INFO:root:Test loss: 769.447, MSE-Loss: 762.523, KL-Loss: 5.982, Kmeans-Loss: 0.941
INFO:root:

INFO:root:Epoch: 8, Epochs on convergence counter: 7
INFO:root:Train: 
INFO:root:In the training loop. Epoch: 8
INFO:root:07:46:28
INFO:root:Train loss: 14896.001, MSE-Loss: 2102.896, MSE-Future-Loss 12786.584, KL-Loss: 5.587, Kmeans-Loss: 0.958, weight: 0.97
INFO:root:Test loss: 765.105, MSE-Loss: 757.872, KL-Loss: 6.237, Kmeans-Loss: 0.996
INFO:root:

INFO:root:Epoch: 9, Epochs on convergence counter: 8
INFO:root:Train: 
INFO:root:In the training loop. Epoch: 9
INFO:root:07:51:19
INFO:root:Train loss: 14646.212, MSE-Loss: 2089.355, MSE-Future-Loss 12550.203, KL-Loss: 5.667, Kmeans-Loss: 0.982, weight: 0.99
INFO:root:Test loss: 780.006, MSE-Loss: 772.588, KL-Loss: 6.406, Kmeans-Loss: 1.012
INFO:root:

INFO:root:Epoch: 10, Epochs on convergence counter: 9
INFO:root:Train: 
INFO:root:In the training loop. Epoch: 10
INFO:root:07:56:10
INFO:root:Train loss: 14374.629, MSE-Loss: 2082.093, MSE-Future-Loss 12285.845, KL-Loss: 5.694, Kmeans-Loss: 0.998, weight: 1.00
INFO:root:Test loss: 775.524, MSE-Loss: 768.168, KL-Loss: 6.332, Kmeans-Loss: 1.025
INFO:root:Saving model!
INFO:root:

INFO:root:Epoch: 11, Epochs on convergence counter: 0
INFO:root:Train: 
INFO:root:In the training loop. Epoch: 11
INFO:root:08:01:02
INFO:root:Train loss: 14139.204, MSE-Loss: 2073.135, MSE-Future-Loss 12059.354, KL-Loss: 5.700, Kmeans-Loss: 1.010, weight: 1.00
INFO:root:Test loss: 772.430, MSE-Loss: 765.090, KL-Loss: 6.290, Kmeans-Loss: 1.050
INFO:root:Saving model!
INFO:root:

INFO:root:Epoch: 12, Epochs on convergence counter: 0
INFO:root:Train: 
INFO:root:In the training loop. Epoch: 12
INFO:root:08:05:56
INFO:root:Train loss: 13853.494, MSE-Loss: 2061.010, MSE-Future-Loss 11785.781, KL-Loss: 5.693, Kmeans-Loss: 1.025, weight: 1.00
INFO:root:Test loss: 778.023, MSE-Loss: 770.530, KL-Loss: 6.428, Kmeans-Loss: 1.065
INFO:root:

INFO:root:Epoch: 13, Epochs on convergence counter: 1
INFO:root:Train: 
INFO:root:In the training loop. Epoch: 13
INFO:root:08:10:50
INFO:root:Train loss: 13576.262, MSE-Loss: 2058.643, MSE-Future-Loss 11510.838, KL-Loss: 5.732, Kmeans-Loss: 1.032, weight: 1.00
INFO:root:Test loss: 786.168, MSE-Loss: 778.710, KL-Loss: 6.380, Kmeans-Loss: 1.078
INFO:root:

INFO:root:Epoch: 14, Epochs on convergence counter: 2
INFO:root:Train: 
INFO:root:In the training loop. Epoch: 14
INFO:root:08:15:46
INFO:root:Train loss: 13335.500, MSE-Loss: 2053.116, MSE-Future-Loss 11275.610, KL-Loss: 5.724, Kmeans-Loss: 1.039, weight: 1.00
INFO:root:Test loss: 777.329, MSE-Loss: 769.888, KL-Loss: 6.356, Kmeans-Loss: 1.085
INFO:root:

INFO:root:Epoch: 15, Epochs on convergence counter: 3
INFO:root:Train: 
INFO:root:In the training loop. Epoch: 15
INFO:root:08:20:43
INFO:root:Train loss: 13142.680, MSE-Loss: 2049.476, MSE-Future-Loss 11086.342, KL-Loss: 5.799, Kmeans-Loss: 1.047, weight: 1.00
INFO:root:Test loss: 774.150, MSE-Loss: 766.624, KL-Loss: 6.435, Kmeans-Loss: 1.091
INFO:root:Saving model snapshot!

INFO:root:

INFO:root:Epoch: 16, Epochs on convergence counter: 4
INFO:root:Train: 
INFO:root:In the training loop. Epoch: 16
INFO:root:08:25:38
INFO:root:Train loss: 12851.352, MSE-Loss: 2033.721, MSE-Future-Loss 10810.771, KL-Loss: 5.794, Kmeans-Loss: 1.057, weight: 1.00
INFO:root:Test loss: 777.322, MSE-Loss: 769.955, KL-Loss: 6.271, Kmeans-Loss: 1.097
INFO:root:

INFO:root:Epoch: 17, Epochs on convergence counter: 5
INFO:root:Train: 
INFO:root:In the training loop. Epoch: 17
INFO:root:08:30:35
INFO:root:Train loss: 12594.790, MSE-Loss: 2028.502, MSE-Future-Loss 10559.401, KL-Loss: 5.839, Kmeans-Loss: 1.057, weight: 1.00
INFO:root:Test loss: 771.086, MSE-Loss: 763.639, KL-Loss: 6.344, Kmeans-Loss: 1.103
INFO:root:Saving model!
INFO:root:

INFO:root:Epoch: 18, Epochs on convergence counter: 0
INFO:root:Train: 
INFO:root:In the training loop. Epoch: 18
INFO:root:08:35:31
INFO:root:Train loss: 12392.224, MSE-Loss: 2026.021, MSE-Future-Loss 10359.344, KL-Loss: 5.792, Kmeans-Loss: 1.064, weight: 1.00
INFO:root:Test loss: 791.202, MSE-Loss: 783.813, KL-Loss: 6.278, Kmeans-Loss: 1.111
INFO:root:

INFO:root:Epoch: 19, Epochs on convergence counter: 1
INFO:root:Train: 
INFO:root:In the training loop. Epoch: 19
INFO:root:08:40:26
INFO:root:Train loss: 12155.071, MSE-Loss: 2015.075, MSE-Future-Loss 10133.093, KL-Loss: 5.815, Kmeans-Loss: 1.068, weight: 1.00
INFO:root:Test loss: 790.006, MSE-Loss: 782.545, KL-Loss: 6.347, Kmeans-Loss: 1.114
INFO:root:

INFO:root:Epoch: 20, Epochs on convergence counter: 2
INFO:root:Train: 
INFO:root:In the training loop. Epoch: 20
INFO:root:08:45:22
INFO:root:Train loss: 11930.648, MSE-Loss: 2012.396, MSE-Future-Loss 9911.312, KL-Loss: 5.872, Kmeans-Loss: 1.072, weight: 1.00
INFO:root:Test loss: 779.324, MSE-Loss: 771.891, KL-Loss: 6.309, Kmeans-Loss: 1.123
INFO:root:

INFO:root:Epoch: 21, Epochs on convergence counter: 3
INFO:root:Train: 
INFO:root:In the training loop. Epoch: 21
INFO:root:08:50:18
INFO:root:Train loss: 11768.466, MSE-Loss: 2006.320, MSE-Future-Loss 9755.262, KL-Loss: 5.819, Kmeans-Loss: 1.076, weight: 1.00
INFO:root:Test loss: 786.802, MSE-Loss: 779.467, KL-Loss: 6.209, Kmeans-Loss: 1.125
INFO:root:

INFO:root:Epoch: 22, Epochs on convergence counter: 4
INFO:root:Train: 
INFO:root:In the training loop. Epoch: 22
INFO:root:08:55:13
INFO:root:Train loss: 11529.335, MSE-Loss: 2004.630, MSE-Future-Loss 9517.764, KL-Loss: 5.869, Kmeans-Loss: 1.079, weight: 1.00
INFO:root:Test loss: 784.205, MSE-Loss: 776.765, KL-Loss: 6.315, Kmeans-Loss: 1.125
INFO:root:

INFO:root:Epoch: 23, Epochs on convergence counter: 5
INFO:root:Train: 
INFO:root:In the training loop. Epoch: 23
INFO:root:09:00:09
INFO:root:Train loss: 11373.171, MSE-Loss: 1998.893, MSE-Future-Loss 9367.310, KL-Loss: 5.888, Kmeans-Loss: 1.081, weight: 1.00
INFO:root:Test loss: 782.246, MSE-Loss: 774.816, KL-Loss: 6.309, Kmeans-Loss: 1.122
INFO:root:

INFO:root:Epoch: 24, Epochs on convergence counter: 6
INFO:root:Train: 
INFO:root:In the training loop. Epoch: 24
INFO:root:09:05:06
INFO:root:Train loss: 11223.812, MSE-Loss: 1999.861, MSE-Future-Loss 9216.977, KL-Loss: 5.896, Kmeans-Loss: 1.083, weight: 1.00
INFO:root:Test loss: 790.935, MSE-Loss: 783.506, KL-Loss: 6.292, Kmeans-Loss: 1.137
INFO:root:

INFO:root:Epoch: 25, Epochs on convergence counter: 7
INFO:root:Train: 
INFO:root:In the training loop. Epoch: 25
INFO:root:09:10:03
INFO:root:Train loss: 11000.466, MSE-Loss: 1989.018, MSE-Future-Loss 9004.462, KL-Loss: 5.894, Kmeans-Loss: 1.083, weight: 1.00
INFO:root:Test loss: 786.044, MSE-Loss: 778.614, KL-Loss: 6.298, Kmeans-Loss: 1.131
INFO:root:

INFO:root:Epoch: 26, Epochs on convergence counter: 8
INFO:root:Train: 
INFO:root:In the training loop. Epoch: 26
INFO:root:09:14:58
INFO:root:Train loss: 10896.652, MSE-Loss: 1990.157, MSE-Future-Loss 8899.489, KL-Loss: 5.919, Kmeans-Loss: 1.085, weight: 1.00
INFO:root:Test loss: 791.643, MSE-Loss: 784.353, KL-Loss: 6.162, Kmeans-Loss: 1.128
INFO:root:

INFO:root:Epoch: 27, Epochs on convergence counter: 9
INFO:root:Train: 
INFO:root:In the training loop. Epoch: 27
INFO:root:09:19:55
INFO:root:Train loss: 10699.993, MSE-Loss: 1988.177, MSE-Future-Loss 8704.754, KL-Loss: 5.977, Kmeans-Loss: 1.085, weight: 1.00
INFO:root:Test loss: 792.201, MSE-Loss: 784.715, KL-Loss: 6.362, Kmeans-Loss: 1.124
INFO:root:

INFO:root:Epoch: 28, Epochs on convergence counter: 10
INFO:root:Train: 
INFO:root:In the training loop. Epoch: 28
INFO:root:Train Variational Autoencoder - model name: VAME_15prcnt_sweep 

INFO:root:Latent Dimensions: 10, Time window: 45, Batch Size: 512, Beta: 1, lr: 0.0010

INFO:root:Scheduler step size: 100, Scheduler gamma: 0.20, Scheduler Threshold: 0.01000

INFO:root:Start training... 
INFO:root:Epoch: 1, Epochs on convergence counter: 0
INFO:root:Train: 
INFO:root:In the training loop. Epoch: 1
INFO:root:09:30:07
INFO:root:Train loss: 25672.184, MSE-Loss: 15556.111, MSE-Future-Loss 10116.066, KL-Loss: 0.000, Kmeans-Loss: 0.000, weight: 0.00
INFO:root:Test loss: 3754.460, MSE-Loss: 3754.460, KL-Loss: 0.000, Kmeans-Loss: 0.000
INFO:root:

INFO:root:Epoch: 2, Epochs on convergence counter: 1
INFO:root:Train: 
INFO:root:In the training loop. Epoch: 2
INFO:root:09:38:51
INFO:root:Train loss: 19265.355, MSE-Loss: 10910.344, MSE-Future-Loss 8355.011, KL-Loss: 0.000, Kmeans-Loss: 0.000, weight: 0.00
INFO:root:Test loss: 3726.169, MSE-Loss: 3726.169, KL-Loss: 0.000, Kmeans-Loss: 0.000
INFO:root:

INFO:root:Epoch: 3, Epochs on convergence counter: 2
INFO:root:Train: 
INFO:root:In the training loop. Epoch: 3
INFO:root:09:47:39
INFO:root:Train loss: 18675.745, MSE-Loss: 10595.764, MSE-Future-Loss 8077.300, KL-Loss: 2.222, Kmeans-Loss: 0.455, weight: 0.29
INFO:root:Test loss: 3645.625, MSE-Loss: 3642.971, KL-Loss: 2.190, Kmeans-Loss: 0.464
INFO:root:

INFO:root:Epoch: 4, Epochs on convergence counter: 3
INFO:root:Train: 
INFO:root:In the training loop. Epoch: 4
INFO:root:09:56:31
INFO:root:Train loss: 18395.275, MSE-Loss: 10446.603, MSE-Future-Loss 7944.141, KL-Loss: 3.737, Kmeans-Loss: 0.799, weight: 0.50
INFO:root:Test loss: 3461.337, MSE-Loss: 3456.741, KL-Loss: 3.793, Kmeans-Loss: 0.804
INFO:root:

INFO:root:Epoch: 5, Epochs on convergence counter: 4
INFO:root:Train: 
INFO:root:In the training loop. Epoch: 5
INFO:root:10:05:25
INFO:root:Train loss: 17651.174, MSE-Loss: 9963.532, MSE-Future-Loss 7681.314, KL-Loss: 5.216, Kmeans-Loss: 1.117, weight: 0.71
INFO:root:Test loss: 3446.333, MSE-Loss: 3439.903, KL-Loss: 5.299, Kmeans-Loss: 1.130
INFO:root:

INFO:root:Epoch: 6, Epochs on convergence counter: 5
INFO:root:Train: 
INFO:root:In the training loop. Epoch: 6
INFO:root:10:14:19
INFO:root:Train loss: 17227.177, MSE-Loss: 9783.573, MSE-Future-Loss 7436.070, KL-Loss: 6.196, Kmeans-Loss: 1.341, weight: 0.86
INFO:root:Test loss: 3439.252, MSE-Loss: 3431.616, KL-Loss: 6.267, Kmeans-Loss: 1.370
INFO:root:

INFO:root:Epoch: 7, Epochs on convergence counter: 6
INFO:root:Train: 
INFO:root:In the training loop. Epoch: 7
INFO:root:10:23:15
INFO:root:Train loss: 16997.118, MSE-Loss: 9727.547, MSE-Future-Loss 7261.467, KL-Loss: 6.652, Kmeans-Loss: 1.449, weight: 0.94
INFO:root:Test loss: 3524.510, MSE-Loss: 3516.418, KL-Loss: 6.642, Kmeans-Loss: 1.449
INFO:root:

INFO:root:Epoch: 8, Epochs on convergence counter: 7
INFO:root:Train: 
INFO:root:In the training loop. Epoch: 8
INFO:root:10:32:14
INFO:root:Train loss: 16621.602, MSE-Loss: 9621.979, MSE-Future-Loss 6991.305, KL-Loss: 6.824, Kmeans-Loss: 1.495, weight: 0.97
INFO:root:Test loss: 3439.398, MSE-Loss: 3430.964, KL-Loss: 6.931, Kmeans-Loss: 1.503
INFO:root:

INFO:root:Epoch: 9, Epochs on convergence counter: 8
INFO:root:Train: 
INFO:root:In the training loop. Epoch: 9
INFO:root:10:41:12
INFO:root:Train loss: 16414.665, MSE-Loss: 9610.630, MSE-Future-Loss 6795.604, KL-Loss: 6.921, Kmeans-Loss: 1.512, weight: 0.99
INFO:root:Test loss: 3456.203, MSE-Loss: 3447.656, KL-Loss: 6.999, Kmeans-Loss: 1.549
INFO:root:

INFO:root:Epoch: 10, Epochs on convergence counter: 9
INFO:root:Train: 
INFO:root:In the training loop. Epoch: 10
INFO:root:Train Variational Autoencoder - model name: VAME_15prcnt_sweep 

INFO:root:Latent Dimensions: 50, Time window: 30, Batch Size: 256, Beta: 1, lr: 0.0005

INFO:root:Scheduler step size: 100, Scheduler gamma: 0.20, Scheduler Threshold: 0.01000

INFO:root:Start training... 
INFO:root:Epoch: 1, Epochs on convergence counter: 0
INFO:root:Train: 
INFO:root:In the training loop. Epoch: 1
INFO:root:10:48:15
INFO:root:Train loss: 10928.242, MSE-Loss: 5339.659, MSE-Future-Loss 5588.591, KL-Loss: 0.000, Kmeans-Loss: 0.000, weight: 0.00
INFO:root:Test loss: 1049.294, MSE-Loss: 1049.294, KL-Loss: 0.000, Kmeans-Loss: 0.000
INFO:root:

INFO:root:Epoch: 2, Epochs on convergence counter: 1
INFO:root:Train: 
INFO:root:In the training loop. Epoch: 2
INFO:root:10:53:51
INFO:root:Train loss: 6918.808, MSE-Loss: 2687.240, MSE-Future-Loss 4231.572, KL-Loss: 0.000, Kmeans-Loss: 0.000, weight: 0.00
INFO:root:Test loss: 843.636, MSE-Loss: 843.636, KL-Loss: 0.000, Kmeans-Loss: 0.000
INFO:root:

INFO:root:Epoch: 3, Epochs on convergence counter: 2
INFO:root:Train: 
INFO:root:In the training loop. Epoch: 3
INFO:root:10:59:26
INFO:root:Train loss: 6275.404, MSE-Loss: 2284.636, MSE-Future-Loss 3979.453, KL-Loss: 6.787, Kmeans-Loss: 4.527, weight: 0.25
INFO:root:Test loss: 763.095, MSE-Loss: 751.466, KL-Loss: 7.159, Kmeans-Loss: 4.470
INFO:root:

INFO:root:Epoch: 4, Epochs on convergence counter: 3
INFO:root:Train: 
INFO:root:In the training loop. Epoch: 4
INFO:root:11:05:05
INFO:root:Train loss: 5887.626, MSE-Loss: 2050.775, MSE-Future-Loss 3812.650, KL-Loss: 14.473, Kmeans-Loss: 9.721, weight: 0.50
INFO:root:Test loss: 738.908, MSE-Loss: 714.216, KL-Loss: 15.101, Kmeans-Loss: 9.592
INFO:root:

INFO:root:Epoch: 5, Epochs on convergence counter: 4
INFO:root:Train: 
INFO:root:In the training loop. Epoch: 5
INFO:root:11:10:44
INFO:root:Train loss: 5667.618, MSE-Loss: 1920.750, MSE-Future-Loss 3709.089, KL-Loss: 22.456, Kmeans-Loss: 15.328, weight: 0.75
INFO:root:Test loss: 723.789, MSE-Loss: 684.880, KL-Loss: 23.720, Kmeans-Loss: 15.188
INFO:root:

INFO:root:Epoch: 6, Epochs on convergence counter: 5
INFO:root:Train: 
INFO:root:In the training loop. Epoch: 6
INFO:root:11:16:23
INFO:root:Train loss: 5509.565, MSE-Loss: 1829.632, MSE-Future-Loss 3628.786, KL-Loss: 30.066, Kmeans-Loss: 21.082, weight: 1.00
INFO:root:Test loss: 703.181, MSE-Loss: 650.751, KL-Loss: 31.544, Kmeans-Loss: 20.886
INFO:root:Saving model!
INFO:root:

INFO:root:Epoch: 7, Epochs on convergence counter: 0
INFO:root:Train: 
INFO:root:In the training loop. Epoch: 7
INFO:root:11:22:04
INFO:root:Train loss: 5349.406, MSE-Loss: 1741.794, MSE-Future-Loss 3555.967, KL-Loss: 30.021, Kmeans-Loss: 21.628, weight: 1.00
INFO:root:Test loss: 731.029, MSE-Loss: 677.648, KL-Loss: 31.859, Kmeans-Loss: 21.522
INFO:root:

INFO:root:Epoch: 8, Epochs on convergence counter: 1
INFO:root:Train: 
INFO:root:In the training loop. Epoch: 8
INFO:root:11:27:45
INFO:root:Train loss: 5229.497, MSE-Loss: 1675.221, MSE-Future-Loss 3501.716, KL-Loss: 30.352, Kmeans-Loss: 22.208, weight: 1.00
INFO:root:Test loss: 723.221, MSE-Loss: 667.903, KL-Loss: 32.956, Kmeans-Loss: 22.362
INFO:root:

INFO:root:Epoch: 9, Epochs on convergence counter: 2
INFO:root:Train: 
INFO:root:In the training loop. Epoch: 9
INFO:root:11:33:25
INFO:root:Train loss: 5119.584, MSE-Loss: 1624.359, MSE-Future-Loss 3441.853, KL-Loss: 30.658, Kmeans-Loss: 22.719, weight: 1.00
INFO:root:Test loss: 720.177, MSE-Loss: 664.431, KL-Loss: 33.000, Kmeans-Loss: 22.747
INFO:root:

INFO:root:Epoch: 10, Epochs on convergence counter: 3
INFO:root:Train: 
INFO:root:In the training loop. Epoch: 10
INFO:root:11:39:07
INFO:root:Train loss: 5015.469, MSE-Loss: 1580.630, MSE-Future-Loss 3380.859, KL-Loss: 30.854, Kmeans-Loss: 23.128, weight: 1.00
INFO:root:Test loss: 757.961, MSE-Loss: 700.997, KL-Loss: 33.629, Kmeans-Loss: 23.335
INFO:root:

INFO:root:Epoch: 11, Epochs on convergence counter: 4
INFO:root:Train: 
INFO:root:In the training loop. Epoch: 11
INFO:root:11:44:52
INFO:root:Train loss: 4918.047, MSE-Loss: 1537.472, MSE-Future-Loss 3326.070, KL-Loss: 31.009, Kmeans-Loss: 23.502, weight: 1.00
INFO:root:Test loss: 694.775, MSE-Loss: 636.880, KL-Loss: 34.147, Kmeans-Loss: 23.748
INFO:root:Saving model!
INFO:root:

INFO:root:Epoch: 12, Epochs on convergence counter: 0
INFO:root:Train: 
INFO:root:In the training loop. Epoch: 12
INFO:root:11:50:35
INFO:root:Train loss: 4824.515, MSE-Loss: 1494.203, MSE-Future-Loss 3275.275, KL-Loss: 31.174, Kmeans-Loss: 23.854, weight: 1.00
INFO:root:Test loss: 716.163, MSE-Loss: 657.146, KL-Loss: 34.792, Kmeans-Loss: 24.225
INFO:root:

INFO:root:Epoch: 13, Epochs on convergence counter: 1
INFO:root:Train: 
INFO:root:In the training loop. Epoch: 13
INFO:root:11:56:18
INFO:root:Train loss: 4732.190, MSE-Loss: 1456.106, MSE-Future-Loss 3220.791, KL-Loss: 31.182, Kmeans-Loss: 24.109, weight: 1.00
INFO:root:Test loss: 700.255, MSE-Loss: 641.259, KL-Loss: 34.610, Kmeans-Loss: 24.385
INFO:root:

INFO:root:Epoch: 14, Epochs on convergence counter: 2
INFO:root:Train: 
INFO:root:In the training loop. Epoch: 14
INFO:root:12:02:01
INFO:root:Train loss: 4638.068, MSE-Loss: 1416.157, MSE-Future-Loss 3166.046, KL-Loss: 31.447, Kmeans-Loss: 24.418, weight: 1.00
INFO:root:Test loss: 703.199, MSE-Loss: 643.546, KL-Loss: 34.931, Kmeans-Loss: 24.721
INFO:root:

INFO:root:Epoch: 15, Epochs on convergence counter: 3
INFO:root:Train: 
INFO:root:In the training loop. Epoch: 15
INFO:root:12:07:46
INFO:root:Train loss: 4569.601, MSE-Loss: 1386.421, MSE-Future-Loss 3126.871, KL-Loss: 31.627, Kmeans-Loss: 24.682, weight: 1.00
INFO:root:Test loss: 765.587, MSE-Loss: 704.544, KL-Loss: 35.859, Kmeans-Loss: 25.184
INFO:root:Saving model snapshot!

INFO:root:

INFO:root:Epoch: 16, Epochs on convergence counter: 4
INFO:root:Train: 
INFO:root:In the training loop. Epoch: 16
INFO:root:12:13:30
INFO:root:Train loss: 4490.688, MSE-Loss: 1358.085, MSE-Future-Loss 3075.652, KL-Loss: 31.980, Kmeans-Loss: 24.970, weight: 1.00
INFO:root:Test loss: 621.131, MSE-Loss: 559.714, KL-Loss: 35.981, Kmeans-Loss: 25.435
INFO:root:Saving model!
INFO:root:

INFO:root:Epoch: 17, Epochs on convergence counter: 0
INFO:root:Train: 
INFO:root:In the training loop. Epoch: 17
INFO:root:12:19:14
INFO:root:Train loss: 4432.331, MSE-Loss: 1335.941, MSE-Future-Loss 3038.904, KL-Loss: 32.259, Kmeans-Loss: 25.226, weight: 1.00
INFO:root:Test loss: 659.862, MSE-Loss: 597.804, KL-Loss: 36.317, Kmeans-Loss: 25.741
INFO:root:

INFO:root:Epoch: 18, Epochs on convergence counter: 1
INFO:root:Train: 
INFO:root:In the training loop. Epoch: 18
INFO:root:12:24:59
INFO:root:Train loss: 4380.907, MSE-Loss: 1320.616, MSE-Future-Loss 3002.262, KL-Loss: 32.566, Kmeans-Loss: 25.454, weight: 1.00
INFO:root:Test loss: 603.296, MSE-Loss: 541.727, KL-Loss: 35.786, Kmeans-Loss: 25.783
INFO:root:Saving model!
INFO:root:

INFO:root:Epoch: 19, Epochs on convergence counter: 0
INFO:root:Train: 
INFO:root:In the training loop. Epoch: 19
INFO:root:12:30:45
INFO:root:Train loss: 4328.149, MSE-Loss: 1297.854, MSE-Future-Loss 2971.923, KL-Loss: 32.753, Kmeans-Loss: 25.621, weight: 1.00
INFO:root:Test loss: 659.554, MSE-Loss: 596.722, KL-Loss: 36.710, Kmeans-Loss: 26.123
INFO:root:

INFO:root:Epoch: 20, Epochs on convergence counter: 1
INFO:root:Train: 
INFO:root:In the training loop. Epoch: 20
INFO:root:12:36:28
INFO:root:Train loss: 4308.914, MSE-Loss: 1291.576, MSE-Future-Loss 2958.860, KL-Loss: 32.789, Kmeans-Loss: 25.691, weight: 1.00
INFO:root:Test loss: 707.265, MSE-Loss: 644.344, KL-Loss: 36.741, Kmeans-Loss: 26.180
INFO:root:

INFO:root:Epoch: 21, Epochs on convergence counter: 2
INFO:root:Train: 
INFO:root:In the training loop. Epoch: 21
INFO:root:12:42:12
INFO:root:Train loss: 4246.285, MSE-Loss: 1266.556, MSE-Future-Loss 2920.798, KL-Loss: 33.082, Kmeans-Loss: 25.849, weight: 1.00
INFO:root:Test loss: 711.347, MSE-Loss: 647.623, KL-Loss: 37.306, Kmeans-Loss: 26.418
INFO:root:

INFO:root:Epoch: 22, Epochs on convergence counter: 3
INFO:root:Train: 
INFO:root:In the training loop. Epoch: 22
INFO:root:12:47:58
INFO:root:Train loss: 4189.815, MSE-Loss: 1253.391, MSE-Future-Loss 2876.576, KL-Loss: 33.701, Kmeans-Loss: 26.150, weight: 1.00
INFO:root:Test loss: 544.146, MSE-Loss: 481.131, KL-Loss: 36.710, Kmeans-Loss: 26.304
INFO:root:Saving model!
INFO:root:

INFO:root:Epoch: 23, Epochs on convergence counter: 0
INFO:root:Train: 
INFO:root:In the training loop. Epoch: 23
INFO:root:12:53:42
INFO:root:Train loss: 4166.653, MSE-Loss: 1239.240, MSE-Future-Loss 2867.220, KL-Loss: 33.913, Kmeans-Loss: 26.281, weight: 1.00
INFO:root:Test loss: 660.626, MSE-Loss: 596.339, KL-Loss: 37.521, Kmeans-Loss: 26.765
INFO:root:

INFO:root:Epoch: 24, Epochs on convergence counter: 1
INFO:root:Train: 
INFO:root:In the training loop. Epoch: 24
INFO:root:12:59:27
INFO:root:Train loss: 4152.495, MSE-Loss: 1230.855, MSE-Future-Loss 2861.539, KL-Loss: 33.815, Kmeans-Loss: 26.285, weight: 1.00
INFO:root:Test loss: 672.333, MSE-Loss: 607.168, KL-Loss: 38.164, Kmeans-Loss: 27.001
INFO:root:

INFO:root:Epoch: 25, Epochs on convergence counter: 2
INFO:root:Train: 
INFO:root:In the training loop. Epoch: 25
INFO:root:13:05:12
INFO:root:Train loss: 4134.176, MSE-Loss: 1219.983, MSE-Future-Loss 2853.705, KL-Loss: 34.097, Kmeans-Loss: 26.388, weight: 1.00
INFO:root:Test loss: 532.352, MSE-Loss: 468.960, KL-Loss: 36.775, Kmeans-Loss: 26.617
INFO:root:Saving model!
INFO:root:

INFO:root:Epoch: 26, Epochs on convergence counter: 0
INFO:root:Train: 
INFO:root:In the training loop. Epoch: 26
INFO:root:13:10:57
INFO:root:Train loss: 4139.524, MSE-Loss: 1219.888, MSE-Future-Loss 2859.161, KL-Loss: 34.073, Kmeans-Loss: 26.404, weight: 1.00
INFO:root:Test loss: 648.729, MSE-Loss: 584.429, KL-Loss: 37.392, Kmeans-Loss: 26.908
INFO:root:

INFO:root:Epoch: 27, Epochs on convergence counter: 1
INFO:root:Train: 
INFO:root:In the training loop. Epoch: 27
INFO:root:13:16:41
INFO:root:Train loss: 4096.041, MSE-Loss: 1206.754, MSE-Future-Loss 2828.357, KL-Loss: 34.355, Kmeans-Loss: 26.573, weight: 1.00
INFO:root:Test loss: 544.297, MSE-Loss: 479.024, KL-Loss: 38.067, Kmeans-Loss: 27.205
INFO:root:

INFO:root:Epoch: 28, Epochs on convergence counter: 2
INFO:root:Train: 
INFO:root:In the training loop. Epoch: 28
INFO:root:13:22:26
INFO:root:Train loss: 4048.368, MSE-Loss: 1189.117, MSE-Future-Loss 2797.467, KL-Loss: 34.968, Kmeans-Loss: 26.816, weight: 1.00
INFO:root:Test loss: 599.323, MSE-Loss: 532.832, KL-Loss: 39.028, Kmeans-Loss: 27.463
INFO:root:

INFO:root:Epoch: 29, Epochs on convergence counter: 3
INFO:root:Train: 
INFO:root:In the training loop. Epoch: 29
INFO:root:13:28:10
INFO:root:Train loss: 4049.185, MSE-Loss: 1186.056, MSE-Future-Loss 2801.038, KL-Loss: 35.213, Kmeans-Loss: 26.877, weight: 1.00
INFO:root:Test loss: 618.352, MSE-Loss: 551.177, KL-Loss: 39.571, Kmeans-Loss: 27.604
INFO:root:

INFO:root:Epoch: 30, Epochs on convergence counter: 4
INFO:root:Train: 
INFO:root:In the training loop. Epoch: 30
INFO:root:13:33:54
INFO:root:Train loss: 4075.464, MSE-Loss: 1188.229, MSE-Future-Loss 2825.351, KL-Loss: 35.051, Kmeans-Loss: 26.834, weight: 1.00
INFO:root:Test loss: 498.880, MSE-Loss: 433.916, KL-Loss: 37.862, Kmeans-Loss: 27.101
INFO:root:Saving model!
INFO:root:Saving model snapshot!

INFO:root:

INFO:root:Epoch: 31, Epochs on convergence counter: 0
INFO:root:Train: 
INFO:root:In the training loop. Epoch: 31
INFO:root:13:39:40
INFO:root:Train loss: 3990.251, MSE-Loss: 1165.654, MSE-Future-Loss 2762.079, KL-Loss: 35.461, Kmeans-Loss: 27.060, weight: 1.00
INFO:root:Test loss: 591.372, MSE-Loss: 524.199, KL-Loss: 39.428, Kmeans-Loss: 27.746
INFO:root:

INFO:root:Epoch: 32, Epochs on convergence counter: 1
INFO:root:Train: 
INFO:root:In the training loop. Epoch: 32
INFO:root:13:45:26
INFO:root:Train loss: 4133.873, MSE-Loss: 1196.552, MSE-Future-Loss 2875.779, KL-Loss: 34.898, Kmeans-Loss: 26.643, weight: 1.00
INFO:root:Test loss: 569.185, MSE-Loss: 502.828, KL-Loss: 38.818, Kmeans-Loss: 27.538
INFO:root:

INFO:root:Epoch: 33, Epochs on convergence counter: 2
INFO:root:Train: 
INFO:root:In the training loop. Epoch: 33
INFO:root:13:51:10
INFO:root:Train loss: 4187.239, MSE-Loss: 1208.161, MSE-Future-Loss 2916.488, KL-Loss: 35.830, Kmeans-Loss: 26.754, weight: 1.00
INFO:root:Test loss: 504.773, MSE-Loss: 441.087, KL-Loss: 37.259, Kmeans-Loss: 26.427
INFO:root:

INFO:root:Epoch: 34, Epochs on convergence counter: 3
INFO:root:Train: 
INFO:root:In the training loop. Epoch: 34
INFO:root:13:56:55
INFO:root:Train loss: 4038.971, MSE-Loss: 1167.134, MSE-Future-Loss 2810.345, KL-Loss: 34.826, Kmeans-Loss: 26.663, weight: 1.00
INFO:root:Test loss: 517.584, MSE-Loss: 451.114, KL-Loss: 38.955, Kmeans-Loss: 27.516
INFO:root:

INFO:root:Epoch: 35, Epochs on convergence counter: 4
INFO:root:Train: 
INFO:root:In the training loop. Epoch: 35
INFO:root:14:02:40
INFO:root:Train loss: 3907.195, MSE-Loss: 1137.246, MSE-Future-Loss 2706.598, KL-Loss: 36.114, Kmeans-Loss: 27.237, weight: 1.00
INFO:root:Test loss: 508.431, MSE-Loss: 440.465, KL-Loss: 40.040, Kmeans-Loss: 27.926
INFO:root:

INFO:root:Epoch: 36, Epochs on convergence counter: 5
INFO:root:Train: 
INFO:root:In the training loop. Epoch: 36
INFO:root:14:08:26
INFO:root:Train loss: 3906.848, MSE-Loss: 1134.922, MSE-Future-Loss 2707.583, KL-Loss: 36.866, Kmeans-Loss: 27.481, weight: 1.00
INFO:root:Test loss: 561.785, MSE-Loss: 493.150, KL-Loss: 40.572, Kmeans-Loss: 28.063
INFO:root:

INFO:root:Epoch: 37, Epochs on convergence counter: 6
INFO:root:Train: 
INFO:root:In the training loop. Epoch: 37
INFO:root:14:14:12
INFO:root:Train loss: 3820.858, MSE-Loss: 1111.032, MSE-Future-Loss 2644.823, KL-Loss: 37.240, Kmeans-Loss: 27.764, weight: 1.00
INFO:root:Test loss: 497.083, MSE-Loss: 427.791, KL-Loss: 40.896, Kmeans-Loss: 28.395
INFO:root:Saving model!
INFO:root:

INFO:root:Epoch: 38, Epochs on convergence counter: 0
INFO:root:Train: 
INFO:root:In the training loop. Epoch: 38
INFO:root:14:19:58
INFO:root:Train loss: 3863.343, MSE-Loss: 1112.397, MSE-Future-Loss 2685.595, KL-Loss: 37.532, Kmeans-Loss: 27.818, weight: 1.00
INFO:root:Test loss: 498.491, MSE-Loss: 428.818, KL-Loss: 41.184, Kmeans-Loss: 28.490
INFO:root:

INFO:root:Epoch: 39, Epochs on convergence counter: 1
INFO:root:Train: 
INFO:root:In the training loop. Epoch: 39
INFO:root:14:25:42
INFO:root:Train loss: 3798.430, MSE-Loss: 1099.310, MSE-Future-Loss 2633.254, KL-Loss: 37.855, Kmeans-Loss: 28.008, weight: 1.00
INFO:root:Test loss: 500.908, MSE-Loss: 431.022, KL-Loss: 41.336, Kmeans-Loss: 28.550
INFO:root:

INFO:root:Epoch: 40, Epochs on convergence counter: 2
INFO:root:Train: 
INFO:root:In the training loop. Epoch: 40
INFO:root:14:31:28
INFO:root:Train loss: 3815.683, MSE-Loss: 1098.727, MSE-Future-Loss 2651.024, KL-Loss: 37.908, Kmeans-Loss: 28.026, weight: 1.00
INFO:root:Test loss: 530.796, MSE-Loss: 460.368, KL-Loss: 41.730, Kmeans-Loss: 28.699
INFO:root:

INFO:root:Epoch: 41, Epochs on convergence counter: 3
INFO:root:Train: 
INFO:root:In the training loop. Epoch: 41
INFO:root:14:37:13
INFO:root:Train loss: 3771.563, MSE-Loss: 1085.096, MSE-Future-Loss 2620.210, KL-Loss: 38.137, Kmeans-Loss: 28.118, weight: 1.00
INFO:root:Test loss: 490.483, MSE-Loss: 419.365, KL-Loss: 42.250, Kmeans-Loss: 28.868
INFO:root:Saving model!
INFO:root:

INFO:root:Epoch: 42, Epochs on convergence counter: 0
INFO:root:Train: 
INFO:root:In the training loop. Epoch: 42
INFO:root:14:42:58
INFO:root:Train loss: 3758.348, MSE-Loss: 1080.823, MSE-Future-Loss 2610.714, KL-Loss: 38.520, Kmeans-Loss: 28.291, weight: 1.00
INFO:root:Test loss: 478.641, MSE-Loss: 407.404, KL-Loss: 42.249, Kmeans-Loss: 28.989
INFO:root:Saving model!
INFO:root:

INFO:root:Epoch: 43, Epochs on convergence counter: 0
INFO:root:Train: 
INFO:root:In the training loop. Epoch: 43
INFO:root:14:48:47
INFO:root:Train loss: 3730.469, MSE-Loss: 1071.453, MSE-Future-Loss 2591.693, KL-Loss: 38.896, Kmeans-Loss: 28.430, weight: 1.00
INFO:root:Test loss: 529.442, MSE-Loss: 458.221, KL-Loss: 42.343, Kmeans-Loss: 28.878
INFO:root:

INFO:root:Epoch: 44, Epochs on convergence counter: 1
INFO:root:Train: 
INFO:root:In the training loop. Epoch: 44
INFO:root:14:54:32
INFO:root:Train loss: 3810.870, MSE-Loss: 1083.790, MSE-Future-Loss 2660.123, KL-Loss: 38.676, Kmeans-Loss: 28.279, weight: 1.00
INFO:root:Test loss: 489.539, MSE-Loss: 419.012, KL-Loss: 41.736, Kmeans-Loss: 28.791
INFO:root:

INFO:root:Epoch: 45, Epochs on convergence counter: 2
INFO:root:Train: 
INFO:root:In the training loop. Epoch: 45
INFO:root:15:00:19
INFO:root:Train loss: 3842.031, MSE-Loss: 1085.021, MSE-Future-Loss 2689.984, KL-Loss: 38.745, Kmeans-Loss: 28.285, weight: 1.00
INFO:root:Test loss: 516.289, MSE-Loss: 445.792, KL-Loss: 42.038, Kmeans-Loss: 28.459
INFO:root:Saving model snapshot!

INFO:root:

INFO:root:Epoch: 46, Epochs on convergence counter: 3
INFO:root:Train: 
INFO:root:In the training loop. Epoch: 46
INFO:root:15:06:04
INFO:root:Train loss: 3818.433, MSE-Loss: 1082.638, MSE-Future-Loss 2669.517, KL-Loss: 38.113, Kmeans-Loss: 28.164, weight: 1.00
INFO:root:Test loss: 504.444, MSE-Loss: 433.164, KL-Loss: 42.244, Kmeans-Loss: 29.036
INFO:root:

INFO:root:Epoch: 47, Epochs on convergence counter: 4
INFO:root:Train: 
INFO:root:In the training loop. Epoch: 47
INFO:root:15:11:51
INFO:root:Train loss: 3750.303, MSE-Loss: 1067.373, MSE-Future-Loss 2615.732, KL-Loss: 38.766, Kmeans-Loss: 28.430, weight: 1.00
INFO:root:Test loss: 459.927, MSE-Loss: 388.108, KL-Loss: 42.622, Kmeans-Loss: 29.197
INFO:root:Saving model!
INFO:root:

INFO:root:Epoch: 48, Epochs on convergence counter: 0
INFO:root:Train: 
INFO:root:In the training loop. Epoch: 48
INFO:root:15:17:37
INFO:root:Train loss: 3681.747, MSE-Loss: 1054.547, MSE-Future-Loss 2559.438, KL-Loss: 39.159, Kmeans-Loss: 28.608, weight: 1.00
INFO:root:Test loss: 474.572, MSE-Loss: 402.020, KL-Loss: 43.318, Kmeans-Loss: 29.235
INFO:root:

INFO:root:Epoch: 49, Epochs on convergence counter: 1
INFO:root:Train: 
INFO:root:In the training loop. Epoch: 49
INFO:root:15:23:23
INFO:root:Train loss: 3711.105, MSE-Loss: 1054.734, MSE-Future-Loss 2588.402, KL-Loss: 39.304, Kmeans-Loss: 28.670, weight: 1.00
INFO:root:Test loss: 471.044, MSE-Loss: 398.843, KL-Loss: 43.090, Kmeans-Loss: 29.110
INFO:root:

INFO:root:Epoch: 50, Epochs on convergence counter: 2
INFO:root:Train: 
INFO:root:In the training loop. Epoch: 50
INFO:root:15:29:09
INFO:root:Train loss: 3768.120, MSE-Loss: 1061.002, MSE-Future-Loss 2638.944, KL-Loss: 39.499, Kmeans-Loss: 28.677, weight: 1.00
INFO:root:Test loss: 501.487, MSE-Loss: 428.859, KL-Loss: 43.237, Kmeans-Loss: 29.390
INFO:root:

INFO:root:Epoch: 51, Epochs on convergence counter: 3
INFO:root:Train: 
INFO:root:In the training loop. Epoch: 51
INFO:root:15:34:55
INFO:root:Train loss: 3766.992, MSE-Loss: 1057.565, MSE-Future-Loss 2641.246, KL-Loss: 39.510, Kmeans-Loss: 28.668, weight: 1.00
INFO:root:Test loss: 448.703, MSE-Loss: 378.531, KL-Loss: 41.660, Kmeans-Loss: 28.512
INFO:root:Saving model!
INFO:root:

INFO:root:Epoch: 52, Epochs on convergence counter: 0
INFO:root:Train: 
INFO:root:In the training loop. Epoch: 52
