INFO:wandb.agents.pyagent:Starting sweep agent: entity=aredwine3, project=VAME, count=10
INFO:root:Train Variational Autoencoder - model name: VAME_15prcnt_sweep 

INFO:root:Using CUDA
INFO:root:GPU active: True
INFO:root:GPU used: Tesla V100-PCIE-32GB
INFO:root:Latent Dimensions: 50, Time window: 60, Batch Size: 256, Beta: 1, lr: 0.0050

INFO:root:Scheduler step size: 100, Scheduler gamma: 0.20, Scheduler Threshold: 0.10000

INFO:root:Start training... 
INFO:root:Epoch: 1, Epochs on convergence counter: 0
INFO:root:Train: 
INFO:root:In the training loop. Epoch: 1
INFO:root:14:04:08
INFO:root:Train loss: 670789712.588, MSE-Loss: 379354464.641, MSE-Future-Loss 291423296.000, KL-Loss: 0.000, Kmeans-Loss: 0.000, weight: 0.00
INFO:root:Test loss: 49195.750, MSE-Loss: 49195.750, KL-Loss: 0.000, Kmeans-Loss: 0.000
INFO:root:

INFO:root:Epoch: 2, Epochs on convergence counter: 1
INFO:root:Train: 
INFO:root:In the training loop. Epoch: 2
INFO:root:14:16:13
INFO:root:Train loss: 193849.631, MSE-Loss: 154258.750, MSE-Future-Loss 39590.953, KL-Loss: 0.000, Kmeans-Loss: 0.000, weight: 0.00
INFO:root:Test loss: 38094.146, MSE-Loss: 38094.146, KL-Loss: 0.000, Kmeans-Loss: 0.000
INFO:root:

INFO:root:Epoch: 3, Epochs on convergence counter: 2
INFO:root:Train: 
INFO:root:In the training loop. Epoch: 3
INFO:root:14:28:18
INFO:root:Train loss: 160519.137, MSE-Loss: 128252.452, MSE-Future-Loss 32176.213, KL-Loss: 85.312, Kmeans-Loss: 5.163, weight: 0.25
INFO:root:Test loss: 33399.611, MSE-Loss: 33309.506, KL-Loss: 84.976, Kmeans-Loss: 5.130
INFO:root:

INFO:root:Epoch: 4, Epochs on convergence counter: 3
INFO:root:Train: 
INFO:root:In the training loop. Epoch: 4
INFO:root:Train Variational Autoencoder - model name: VAME_15prcnt_sweep 

INFO:root:Train Variational Autoencoder - model name: VAME_15prcnt_sweep 

INFO:root:Train Variational Autoencoder - model name: VAME_15prcnt_sweep 

INFO:root:Train Variational Autoencoder - model name: VAME_15prcnt_sweep 

INFO:root:Train Variational Autoencoder - model name: VAME_15prcnt_sweep 

INFO:root:Train Variational Autoencoder - model name: VAME_15prcnt_sweep 

INFO:root:Train Variational Autoencoder - model name: VAME_15prcnt_sweep 

INFO:root:Train Variational Autoencoder - model name: VAME_15prcnt_sweep 

INFO:root:Train Variational Autoencoder - model name: VAME_15prcnt_sweep 

