INFO:wandb.agents.pyagent:Starting sweep agent: entity=aredwine3, project=VAME, count=20
INFO:root:Train Variational Autoencoder - model name: VAME_15prcnt_sweep 

INFO:root:Using CUDA
INFO:root:GPU active: True
INFO:root:GPU used: Tesla V100-PCIE-32GB
INFO:root:Latent Dimensions: 30, Time window: 30, Batch Size: 512, Beta: 1, lr: 0.0020

INFO:root:Scheduler step size: 100, Scheduler gamma: 0.20, Scheduler Threshold: 0.10000

INFO:root:Start training... 
INFO:root:Epoch: 1, Epochs on convergence counter: 0
INFO:root:Train: 
INFO:root:In the training loop. Epoch: 1
INFO:root:15:46:56
INFO:root:Train loss: 33626.772, MSE-Loss: 8310.070, MSE-Future-Loss 25316.730, KL-Loss: 0.000, Kmeans-Loss: 0.000, weight: 0.00
INFO:root:Test loss: 1325.598, MSE-Loss: 1325.598, KL-Loss: 0.000, Kmeans-Loss: 0.000
INFO:root:

INFO:root:Epoch: 2, Epochs on convergence counter: 1
INFO:root:Train: 
INFO:root:In the training loop. Epoch: 2
INFO:root:15:54:37
INFO:root:Train loss: 26935.162, MSE-Loss: 4319.403, MSE-Future-Loss 22615.760, KL-Loss: 0.000, Kmeans-Loss: 0.000, weight: 0.00
INFO:root:Test loss: 1180.953, MSE-Loss: 1180.953, KL-Loss: 0.000, Kmeans-Loss: 0.000
INFO:root:

INFO:root:Epoch: 3, Epochs on convergence counter: 2
INFO:root:Train: 
INFO:root:In the training loop. Epoch: 3
INFO:root:16:02:12
INFO:root:Train loss: 96132.662, MSE-Loss: 59124.596, MSE-Future-Loss 36985.898, KL-Loss: 16.959, Kmeans-Loss: 5.215, weight: 0.25
INFO:root:Test loss: 6278.174, MSE-Loss: 6243.764, KL-Loss: 30.716, Kmeans-Loss: 3.694
INFO:root:

INFO:root:Epoch: 4, Epochs on convergence counter: 3
INFO:root:Train: 
INFO:root:In the training loop. Epoch: 4
INFO:root:16:09:11
INFO:root:Train loss: 43155.921, MSE-Loss: 15847.778, MSE-Future-Loss 27249.352, KL-Loss: 50.964, Kmeans-Loss: 7.796, weight: 0.50
INFO:root:Test loss: 3567.901, MSE-Loss: 3515.900, KL-Loss: 44.776, Kmeans-Loss: 7.225
INFO:root:

INFO:root:Epoch: 5, Epochs on convergence counter: 4
INFO:root:Train: 
INFO:root:In the training loop. Epoch: 5
INFO:root:16:16:15
INFO:root:Train loss: 37185.533, MSE-Loss: 11487.962, MSE-Future-Loss 25623.828, KL-Loss: 62.033, Kmeans-Loss: 11.723, weight: 0.75
INFO:root:Test loss: 3033.738, MSE-Loss: 2964.585, KL-Loss: 58.053, Kmeans-Loss: 11.101
INFO:root:

INFO:root:Epoch: 6, Epochs on convergence counter: 5
INFO:root:Train: 
INFO:root:In the training loop. Epoch: 6
INFO:root:16:23:22
INFO:root:Train loss: 34982.374, MSE-Loss: 9959.640, MSE-Future-Loss 24935.295, KL-Loss: 71.642, Kmeans-Loss: 15.814, weight: 1.00
INFO:root:Test loss: 2771.357, MSE-Loss: 2688.686, KL-Loss: 67.682, Kmeans-Loss: 14.990
INFO:root:Saving model!
INFO:root:

INFO:root:Epoch: 7, Epochs on convergence counter: 0
INFO:root:Train: 
INFO:root:In the training loop. Epoch: 7
INFO:root:16:30:33
INFO:root:Train loss: 33868.765, MSE-Loss: 9181.242, MSE-Future-Loss 24603.539, KL-Loss: 67.803, Kmeans-Loss: 16.160, weight: 1.00
INFO:root:Test loss: 2547.972, MSE-Loss: 2466.940, KL-Loss: 65.606, Kmeans-Loss: 15.426
INFO:root:Saving model!
INFO:root:

INFO:root:Epoch: 8, Epochs on convergence counter: 0
INFO:root:Train: 
INFO:root:In the training loop. Epoch: 8
INFO:root:16:37:46
INFO:root:Train loss: 32811.300, MSE-Loss: 8420.380, MSE-Future-Loss 24310.652, KL-Loss: 63.847, Kmeans-Loss: 16.439, weight: 1.00
INFO:root:Test loss: 2391.001, MSE-Loss: 2310.919, KL-Loss: 64.225, Kmeans-Loss: 15.857
INFO:root:Saving model!
INFO:root:

INFO:root:Epoch: 9, Epochs on convergence counter: 0
INFO:root:Train: 
INFO:root:In the training loop. Epoch: 9
INFO:root:16:45:02
INFO:root:Train loss: 31975.655, MSE-Loss: 7908.055, MSE-Future-Loss 23989.893, KL-Loss: 60.997, Kmeans-Loss: 16.699, weight: 1.00
INFO:root:Test loss: 2272.027, MSE-Loss: 2193.249, KL-Loss: 62.595, Kmeans-Loss: 16.183
INFO:root:Saving model!
INFO:root:

INFO:root:Epoch: 10, Epochs on convergence counter: 0
INFO:root:Train: 
INFO:root:In the training loop. Epoch: 10
INFO:root:16:52:21
INFO:root:Train loss: 31429.648, MSE-Loss: 7560.448, MSE-Future-Loss 23792.855, KL-Loss: 59.368, Kmeans-Loss: 16.962, weight: 1.00
INFO:root:Test loss: 2198.996, MSE-Loss: 2121.978, KL-Loss: 60.570, Kmeans-Loss: 16.448
INFO:root:Saving model!
INFO:root:

INFO:root:Epoch: 11, Epochs on convergence counter: 0
INFO:root:Train: 
INFO:root:In the training loop. Epoch: 11
INFO:root:16:59:39
INFO:root:Train loss: 30922.319, MSE-Loss: 7239.297, MSE-Future-Loss 23607.289, KL-Loss: 58.494, Kmeans-Loss: 17.230, weight: 1.00
INFO:root:Test loss: 2138.327, MSE-Loss: 2061.251, KL-Loss: 60.301, Kmeans-Loss: 16.775
INFO:root:Saving model!
INFO:root:

INFO:root:Epoch: 12, Epochs on convergence counter: 0
INFO:root:Train: 
INFO:root:In the training loop. Epoch: 12
INFO:root:17:06:59
INFO:root:Train loss: 30565.643, MSE-Loss: 6989.344, MSE-Future-Loss 23501.324, KL-Loss: 57.547, Kmeans-Loss: 17.443, weight: 1.00
INFO:root:Test loss: 2084.712, MSE-Loss: 2007.189, KL-Loss: 60.437, Kmeans-Loss: 17.086
INFO:root:Saving model!
INFO:root:

INFO:root:Epoch: 13, Epochs on convergence counter: 0
INFO:root:Train: 
INFO:root:In the training loop. Epoch: 13
INFO:root:17:14:20
INFO:root:Train loss: 30191.330, MSE-Loss: 6786.816, MSE-Future-Loss 23329.553, KL-Loss: 57.261, Kmeans-Loss: 17.698, weight: 1.00
INFO:root:Test loss: 2045.364, MSE-Loss: 1967.057, KL-Loss: 60.993, Kmeans-Loss: 17.314
INFO:root:Saving model!
INFO:root:

INFO:root:Epoch: 14, Epochs on convergence counter: 0
INFO:root:Train: 
INFO:root:In the training loop. Epoch: 14
INFO:root:17:21:42
INFO:root:Train loss: 29879.492, MSE-Loss: 6597.564, MSE-Future-Loss 23206.570, KL-Loss: 57.400, Kmeans-Loss: 17.959, weight: 1.00
INFO:root:Test loss: 1937.994, MSE-Loss: 1860.340, KL-Loss: 60.008, Kmeans-Loss: 17.647
INFO:root:Saving model!
INFO:root:

INFO:root:Epoch: 15, Epochs on convergence counter: 0
INFO:root:Train: 
INFO:root:In the training loop. Epoch: 15
INFO:root:17:29:04
INFO:root:Train loss: 29622.010, MSE-Loss: 6412.038, MSE-Future-Loss 23134.549, KL-Loss: 57.220, Kmeans-Loss: 18.200, weight: 1.00
INFO:root:Test loss: 1926.763, MSE-Loss: 1848.556, KL-Loss: 60.314, Kmeans-Loss: 17.893
INFO:root:Saving model!
INFO:root:Saving model snapshot!

INFO:root:

INFO:root:Epoch: 16, Epochs on convergence counter: 0
INFO:root:Train: 
INFO:root:In the training loop. Epoch: 16
INFO:root:17:36:28
INFO:root:Train loss: 29316.366, MSE-Loss: 6255.512, MSE-Future-Loss 22985.307, KL-Loss: 57.125, Kmeans-Loss: 18.417, weight: 1.00
INFO:root:Test loss: 1879.008, MSE-Loss: 1800.564, KL-Loss: 60.308, Kmeans-Loss: 18.136
INFO:root:Saving model!
INFO:root:

INFO:root:Epoch: 17, Epochs on convergence counter: 0
INFO:root:Train: 
INFO:root:In the training loop. Epoch: 17
INFO:root:17:43:52
INFO:root:Train loss: 29092.380, MSE-Loss: 6138.439, MSE-Future-Loss 22878.184, KL-Loss: 57.131, Kmeans-Loss: 18.627, weight: 1.00
INFO:root:Test loss: 1839.664, MSE-Loss: 1761.358, KL-Loss: 59.980, Kmeans-Loss: 18.327
INFO:root:Saving model!
INFO:root:

INFO:root:Epoch: 18, Epochs on convergence counter: 0
INFO:root:Train: 
INFO:root:In the training loop. Epoch: 18
INFO:root:17:51:17
INFO:root:Train loss: 28858.149, MSE-Loss: 6024.236, MSE-Future-Loss 22757.811, KL-Loss: 57.256, Kmeans-Loss: 18.844, weight: 1.00
INFO:root:Test loss: 1815.755, MSE-Loss: 1736.693, KL-Loss: 60.507, Kmeans-Loss: 18.554
INFO:root:Saving model!
INFO:root:

INFO:root:Epoch: 19, Epochs on convergence counter: 0
INFO:root:Train: 
INFO:root:In the training loop. Epoch: 19
INFO:root:17:58:42
INFO:root:Train loss: 28771.734, MSE-Loss: 5945.877, MSE-Future-Loss 22749.387, KL-Loss: 57.481, Kmeans-Loss: 18.988, weight: 1.00
INFO:root:Test loss: 1823.918, MSE-Loss: 1745.504, KL-Loss: 59.735, Kmeans-Loss: 18.679
INFO:root:

INFO:root:Epoch: 20, Epochs on convergence counter: 1
INFO:root:Train: 
INFO:root:In the training loop. Epoch: 20
INFO:root:18:06:07
INFO:root:Train loss: 28553.534, MSE-Loss: 5867.488, MSE-Future-Loss 22609.268, KL-Loss: 57.591, Kmeans-Loss: 19.208, weight: 1.00
INFO:root:Test loss: 1782.905, MSE-Loss: 1702.878, KL-Loss: 61.043, Kmeans-Loss: 18.984
INFO:root:Saving model!
INFO:root:

INFO:root:Epoch: 21, Epochs on convergence counter: 0
INFO:root:Train: 
INFO:root:In the training loop. Epoch: 21
INFO:root:18:13:33
INFO:root:Train loss: 28425.633, MSE-Loss: 5773.555, MSE-Future-Loss 22575.088, KL-Loss: 57.640, Kmeans-Loss: 19.364, weight: 1.00
INFO:root:Test loss: 1762.582, MSE-Loss: 1683.003, KL-Loss: 60.491, Kmeans-Loss: 19.088
INFO:root:Saving model!
INFO:root:

INFO:root:Epoch: 22, Epochs on convergence counter: 0
INFO:root:Train: 
INFO:root:In the training loop. Epoch: 22
INFO:root:18:20:59
INFO:root:Train loss: 28243.860, MSE-Loss: 5715.891, MSE-Future-Loss 22450.541, KL-Loss: 57.897, Kmeans-Loss: 19.551, weight: 1.00
INFO:root:Test loss: 1722.321, MSE-Loss: 1641.227, KL-Loss: 61.694, Kmeans-Loss: 19.400
INFO:root:Saving model!
INFO:root:

INFO:root:Epoch: 23, Epochs on convergence counter: 0
INFO:root:Train: 
INFO:root:In the training loop. Epoch: 23
INFO:root:18:28:25
INFO:root:Train loss: 28072.529, MSE-Loss: 5623.660, MSE-Future-Loss 22371.006, KL-Loss: 58.128, Kmeans-Loss: 19.712, weight: 1.00
INFO:root:Test loss: 1707.906, MSE-Loss: 1627.577, KL-Loss: 60.857, Kmeans-Loss: 19.472
INFO:root:Saving model!
INFO:root:

INFO:root:Epoch: 24, Epochs on convergence counter: 0
INFO:root:Train: 
INFO:root:In the training loop. Epoch: 24
INFO:root:18:35:53
INFO:root:Train loss: 28016.686, MSE-Loss: 5585.935, MSE-Future-Loss 22352.764, KL-Loss: 58.158, Kmeans-Loss: 19.833, weight: 1.00
INFO:root:Test loss: 1694.741, MSE-Loss: 1612.963, KL-Loss: 62.086, Kmeans-Loss: 19.692
INFO:root:Saving model!
INFO:root:

INFO:root:Epoch: 25, Epochs on convergence counter: 0
INFO:root:Train: 
INFO:root:In the training loop. Epoch: 25
INFO:root:18:43:22
INFO:root:Train loss: 27738.433, MSE-Loss: 5490.871, MSE-Future-Loss 22169.000, KL-Loss: 58.548, Kmeans-Loss: 20.030, weight: 1.00
INFO:root:Test loss: 1713.495, MSE-Loss: 1631.453, KL-Loss: 62.193, Kmeans-Loss: 19.849
INFO:root:

INFO:root:Epoch: 26, Epochs on convergence counter: 1
INFO:root:Train: 
INFO:root:In the training loop. Epoch: 26
INFO:root:18:50:50
INFO:root:Train loss: 27665.459, MSE-Loss: 5439.690, MSE-Future-Loss 22146.719, KL-Loss: 58.873, Kmeans-Loss: 20.177, weight: 1.00
INFO:root:Test loss: 1680.948, MSE-Loss: 1598.475, KL-Loss: 62.447, Kmeans-Loss: 20.025
INFO:root:Saving model!
INFO:root:

INFO:root:Epoch: 27, Epochs on convergence counter: 0
INFO:root:Train: 
INFO:root:In the training loop. Epoch: 27
INFO:root:18:58:20
INFO:root:Train loss: 27572.651, MSE-Loss: 5401.376, MSE-Future-Loss 22091.734, KL-Loss: 59.204, Kmeans-Loss: 20.328, weight: 1.00
INFO:root:Test loss: 1659.486, MSE-Loss: 1576.939, KL-Loss: 62.415, Kmeans-Loss: 20.133
INFO:root:Saving model!
INFO:root:

INFO:root:Epoch: 28, Epochs on convergence counter: 0
INFO:root:Train: 
INFO:root:In the training loop. Epoch: 28
INFO:root:19:05:48
INFO:root:Train loss: 27449.717, MSE-Loss: 5358.956, MSE-Future-Loss 22010.783, KL-Loss: 59.499, Kmeans-Loss: 20.469, weight: 1.00
INFO:root:Test loss: 1653.980, MSE-Loss: 1570.371, KL-Loss: 63.291, Kmeans-Loss: 20.319
INFO:root:Saving model!
INFO:root:

INFO:root:Epoch: 29, Epochs on convergence counter: 0
INFO:root:Train: 
INFO:root:In the training loop. Epoch: 29
INFO:root:19:13:18
INFO:root:Train loss: 27379.712, MSE-Loss: 5306.718, MSE-Future-Loss 21992.771, KL-Loss: 59.651, Kmeans-Loss: 20.598, weight: 1.00
INFO:root:Test loss: 1642.080, MSE-Loss: 1558.331, KL-Loss: 63.349, Kmeans-Loss: 20.399
INFO:root:Saving model!
INFO:root:

INFO:root:Epoch: 30, Epochs on convergence counter: 0
INFO:root:Train: 
INFO:root:In the training loop. Epoch: 30
INFO:root:19:20:48
INFO:root:Train loss: 27232.875, MSE-Loss: 5269.145, MSE-Future-Loss 21883.141, KL-Loss: 59.842, Kmeans-Loss: 20.729, weight: 1.00
INFO:root:Test loss: 1636.304, MSE-Loss: 1552.323, KL-Loss: 63.440, Kmeans-Loss: 20.541
INFO:root:Saving model!
INFO:root:Saving model snapshot!

INFO:root:

INFO:root:Epoch: 31, Epochs on convergence counter: 0
INFO:root:Train: 
INFO:root:In the training loop. Epoch: 31
INFO:root:19:28:18
INFO:root:Train loss: 27102.445, MSE-Loss: 5223.248, MSE-Future-Loss 21798.287, KL-Loss: 60.059, Kmeans-Loss: 20.854, weight: 1.00
INFO:root:Test loss: 1641.880, MSE-Loss: 1557.251, KL-Loss: 63.909, Kmeans-Loss: 20.720
INFO:root:

INFO:root:Epoch: 32, Epochs on convergence counter: 1
INFO:root:Train: 
INFO:root:In the training loop. Epoch: 32
INFO:root:19:35:49
INFO:root:Train loss: 27001.242, MSE-Loss: 5180.189, MSE-Future-Loss 21739.547, KL-Loss: 60.506, Kmeans-Loss: 21.022, weight: 1.00
INFO:root:Test loss: 1611.534, MSE-Loss: 1526.580, KL-Loss: 64.100, Kmeans-Loss: 20.853
INFO:root:Saving model!
INFO:root:

INFO:root:Epoch: 33, Epochs on convergence counter: 0
INFO:root:Train: 
INFO:root:In the training loop. Epoch: 33
INFO:root:19:43:18
INFO:root:Train loss: 26903.744, MSE-Loss: 5148.412, MSE-Future-Loss 21673.496, KL-Loss: 60.686, Kmeans-Loss: 21.148, weight: 1.00
INFO:root:Test loss: 1611.990, MSE-Loss: 1526.505, KL-Loss: 64.462, Kmeans-Loss: 21.022
INFO:root:Saving model!
INFO:root:

INFO:root:Epoch: 34, Epochs on convergence counter: 0
INFO:root:Train: 
INFO:root:In the training loop. Epoch: 34
INFO:root:19:50:48
INFO:root:Train loss: 26821.767, MSE-Loss: 5130.257, MSE-Future-Loss 21609.414, KL-Loss: 60.845, Kmeans-Loss: 21.249, weight: 1.00
INFO:root:Test loss: 1590.845, MSE-Loss: 1504.784, KL-Loss: 64.881, Kmeans-Loss: 21.180
INFO:root:Saving model!
INFO:root:

INFO:root:Epoch: 35, Epochs on convergence counter: 0
INFO:root:Train: 
INFO:root:In the training loop. Epoch: 35
INFO:root:19:58:19
INFO:root:Train loss: 26686.508, MSE-Loss: 5097.142, MSE-Future-Loss 21506.705, KL-Loss: 61.274, Kmeans-Loss: 21.398, weight: 1.00
INFO:root:Test loss: 1600.958, MSE-Loss: 1515.139, KL-Loss: 64.580, Kmeans-Loss: 21.239
INFO:root:

INFO:root:Epoch: 36, Epochs on convergence counter: 1
INFO:root:Train: 
INFO:root:In the training loop. Epoch: 36
INFO:root:20:05:51
INFO:root:Train loss: 26630.325, MSE-Loss: 5077.455, MSE-Future-Loss 21469.811, KL-Loss: 61.548, Kmeans-Loss: 21.514, weight: 1.00
INFO:root:Test loss: 1590.120, MSE-Loss: 1504.111, KL-Loss: 64.625, Kmeans-Loss: 21.384
INFO:root:Saving model!
INFO:root:

INFO:root:Epoch: 37, Epochs on convergence counter: 0
INFO:root:Train: 
INFO:root:In the training loop. Epoch: 37
INFO:root:20:13:21
INFO:root:Train loss: 26467.707, MSE-Loss: 5033.429, MSE-Future-Loss 21350.797, KL-Loss: 61.868, Kmeans-Loss: 21.630, weight: 1.00
INFO:root:Test loss: 1578.686, MSE-Loss: 1490.952, KL-Loss: 66.156, Kmeans-Loss: 21.579
INFO:root:Saving model!
INFO:root:

INFO:root:Epoch: 38, Epochs on convergence counter: 0
INFO:root:Train: 
INFO:root:In the training loop. Epoch: 38
INFO:root:20:20:51
INFO:root:Train loss: 27635.724, MSE-Loss: 5514.205, MSE-Future-Loss 22039.066, KL-Loss: 61.679, Kmeans-Loss: 20.773, weight: 1.00
INFO:root:Test loss: 1686.676, MSE-Loss: 1604.313, KL-Loss: 62.097, Kmeans-Loss: 20.266
INFO:root:

INFO:root:Epoch: 39, Epochs on convergence counter: 1
INFO:root:Train: 
INFO:root:In the training loop. Epoch: 39
INFO:root:20:28:21
INFO:root:Train loss: 27184.610, MSE-Loss: 5287.350, MSE-Future-Loss 21817.795, KL-Loss: 58.734, Kmeans-Loss: 20.731, weight: 1.00
INFO:root:Test loss: 1626.953, MSE-Loss: 1544.424, KL-Loss: 61.859, Kmeans-Loss: 20.670
INFO:root:

INFO:root:Epoch: 40, Epochs on convergence counter: 2
INFO:root:Train: 
INFO:root:In the training loop. Epoch: 40
INFO:root:20:35:52
INFO:root:Train loss: 26808.586, MSE-Loss: 5148.921, MSE-Future-Loss 21579.623, KL-Loss: 58.963, Kmeans-Loss: 21.064, weight: 1.00
INFO:root:Test loss: 1619.421, MSE-Loss: 1535.612, KL-Loss: 62.748, Kmeans-Loss: 21.061
INFO:root:

INFO:root:Epoch: 41, Epochs on convergence counter: 3
INFO:root:Train: 
INFO:root:In the training loop. Epoch: 41
INFO:root:20:43:24
INFO:root:Train loss: 26604.572, MSE-Loss: 5051.881, MSE-Future-Loss 21471.982, KL-Loss: 59.408, Kmeans-Loss: 21.296, weight: 1.00
INFO:root:Test loss: 1566.008, MSE-Loss: 1481.089, KL-Loss: 63.624, Kmeans-Loss: 21.295
INFO:root:Saving model!
INFO:root:

INFO:root:Epoch: 42, Epochs on convergence counter: 0
INFO:root:Train: 
INFO:root:In the training loop. Epoch: 42
INFO:root:20:50:56
INFO:root:Train loss: 26511.985, MSE-Loss: 5023.709, MSE-Future-Loss 21407.100, KL-Loss: 59.759, Kmeans-Loss: 21.447, weight: 1.00
INFO:root:Test loss: 1583.838, MSE-Loss: 1499.095, KL-Loss: 63.442, Kmeans-Loss: 21.300
INFO:root:

INFO:root:Epoch: 43, Epochs on convergence counter: 1
INFO:root:Train: 
INFO:root:In the training loop. Epoch: 43
INFO:root:20:58:27
INFO:root:Train loss: 26308.190, MSE-Loss: 4972.251, MSE-Future-Loss 21254.104, KL-Loss: 60.186, Kmeans-Loss: 21.619, weight: 1.00
INFO:root:Test loss: 1558.331, MSE-Loss: 1472.002, KL-Loss: 64.689, Kmeans-Loss: 21.640
INFO:root:Saving model!
INFO:root:

INFO:root:Epoch: 44, Epochs on convergence counter: 0
INFO:root:Train: 
INFO:root:In the training loop. Epoch: 44
INFO:root:21:05:59
INFO:root:Train loss: 26249.534, MSE-Loss: 4957.461, MSE-Future-Loss 21209.742, KL-Loss: 60.572, Kmeans-Loss: 21.755, weight: 1.00
INFO:root:Test loss: 1557.410, MSE-Loss: 1471.950, KL-Loss: 63.845, Kmeans-Loss: 21.615
INFO:root:Saving model!
INFO:root:

INFO:root:Epoch: 45, Epochs on convergence counter: 0
INFO:root:Train: 
INFO:root:In the training loop. Epoch: 45
INFO:root:21:13:31
INFO:root:Train loss: 26166.641, MSE-Loss: 4927.390, MSE-Future-Loss 21156.320, KL-Loss: 61.011, Kmeans-Loss: 21.900, weight: 1.00
INFO:root:Test loss: 1563.749, MSE-Loss: 1476.748, KL-Loss: 65.141, Kmeans-Loss: 21.860
INFO:root:Saving model snapshot!

INFO:root:

INFO:root:Epoch: 46, Epochs on convergence counter: 1
INFO:root:Train: 
INFO:root:In the training loop. Epoch: 46
INFO:root:21:21:03
INFO:root:Train loss: 25958.823, MSE-Loss: 4884.932, MSE-Future-Loss 20990.582, KL-Loss: 61.303, Kmeans-Loss: 22.020, weight: 1.00
INFO:root:Test loss: 1584.382, MSE-Loss: 1496.854, KL-Loss: 65.556, Kmeans-Loss: 21.972
INFO:root:

INFO:root:Epoch: 47, Epochs on convergence counter: 2
INFO:root:Train: 
INFO:root:In the training loop. Epoch: 47
INFO:root:21:28:36
INFO:root:Train loss: 25923.059, MSE-Loss: 4876.762, MSE-Future-Loss 20962.670, KL-Loss: 61.515, Kmeans-Loss: 22.109, weight: 1.00
INFO:root:Test loss: 1535.361, MSE-Loss: 1447.800, KL-Loss: 65.530, Kmeans-Loss: 22.031
INFO:root:Saving model!
INFO:root:

INFO:root:Epoch: 48, Epochs on convergence counter: 0
INFO:root:Train: 
INFO:root:In the training loop. Epoch: 48
INFO:root:21:36:08
INFO:root:Train loss: 25888.201, MSE-Loss: 4863.456, MSE-Future-Loss 20940.533, KL-Loss: 61.968, Kmeans-Loss: 22.237, weight: 1.00
INFO:root:Test loss: 1521.093, MSE-Loss: 1432.686, KL-Loss: 66.165, Kmeans-Loss: 22.242
INFO:root:Saving model!
INFO:root:

INFO:root:Epoch: 49, Epochs on convergence counter: 0
INFO:root:Train: 
INFO:root:In the training loop. Epoch: 49
INFO:root:21:43:41
INFO:root:Train loss: 25837.981, MSE-Loss: 4843.934, MSE-Future-Loss 20909.969, KL-Loss: 61.812, Kmeans-Loss: 22.288, weight: 1.00
INFO:root:Test loss: 1548.181, MSE-Loss: 1460.398, KL-Loss: 65.585, Kmeans-Loss: 22.198
INFO:root:

INFO:root:Epoch: 50, Epochs on convergence counter: 1
INFO:root:Train: 
INFO:root:In the training loop. Epoch: 50
INFO:root:21:51:14
INFO:root:Train loss: 25741.070, MSE-Loss: 4822.046, MSE-Future-Loss 20834.707, KL-Loss: 61.951, Kmeans-Loss: 22.373, weight: 1.00
INFO:root:Test loss: 1516.671, MSE-Loss: 1428.240, KL-Loss: 66.107, Kmeans-Loss: 22.324
INFO:root:Saving model!
INFO:root:

INFO:root:Epoch: 51, Epochs on convergence counter: 0
INFO:root:Train: 
INFO:root:In the training loop. Epoch: 51
INFO:root:Train Variational Autoencoder - model name: VAME_15prcnt_sweep 

INFO:root:Latent Dimensions: 30, Time window: 45, Batch Size: 1024, Beta: 1, lr: 0.0005

INFO:root:Scheduler step size: 100, Scheduler gamma: 0.20, Scheduler Threshold: 0.00010

INFO:root:Start training... 
INFO:root:Epoch: 1, Epochs on convergence counter: 0
INFO:root:Train: 
INFO:root:In the training loop. Epoch: 1
INFO:root:22:00:17
INFO:root:Train loss: 116421.860, MSE-Loss: 54385.380, MSE-Future-Loss 62036.438, KL-Loss: 0.000, Kmeans-Loss: 0.000, weight: 0.00
INFO:root:Test loss: 8156.980, MSE-Loss: 8156.980, KL-Loss: 0.000, Kmeans-Loss: 0.000
INFO:root:

INFO:root:Epoch: 2, Epochs on convergence counter: 1
INFO:root:Train: 
INFO:root:In the training loop. Epoch: 2
INFO:root:22:07:53
INFO:root:Train loss: 74762.623, MSE-Loss: 24795.940, MSE-Future-Loss 49966.691, KL-Loss: 0.000, Kmeans-Loss: 0.000, weight: 0.00
INFO:root:Test loss: 6262.464, MSE-Loss: 6262.464, KL-Loss: 0.000, Kmeans-Loss: 0.000
INFO:root:

INFO:root:Epoch: 3, Epochs on convergence counter: 2
INFO:root:Train: 
INFO:root:In the training loop. Epoch: 3
INFO:root:22:15:38
INFO:root:Train loss: 66984.962, MSE-Loss: 19453.054, MSE-Future-Loss 47517.852, KL-Loss: 10.097, Kmeans-Loss: 3.953, weight: 0.25
INFO:root:Test loss: 5213.082, MSE-Loss: 5197.889, KL-Loss: 11.170, Kmeans-Loss: 4.023
INFO:root:

INFO:root:Epoch: 4, Epochs on convergence counter: 3
INFO:root:Train: 
INFO:root:In the training loop. Epoch: 4
INFO:root:22:23:28
INFO:root:Train loss: 63578.558, MSE-Loss: 17159.541, MSE-Future-Loss 46386.152, KL-Loss: 23.913, Kmeans-Loss: 8.934, weight: 0.50
INFO:root:Test loss: 4956.287, MSE-Loss: 4921.764, KL-Loss: 25.536, Kmeans-Loss: 8.988
INFO:root:

INFO:root:Epoch: 5, Epochs on convergence counter: 4
INFO:root:Train: 
INFO:root:In the training loop. Epoch: 5
INFO:root:22:31:24
INFO:root:Train loss: 61642.204, MSE-Loss: 15938.997, MSE-Future-Loss 45648.734, KL-Loss: 39.951, Kmeans-Loss: 14.533, weight: 0.75
INFO:root:Test loss: 4715.216, MSE-Loss: 4658.863, KL-Loss: 41.819, Kmeans-Loss: 14.533
INFO:root:

INFO:root:Epoch: 6, Epochs on convergence counter: 5
INFO:root:Train: 
INFO:root:In the training loop. Epoch: 6
INFO:root:22:39:22
INFO:root:Train loss: 60188.154, MSE-Loss: 15255.334, MSE-Future-Loss 44854.504, KL-Loss: 57.734, Kmeans-Loss: 20.575, weight: 1.00
INFO:root:Test loss: 4632.441, MSE-Loss: 4552.901, KL-Loss: 59.143, Kmeans-Loss: 20.398
INFO:root:Saving model!
INFO:root:

INFO:root:Epoch: 7, Epochs on convergence counter: 0
INFO:root:Train: 
INFO:root:In the training loop. Epoch: 7
INFO:root:22:47:24
INFO:root:Train loss: 59022.319, MSE-Loss: 14669.237, MSE-Future-Loss 44270.641, KL-Loss: 60.916, Kmeans-Loss: 21.497, weight: 1.00
INFO:root:Test loss: 4579.650, MSE-Loss: 4496.613, KL-Loss: 61.737, Kmeans-Loss: 21.299
INFO:root:Saving model!
INFO:root:

INFO:root:Epoch: 8, Epochs on convergence counter: 0
INFO:root:Train: 
INFO:root:In the training loop. Epoch: 8
INFO:root:22:55:27
INFO:root:Train loss: 57856.491, MSE-Loss: 14202.257, MSE-Future-Loss 43568.797, KL-Loss: 63.173, Kmeans-Loss: 22.247, weight: 1.00
INFO:root:Test loss: 4390.711, MSE-Loss: 4304.836, KL-Loss: 63.781, Kmeans-Loss: 22.094
INFO:root:Saving model!
INFO:root:

INFO:root:Epoch: 9, Epochs on convergence counter: 0
INFO:root:Train: 
INFO:root:In the training loop. Epoch: 9
INFO:root:23:03:35
INFO:root:Train loss: 56734.411, MSE-Loss: 13722.600, MSE-Future-Loss 42923.801, KL-Loss: 65.070, Kmeans-Loss: 22.940, weight: 1.00
INFO:root:Test loss: 4254.143, MSE-Loss: 4166.017, KL-Loss: 65.295, Kmeans-Loss: 22.831
INFO:root:Saving model!
INFO:root:

INFO:root:Epoch: 10, Epochs on convergence counter: 0
INFO:root:Train: 
INFO:root:In the training loop. Epoch: 10
INFO:root:23:11:44
INFO:root:Train loss: 55642.628, MSE-Loss: 13313.579, MSE-Future-Loss 42238.445, KL-Loss: 66.995, Kmeans-Loss: 23.617, weight: 1.00
INFO:root:Test loss: 4216.770, MSE-Loss: 4124.595, KL-Loss: 68.524, Kmeans-Loss: 23.652
INFO:root:Saving model!
INFO:root:

INFO:root:Epoch: 11, Epochs on convergence counter: 0
INFO:root:Train: 
INFO:root:In the training loop. Epoch: 11
INFO:root:23:19:55
INFO:root:Train loss: 54533.391, MSE-Loss: 12995.277, MSE-Future-Loss 41445.293, KL-Loss: 68.564, Kmeans-Loss: 24.230, weight: 1.00
INFO:root:Test loss: 4143.186, MSE-Loss: 4048.775, KL-Loss: 70.168, Kmeans-Loss: 24.243
INFO:root:Saving model!
INFO:root:

INFO:root:Epoch: 12, Epochs on convergence counter: 0
INFO:root:Train: 
INFO:root:In the training loop. Epoch: 12
INFO:root:23:28:07
INFO:root:Train loss: 53533.919, MSE-Loss: 12766.831, MSE-Future-Loss 40671.816, KL-Loss: 70.435, Kmeans-Loss: 24.819, weight: 1.00
INFO:root:Test loss: 4145.242, MSE-Loss: 4048.697, KL-Loss: 71.695, Kmeans-Loss: 24.849
INFO:root:Saving model!
INFO:root:

INFO:root:Epoch: 13, Epochs on convergence counter: 0
INFO:root:Train: 
INFO:root:In the training loop. Epoch: 13
INFO:root:23:36:22
INFO:root:Train loss: 52586.457, MSE-Loss: 12613.636, MSE-Future-Loss 39875.676, KL-Loss: 71.828, Kmeans-Loss: 25.315, weight: 1.00
INFO:root:Test loss: 4110.416, MSE-Loss: 4013.098, KL-Loss: 72.063, Kmeans-Loss: 25.254
INFO:root:Saving model!
INFO:root:

INFO:root:Epoch: 14, Epochs on convergence counter: 0
INFO:root:Train: 
INFO:root:In the training loop. Epoch: 14
INFO:root:23:44:37
INFO:root:Train loss: 51650.641, MSE-Loss: 12473.211, MSE-Future-Loss 39078.715, KL-Loss: 72.949, Kmeans-Loss: 25.748, weight: 1.00
INFO:root:Test loss: 4088.886, MSE-Loss: 3989.104, KL-Loss: 73.960, Kmeans-Loss: 25.822
INFO:root:Saving model!
INFO:root:

INFO:root:Epoch: 15, Epochs on convergence counter: 0
INFO:root:Train: 
INFO:root:In the training loop. Epoch: 15
INFO:root:23:52:56
INFO:root:Train loss: 50668.537, MSE-Loss: 12343.590, MSE-Future-Loss 38224.844, KL-Loss: 73.933, Kmeans-Loss: 26.142, weight: 1.00
INFO:root:Test loss: 4060.435, MSE-Loss: 3959.789, KL-Loss: 74.514, Kmeans-Loss: 26.132
INFO:root:Saving model!
INFO:root:Saving model snapshot!

INFO:root:

INFO:root:Epoch: 16, Epochs on convergence counter: 0
INFO:root:Train: 
INFO:root:In the training loop. Epoch: 16
INFO:root:00:01:15
INFO:root:Train loss: 49602.662, MSE-Loss: 12205.716, MSE-Future-Loss 37295.559, KL-Loss: 74.903, Kmeans-Loss: 26.501, weight: 1.00
INFO:root:Test loss: 4072.812, MSE-Loss: 3970.965, KL-Loss: 75.307, Kmeans-Loss: 26.540
INFO:root:

INFO:root:Epoch: 17, Epochs on convergence counter: 1
INFO:root:Train: 
INFO:root:In the training loop. Epoch: 17
INFO:root:00:09:37
INFO:root:Train loss: 48648.249, MSE-Loss: 12089.782, MSE-Future-Loss 36455.766, KL-Loss: 75.861, Kmeans-Loss: 26.861, weight: 1.00
INFO:root:Test loss: 4023.205, MSE-Loss: 3920.169, KL-Loss: 76.227, Kmeans-Loss: 26.809
INFO:root:Saving model!
INFO:root:

INFO:root:Epoch: 18, Epochs on convergence counter: 0
INFO:root:Train: 
INFO:root:In the training loop. Epoch: 18
INFO:root:00:17:58
INFO:root:Train loss: 47853.821, MSE-Loss: 12019.369, MSE-Future-Loss 35730.523, KL-Loss: 76.754, Kmeans-Loss: 27.194, weight: 1.00
INFO:root:Test loss: 4071.576, MSE-Loss: 3966.720, KL-Loss: 77.645, Kmeans-Loss: 27.210
INFO:root:

INFO:root:Epoch: 19, Epochs on convergence counter: 1
INFO:root:Train: 
INFO:root:In the training loop. Epoch: 19
INFO:root:00:26:21
INFO:root:Train loss: 46837.183, MSE-Loss: 11898.596, MSE-Future-Loss 34833.461, KL-Loss: 77.631, Kmeans-Loss: 27.502, weight: 1.00
INFO:root:Test loss: 4069.877, MSE-Loss: 3964.283, KL-Loss: 78.097, Kmeans-Loss: 27.496
INFO:root:

INFO:root:Epoch: 20, Epochs on convergence counter: 2
INFO:root:Train: 
INFO:root:In the training loop. Epoch: 20
INFO:root:00:34:44
INFO:root:Train loss: 45984.008, MSE-Loss: 11834.223, MSE-Future-Loss 34043.660, KL-Loss: 78.362, Kmeans-Loss: 27.780, weight: 1.00
INFO:root:Test loss: 4024.039, MSE-Loss: 3917.946, KL-Loss: 78.349, Kmeans-Loss: 27.744
INFO:root:Saving model!
INFO:root:

INFO:root:Epoch: 21, Epochs on convergence counter: 0
INFO:root:Train: 
INFO:root:In the training loop. Epoch: 21
INFO:root:00:43:10
INFO:root:Train loss: 45032.456, MSE-Loss: 11732.882, MSE-Future-Loss 33192.426, KL-Loss: 79.100, Kmeans-Loss: 28.048, weight: 1.00
INFO:root:Test loss: 4053.883, MSE-Loss: 3945.441, KL-Loss: 80.306, Kmeans-Loss: 28.136
INFO:root:

INFO:root:Epoch: 22, Epochs on convergence counter: 1
INFO:root:Train: 
INFO:root:In the training loop. Epoch: 22
INFO:root:00:51:34
INFO:root:Train loss: 44284.810, MSE-Loss: 11672.097, MSE-Future-Loss 32504.234, KL-Loss: 80.139, Kmeans-Loss: 28.352, weight: 1.00
INFO:root:Test loss: 4037.376, MSE-Loss: 3928.766, KL-Loss: 80.283, Kmeans-Loss: 28.326
INFO:root:

INFO:root:Epoch: 23, Epochs on convergence counter: 2
INFO:root:Train: 
INFO:root:In the training loop. Epoch: 23
INFO:root:01:00:00
INFO:root:Train loss: 43409.917, MSE-Loss: 11566.729, MSE-Future-Loss 31733.660, KL-Loss: 80.915, Kmeans-Loss: 28.603, weight: 1.00
INFO:root:Test loss: 4004.146, MSE-Loss: 3893.761, KL-Loss: 81.716, Kmeans-Loss: 28.669
INFO:root:Saving model!
INFO:root:

INFO:root:Epoch: 24, Epochs on convergence counter: 0
INFO:root:Train: 
INFO:root:In the training loop. Epoch: 24
INFO:root:01:08:26
INFO:root:Train loss: 42610.455, MSE-Loss: 11506.596, MSE-Future-Loss 30993.252, KL-Loss: 81.741, Kmeans-Loss: 28.849, weight: 1.00
INFO:root:Test loss: 4032.847, MSE-Loss: 3920.881, KL-Loss: 83.018, Kmeans-Loss: 28.947
INFO:root:

INFO:root:Epoch: 25, Epochs on convergence counter: 1
INFO:root:Train: 
INFO:root:In the training loop. Epoch: 25
INFO:root:01:16:54
INFO:root:Train loss: 41860.803, MSE-Loss: 11413.419, MSE-Future-Loss 30335.607, KL-Loss: 82.654, Kmeans-Loss: 29.103, weight: 1.00
INFO:root:Test loss: 3988.323, MSE-Loss: 3875.594, KL-Loss: 83.595, Kmeans-Loss: 29.135
INFO:root:Saving model!
INFO:root:

INFO:root:Epoch: 26, Epochs on convergence counter: 0
INFO:root:Train: 
INFO:root:In the training loop. Epoch: 26
INFO:root:01:25:22
INFO:root:Train loss: 41121.261, MSE-Loss: 11348.352, MSE-Future-Loss 29660.236, KL-Loss: 83.344, Kmeans-Loss: 29.326, weight: 1.00
INFO:root:Test loss: 4000.346, MSE-Loss: 3886.839, KL-Loss: 84.156, Kmeans-Loss: 29.351
INFO:root:

INFO:root:Epoch: 27, Epochs on convergence counter: 1
INFO:root:Train: 
INFO:root:In the training loop. Epoch: 27
INFO:root:01:33:50
INFO:root:Train loss: 40426.173, MSE-Loss: 11281.999, MSE-Future-Loss 29030.377, KL-Loss: 84.227, Kmeans-Loss: 29.548, weight: 1.00
INFO:root:Test loss: 3968.759, MSE-Loss: 3854.156, KL-Loss: 85.030, Kmeans-Loss: 29.574
INFO:root:Saving model!
INFO:root:

INFO:root:Epoch: 28, Epochs on convergence counter: 0
INFO:root:Train: 
INFO:root:In the training loop. Epoch: 28
INFO:root:01:42:19
INFO:root:Train loss: 39815.081, MSE-Loss: 11204.542, MSE-Future-Loss 28495.688, KL-Loss: 85.079, Kmeans-Loss: 29.780, weight: 1.00
INFO:root:Test loss: 3980.356, MSE-Loss: 3864.141, KL-Loss: 86.386, Kmeans-Loss: 29.828
INFO:root:

INFO:root:Epoch: 29, Epochs on convergence counter: 1
INFO:root:Train: 
INFO:root:In the training loop. Epoch: 29
INFO:root:01:50:47
INFO:root:Train loss: 39203.939, MSE-Loss: 11152.396, MSE-Future-Loss 27935.568, KL-Loss: 85.954, Kmeans-Loss: 29.999, weight: 1.00
INFO:root:Test loss: 3946.669, MSE-Loss: 3830.651, KL-Loss: 86.069, Kmeans-Loss: 29.949
INFO:root:Saving model!
INFO:root:

INFO:root:Epoch: 30, Epochs on convergence counter: 0
INFO:root:Train: 
INFO:root:In the training loop. Epoch: 30
INFO:root:01:59:17
INFO:root:Train loss: 38556.855, MSE-Loss: 11080.975, MSE-Future-Loss 27358.934, KL-Loss: 86.739, Kmeans-Loss: 30.207, weight: 1.00
INFO:root:Test loss: 3936.852, MSE-Loss: 3819.515, KL-Loss: 87.152, Kmeans-Loss: 30.186
INFO:root:Saving model!
INFO:root:Saving model snapshot!

INFO:root:

INFO:root:Epoch: 31, Epochs on convergence counter: 0
INFO:root:Train: 
INFO:root:In the training loop. Epoch: 31
INFO:root:02:07:46
INFO:root:Train loss: 38004.872, MSE-Loss: 11019.912, MSE-Future-Loss 26867.096, KL-Loss: 87.464, Kmeans-Loss: 30.391, weight: 1.00
INFO:root:Test loss: 3974.030, MSE-Loss: 3856.101, KL-Loss: 87.614, Kmeans-Loss: 30.314
INFO:root:

INFO:root:Epoch: 32, Epochs on convergence counter: 1
INFO:root:Train: 
INFO:root:In the training loop. Epoch: 32
INFO:root:02:16:17
INFO:root:Train loss: 37459.600, MSE-Loss: 10951.252, MSE-Future-Loss 26389.455, KL-Loss: 88.286, Kmeans-Loss: 30.589, weight: 1.00
INFO:root:Test loss: 3966.100, MSE-Loss: 3846.847, KL-Loss: 88.726, Kmeans-Loss: 30.526
INFO:root:

INFO:root:Epoch: 33, Epochs on convergence counter: 2
INFO:root:Train: 
INFO:root:In the training loop. Epoch: 33
INFO:root:02:24:48
INFO:root:Train loss: 36999.096, MSE-Loss: 10903.816, MSE-Future-Loss 25975.531, KL-Loss: 88.998, Kmeans-Loss: 30.774, weight: 1.00
INFO:root:Test loss: 3946.915, MSE-Loss: 3826.876, KL-Loss: 89.320, Kmeans-Loss: 30.719
INFO:root:

INFO:root:Epoch: 34, Epochs on convergence counter: 3
INFO:root:Train: 
INFO:root:In the training loop. Epoch: 34
INFO:root:02:33:18
INFO:root:Train loss: 36519.247, MSE-Loss: 10856.844, MSE-Future-Loss 25541.500, KL-Loss: 89.917, Kmeans-Loss: 30.972, weight: 1.00
INFO:root:Test loss: 3976.370, MSE-Loss: 3854.796, KL-Loss: 90.614, Kmeans-Loss: 30.960
INFO:root:

INFO:root:Epoch: 35, Epochs on convergence counter: 4
INFO:root:Train: 
INFO:root:In the training loop. Epoch: 35
INFO:root:02:41:48
INFO:root:Train loss: 36034.979, MSE-Loss: 10790.798, MSE-Future-Loss 25122.447, KL-Loss: 90.584, Kmeans-Loss: 31.146, weight: 1.00
INFO:root:Test loss: 3973.364, MSE-Loss: 3850.743, KL-Loss: 91.490, Kmeans-Loss: 31.132
INFO:root:

INFO:root:Epoch: 36, Epochs on convergence counter: 5
INFO:root:Train: 
INFO:root:In the training loop. Epoch: 36
INFO:root:02:50:19
INFO:root:Train loss: 35691.823, MSE-Loss: 10756.733, MSE-Future-Loss 24812.365, KL-Loss: 91.386, Kmeans-Loss: 31.337, weight: 1.00
INFO:root:Test loss: 3947.331, MSE-Loss: 3823.717, KL-Loss: 92.286, Kmeans-Loss: 31.328
INFO:root:

INFO:root:Epoch: 37, Epochs on convergence counter: 6
INFO:root:Train: 
INFO:root:In the training loop. Epoch: 37
INFO:root:02:58:50
INFO:root:Train loss: 35129.100, MSE-Loss: 10670.436, MSE-Future-Loss 24335.029, KL-Loss: 92.130, Kmeans-Loss: 31.498, weight: 1.00
INFO:root:Test loss: 3943.367, MSE-Loss: 3819.014, KL-Loss: 92.905, Kmeans-Loss: 31.449
INFO:root:Saving model!
INFO:root:

INFO:root:Epoch: 38, Epochs on convergence counter: 0
INFO:root:Train: 
INFO:root:In the training loop. Epoch: 38
INFO:root:03:07:21
INFO:root:Train loss: 34840.926, MSE-Loss: 10638.157, MSE-Future-Loss 24078.203, KL-Loss: 92.867, Kmeans-Loss: 31.672, weight: 1.00
INFO:root:Test loss: 3970.863, MSE-Loss: 3845.654, KL-Loss: 93.563, Kmeans-Loss: 31.647
INFO:root:

INFO:root:Epoch: 39, Epochs on convergence counter: 1
INFO:root:Train: 
INFO:root:In the training loop. Epoch: 39
INFO:root:03:15:53
INFO:root:Train loss: 34517.027, MSE-Loss: 10605.144, MSE-Future-Loss 23786.436, KL-Loss: 93.604, Kmeans-Loss: 31.844, weight: 1.00
INFO:root:Test loss: 3976.474, MSE-Loss: 3851.042, KL-Loss: 93.719, Kmeans-Loss: 31.713
INFO:root:

INFO:root:Epoch: 40, Epochs on convergence counter: 2
INFO:root:Train: 
INFO:root:In the training loop. Epoch: 40
INFO:root:03:24:26
INFO:root:Train loss: 34120.114, MSE-Loss: 10550.758, MSE-Future-Loss 23443.131, KL-Loss: 94.243, Kmeans-Loss: 31.983, weight: 1.00
INFO:root:Test loss: 3947.005, MSE-Loss: 3820.413, KL-Loss: 94.654, Kmeans-Loss: 31.938
INFO:root:

INFO:root:Epoch: 41, Epochs on convergence counter: 3
INFO:root:Train: 
INFO:root:In the training loop. Epoch: 41
INFO:root:03:32:57
INFO:root:Train loss: 33776.868, MSE-Loss: 10501.976, MSE-Future-Loss 23147.781, KL-Loss: 94.973, Kmeans-Loss: 32.142, weight: 1.00
INFO:root:Test loss: 3918.198, MSE-Loss: 3791.132, KL-Loss: 95.020, Kmeans-Loss: 32.045
INFO:root:Saving model!
INFO:root:

INFO:root:Epoch: 42, Epochs on convergence counter: 0
INFO:root:Train: 
INFO:root:In the training loop. Epoch: 42
INFO:root:03:41:29
INFO:root:Train loss: 33474.468, MSE-Loss: 10475.975, MSE-Future-Loss 22870.596, KL-Loss: 95.592, Kmeans-Loss: 32.295, weight: 1.00
INFO:root:Test loss: 3946.180, MSE-Loss: 3818.208, KL-Loss: 95.753, Kmeans-Loss: 32.219
INFO:root:

INFO:root:Epoch: 43, Epochs on convergence counter: 1
INFO:root:Train: 
INFO:root:In the training loop. Epoch: 43
INFO:root:03:50:01
INFO:root:Train loss: 33180.097, MSE-Loss: 10411.110, MSE-Future-Loss 22640.357, KL-Loss: 96.210, Kmeans-Loss: 32.431, weight: 1.00
INFO:root:Test loss: 3920.831, MSE-Loss: 3792.115, KL-Loss: 96.410, Kmeans-Loss: 32.307
INFO:root:

INFO:root:Epoch: 44, Epochs on convergence counter: 2
INFO:root:Train: 
INFO:root:In the training loop. Epoch: 44
INFO:root:03:58:34
INFO:root:Train loss: 32897.715, MSE-Loss: 10398.405, MSE-Future-Loss 22369.738, KL-Loss: 96.967, Kmeans-Loss: 32.592, weight: 1.00
INFO:root:Test loss: 3945.923, MSE-Loss: 3815.776, KL-Loss: 97.624, Kmeans-Loss: 32.523
INFO:root:

INFO:root:Epoch: 45, Epochs on convergence counter: 3
INFO:root:Train: 
INFO:root:In the training loop. Epoch: 45
INFO:root:04:07:06
INFO:root:Train loss: 32643.409, MSE-Loss: 10352.749, MSE-Future-Loss 22160.527, KL-Loss: 97.428, Kmeans-Loss: 32.719, weight: 1.00
INFO:root:Test loss: 3907.639, MSE-Loss: 3776.974, KL-Loss: 98.028, Kmeans-Loss: 32.637
INFO:root:Saving model!
INFO:root:Saving model snapshot!

INFO:root:

INFO:root:Epoch: 46, Epochs on convergence counter: 0
INFO:root:Train: 
INFO:root:In the training loop. Epoch: 46
INFO:root:04:15:38
INFO:root:Train loss: 32349.335, MSE-Loss: 10296.448, MSE-Future-Loss 21921.807, KL-Loss: 98.202, Kmeans-Loss: 32.866, weight: 1.00
INFO:root:Test loss: 3914.894, MSE-Loss: 3783.887, KL-Loss: 98.219, Kmeans-Loss: 32.788
INFO:root:

INFO:root:Epoch: 47, Epochs on convergence counter: 1
INFO:root:Train: 
INFO:root:In the training loop. Epoch: 47
INFO:root:04:24:11
INFO:root:Train loss: 32115.114, MSE-Loss: 10278.634, MSE-Future-Loss 21704.703, KL-Loss: 98.774, Kmeans-Loss: 33.001, weight: 1.00
INFO:root:Test loss: 3924.722, MSE-Loss: 3792.822, KL-Loss: 99.037, Kmeans-Loss: 32.862
INFO:root:

INFO:root:Epoch: 48, Epochs on convergence counter: 2
INFO:root:Train: 
INFO:root:In the training loop. Epoch: 48
INFO:root:04:32:44
INFO:root:Train loss: 31893.575, MSE-Loss: 10256.839, MSE-Future-Loss 21504.182, KL-Loss: 99.415, Kmeans-Loss: 33.133, weight: 1.00
INFO:root:Test loss: 3910.081, MSE-Loss: 3778.060, KL-Loss: 99.053, Kmeans-Loss: 32.968
INFO:root:

INFO:root:Epoch: 49, Epochs on convergence counter: 3
INFO:root:Train: 
INFO:root:In the training loop. Epoch: 49
INFO:root:04:41:17
INFO:root:Train loss: 31690.578, MSE-Loss: 10210.556, MSE-Future-Loss 21346.893, KL-Loss: 99.889, Kmeans-Loss: 33.252, weight: 1.00
INFO:root:Test loss: 3905.191, MSE-Loss: 3771.479, KL-Loss: 100.552, Kmeans-Loss: 33.160
INFO:root:Saving model!
INFO:root:

INFO:root:Epoch: 50, Epochs on convergence counter: 0
INFO:root:Train: 
INFO:root:In the training loop. Epoch: 50
INFO:root:04:49:51
INFO:root:Train loss: 31454.141, MSE-Loss: 10162.324, MSE-Future-Loss 21157.951, KL-Loss: 100.498, Kmeans-Loss: 33.373, weight: 1.00
INFO:root:Test loss: 3919.222, MSE-Loss: 3784.859, KL-Loss: 101.071, Kmeans-Loss: 33.292
INFO:root:

INFO:root:Epoch: 51, Epochs on convergence counter: 1
INFO:root:Train: 
INFO:root:In the training loop. Epoch: 51
INFO:root:Train Variational Autoencoder - model name: VAME_15prcnt_sweep 

INFO:root:Latent Dimensions: 20, Time window: 45, Batch Size: 1024, Beta: 1, lr: 0.0020

INFO:root:Scheduler step size: 100, Scheduler gamma: 0.20, Scheduler Threshold: 0.10000

INFO:root:Start training... 
INFO:root:Epoch: 1, Epochs on convergence counter: 0
INFO:root:Train: 
INFO:root:In the training loop. Epoch: 1
INFO:root:05:02:06
INFO:root:Train loss: 90403.824, MSE-Loss: 59055.139, MSE-Future-Loss 31348.678, KL-Loss: 0.000, Kmeans-Loss: 0.000, weight: 0.00
INFO:root:Test loss: 9513.716, MSE-Loss: 9513.716, KL-Loss: 0.000, Kmeans-Loss: 0.000
INFO:root:

INFO:root:Epoch: 2, Epochs on convergence counter: 1
INFO:root:Train: 
INFO:root:In the training loop. Epoch: 2
INFO:root:05:14:00
INFO:root:Train loss: 46683.675, MSE-Loss: 25099.435, MSE-Future-Loss 21584.252, KL-Loss: 0.000, Kmeans-Loss: 0.000, weight: 0.00
INFO:root:Test loss: 7390.633, MSE-Loss: 7390.633, KL-Loss: 0.000, Kmeans-Loss: 0.000
INFO:root:

INFO:root:Epoch: 3, Epochs on convergence counter: 2
INFO:root:Train: 
INFO:root:In the training loop. Epoch: 3
INFO:root:05:26:01
INFO:root:Train loss: 41024.960, MSE-Loss: 20745.593, MSE-Future-Loss 20262.822, KL-Loss: 12.661, Kmeans-Loss: 3.868, weight: 0.29
INFO:root:Test loss: 6590.109, MSE-Loss: 6572.030, KL-Loss: 13.993, Kmeans-Loss: 4.087
INFO:root:

INFO:root:Epoch: 4, Epochs on convergence counter: 3
INFO:root:Train: 
INFO:root:In the training loop. Epoch: 4
INFO:root:05:38:06
INFO:root:Train loss: 37987.129, MSE-Loss: 18364.999, MSE-Future-Loss 19588.852, KL-Loss: 25.796, Kmeans-Loss: 7.495, weight: 0.50
INFO:root:Test loss: 6074.904, MSE-Loss: 6039.489, KL-Loss: 27.638, Kmeans-Loss: 7.778
INFO:root:

INFO:root:Epoch: 5, Epochs on convergence counter: 4
INFO:root:Train: 
INFO:root:In the training loop. Epoch: 5
INFO:root:05:50:13
INFO:root:Train loss: 36100.153, MSE-Loss: 16970.238, MSE-Future-Loss 19077.641, KL-Loss: 40.775, Kmeans-Loss: 11.481, weight: 0.71
INFO:root:Test loss: 5910.003, MSE-Loss: 5854.547, KL-Loss: 43.513, Kmeans-Loss: 11.943
INFO:root:

INFO:root:Epoch: 6, Epochs on convergence counter: 5
INFO:root:Train: 
INFO:root:In the training loop. Epoch: 6
INFO:root:06:02:23
INFO:root:Train loss: 34804.924, MSE-Loss: 16053.965, MSE-Future-Loss 18682.666, KL-Loss: 53.552, Kmeans-Loss: 14.720, weight: 0.86
INFO:root:Test loss: 5657.135, MSE-Loss: 5585.442, KL-Loss: 56.407, Kmeans-Loss: 15.286
INFO:root:

INFO:root:Epoch: 7, Epochs on convergence counter: 6
INFO:root:Train: 
INFO:root:In the training loop. Epoch: 7
INFO:root:06:14:35
INFO:root:Train loss: 33709.568, MSE-Loss: 15244.492, MSE-Future-Loss 18385.844, KL-Loss: 62.355, Kmeans-Loss: 16.877, weight: 0.94
INFO:root:Test loss: 5765.085, MSE-Loss: 5681.538, KL-Loss: 66.000, Kmeans-Loss: 17.547
INFO:root:

INFO:root:Epoch: 8, Epochs on convergence counter: 7
INFO:root:Train: 
INFO:root:In the training loop. Epoch: 8
INFO:root:06:26:49
INFO:root:Train loss: 32948.762, MSE-Loss: 14780.413, MSE-Future-Loss 18082.195, KL-Loss: 67.946, Kmeans-Loss: 18.201, weight: 0.97
INFO:root:Test loss: 5648.682, MSE-Loss: 5559.177, KL-Loss: 70.764, Kmeans-Loss: 18.741
INFO:root:

INFO:root:Epoch: 9, Epochs on convergence counter: 8
INFO:root:Train: 
INFO:root:In the training loop. Epoch: 9
INFO:root:06:39:04
INFO:root:Train loss: 32283.196, MSE-Loss: 14374.334, MSE-Future-Loss 17818.295, KL-Loss: 71.535, Kmeans-Loss: 19.024, weight: 0.99
INFO:root:Test loss: 5465.003, MSE-Loss: 5371.545, KL-Loss: 73.940, Kmeans-Loss: 19.519
INFO:root:

INFO:root:Epoch: 10, Epochs on convergence counter: 9
INFO:root:Train: 
INFO:root:In the training loop. Epoch: 10
INFO:root:06:51:20
INFO:root:Train loss: 31768.503, MSE-Loss: 14127.856, MSE-Future-Loss 17546.732, KL-Loss: 74.304, Kmeans-Loss: 19.611, weight: 1.00
INFO:root:Test loss: 5235.872, MSE-Loss: 5136.832, KL-Loss: 78.775, Kmeans-Loss: 20.266
INFO:root:Saving model!
INFO:root:

INFO:root:Epoch: 11, Epochs on convergence counter: 0
INFO:root:Train: 
INFO:root:In the training loop. Epoch: 11
INFO:root:07:03:37
INFO:root:Train loss: 31204.013, MSE-Loss: 13874.646, MSE-Future-Loss 17232.164, KL-Loss: 77.084, Kmeans-Loss: 20.118, weight: 1.00
INFO:root:Test loss: 5235.465, MSE-Loss: 5133.705, KL-Loss: 81.030, Kmeans-Loss: 20.729
INFO:root:Saving model!
INFO:root:

INFO:root:Epoch: 12, Epochs on convergence counter: 0
INFO:root:Train: 
INFO:root:In the training loop. Epoch: 12
INFO:root:07:15:55
INFO:root:Train loss: 30782.285, MSE-Loss: 13707.099, MSE-Future-Loss 16975.434, KL-Loss: 79.228, Kmeans-Loss: 20.527, weight: 1.00
INFO:root:Test loss: 5340.572, MSE-Loss: 5237.504, KL-Loss: 82.057, Kmeans-Loss: 21.011
INFO:root:

INFO:root:Epoch: 13, Epochs on convergence counter: 1
INFO:root:Train: 
INFO:root:In the training loop. Epoch: 13
INFO:root:07:28:14
INFO:root:Train loss: 30448.003, MSE-Loss: 13596.768, MSE-Future-Loss 16749.355, KL-Loss: 81.026, Kmeans-Loss: 20.854, weight: 1.00
INFO:root:Test loss: 5209.693, MSE-Loss: 5104.249, KL-Loss: 84.055, Kmeans-Loss: 21.389
INFO:root:Saving model!
INFO:root:

INFO:root:Epoch: 14, Epochs on convergence counter: 0
INFO:root:Train: 
INFO:root:In the training loop. Epoch: 14
INFO:root:07:40:35
INFO:root:Train loss: 30055.760, MSE-Loss: 13476.421, MSE-Future-Loss 16475.826, KL-Loss: 82.384, Kmeans-Loss: 21.141, weight: 1.00
INFO:root:Test loss: 5215.909, MSE-Loss: 5108.668, KL-Loss: 85.593, Kmeans-Loss: 21.648
INFO:root:

INFO:root:Epoch: 15, Epochs on convergence counter: 1
INFO:root:Train: 
INFO:root:In the training loop. Epoch: 15
INFO:root:07:52:55
INFO:root:Train loss: 29738.568, MSE-Loss: 13400.359, MSE-Future-Loss 16233.246, KL-Loss: 83.588, Kmeans-Loss: 21.384, weight: 1.00
INFO:root:Test loss: 5378.347, MSE-Loss: 5268.718, KL-Loss: 87.630, Kmeans-Loss: 21.999
INFO:root:Saving model snapshot!

INFO:root:

INFO:root:Epoch: 16, Epochs on convergence counter: 2
INFO:root:Train: 
INFO:root:In the training loop. Epoch: 16
INFO:root:08:05:15
INFO:root:Train loss: 29318.911, MSE-Loss: 13266.590, MSE-Future-Loss 15946.022, KL-Loss: 84.692, Kmeans-Loss: 21.610, weight: 1.00
INFO:root:Test loss: 5437.061, MSE-Loss: 5326.992, KL-Loss: 87.931, Kmeans-Loss: 22.137
INFO:root:

INFO:root:Epoch: 17, Epochs on convergence counter: 3
INFO:root:Train: 
INFO:root:In the training loop. Epoch: 17
INFO:root:08:17:37
INFO:root:Train loss: 29030.934, MSE-Loss: 13199.015, MSE-Future-Loss 15724.211, KL-Loss: 85.861, Kmeans-Loss: 21.851, weight: 1.00
INFO:root:Test loss: 5473.669, MSE-Loss: 5363.015, KL-Loss: 88.385, Kmeans-Loss: 22.268
INFO:root:

INFO:root:Epoch: 18, Epochs on convergence counter: 4
INFO:root:Train: 
INFO:root:In the training loop. Epoch: 18
INFO:root:08:30:00
INFO:root:Train loss: 28722.608, MSE-Loss: 13121.752, MSE-Future-Loss 15492.005, KL-Loss: 86.811, Kmeans-Loss: 22.050, weight: 1.00
INFO:root:Test loss: 5288.304, MSE-Loss: 5175.775, KL-Loss: 89.988, Kmeans-Loss: 22.541
INFO:root:

INFO:root:Epoch: 19, Epochs on convergence counter: 5
INFO:root:Train: 
INFO:root:In the training loop. Epoch: 19
INFO:root:08:42:21
INFO:root:Train loss: 28412.688, MSE-Loss: 13037.391, MSE-Future-Loss 15265.079, KL-Loss: 87.966, Kmeans-Loss: 22.247, weight: 1.00
INFO:root:Test loss: 5276.284, MSE-Loss: 5161.124, KL-Loss: 92.328, Kmeans-Loss: 22.831
INFO:root:

INFO:root:Epoch: 20, Epochs on convergence counter: 6
INFO:root:Train: 
INFO:root:In the training loop. Epoch: 20
INFO:root:08:54:45
INFO:root:Train loss: 28166.830, MSE-Loss: 13017.179, MSE-Future-Loss 15038.806, KL-Loss: 88.463, Kmeans-Loss: 22.384, weight: 1.00
INFO:root:Test loss: 5348.953, MSE-Loss: 5233.554, KL-Loss: 92.491, Kmeans-Loss: 22.908
INFO:root:

INFO:root:Epoch: 21, Epochs on convergence counter: 7
INFO:root:Train: 
INFO:root:In the training loop. Epoch: 21
INFO:root:09:07:08
INFO:root:Train loss: 27876.283, MSE-Loss: 12934.523, MSE-Future-Loss 14829.910, KL-Loss: 89.321, Kmeans-Loss: 22.543, weight: 1.00
INFO:root:Test loss: 5235.838, MSE-Loss: 5121.022, KL-Loss: 91.897, Kmeans-Loss: 22.920
INFO:root:

INFO:root:Epoch: 22, Epochs on convergence counter: 8
INFO:root:Train: 
INFO:root:In the training loop. Epoch: 22
INFO:root:09:19:33
INFO:root:Train loss: 27655.572, MSE-Loss: 12927.148, MSE-Future-Loss 14615.962, KL-Loss: 89.794, Kmeans-Loss: 22.667, weight: 1.00
INFO:root:Test loss: 5424.142, MSE-Loss: 5308.035, KL-Loss: 92.989, Kmeans-Loss: 23.119
INFO:root:

INFO:root:Epoch: 23, Epochs on convergence counter: 9
INFO:root:Train: 
INFO:root:In the training loop. Epoch: 23
INFO:root:09:31:56
INFO:root:Train loss: 28072.030, MSE-Loss: 13015.866, MSE-Future-Loss 14946.391, KL-Loss: 87.446, Kmeans-Loss: 22.343, weight: 1.00
INFO:root:Test loss: 5501.424, MSE-Loss: 5388.547, KL-Loss: 90.099, Kmeans-Loss: 22.778
INFO:root:

INFO:root:Epoch: 24, Epochs on convergence counter: 10
INFO:root:Train: 
INFO:root:In the training loop. Epoch: 24
INFO:root:09:44:21
INFO:root:Train loss: 27343.240, MSE-Loss: 12818.466, MSE-Future-Loss 14412.594, KL-Loss: 89.486, Kmeans-Loss: 22.701, weight: 1.00
INFO:root:Test loss: 5532.958, MSE-Loss: 5414.604, KL-Loss: 94.961, Kmeans-Loss: 23.393
INFO:root:

INFO:root:Epoch: 25, Epochs on convergence counter: 11
INFO:root:Train: 
INFO:root:In the training loop. Epoch: 25
INFO:root:09:56:46
INFO:root:Train loss: 26841.188, MSE-Loss: 12695.472, MSE-Future-Loss 14030.588, KL-Loss: 92.097, Kmeans-Loss: 23.050, weight: 1.00
INFO:root:Test loss: 5149.953, MSE-Loss: 5030.045, KL-Loss: 96.334, Kmeans-Loss: 23.574
INFO:root:Saving model!
INFO:root:

INFO:root:Epoch: 26, Epochs on convergence counter: 0
INFO:root:Train: 
INFO:root:In the training loop. Epoch: 26
INFO:root:10:09:11
INFO:root:Train loss: 26583.512, MSE-Loss: 12640.149, MSE-Future-Loss 13827.045, KL-Loss: 93.085, Kmeans-Loss: 23.224, weight: 1.00
INFO:root:Test loss: 5323.501, MSE-Loss: 5203.275, KL-Loss: 96.513, Kmeans-Loss: 23.713
INFO:root:

INFO:root:Epoch: 27, Epochs on convergence counter: 1
INFO:root:Train: 
INFO:root:In the training loop. Epoch: 27
INFO:root:10:21:38
INFO:root:Train loss: 26453.491, MSE-Loss: 12647.377, MSE-Future-Loss 13689.389, KL-Loss: 93.420, Kmeans-Loss: 23.315, weight: 1.00
INFO:root:Test loss: 5327.651, MSE-Loss: 5206.171, KL-Loss: 97.644, Kmeans-Loss: 23.835
INFO:root:

INFO:root:Epoch: 28, Epochs on convergence counter: 2
INFO:root:Train: 
INFO:root:In the training loop. Epoch: 28
INFO:root:10:34:03
INFO:root:Train loss: 26232.876, MSE-Loss: 12580.297, MSE-Future-Loss 13534.904, KL-Loss: 94.212, Kmeans-Loss: 23.453, weight: 1.00
INFO:root:Test loss: 5714.185, MSE-Loss: 5591.279, KL-Loss: 98.890, Kmeans-Loss: 24.016
INFO:root:

INFO:root:Epoch: 29, Epochs on convergence counter: 3
INFO:root:Train: 
INFO:root:In the training loop. Epoch: 29
INFO:root:10:46:29
INFO:root:Train loss: 26096.949, MSE-Loss: 12580.025, MSE-Future-Loss 13398.546, KL-Loss: 94.825, Kmeans-Loss: 23.554, weight: 1.00
INFO:root:Test loss: 5189.596, MSE-Loss: 5071.219, KL-Loss: 94.758, Kmeans-Loss: 23.619
INFO:root:

INFO:root:Epoch: 30, Epochs on convergence counter: 4
INFO:root:Train: 
INFO:root:In the training loop. Epoch: 30
INFO:root:10:58:55
INFO:root:Train loss: 25798.337, MSE-Loss: 12494.681, MSE-Future-Loss 13185.631, KL-Loss: 94.448, Kmeans-Loss: 23.573, weight: 1.00
INFO:root:Test loss: 5323.704, MSE-Loss: 5199.936, KL-Loss: 99.607, Kmeans-Loss: 24.161
INFO:root:Saving model snapshot!

INFO:root:

INFO:root:Epoch: 31, Epochs on convergence counter: 5
INFO:root:Train: 
INFO:root:In the training loop. Epoch: 31
INFO:root:11:11:23
INFO:root:Train loss: 25614.092, MSE-Loss: 12447.101, MSE-Future-Loss 13047.273, KL-Loss: 95.955, Kmeans-Loss: 23.768, weight: 1.00
INFO:root:Test loss: 5342.651, MSE-Loss: 5219.824, KL-Loss: 98.788, Kmeans-Loss: 24.038
INFO:root:

INFO:root:Epoch: 32, Epochs on convergence counter: 6
INFO:root:Train: 
INFO:root:In the training loop. Epoch: 32
INFO:root:11:23:51
INFO:root:Train loss: 25579.617, MSE-Loss: 12444.169, MSE-Future-Loss 13015.724, KL-Loss: 95.922, Kmeans-Loss: 23.793, weight: 1.00
INFO:root:Test loss: 5391.407, MSE-Loss: 5266.475, KL-Loss: 100.560, Kmeans-Loss: 24.371
INFO:root:

INFO:root:Epoch: 33, Epochs on convergence counter: 7
INFO:root:Train: 
INFO:root:In the training loop. Epoch: 33
INFO:root:11:36:19
INFO:root:Train loss: 25125.010, MSE-Loss: 12327.678, MSE-Future-Loss 12675.879, KL-Loss: 97.453, Kmeans-Loss: 24.003, weight: 1.00
INFO:root:Test loss: 5449.367, MSE-Loss: 5322.733, KL-Loss: 102.116, Kmeans-Loss: 24.518
INFO:root:

INFO:root:Epoch: 34, Epochs on convergence counter: 8
INFO:root:Train: 
INFO:root:In the training loop. Epoch: 34
INFO:root:11:48:46
INFO:root:Train loss: 25076.002, MSE-Loss: 12333.741, MSE-Future-Loss 12620.141, KL-Loss: 98.023, Kmeans-Loss: 24.098, weight: 1.00
INFO:root:Test loss: 5342.068, MSE-Loss: 5215.372, KL-Loss: 102.099, Kmeans-Loss: 24.597
INFO:root:

INFO:root:Epoch: 35, Epochs on convergence counter: 9
INFO:root:Train: 
INFO:root:In the training loop. Epoch: 35
INFO:root:12:01:15
INFO:root:Train loss: 24914.344, MSE-Loss: 12280.181, MSE-Future-Loss 12511.640, KL-Loss: 98.357, Kmeans-Loss: 24.167, weight: 1.00
INFO:root:Test loss: 5164.780, MSE-Loss: 5036.119, KL-Loss: 103.875, Kmeans-Loss: 24.786
INFO:root:

INFO:root:Epoch: 36, Epochs on convergence counter: 10
INFO:root:Train: 
INFO:root:In the training loop. Epoch: 36
INFO:root:12:13:42
INFO:root:Train loss: 24731.673, MSE-Loss: 12229.807, MSE-Future-Loss 12378.299, KL-Loss: 99.262, Kmeans-Loss: 24.290, weight: 1.00
INFO:root:Test loss: 5300.103, MSE-Loss: 5172.893, KL-Loss: 102.544, Kmeans-Loss: 24.666
INFO:root:

INFO:root:Epoch: 37, Epochs on convergence counter: 11
INFO:root:Train: 
INFO:root:In the training loop. Epoch: 37
INFO:root:12:26:10
INFO:root:Train loss: 24590.009, MSE-Loss: 12214.489, MSE-Future-Loss 12251.873, KL-Loss: 99.333, Kmeans-Loss: 24.318, weight: 1.00
INFO:root:Test loss: 5372.274, MSE-Loss: 5243.511, KL-Loss: 103.932, Kmeans-Loss: 24.832
INFO:root:

INFO:root:Epoch: 38, Epochs on convergence counter: 12
INFO:root:Train: 
INFO:root:In the training loop. Epoch: 38
INFO:root:12:38:39
INFO:root:Train loss: 24472.724, MSE-Loss: 12155.432, MSE-Future-Loss 12192.787, KL-Loss: 100.076, Kmeans-Loss: 24.441, weight: 1.00
INFO:root:Test loss: 5700.759, MSE-Loss: 5573.247, KL-Loss: 102.764, Kmeans-Loss: 24.748
INFO:root:

INFO:root:Epoch: 39, Epochs on convergence counter: 13
INFO:root:Train: 
INFO:root:In the training loop. Epoch: 39
INFO:root:12:51:08
INFO:root:Train loss: 24514.246, MSE-Loss: 12171.616, MSE-Future-Loss 12218.370, KL-Loss: 99.809, Kmeans-Loss: 24.447, weight: 1.00
INFO:root:Test loss: 5259.004, MSE-Loss: 5129.876, KL-Loss: 104.227, Kmeans-Loss: 24.901
INFO:root:

INFO:root:Epoch: 40, Epochs on convergence counter: 14
INFO:root:Train: 
INFO:root:In the training loop. Epoch: 40
INFO:root:13:03:36
INFO:root:Train loss: 24245.562, MSE-Loss: 12119.007, MSE-Future-Loss 12001.195, KL-Loss: 100.803, Kmeans-Loss: 24.561, weight: 1.00
INFO:root:Test loss: 5660.238, MSE-Loss: 5530.917, KL-Loss: 104.323, Kmeans-Loss: 24.998
INFO:root:

INFO:root:Epoch: 41, Epochs on convergence counter: 15
INFO:root:Train: 
INFO:root:In the training loop. Epoch: 41
INFO:root:13:16:06
INFO:root:Train loss: 24099.441, MSE-Loss: 12085.957, MSE-Future-Loss 11887.677, KL-Loss: 101.177, Kmeans-Loss: 24.633, weight: 1.00
INFO:root:Test loss: 5446.980, MSE-Loss: 5316.243, KL-Loss: 105.594, Kmeans-Loss: 25.143
INFO:root:

INFO:root:Epoch: 42, Epochs on convergence counter: 16
INFO:root:Train: 
INFO:root:In the training loop. Epoch: 42
INFO:root:13:28:35
INFO:root:Train loss: 23899.120, MSE-Loss: 12031.078, MSE-Future-Loss 11741.126, KL-Loss: 102.147, Kmeans-Loss: 24.767, weight: 1.00
INFO:root:Test loss: 5273.902, MSE-Loss: 5142.056, KL-Loss: 106.591, Kmeans-Loss: 25.255
INFO:root:

INFO:root:Epoch: 43, Epochs on convergence counter: 17
INFO:root:Train: 
INFO:root:In the training loop. Epoch: 43
INFO:root:13:41:04
INFO:root:Train loss: 24151.674, MSE-Loss: 12077.481, MSE-Future-Loss 11948.286, KL-Loss: 101.232, Kmeans-Loss: 24.679, weight: 1.00
INFO:root:Test loss: 5190.029, MSE-Loss: 5061.078, KL-Loss: 103.947, Kmeans-Loss: 25.004
INFO:root:

INFO:root:Epoch: 44, Epochs on convergence counter: 18
INFO:root:Train: 
INFO:root:In the training loop. Epoch: 44
INFO:root:13:53:30
INFO:root:Train loss: 31925.366, MSE-Loss: 16452.981, MSE-Future-Loss 15372.148, KL-Loss: 79.111, Kmeans-Loss: 21.128, weight: 1.00
INFO:root:Test loss: 7671.210, MSE-Loss: 7608.169, KL-Loss: 47.211, Kmeans-Loss: 15.830
INFO:root:

INFO:root:Epoch: 45, Epochs on convergence counter: 19
INFO:root:Train: 
INFO:root:In the training loop. Epoch: 45
INFO:root:14:05:50
INFO:root:Train loss: 33507.803, MSE-Loss: 14662.830, MSE-Future-Loss 18769.096, KL-Loss: 57.882, Kmeans-Loss: 18.010, weight: 1.00
INFO:root:Test loss: 5860.160, MSE-Loss: 5771.896, KL-Loss: 68.469, Kmeans-Loss: 19.794
INFO:root:Saving model snapshot!

INFO:root:

INFO:root:Epoch: 46, Epochs on convergence counter: 20
INFO:root:Train: 
INFO:root:In the training loop. Epoch: 46
INFO:root:14:18:14
INFO:root:Train loss: 31060.963, MSE-Loss: 13121.015, MSE-Future-Loss 17850.203, KL-Loss: 69.750, Kmeans-Loss: 20.000, weight: 1.00
INFO:root:Test loss: 5957.774, MSE-Loss: 5860.934, KL-Loss: 75.817, Kmeans-Loss: 21.022
INFO:root:

INFO:root:Epoch: 47, Epochs on convergence counter: 21
INFO:root:Train: 
INFO:root:In the training loop. Epoch: 47
INFO:root:14:30:38
INFO:root:Train loss: 30738.988, MSE-Loss: 13036.877, MSE-Future-Loss 17608.377, KL-Loss: 73.239, Kmeans-Loss: 20.497, weight: 1.00
INFO:root:Test loss: 5533.125, MSE-Loss: 5435.675, KL-Loss: 76.569, Kmeans-Loss: 20.881
INFO:root:

INFO:root:Epoch: 48, Epochs on convergence counter: 22
INFO:root:Train: 
INFO:root:In the training loop. Epoch: 48
INFO:root:14:43:04
INFO:root:Train loss: 29639.730, MSE-Loss: 12486.500, MSE-Future-Loss 17052.066, KL-Loss: 79.631, Kmeans-Loss: 21.534, weight: 1.00
INFO:root:Test loss: 5711.496, MSE-Loss: 5603.297, KL-Loss: 85.651, Kmeans-Loss: 22.548
INFO:root:

INFO:root:Epoch: 49, Epochs on convergence counter: 23
INFO:root:Train: 
INFO:root:In the training loop. Epoch: 49
INFO:root:14:55:30
INFO:root:Train loss: 28736.570, MSE-Loss: 12192.855, MSE-Future-Loss 16435.768, KL-Loss: 85.540, Kmeans-Loss: 22.407, weight: 1.00
INFO:root:Test loss: 5617.259, MSE-Loss: 5505.025, KL-Loss: 89.145, Kmeans-Loss: 23.088
INFO:root:

INFO:root:Epoch: 50, Epochs on convergence counter: 24
INFO:root:Train: 
INFO:root:In the training loop. Epoch: 50
INFO:root:15:07:57
INFO:root:Train loss: 28743.814, MSE-Loss: 12319.043, MSE-Future-Loss 16315.136, KL-Loss: 87.054, Kmeans-Loss: 22.585, weight: 1.00
INFO:root:Test loss: 5923.946, MSE-Loss: 5815.331, KL-Loss: 86.007, Kmeans-Loss: 22.608
INFO:root:

INFO:root:Epoch: 51, Epochs on convergence counter: 25
INFO:root:Train: 
INFO:root:In the training loop. Epoch: 51
INFO:root:Train Variational Autoencoder - model name: VAME_15prcnt_sweep 

INFO:root:Latent Dimensions: 50, Time window: 60, Batch Size: 256, Beta: 1, lr: 0.0020

INFO:root:Scheduler step size: 100, Scheduler gamma: 0.20, Scheduler Threshold: 0.10000

INFO:root:Start training... 
INFO:root:Epoch: 1, Epochs on convergence counter: 0
INFO:root:Train: 
INFO:root:In the training loop. Epoch: 1
INFO:root:15:24:11
INFO:root:Train loss: 9028.326, MSE-Loss: 4975.960, MSE-Future-Loss 4052.376, KL-Loss: 0.000, Kmeans-Loss: 0.000, weight: 0.00
INFO:root:Test loss: 925.029, MSE-Loss: 925.029, KL-Loss: 0.000, Kmeans-Loss: 0.000
INFO:root:

INFO:root:Epoch: 2, Epochs on convergence counter: 1
INFO:root:Train: 
INFO:root:In the training loop. Epoch: 2
INFO:root:15:39:56
INFO:root:Train loss: 5974.370, MSE-Loss: 2512.002, MSE-Future-Loss 3462.370, KL-Loss: 0.000, Kmeans-Loss: 0.000, weight: 0.00
INFO:root:Test loss: 901.937, MSE-Loss: 901.937, KL-Loss: 0.000, Kmeans-Loss: 0.000
INFO:root:

INFO:root:Epoch: 3, Epochs on convergence counter: 2
INFO:root:Train: 
INFO:root:In the training loop. Epoch: 3
INFO:root:15:55:43
INFO:root:Train loss: 5727.545, MSE-Loss: 2394.482, MSE-Future-Loss 3331.011, KL-Loss: 1.759, Kmeans-Loss: 0.294, weight: 0.29
INFO:root:Test loss: 872.948, MSE-Loss: 870.920, KL-Loss: 1.714, Kmeans-Loss: 0.314
INFO:root:

INFO:root:Epoch: 4, Epochs on convergence counter: 3
INFO:root:Train: 
INFO:root:In the training loop. Epoch: 4
INFO:root:16:11:34
INFO:root:Train loss: 5567.276, MSE-Loss: 2330.932, MSE-Future-Loss 3232.794, KL-Loss: 3.064, Kmeans-Loss: 0.489, weight: 0.50
INFO:root:Test loss: 816.481, MSE-Loss: 812.998, KL-Loss: 2.966, Kmeans-Loss: 0.517
INFO:root:

INFO:root:Epoch: 5, Epochs on convergence counter: 4
INFO:root:Train: 
INFO:root:In the training loop. Epoch: 5
INFO:root:16:27:27
INFO:root:Train loss: 5404.418, MSE-Loss: 2271.193, MSE-Future-Loss 3128.206, KL-Loss: 4.354, Kmeans-Loss: 0.670, weight: 0.71
INFO:root:Test loss: 810.485, MSE-Loss: 805.514, KL-Loss: 4.260, Kmeans-Loss: 0.711
INFO:root:

INFO:root:Epoch: 6, Epochs on convergence counter: 5
INFO:root:Train: 
INFO:root:In the training loop. Epoch: 6
INFO:root:16:43:22
INFO:root:Train loss: 5211.374, MSE-Loss: 2222.797, MSE-Future-Loss 2982.523, KL-Loss: 5.285, Kmeans-Loss: 0.769, weight: 0.86
INFO:root:Test loss: 822.053, MSE-Loss: 816.129, KL-Loss: 5.098, Kmeans-Loss: 0.826
INFO:root:

INFO:root:Epoch: 7, Epochs on convergence counter: 6
INFO:root:Train: 
INFO:root:In the training loop. Epoch: 7
INFO:root:16:59:22
INFO:root:Train loss: 5051.604, MSE-Loss: 2202.874, MSE-Future-Loss 2842.137, KL-Loss: 5.785, Kmeans-Loss: 0.808, weight: 0.94
INFO:root:Test loss: 798.382, MSE-Loss: 791.964, KL-Loss: 5.546, Kmeans-Loss: 0.872
INFO:root:

INFO:root:Epoch: 8, Epochs on convergence counter: 7
INFO:root:Train: 
INFO:root:In the training loop. Epoch: 8
INFO:root:17:14:23
INFO:root:Train loss: 307489.747, MSE-Loss: 251417.120, MSE-Future-Loss 55971.949, KL-Loss: 91.170, Kmeans-Loss: 9.412, weight: 0.97
INFO:root:Test loss: 513647.093, MSE-Loss: 513551.739, KL-Loss: 85.211, Kmeans-Loss: 10.143
INFO:root:

INFO:root:Epoch: 9, Epochs on convergence counter: 8
INFO:root:Train: 
INFO:root:In the training loop. Epoch: 9
INFO:root:17:29:25
INFO:root:Train loss: 44357.095, MSE-Loss: 37302.606, MSE-Future-Loss 6957.648, KL-Loss: 87.363, Kmeans-Loss: 9.477, weight: 0.99
INFO:root:Test loss: 359554.244, MSE-Loss: 359462.503, KL-Loss: 81.642, Kmeans-Loss: 10.099
INFO:root:

INFO:root:Epoch: 10, Epochs on convergence counter: 9
INFO:root:Train: 
INFO:root:In the training loop. Epoch: 10
INFO:root:17:44:28
INFO:root:Train loss: 39816.120, MSE-Loss: 33396.944, MSE-Future-Loss 6328.254, KL-Loss: 81.701, Kmeans-Loss: 9.226, weight: 1.00
INFO:root:Test loss: 399060.169, MSE-Loss: 398971.728, KL-Loss: 78.514, Kmeans-Loss: 9.927
INFO:root:Saving model!
INFO:root:

INFO:root:Epoch: 11, Epochs on convergence counter: 0
INFO:root:Train: 
INFO:root:In the training loop. Epoch: 11
INFO:root:17:59:29
INFO:root:Train loss: 37104.968, MSE-Loss: 31108.035, MSE-Future-Loss 5910.881, KL-Loss: 77.062, Kmeans-Loss: 8.978, weight: 1.00
INFO:root:Test loss: 390552.509, MSE-Loss: 390467.616, KL-Loss: 75.163, Kmeans-Loss: 9.730
INFO:root:Saving model!
INFO:root:

INFO:root:Epoch: 12, Epochs on convergence counter: 0
INFO:root:Train: 
INFO:root:In the training loop. Epoch: 12
INFO:root:18:14:28
INFO:root:Train loss: 35478.328, MSE-Loss: 29747.496, MSE-Future-Loss 5649.139, KL-Loss: 72.957, Kmeans-Loss: 8.741, weight: 1.00
INFO:root:Test loss: 371942.945, MSE-Loss: 371861.460, KL-Loss: 71.960, Kmeans-Loss: 9.524
INFO:root:Saving model!
INFO:root:

INFO:root:Epoch: 13, Epochs on convergence counter: 0
INFO:root:Train: 
INFO:root:In the training loop. Epoch: 13
INFO:root:18:29:31
INFO:root:Train loss: 34284.593, MSE-Loss: 28716.982, MSE-Future-Loss 5489.997, KL-Loss: 69.101, Kmeans-Loss: 8.512, weight: 1.00
INFO:root:Test loss: 343383.816, MSE-Loss: 343305.698, KL-Loss: 68.787, Kmeans-Loss: 9.331
INFO:root:Saving model!
INFO:root:

INFO:root:Epoch: 14, Epochs on convergence counter: 0
INFO:root:Train: 
INFO:root:In the training loop. Epoch: 14
INFO:root:18:44:34
INFO:root:Train loss: 33321.485, MSE-Loss: 27889.603, MSE-Future-Loss 5357.866, KL-Loss: 65.714, Kmeans-Loss: 8.307, weight: 1.00
INFO:root:Test loss: 323787.432, MSE-Loss: 323712.285, KL-Loss: 65.994, Kmeans-Loss: 9.153
INFO:root:Saving model!
INFO:root:

INFO:root:Epoch: 15, Epochs on convergence counter: 0
INFO:root:Train: 
INFO:root:In the training loop. Epoch: 15
INFO:root:18:59:37
INFO:root:Train loss: 32587.074, MSE-Loss: 27258.217, MSE-Future-Loss 5258.079, KL-Loss: 62.664, Kmeans-Loss: 8.119, weight: 1.00
INFO:root:Test loss: 310870.083, MSE-Loss: 310797.716, KL-Loss: 63.375, Kmeans-Loss: 8.993
INFO:root:Saving model!
INFO:root:Saving model snapshot!

INFO:root:

INFO:root:Epoch: 16, Epochs on convergence counter: 0
INFO:root:Train: 
INFO:root:In the training loop. Epoch: 16
INFO:root:19:14:41
INFO:root:Train loss: 31800.772, MSE-Loss: 26566.946, MSE-Future-Loss 5165.831, KL-Loss: 60.044, Kmeans-Loss: 7.948, weight: 1.00
INFO:root:Test loss: 304679.297, MSE-Loss: 304609.401, KL-Loss: 61.055, Kmeans-Loss: 8.841
INFO:root:Saving model!
INFO:root:

INFO:root:Epoch: 17, Epochs on convergence counter: 0
INFO:root:Train: 
INFO:root:In the training loop. Epoch: 17
INFO:root:19:29:42
INFO:root:Train loss: 31126.483, MSE-Loss: 25966.585, MSE-Future-Loss 5094.591, KL-Loss: 57.529, Kmeans-Loss: 7.777, weight: 1.00
INFO:root:Test loss: 270739.673, MSE-Loss: 270672.141, KL-Loss: 58.842, Kmeans-Loss: 8.691
INFO:root:Saving model!
INFO:root:

INFO:root:Epoch: 18, Epochs on convergence counter: 0
INFO:root:Train: 
INFO:root:In the training loop. Epoch: 18
INFO:root:19:44:40
INFO:root:Train loss: 30438.625, MSE-Loss: 25336.296, MSE-Future-Loss 5039.351, KL-Loss: 55.343, Kmeans-Loss: 7.629, weight: 1.00
INFO:root:Test loss: 262746.313, MSE-Loss: 262680.883, KL-Loss: 56.875, Kmeans-Loss: 8.555
INFO:root:Saving model!
INFO:root:

INFO:root:Epoch: 19, Epochs on convergence counter: 0
INFO:root:Train: 
INFO:root:In the training loop. Epoch: 19
INFO:root:19:59:42
INFO:root:Train loss: 29673.251, MSE-Loss: 24630.155, MSE-Future-Loss 4982.243, KL-Loss: 53.365, Kmeans-Loss: 7.485, weight: 1.00
INFO:root:Test loss: 248004.791, MSE-Loss: 247941.286, KL-Loss: 55.075, Kmeans-Loss: 8.430
INFO:root:Saving model!
INFO:root:

INFO:root:Epoch: 20, Epochs on convergence counter: 0
INFO:root:Train: 
INFO:root:In the training loop. Epoch: 20
INFO:root:20:14:42
INFO:root:Train loss: 29036.611, MSE-Loss: 24048.119, MSE-Future-Loss 4929.688, KL-Loss: 51.468, Kmeans-Loss: 7.349, weight: 1.00
INFO:root:Test loss: 238701.559, MSE-Loss: 238639.990, KL-Loss: 53.273, Kmeans-Loss: 8.296
INFO:root:Saving model!
INFO:root:

INFO:root:Epoch: 21, Epochs on convergence counter: 0
INFO:root:Train: 
INFO:root:In the training loop. Epoch: 21
INFO:root:20:29:41
INFO:root:Train loss: 28315.817, MSE-Loss: 23389.285, MSE-Future-Loss 4869.886, KL-Loss: 49.443, Kmeans-Loss: 7.196, weight: 1.00
INFO:root:Test loss: 231704.035, MSE-Loss: 231644.821, KL-Loss: 51.069, Kmeans-Loss: 8.145
INFO:root:Saving model!
INFO:root:

INFO:root:Epoch: 22, Epochs on convergence counter: 0
INFO:root:Train: 
INFO:root:In the training loop. Epoch: 22
INFO:root:20:44:42
INFO:root:Train loss: 27419.632, MSE-Loss: 22544.778, MSE-Future-Loss 4820.701, KL-Loss: 47.137, Kmeans-Loss: 7.024, weight: 1.00
INFO:root:Test loss: 222573.849, MSE-Loss: 222516.826, KL-Loss: 49.035, Kmeans-Loss: 7.988
INFO:root:Saving model!
INFO:root:

INFO:root:Epoch: 23, Epochs on convergence counter: 0
INFO:root:Train: 
INFO:root:In the training loop. Epoch: 23
INFO:root:20:59:42
INFO:root:Train loss: 26539.524, MSE-Loss: 21720.197, MSE-Future-Loss 4767.127, KL-Loss: 45.316, Kmeans-Loss: 6.883, weight: 1.00
INFO:root:Test loss: 213413.814, MSE-Loss: 213358.532, KL-Loss: 47.418, Kmeans-Loss: 7.864
INFO:root:Saving model!
INFO:root:

INFO:root:Epoch: 24, Epochs on convergence counter: 0
INFO:root:Train: 
INFO:root:In the training loop. Epoch: 24
INFO:root:21:14:40
INFO:root:Train loss: 25570.666, MSE-Loss: 20809.371, MSE-Future-Loss 4710.815, KL-Loss: 43.725, Kmeans-Loss: 6.757, weight: 1.00
INFO:root:Test loss: 221730.708, MSE-Loss: 221677.234, KL-Loss: 45.731, Kmeans-Loss: 7.743
INFO:root:

INFO:root:Epoch: 25, Epochs on convergence counter: 1
INFO:root:Train: 
INFO:root:In the training loop. Epoch: 25
INFO:root:21:29:45
INFO:root:Train loss: 24580.528, MSE-Loss: 19868.598, MSE-Future-Loss 4663.441, KL-Loss: 41.885, Kmeans-Loss: 6.599, weight: 1.00
INFO:root:Test loss: 224254.380, MSE-Loss: 224202.930, KL-Loss: 43.864, Kmeans-Loss: 7.586
INFO:root:

INFO:root:Epoch: 26, Epochs on convergence counter: 2
INFO:root:Train: 
INFO:root:In the training loop. Epoch: 26
INFO:root:21:44:45
INFO:root:Train loss: 23775.372, MSE-Loss: 19100.274, MSE-Future-Loss 4628.578, KL-Loss: 40.080, Kmeans-Loss: 6.436, weight: 1.00
INFO:root:Test loss: 226250.053, MSE-Loss: 226200.496, KL-Loss: 42.125, Kmeans-Loss: 7.433
INFO:root:

INFO:root:Epoch: 27, Epochs on convergence counter: 3
INFO:root:Train: 
INFO:root:In the training loop. Epoch: 27
INFO:root:21:59:46
INFO:root:Train loss: 22895.117, MSE-Loss: 18254.526, MSE-Future-Loss 4596.032, KL-Loss: 38.289, Kmeans-Loss: 6.273, weight: 1.00
INFO:root:Test loss: 218237.069, MSE-Loss: 218189.338, KL-Loss: 40.445, Kmeans-Loss: 7.286
INFO:root:

INFO:root:Epoch: 28, Epochs on convergence counter: 4
INFO:root:Train: 
INFO:root:In the training loop. Epoch: 28
INFO:root:22:14:51
INFO:root:Train loss: 21871.242, MSE-Loss: 17255.586, MSE-Future-Loss 4572.889, KL-Loss: 36.637, Kmeans-Loss: 6.124, weight: 1.00
INFO:root:Test loss: 210739.644, MSE-Loss: 210693.736, KL-Loss: 38.767, Kmeans-Loss: 7.141
INFO:root:Saving model!
INFO:root:

INFO:root:Epoch: 29, Epochs on convergence counter: 0
INFO:root:Train: 
INFO:root:In the training loop. Epoch: 29
INFO:root:22:29:54
INFO:root:Train loss: 21030.861, MSE-Loss: 16441.864, MSE-Future-Loss 4547.887, KL-Loss: 35.121, Kmeans-Loss: 5.985, weight: 1.00
INFO:root:Test loss: 190187.683, MSE-Loss: 190143.496, KL-Loss: 37.182, Kmeans-Loss: 7.005
INFO:root:Saving model!
INFO:root:

INFO:root:Epoch: 30, Epochs on convergence counter: 0
INFO:root:Train: 
INFO:root:In the training loop. Epoch: 30
INFO:root:22:44:54
INFO:root:Train loss: 20115.593, MSE-Loss: 15562.098, MSE-Future-Loss 4513.941, KL-Loss: 33.699, Kmeans-Loss: 5.852, weight: 1.00
INFO:root:Test loss: 186007.275, MSE-Loss: 185964.726, KL-Loss: 35.675, Kmeans-Loss: 6.873
INFO:root:Saving model!
INFO:root:Saving model snapshot!

INFO:root:

INFO:root:Epoch: 31, Epochs on convergence counter: 0
INFO:root:Train: 
INFO:root:In the training loop. Epoch: 31
INFO:root:22:59:58
INFO:root:Train loss: 19272.872, MSE-Loss: 14746.639, MSE-Future-Loss 4488.013, KL-Loss: 32.484, Kmeans-Loss: 5.734, weight: 1.00
INFO:root:Test loss: 185014.740, MSE-Loss: 184973.480, KL-Loss: 34.494, Kmeans-Loss: 6.766
INFO:root:Saving model!
INFO:root:

INFO:root:Epoch: 32, Epochs on convergence counter: 0
INFO:root:Train: 
INFO:root:In the training loop. Epoch: 32
INFO:root:23:14:58
INFO:root:Train loss: 18654.810, MSE-Loss: 14159.000, MSE-Future-Loss 4458.826, KL-Loss: 31.366, Kmeans-Loss: 5.623, weight: 1.00
INFO:root:Test loss: 201945.065, MSE-Loss: 201904.972, KL-Loss: 33.426, Kmeans-Loss: 6.667
INFO:root:

INFO:root:Epoch: 33, Epochs on convergence counter: 1
INFO:root:Train: 
INFO:root:In the training loop. Epoch: 33
INFO:root:23:29:59
INFO:root:Train loss: 18175.692, MSE-Loss: 13690.741, MSE-Future-Loss 4449.081, KL-Loss: 30.352, Kmeans-Loss: 5.521, weight: 1.00
INFO:root:Test loss: 205077.665, MSE-Loss: 205038.621, KL-Loss: 32.471, Kmeans-Loss: 6.574
INFO:root:

INFO:root:Epoch: 34, Epochs on convergence counter: 2
INFO:root:Train: 
INFO:root:In the training loop. Epoch: 34
INFO:root:23:44:59
INFO:root:Train loss: 17819.828, MSE-Loss: 13366.215, MSE-Future-Loss 4418.685, KL-Loss: 29.490, Kmeans-Loss: 5.429, weight: 1.00
INFO:root:Test loss: 208964.163, MSE-Loss: 208925.949, KL-Loss: 31.713, Kmeans-Loss: 6.501
INFO:root:

INFO:root:Epoch: 35, Epochs on convergence counter: 3
INFO:root:Train: 
INFO:root:In the training loop. Epoch: 35
INFO:root:23:59:58
INFO:root:Train loss: 17501.269, MSE-Loss: 13055.111, MSE-Future-Loss 4412.115, KL-Loss: 28.690, Kmeans-Loss: 5.348, weight: 1.00
INFO:root:Test loss: 214075.513, MSE-Loss: 214038.173, KL-Loss: 30.915, Kmeans-Loss: 6.425
INFO:root:

INFO:root:Epoch: 36, Epochs on convergence counter: 4
INFO:root:Train: 
INFO:root:In the training loop. Epoch: 36
INFO:root:00:14:56
INFO:root:Train loss: 17103.077, MSE-Loss: 12659.318, MSE-Future-Loss 4410.437, KL-Loss: 28.045, Kmeans-Loss: 5.277, weight: 1.00
INFO:root:Test loss: 214743.415, MSE-Loss: 214706.826, KL-Loss: 30.233, Kmeans-Loss: 6.355
INFO:root:

INFO:root:Epoch: 37, Epochs on convergence counter: 5
INFO:root:Train: 
INFO:root:In the training loop. Epoch: 37
INFO:root:00:29:58
INFO:root:Train loss: 16656.893, MSE-Loss: 12259.745, MSE-Future-Loss 4364.497, KL-Loss: 27.439, Kmeans-Loss: 5.211, weight: 1.00
INFO:root:Test loss: 209300.881, MSE-Loss: 209264.973, KL-Loss: 29.617, Kmeans-Loss: 6.291
INFO:root:

INFO:root:Epoch: 38, Epochs on convergence counter: 6
INFO:root:Train: 
INFO:root:In the training loop. Epoch: 38
INFO:root:00:44:57
INFO:root:Train loss: 16262.894, MSE-Loss: 11875.348, MSE-Future-Loss 4355.500, KL-Loss: 26.894, Kmeans-Loss: 5.151, weight: 1.00
INFO:root:Test loss: 206321.713, MSE-Loss: 206286.452, KL-Loss: 29.034, Kmeans-Loss: 6.227
INFO:root:

INFO:root:Epoch: 39, Epochs on convergence counter: 7
INFO:root:Train: 
INFO:root:In the training loop. Epoch: 39
INFO:root:00:59:57
INFO:root:Train loss: 16007.371, MSE-Loss: 11622.712, MSE-Future-Loss 4353.122, KL-Loss: 26.424, Kmeans-Loss: 5.097, weight: 1.00
INFO:root:Test loss: 211893.585, MSE-Loss: 211858.729, KL-Loss: 28.668, Kmeans-Loss: 6.187
INFO:root:

INFO:root:Epoch: 40, Epochs on convergence counter: 8
INFO:root:Train: 
INFO:root:In the training loop. Epoch: 40
INFO:root:01:14:59
INFO:root:Train loss: 15703.801, MSE-Loss: 11341.398, MSE-Future-Loss 4331.348, KL-Loss: 26.008, Kmeans-Loss: 5.053, weight: 1.00
INFO:root:Test loss: 209574.939, MSE-Loss: 209540.623, KL-Loss: 28.184, Kmeans-Loss: 6.132
INFO:root:

INFO:root:Epoch: 41, Epochs on convergence counter: 9
INFO:root:Train: 
INFO:root:In the training loop. Epoch: 41
INFO:root:01:30:00
INFO:root:Train loss: 15389.413, MSE-Loss: 11047.244, MSE-Future-Loss 4311.563, KL-Loss: 25.598, Kmeans-Loss: 5.006, weight: 1.00
INFO:root:Test loss: 200185.653, MSE-Loss: 200151.852, KL-Loss: 27.715, Kmeans-Loss: 6.086
INFO:root:

INFO:root:Epoch: 42, Epochs on convergence counter: 10
INFO:root:Train: 
INFO:root:In the training loop. Epoch: 42
INFO:root:01:44:59
INFO:root:Train loss: 15109.714, MSE-Loss: 10781.227, MSE-Future-Loss 4298.303, KL-Loss: 25.227, Kmeans-Loss: 4.961, weight: 1.00
INFO:root:Test loss: 198556.606, MSE-Loss: 198523.261, KL-Loss: 27.305, Kmeans-Loss: 6.040
INFO:root:

INFO:root:Epoch: 43, Epochs on convergence counter: 11
INFO:root:Train: 
INFO:root:In the training loop. Epoch: 43
INFO:root:02:00:03
INFO:root:Train loss: 14873.597, MSE-Loss: 10559.822, MSE-Future-Loss 4283.992, KL-Loss: 24.868, Kmeans-Loss: 4.919, weight: 1.00
INFO:root:Test loss: 190935.038, MSE-Loss: 190902.030, KL-Loss: 27.007, Kmeans-Loss: 6.002
INFO:root:

INFO:root:Epoch: 44, Epochs on convergence counter: 12
INFO:root:Train: 
INFO:root:In the training loop. Epoch: 44
INFO:root:02:15:07
INFO:root:Train loss: 14635.354, MSE-Loss: 10343.215, MSE-Future-Loss 4262.701, KL-Loss: 24.558, Kmeans-Loss: 4.879, weight: 1.00
INFO:root:Test loss: 185540.526, MSE-Loss: 185507.882, KL-Loss: 26.680, Kmeans-Loss: 5.963
INFO:root:

INFO:root:Epoch: 45, Epochs on convergence counter: 13
INFO:root:Train: 
INFO:root:In the training loop. Epoch: 45
INFO:root:02:30:09
INFO:root:Train loss: 14422.396, MSE-Loss: 10134.727, MSE-Future-Loss 4258.584, KL-Loss: 24.244, Kmeans-Loss: 4.841, weight: 1.00
INFO:root:Test loss: 177597.993, MSE-Loss: 177565.677, KL-Loss: 26.388, Kmeans-Loss: 5.928
INFO:root:Saving model!
INFO:root:Saving model snapshot!

INFO:root:

INFO:root:Epoch: 46, Epochs on convergence counter: 0
INFO:root:Train: 
INFO:root:In the training loop. Epoch: 46
INFO:root:02:45:12
INFO:root:Train loss: 14202.877, MSE-Loss: 9930.612, MSE-Future-Loss 4243.504, KL-Loss: 23.955, Kmeans-Loss: 4.803, weight: 1.00
INFO:root:Test loss: 177208.476, MSE-Loss: 177176.475, KL-Loss: 26.108, Kmeans-Loss: 5.893
INFO:root:Saving model!
INFO:root:

INFO:root:Epoch: 47, Epochs on convergence counter: 0
INFO:root:Train: 
INFO:root:In the training loop. Epoch: 47
INFO:root:03:00:16
INFO:root:Train loss: 13971.357, MSE-Loss: 9721.936, MSE-Future-Loss 4220.997, KL-Loss: 23.669, Kmeans-Loss: 4.765, weight: 1.00
INFO:root:Test loss: 173591.742, MSE-Loss: 173560.020, KL-Loss: 25.859, Kmeans-Loss: 5.863
INFO:root:Saving model!
INFO:root:

INFO:root:Epoch: 48, Epochs on convergence counter: 0
INFO:root:Train: 
INFO:root:In the training loop. Epoch: 48
INFO:root:03:15:17
INFO:root:Train loss: 13838.120, MSE-Loss: 9591.960, MSE-Future-Loss 4218.056, KL-Loss: 23.378, Kmeans-Loss: 4.728, weight: 1.00
INFO:root:Test loss: 169535.766, MSE-Loss: 169504.384, KL-Loss: 25.560, Kmeans-Loss: 5.822
INFO:root:Saving model!
INFO:root:

INFO:root:Epoch: 49, Epochs on convergence counter: 0
INFO:root:Train: 
INFO:root:In the training loop. Epoch: 49
INFO:root:03:30:23
INFO:root:Train loss: 13649.421, MSE-Loss: 9409.068, MSE-Future-Loss 4212.546, KL-Loss: 23.109, Kmeans-Loss: 4.693, weight: 1.00
INFO:root:Test loss: 162487.416, MSE-Loss: 162456.307, KL-Loss: 25.321, Kmeans-Loss: 5.788
INFO:root:Saving model!
INFO:root:

INFO:root:Epoch: 50, Epochs on convergence counter: 0
INFO:root:Train: 
INFO:root:In the training loop. Epoch: 50
INFO:root:03:45:25
INFO:root:Train loss: 13489.053, MSE-Loss: 9260.554, MSE-Future-Loss 4200.983, KL-Loss: 22.860, Kmeans-Loss: 4.661, weight: 1.00
INFO:root:Test loss: 161998.730, MSE-Loss: 161967.841, KL-Loss: 25.130, Kmeans-Loss: 5.759
INFO:root:Saving model!
INFO:root:

INFO:root:Epoch: 51, Epochs on convergence counter: 0
INFO:root:Train: 
INFO:root:In the training loop. Epoch: 51
INFO:root:04:00:28
INFO:root:Train loss: 13290.868, MSE-Loss: 9081.558, MSE-Future-Loss 4182.089, KL-Loss: 22.589, Kmeans-Loss: 4.625, weight: 1.00
INFO:root:Test loss: 156921.050, MSE-Loss: 156890.502, KL-Loss: 24.826, Kmeans-Loss: 5.722
INFO:root:Saving model!
INFO:root:

INFO:root:Epoch: 52, Epochs on convergence counter: 0
INFO:root:Train: 
INFO:root:In the training loop. Epoch: 52
INFO:root:04:15:35
INFO:root:Train loss: 13134.323, MSE-Loss: 8936.626, MSE-Future-Loss 4170.767, KL-Loss: 22.343, Kmeans-Loss: 4.592, weight: 1.00
INFO:root:Test loss: 157360.010, MSE-Loss: 157329.655, KL-Loss: 24.660, Kmeans-Loss: 5.696
INFO:root:

INFO:root:Epoch: 53, Epochs on convergence counter: 1
INFO:root:Train: 
INFO:root:In the training loop. Epoch: 53
INFO:root:04:30:37
INFO:root:Train loss: 12997.628, MSE-Loss: 8823.573, MSE-Future-Loss 4147.413, KL-Loss: 22.084, Kmeans-Loss: 4.559, weight: 1.00
INFO:root:Test loss: 156457.747, MSE-Loss: 156427.698, KL-Loss: 24.385, Kmeans-Loss: 5.665
INFO:root:Saving model!
INFO:root:

INFO:root:Epoch: 54, Epochs on convergence counter: 0
INFO:root:Train: 
INFO:root:In the training loop. Epoch: 54
INFO:root:04:45:39
INFO:root:Train loss: 12846.532, MSE-Loss: 8675.217, MSE-Future-Loss 4144.941, KL-Loss: 21.847, Kmeans-Loss: 4.530, weight: 1.00
INFO:root:Test loss: 156909.548, MSE-Loss: 156879.701, KL-Loss: 24.208, Kmeans-Loss: 5.639
INFO:root:

INFO:root:Epoch: 55, Epochs on convergence counter: 1
INFO:root:Train: 
INFO:root:In the training loop. Epoch: 55
INFO:root:05:00:44
INFO:root:Train loss: 12680.764, MSE-Loss: 8526.148, MSE-Future-Loss 4128.486, KL-Loss: 21.634, Kmeans-Loss: 4.501, weight: 1.00
INFO:root:Test loss: 159159.020, MSE-Loss: 159129.392, KL-Loss: 24.014, Kmeans-Loss: 5.614
INFO:root:

INFO:root:Epoch: 56, Epochs on convergence counter: 2
INFO:root:Train: 
INFO:root:In the training loop. Epoch: 56
INFO:root:05:15:48
INFO:root:Train loss: 12526.270, MSE-Loss: 8383.545, MSE-Future-Loss 4116.809, KL-Loss: 21.429, Kmeans-Loss: 4.475, weight: 1.00
INFO:root:Test loss: 160573.105, MSE-Loss: 160543.719, KL-Loss: 23.798, Kmeans-Loss: 5.588
INFO:root:

INFO:root:Epoch: 57, Epochs on convergence counter: 3
INFO:root:Train: 
INFO:root:In the training loop. Epoch: 57
INFO:root:05:30:52
INFO:root:Train loss: 12393.986, MSE-Loss: 8265.556, MSE-Future-Loss 4102.739, KL-Loss: 21.239, Kmeans-Loss: 4.450, weight: 1.00
INFO:root:Test loss: 160676.541, MSE-Loss: 160647.362, KL-Loss: 23.611, Kmeans-Loss: 5.568
INFO:root:

INFO:root:Epoch: 58, Epochs on convergence counter: 4
INFO:root:Train: 
INFO:root:In the training loop. Epoch: 58
INFO:root:05:45:58
INFO:root:Train loss: 12307.068, MSE-Loss: 8159.768, MSE-Future-Loss 4121.830, KL-Loss: 21.051, Kmeans-Loss: 4.426, weight: 1.00
INFO:root:Test loss: 162965.390, MSE-Loss: 162936.422, KL-Loss: 23.424, Kmeans-Loss: 5.544
INFO:root:

INFO:root:Epoch: 59, Epochs on convergence counter: 5
INFO:root:Train: 
INFO:root:In the training loop. Epoch: 59
INFO:root:06:01:00
INFO:root:Train loss: 12119.861, MSE-Loss: 8002.960, MSE-Future-Loss 4091.639, KL-Loss: 20.863, Kmeans-Loss: 4.400, weight: 1.00
INFO:root:Test loss: 164441.714, MSE-Loss: 164412.902, KL-Loss: 23.287, Kmeans-Loss: 5.524
INFO:root:

INFO:root:Epoch: 60, Epochs on convergence counter: 6
INFO:root:Train: 
INFO:root:In the training loop. Epoch: 60
INFO:root:06:16:03
INFO:root:Train loss: 12017.410, MSE-Loss: 7904.373, MSE-Future-Loss 4087.956, KL-Loss: 20.696, Kmeans-Loss: 4.380, weight: 1.00
INFO:root:Test loss: 163602.696, MSE-Loss: 163574.067, KL-Loss: 23.122, Kmeans-Loss: 5.507
INFO:root:Saving model snapshot!

INFO:root:

INFO:root:Epoch: 61, Epochs on convergence counter: 7
INFO:root:Train: 
INFO:root:In the training loop. Epoch: 61
INFO:root:06:31:11
INFO:root:Train loss: 11884.200, MSE-Loss: 7776.089, MSE-Future-Loss 4083.203, KL-Loss: 20.551, Kmeans-Loss: 4.361, weight: 1.00
INFO:root:Test loss: 164957.217, MSE-Loss: 164928.747, KL-Loss: 22.978, Kmeans-Loss: 5.492
INFO:root:

INFO:root:Epoch: 62, Epochs on convergence counter: 8
INFO:root:Train: 
INFO:root:In the training loop. Epoch: 62
INFO:root:06:46:15
INFO:root:Train loss: 11755.686, MSE-Loss: 7666.521, MSE-Future-Loss 4064.382, KL-Loss: 20.431, Kmeans-Loss: 4.344, weight: 1.00
INFO:root:Test loss: 164053.967, MSE-Loss: 164025.630, KL-Loss: 22.861, Kmeans-Loss: 5.476
INFO:root:

INFO:root:Epoch: 63, Epochs on convergence counter: 9
INFO:root:Train: 
INFO:root:In the training loop. Epoch: 63
INFO:root:07:01:17
INFO:root:Train loss: 11665.253, MSE-Loss: 7573.672, MSE-Future-Loss 4066.964, KL-Loss: 20.292, Kmeans-Loss: 4.327, weight: 1.00
INFO:root:Test loss: 166776.711, MSE-Loss: 166748.518, KL-Loss: 22.730, Kmeans-Loss: 5.462
INFO:root:

INFO:root:Epoch: 64, Epochs on convergence counter: 10
INFO:root:Train: 
INFO:root:In the training loop. Epoch: 64
INFO:root:07:16:25
INFO:root:Train loss: 11563.844, MSE-Loss: 7477.163, MSE-Future-Loss 4062.183, KL-Loss: 20.190, Kmeans-Loss: 4.313, weight: 1.00
INFO:root:Test loss: 168325.190, MSE-Loss: 168297.077, KL-Loss: 22.662, Kmeans-Loss: 5.451
INFO:root:

INFO:root:Epoch: 65, Epochs on convergence counter: 11
INFO:root:Train: 
INFO:root:In the training loop. Epoch: 65
INFO:root:07:31:28
INFO:root:Train loss: 11495.145, MSE-Loss: 7409.133, MSE-Future-Loss 4061.647, KL-Loss: 20.072, Kmeans-Loss: 4.297, weight: 1.00
INFO:root:Test loss: 168857.462, MSE-Loss: 168829.496, KL-Loss: 22.532, Kmeans-Loss: 5.433
INFO:root:

INFO:root:Epoch: 66, Epochs on convergence counter: 12
INFO:root:Train: 
INFO:root:In the training loop. Epoch: 66
INFO:root:07:46:30
INFO:root:Train loss: 11374.618, MSE-Loss: 7308.435, MSE-Future-Loss 4041.946, KL-Loss: 19.952, Kmeans-Loss: 4.280, weight: 1.00
INFO:root:Test loss: 170251.848, MSE-Loss: 170224.016, KL-Loss: 22.414, Kmeans-Loss: 5.418
INFO:root:

INFO:root:Epoch: 67, Epochs on convergence counter: 13
INFO:root:Train: 
INFO:root:In the training loop. Epoch: 67
INFO:root:08:01:36
INFO:root:Train loss: 11345.298, MSE-Loss: 7288.287, MSE-Future-Loss 4032.914, KL-Loss: 19.832, Kmeans-Loss: 4.267, weight: 1.00
INFO:root:Test loss: 174280.044, MSE-Loss: 174252.259, KL-Loss: 22.369, Kmeans-Loss: 5.415
INFO:root:

INFO:root:Epoch: 68, Epochs on convergence counter: 14
INFO:root:Train: 
INFO:root:In the training loop. Epoch: 68
INFO:root:08:16:38
INFO:root:Train loss: 11253.737, MSE-Loss: 7200.001, MSE-Future-Loss 4029.693, KL-Loss: 19.776, Kmeans-Loss: 4.261, weight: 1.00
INFO:root:Test loss: 176943.337, MSE-Loss: 176915.631, KL-Loss: 22.299, Kmeans-Loss: 5.407
INFO:root:

INFO:root:Epoch: 69, Epochs on convergence counter: 15
INFO:root:Train: 
INFO:root:In the training loop. Epoch: 69
INFO:root:08:31:43
INFO:root:Train loss: 11132.792, MSE-Loss: 7092.617, MSE-Future-Loss 4016.229, KL-Loss: 19.689, Kmeans-Loss: 4.249, weight: 1.00
INFO:root:Test loss: 178400.566, MSE-Loss: 178372.976, KL-Loss: 22.195, Kmeans-Loss: 5.395
INFO:root:

INFO:root:Epoch: 70, Epochs on convergence counter: 16
INFO:root:Train: 
INFO:root:In the training loop. Epoch: 70
INFO:root:08:46:48
INFO:root:Train loss: 11067.217, MSE-Loss: 7025.182, MSE-Future-Loss 4018.221, KL-Loss: 19.586, Kmeans-Loss: 4.236, weight: 1.00
INFO:root:Test loss: 178177.722, MSE-Loss: 178150.256, KL-Loss: 22.086, Kmeans-Loss: 5.379
INFO:root:

INFO:root:Epoch: 71, Epochs on convergence counter: 17
INFO:root:Train: 
INFO:root:In the training loop. Epoch: 71
INFO:root:09:01:52
INFO:root:Train loss: 10983.898, MSE-Loss: 6944.448, MSE-Future-Loss 4015.778, KL-Loss: 19.456, Kmeans-Loss: 4.220, weight: 1.00
INFO:root:Test loss: 177326.450, MSE-Loss: 177299.126, KL-Loss: 21.962, Kmeans-Loss: 5.361
INFO:root:

INFO:root:Epoch: 72, Epochs on convergence counter: 18
INFO:root:Train: 
INFO:root:In the training loop. Epoch: 72
INFO:root:09:16:54
INFO:root:Train loss: 10903.976, MSE-Loss: 6873.561, MSE-Future-Loss 4006.864, KL-Loss: 19.351, Kmeans-Loss: 4.203, weight: 1.00
INFO:root:Test loss: 177916.299, MSE-Loss: 177889.060, KL-Loss: 21.886, Kmeans-Loss: 5.353
INFO:root:

INFO:root:Epoch: 73, Epochs on convergence counter: 19
INFO:root:Train: 
INFO:root:In the training loop. Epoch: 73
INFO:root:09:32:01
INFO:root:Train loss: 10842.532, MSE-Loss: 6807.611, MSE-Future-Loss 4011.475, KL-Loss: 19.260, Kmeans-Loss: 4.190, weight: 1.00
INFO:root:Test loss: 178170.847, MSE-Loss: 178143.705, KL-Loss: 21.805, Kmeans-Loss: 5.336
INFO:root:

INFO:root:Epoch: 74, Epochs on convergence counter: 20
INFO:root:Train: 
INFO:root:In the training loop. Epoch: 74
INFO:root:09:47:07
INFO:root:Train loss: 10763.959, MSE-Loss: 6742.460, MSE-Future-Loss 3998.179, KL-Loss: 19.145, Kmeans-Loss: 4.174, weight: 1.00
INFO:root:Test loss: 173698.081, MSE-Loss: 173671.108, KL-Loss: 21.653, Kmeans-Loss: 5.320
INFO:root:

INFO:root:Epoch: 75, Epochs on convergence counter: 21
INFO:root:Train: 
INFO:root:In the training loop. Epoch: 75
INFO:root:10:02:11
INFO:root:Train loss: 10673.642, MSE-Loss: 6656.753, MSE-Future-Loss 3993.704, KL-Loss: 19.026, Kmeans-Loss: 4.158, weight: 1.00
INFO:root:Test loss: 174253.036, MSE-Loss: 174226.129, KL-Loss: 21.598, Kmeans-Loss: 5.309
INFO:root:Saving model snapshot!

INFO:root:

INFO:root:Epoch: 76, Epochs on convergence counter: 22
INFO:root:Train: 
INFO:root:In the training loop. Epoch: 76
INFO:root:10:17:18
INFO:root:Train loss: 10607.344, MSE-Loss: 6589.953, MSE-Future-Loss 3994.324, KL-Loss: 18.926, Kmeans-Loss: 4.144, weight: 1.00
INFO:root:Test loss: 173146.939, MSE-Loss: 173120.133, KL-Loss: 21.509, Kmeans-Loss: 5.297
INFO:root:

INFO:root:Epoch: 77, Epochs on convergence counter: 23
INFO:root:Train: 
INFO:root:In the training loop. Epoch: 77
INFO:root:10:32:22
INFO:root:Train loss: 10547.583, MSE-Loss: 6535.810, MSE-Future-Loss 3988.830, KL-Loss: 18.808, Kmeans-Loss: 4.129, weight: 1.00
INFO:root:Test loss: 171223.355, MSE-Loss: 171196.693, KL-Loss: 21.379, Kmeans-Loss: 5.283
INFO:root:

INFO:root:Epoch: 78, Epochs on convergence counter: 24
INFO:root:Train: 
INFO:root:In the training loop. Epoch: 78
INFO:root:10:47:25
INFO:root:Train loss: 10463.548, MSE-Loss: 6471.386, MSE-Future-Loss 3969.334, KL-Loss: 18.711, Kmeans-Loss: 4.115, weight: 1.00
INFO:root:Test loss: 172902.858, MSE-Loss: 172876.306, KL-Loss: 21.281, Kmeans-Loss: 5.271
INFO:root:

INFO:root:Epoch: 79, Epochs on convergence counter: 25
INFO:root:Train: 
INFO:root:In the training loop. Epoch: 79
INFO:root:11:02:32
INFO:root:Train loss: 10431.184, MSE-Loss: 6430.793, MSE-Future-Loss 3977.691, KL-Loss: 18.602, Kmeans-Loss: 4.101, weight: 1.00
INFO:root:Test loss: 174293.339, MSE-Loss: 174266.893, KL-Loss: 21.190, Kmeans-Loss: 5.256
INFO:root:

INFO:root:Epoch: 80, Epochs on convergence counter: 26
INFO:root:Train: 
INFO:root:In the training loop. Epoch: 80
INFO:root:11:17:36
INFO:root:Train loss: 10339.764, MSE-Loss: 6350.085, MSE-Future-Loss 3967.095, KL-Loss: 18.500, Kmeans-Loss: 4.086, weight: 1.00
INFO:root:Test loss: 174910.905, MSE-Loss: 174884.552, KL-Loss: 21.108, Kmeans-Loss: 5.244
INFO:root:

INFO:root:Epoch: 81, Epochs on convergence counter: 27
INFO:root:Train: 
INFO:root:In the training loop. Epoch: 81
INFO:root:11:32:40
INFO:root:Train loss: 10279.975, MSE-Loss: 6295.626, MSE-Future-Loss 3961.871, KL-Loss: 18.412, Kmeans-Loss: 4.072, weight: 1.00
INFO:root:Test loss: 174772.707, MSE-Loss: 174746.470, KL-Loss: 21.005, Kmeans-Loss: 5.232
INFO:root:

INFO:root:Epoch: 82, Epochs on convergence counter: 28
INFO:root:Train: 
INFO:root:In the training loop. Epoch: 82
INFO:root:11:47:47
INFO:root:Train loss: 10229.371, MSE-Loss: 6257.250, MSE-Future-Loss 3949.740, KL-Loss: 18.313, Kmeans-Loss: 4.059, weight: 1.00
INFO:root:Test loss: 174656.780, MSE-Loss: 174630.680, KL-Loss: 20.886, Kmeans-Loss: 5.215
INFO:root:

INFO:root:Epoch: 83, Epochs on convergence counter: 29
INFO:root:Train: 
INFO:root:In the training loop. Epoch: 83
INFO:root:12:02:51
INFO:root:Train loss: 10170.202, MSE-Loss: 6204.725, MSE-Future-Loss 3943.216, KL-Loss: 18.220, Kmeans-Loss: 4.046, weight: 1.00
INFO:root:Test loss: 177317.365, MSE-Loss: 177291.363, KL-Loss: 20.799, Kmeans-Loss: 5.203
INFO:root:

INFO:root:Epoch: 84, Epochs on convergence counter: 30
INFO:root:Train: 
INFO:root:In the training loop. Epoch: 84
INFO:root:12:17:52
INFO:root:Train loss: 10128.641, MSE-Loss: 6154.147, MSE-Future-Loss 3952.334, KL-Loss: 18.129, Kmeans-Loss: 4.032, weight: 1.00
INFO:root:Test loss: 176796.241, MSE-Loss: 176770.364, KL-Loss: 20.690, Kmeans-Loss: 5.188
INFO:root:

INFO:root:Epoch: 85, Epochs on convergence counter: 31
INFO:root:Train: 
INFO:root:In the training loop. Epoch: 85
INFO:root:12:32:59
INFO:root:Train loss: 10057.376, MSE-Loss: 6095.601, MSE-Future-Loss 3939.708, KL-Loss: 18.044, Kmeans-Loss: 4.020, weight: 1.00
INFO:root:Test loss: 179591.619, MSE-Loss: 179565.860, KL-Loss: 20.583, Kmeans-Loss: 5.176
INFO:root:

INFO:root:Epoch: 86, Epochs on convergence counter: 32
INFO:root:Train: 
INFO:root:In the training loop. Epoch: 86
INFO:root:12:48:01
INFO:root:Train loss: 9991.576, MSE-Loss: 6031.672, MSE-Future-Loss 3937.962, KL-Loss: 17.950, Kmeans-Loss: 4.005, weight: 1.00
INFO:root:Test loss: 178491.368, MSE-Loss: 178465.688, KL-Loss: 20.515, Kmeans-Loss: 5.165
INFO:root:

INFO:root:Epoch: 87, Epochs on convergence counter: 33
INFO:root:Train: 
INFO:root:In the training loop. Epoch: 87
INFO:root:13:03:05
INFO:root:Train loss: 9960.849, MSE-Loss: 6005.086, MSE-Future-Loss 3933.906, KL-Loss: 17.860, Kmeans-Loss: 3.991, weight: 1.00
INFO:root:Test loss: 178312.690, MSE-Loss: 178287.107, KL-Loss: 20.433, Kmeans-Loss: 5.150
INFO:root:

INFO:root:Epoch: 88, Epochs on convergence counter: 34
INFO:root:Train: 
INFO:root:In the training loop. Epoch: 88
INFO:root:13:18:10
INFO:root:Train loss: 9882.969, MSE-Loss: 5939.331, MSE-Future-Loss 3921.874, KL-Loss: 17.788, Kmeans-Loss: 3.978, weight: 1.00
INFO:root:Test loss: 178809.357, MSE-Loss: 178783.884, KL-Loss: 20.337, Kmeans-Loss: 5.136
INFO:root:

INFO:root:Epoch: 89, Epochs on convergence counter: 35
INFO:root:Train: 
INFO:root:In the training loop. Epoch: 89
INFO:root:13:33:14
INFO:root:Train loss: 9863.894, MSE-Loss: 5916.340, MSE-Future-Loss 3925.896, KL-Loss: 17.692, Kmeans-Loss: 3.964, weight: 1.00
INFO:root:Test loss: 180414.010, MSE-Loss: 180388.658, KL-Loss: 20.229, Kmeans-Loss: 5.123
INFO:root:

INFO:root:Epoch: 90, Epochs on convergence counter: 36
INFO:root:Train: 
INFO:root:In the training loop. Epoch: 90
INFO:root:13:48:16
INFO:root:Train loss: 9807.172, MSE-Loss: 5863.437, MSE-Future-Loss 3922.171, KL-Loss: 17.615, Kmeans-Loss: 3.951, weight: 1.00
INFO:root:Test loss: 179362.729, MSE-Loss: 179337.469, KL-Loss: 20.153, Kmeans-Loss: 5.107
INFO:root:Saving model snapshot!

INFO:root:

INFO:root:Epoch: 91, Epochs on convergence counter: 37
INFO:root:Train: 
INFO:root:In the training loop. Epoch: 91
INFO:root:14:03:22
INFO:root:Train loss: 9763.675, MSE-Loss: 5832.278, MSE-Future-Loss 3909.921, KL-Loss: 17.542, Kmeans-Loss: 3.939, weight: 1.00
INFO:root:Test loss: 182193.632, MSE-Loss: 182168.443, KL-Loss: 20.091, Kmeans-Loss: 5.098
INFO:root:

INFO:root:Epoch: 92, Epochs on convergence counter: 38
INFO:root:Train: 
INFO:root:In the training loop. Epoch: 92
INFO:root:14:18:25
INFO:root:Train loss: 9707.445, MSE-Loss: 5781.514, MSE-Future-Loss 3904.541, KL-Loss: 17.464, Kmeans-Loss: 3.926, weight: 1.00
INFO:root:Test loss: 184462.147, MSE-Loss: 184437.049, KL-Loss: 20.013, Kmeans-Loss: 5.084
INFO:root:

INFO:root:Epoch: 93, Epochs on convergence counter: 39
INFO:root:Train: 
INFO:root:In the training loop. Epoch: 93
INFO:root:14:33:29
INFO:root:Train loss: 9675.044, MSE-Loss: 5749.023, MSE-Future-Loss 3904.715, KL-Loss: 17.385, Kmeans-Loss: 3.912, weight: 1.00
INFO:root:Test loss: 183091.536, MSE-Loss: 183066.533, KL-Loss: 19.931, Kmeans-Loss: 5.072
INFO:root:

INFO:root:Epoch: 94, Epochs on convergence counter: 40
INFO:root:Train: 
INFO:root:In the training loop. Epoch: 94
INFO:root:14:48:34
INFO:root:Train loss: 9610.539, MSE-Loss: 5692.402, MSE-Future-Loss 3896.927, KL-Loss: 17.309, Kmeans-Loss: 3.900, weight: 1.00
INFO:root:Test loss: 185330.234, MSE-Loss: 185305.340, KL-Loss: 19.832, Kmeans-Loss: 5.062
INFO:root:

INFO:root:Epoch: 95, Epochs on convergence counter: 41
INFO:root:Train: 
INFO:root:In the training loop. Epoch: 95
INFO:root:15:03:38
INFO:root:Train loss: 9591.157, MSE-Loss: 5675.913, MSE-Future-Loss 3894.133, KL-Loss: 17.224, Kmeans-Loss: 3.887, weight: 1.00
INFO:root:Test loss: 181478.097, MSE-Loss: 181453.335, KL-Loss: 19.719, Kmeans-Loss: 5.043
INFO:root:

INFO:root:Epoch: 96, Epochs on convergence counter: 42
INFO:root:Train: 
INFO:root:In the training loop. Epoch: 96
INFO:root:15:18:40
INFO:root:Train loss: 9523.550, MSE-Loss: 5621.114, MSE-Future-Loss 3881.418, KL-Loss: 17.137, Kmeans-Loss: 3.873, weight: 1.00
