INFO:wandb.agents.pyagent:Starting sweep agent: entity=aredwine3, project=VAME, count=10
INFO:root:Train Variational Autoencoder - model name: VAME_15prcnt_sweep 

INFO:root:Using CUDA
INFO:root:GPU active: True
INFO:root:GPU used: Tesla V100-PCIE-32GB
INFO:root:Latent Dimensions: 40, Time window: 75, Batch Size: 1024, Beta: 1, lr: 0.0001

INFO:root:Scheduler step size: 100, Scheduler gamma: 0.20, Scheduler Threshold: 0.05000

INFO:root:Start training... 
INFO:root:Epoch: 1, Epochs on convergence counter: 0
INFO:root:Train: 
INFO:root:In the training loop. Epoch: 1
INFO:root:14:04:08
INFO:root:Train loss: 261207.743, MSE-Loss: 192842.485, MSE-Future-Loss 68365.266, KL-Loss: 0.000, Kmeans-Loss: 0.000, weight: 0.00
INFO:root:Test loss: 39240.948, MSE-Loss: 39240.948, KL-Loss: 0.000, Kmeans-Loss: 0.000
INFO:root:

INFO:root:Epoch: 2, Epochs on convergence counter: 1
INFO:root:Train: 
INFO:root:In the training loop. Epoch: 2
INFO:root:14:20:04
INFO:root:Train loss: 136089.492, MSE-Loss: 90859.553, MSE-Future-Loss 45229.965, KL-Loss: 0.000, Kmeans-Loss: 0.000, weight: 0.00
INFO:root:Test loss: 42522.537, MSE-Loss: 42522.537, KL-Loss: 0.000, Kmeans-Loss: 0.000
INFO:root:

INFO:root:Epoch: 3, Epochs on convergence counter: 2
INFO:root:Train: 
INFO:root:In the training loop. Epoch: 3
INFO:root:14:36:01
INFO:root:Train loss: 115928.679, MSE-Loss: 74352.419, MSE-Future-Loss 41566.973, KL-Loss: 6.393, Kmeans-Loss: 2.862, weight: 0.25
INFO:root:Test loss: 50423.613, MSE-Loss: 50416.444, KL-Loss: 4.845, Kmeans-Loss: 2.324
INFO:root:

INFO:root:Epoch: 4, Epochs on convergence counter: 3
INFO:root:Train: 
INFO:root:In the training loop. Epoch: 4
INFO:root:Train Variational Autoencoder - model name: VAME_15prcnt_sweep 

INFO:root:Train Variational Autoencoder - model name: VAME_15prcnt_sweep 

INFO:root:Train Variational Autoencoder - model name: VAME_15prcnt_sweep 

INFO:root:Train Variational Autoencoder - model name: VAME_15prcnt_sweep 

INFO:root:Train Variational Autoencoder - model name: VAME_15prcnt_sweep 

INFO:root:Train Variational Autoencoder - model name: VAME_15prcnt_sweep 

INFO:root:Train Variational Autoencoder - model name: VAME_15prcnt_sweep 

INFO:root:Train Variational Autoencoder - model name: VAME_15prcnt_sweep 

INFO:root:Train Variational Autoencoder - model name: VAME_15prcnt_sweep 

